
STATSPACK report for

Database    DB Id    Instance     Inst Num  Startup Time   Release     RAC
~~~~~~~~ ----------- ------------ -------- --------------- ----------- ---
          2706909277 XE                  1 02-3月 -14 14:4 11.2.0.2.0  NO
                                           3

Host Name             Platform                CPUs Cores Sockets   Memory (G)
~~~~ ---------------- ---------------------- ----- ----- ------- ------------
     kagamihogex61    Linux x86 64-bit           2     2       1           .9

Snapshot       Snap Id     Snap Time      Sessions Curs/Sess Comment
~~~~~~~~    ---------- ------------------ -------- --------- ------------------
Begin Snap:        178 02-3月 -14 14:47:35      24       1.5
  End Snap:        179 02-3月 -14 14:49:03      25       1.4
   Elapsed:       1.47 (mins) Av Act Sess:       0.5
   DB time:       0.69 (mins)      DB CPU:       0.67 (mins)

Cache Sizes            Begin        End
~~~~~~~~~~~       ---------- ----------
    Buffer Cache:        40M              Std Block Size:         8K
     Shared Pool:       196M                  Log Buffer:     4,004K

Load Profile              Per Second    Per Transaction    Per Exec    Per Call
~~~~~~~~~~~~      ------------------  ----------------- ----------- -----------
      DB time(s):                0.5               41.5        0.00        0.63
       DB CPU(s):                0.5               40.2        0.00        0.61
       Redo size:            9,633.0          847,700.0
   Logical reads:              110.3            9,709.0
   Block changes:               15.8            1,391.0
  Physical reads:               18.1            1,594.0
 Physical writes:                0.0                0.0
      User calls:                0.8               66.0
          Parses:                6.1              537.0
     Hard parses:                1.2              102.0
W/A MB processed:                0.3               21.7
          Logons:                0.0                2.0
        Executes:           11,390.4        1,002,358.0
       Rollbacks:                0.0                0.0
    Transactions:                0.0

Instance Efficiency Indicators
~~~~~~~~~~~~~~~~~~~~~~~~~~~~~~
            Buffer Nowait %:  100.00       Redo NoWait %:  100.00
            Buffer  Hit   %:   94.57  Optimal W/A Exec %:  100.00
            Library Hit   %:   99.89        Soft Parse %:   81.01
         Execute to Parse %:   99.95         Latch Hit %:  100.00
Parse CPU to Parse Elapsd %:   43.94     % Non-Parse CPU:   99.29

 Shared Pool Statistics        Begin   End
                               ------  ------
             Memory Usage %:   77.74   82.17
    % SQL with executions>1:   36.87   41.39
  % Memory for SQL w/exec>1:   34.38   39.49

Top 5 Timed Events                                                    Avg %Total
~~~~~~~~~~~~~~~~~~                                                   wait   Call
Event                                            Waits    Time (s)   (ms)   Time
----------------------------------------- ------------ ----------- ------ ------
CPU time                                                        41          94.2
db file sequential read                            497           2      3    3.5
control file parallel write                         29           1     22    1.5
log file parallel write                              4           0     28     .3
log file sync                                        2           0     45     .2
          -------------------------------------------------------------
Host CPU  (CPUs: 2  Cores: 2  Sockets: 1)
~~~~~~~~              Load Average
                      Begin     End      User  System    Idle     WIO     WCPU
                    ------- -------   ------- ------- ------- ------- --------
                       0.35    0.37     20.60    3.41   75.98    0.82

Instance CPU
~~~~~~~~~~~~                                       % Time (seconds)
                                            -------- --------------
                     Host: Total time (s):                    170.2
                  Host: Busy CPU time (s):                     40.9
                   % of time Host is Busy:      24.0
             Instance: Total CPU time (s):                     40.4
          % of Busy CPU used for Instance:      98.7
        Instance: Total Database time (s):                     42.8
  %DB time waiting for CPU (Resource Mgr):       0.0

Virtual Memory Paging
~~~~~~~~~~~~~~~~~~~~~
                     KB paged out per sec:            18.4
                     KB paged  in per sec:            45.5

Memory Statistics                       Begin          End
~~~~~~~~~~~~~~~~~                ------------ ------------
                  Host Mem (MB):        971.2        971.2
                   SGA use (MB):        386.3        386.3
                   PGA use (MB):         63.4         62.8
    % Host Mem used for SGA+PGA:         46.3         46.2
          -------------------------------------------------------------

Time Model System Stats  DB/Inst: XE/XE  Snaps:   178-  179
-> Ordered by % of DB time desc, Statistic name

Statistic                                       Time (s) % DB time
----------------------------------- -------------------- ---------
sql execute elapsed time                            41.3      99.7
DB CPU                                              40.2      97.0
PL/SQL execution elapsed time                        5.5      13.2
parse time elapsed                                   0.9       2.1
hard parse elapsed time                              0.8       2.0
PL/SQL compilation elapsed time                      0.0        .1
hard parse (sharing criteria) elaps                  0.0        .1
connection management call elapsed                   0.0        .0
repeated bind elapsed time                           0.0        .0
DB time                                             41.5
background elapsed time                              1.3
background cpu time                                  0.1
          -------------------------------------------------------------
Foreground Wait Events  DB/Inst: XE/XE  Snaps:   178-  179
-> Only events with Total Wait Time (s) >= .001 are shown
-> ordered by Total Wait Time desc, Waits desc (idle events last)

                                                             Avg          %Total
                                          %Tim Total Wait   wait    Waits   Call
Event                               Waits  out   Time (s)   (ms)     /txn   Time
---------------------------- ------------ ---- ---------- ------ -------- ------
db file sequential read               493    0          2      3    493.0    3.5
log file sync                           2    0          0     45      2.0     .2
direct path read                       78    0          0      1     78.0     .1
control file sequential read          308    0          0      0    308.0     .0
SQL*Net message from client            38    0         47   1226     38.0
          -------------------------------------------------------------

Background Wait Events  DB/Inst: XE/XE  Snaps:   178-  179
-> Only events with Total Wait Time (s) >= .001 are shown
-> ordered by Total Wait Time desc, Waits desc (idle events last)

                                                             Avg          %Total
                                          %Tim Total Wait   wait    Waits   Call
Event                               Waits  out   Time (s)   (ms)     /txn   Time
---------------------------- ------------ ---- ---------- ------ -------- ------
control file parallel write            29    0          1     22     29.0    1.5
log file parallel write                 4    0          0     28      4.0     .3
os thread startup                       1    0          0     60      1.0     .1
rdbms ipc message                     369   99        952   2580    369.0
shared server idle wait                12  100        360  30007     12.0
DIAG idle wait                        174  100        174   1001    174.0
pmon timer                             29  100         87   3003     29.0
Space Manager: slave idle wa           17   94         84   4967     17.0
Streams AQ: qmn coordinator             6   50         84  14004      6.0
Streams AQ: qmn slave idle w            3    0         84  28009      3.0
dispatcher timer                        1  100         60  60016      1.0
SQL*Net message from client             4    0          0      1      4.0
          -------------------------------------------------------------

Wait Events (fg and bg) DB/Inst: XE/XE  Snaps:   178-  179
-> s - second, cs - centisecond,  ms - millisecond, us - microsecond
-> %Timeouts:  value of 0 indicates value was < .5%.  Value of null is truly 0
-> Only events with Total Wait Time (s) >= .001 are shown
-> ordered by Total Wait Time desc, Waits desc (idle events last)

                                                             Avg          %Total
                                          %Tim Total Wait   wait    Waits   Call
Event                               Waits  out   Time (s)   (ms)     /txn   Time
---------------------------- ------------ ---- ---------- ------ -------- ------
db file sequential read               497    0          2      3    497.0    3.5
control file parallel write            29    0          1     22     29.0    1.5
log file parallel write                 4    0          0     28      4.0     .3
log file sync                           2    0          0     45      2.0     .2
os thread startup                       1    0          0     60      1.0     .1
direct path read                       78    0          0      1     78.0     .1
control file sequential read          360    0          0      0    360.0     .0
rdbms ipc message                     369   99        952   2580    369.0
shared server idle wait                12  100        360  30007     12.0
DIAG idle wait                        174  100        174   1001    174.0
pmon timer                             29  100         87   3003     29.0
Space Manager: slave idle wa           17   94         84   4967     17.0
Streams AQ: qmn coordinator             6   50         84  14004      6.0
Streams AQ: qmn slave idle w            3    0         84  28009      3.0
dispatcher timer                        1  100         60  60016      1.0
SQL*Net message from client            42    0         47   1109     42.0
          -------------------------------------------------------------
Wait Event Histogram  DB/Inst: XE/XE  Snaps:   178-  179
-> Total Waits - units: K is 1000, M is 1000000, G is 1000000000
-> % of Waits - column heading: <=1s is truly <1024ms, >1s is truly >=1024ms
-> % of Waits - value: .0 indicates value was <.05%, null is truly 0
-> Ordered by Event (idle events last)

                           Total ----------------- % of Waits ------------------
Event                      Waits  <1ms  <2ms  <4ms  <8ms <16ms <32ms  <=1s   >1s
-------------------------- ----- ----- ----- ----- ----- ----- ----- ----- -----
Disk file operations I/O      4  100.0
asynch descriptor resize     11  100.0
control file parallel writ   29                            6.9  89.7   3.4
control file sequential re  360  100.0
db file sequential read     480   65.8   1.3   3.3  14.4  13.1   1.9    .2
direct path read             78   93.6               2.6   2.6   1.3
log file parallel write       4                           25.0  50.0  25.0
log file sync                 2                                 50.0  50.0
os thread startup             1                                      100.0
DIAG idle wait              174                                      100.0
SQL*Net message from clien   42   45.2  11.9   2.4         2.4   4.8  16.7  16.7
SQL*Net message to client    41  100.0
Space Manager: slave idle    17                                            100.0
Streams AQ: qmn coordinato    6   50.0                                      50.0
Streams AQ: qmn slave idle    3                                            100.0
class slave wait              1  100.0
dispatcher timer              1                                            100.0
pmon timer                   29                                            100.0
rdbms ipc message           369     .3                                24.1  75.6
shared server idle wait      12                                            100.0
          -------------------------------------------------------------

SQL ordered by CPU  DB/Inst: XE/XE  Snaps:   178-  179
-> Total DB CPU (s):              40
-> Captured SQL accounts for   35.2% of Total DB CPU
-> SQL reported below exceeded  1.0% of Total DB CPU

    CPU                  CPU per             Elapsd                     Old
  Time (s)   Executions  Exec (s)  %Total   Time (s)    Buffer Gets  Hash Value
---------- ------------ ---------- ------ ---------- --------------- ----------
     13.21    1,000,000       0.00   32.8      13.24               0 3876449241
Module: SQL Developer
SELECT 1 FROM DUAL

      0.88            1       0.88    2.2       1.78           4,791 2522684317
Module: SQL*Plus
BEGIN statspack.snap; END;

          -------------------------------------------------------------
SQL ordered by Elapsed time for DB: XE  Instance: XE  Snaps:   178 -  179
-> Total DB Time (s):              41
-> Captured SQL accounts for   36.6% of Total DB Time
-> SQL reported below exceeded  1.0% of Total DB Time

  Elapsed                Elap per            CPU                        Old
  Time (s)   Executions  Exec (s)  %Total   Time (s)  Physical Reads Hash Value
---------- ------------ ---------- ------ ---------- --------------- ----------
     13.24    1,000,000       0.00   31.9      13.21               0 3876449241
Module: SQL Developer
SELECT 1 FROM DUAL

      1.78            1       1.78    4.3       0.88             245 2522684317
Module: SQL*Plus
BEGIN statspack.snap; END;

          -------------------------------------------------------------
SQL ordered by Gets  DB/Inst: XE/XE  Snaps:   178-  179
-> End Buffer Gets Threshold:     10000 Total Buffer Gets:           9,709
-> Captured SQL accounts for   16.9% of Total Buffer Gets
-> SQL reported below exceeded  1.0% of Total Buffer Gets

                                                     CPU      Elapsd     Old
  Buffer Gets    Executions  Gets per Exec  %Total Time (s)  Time (s) Hash Value
--------------- ------------ -------------- ------ -------- --------- ----------
          4,791            1        4,791.0   55.8     0.88      1.78 2522684317
Module: SQL*Plus
BEGIN statspack.snap; END;

          1,136            1        1,136.0   13.2     0.04      0.09  246175732
Module: SQL Developer
SELECT data_type, argument_name name  FROM all_arguments  WHERE
 /*argument_name is not null  and*/ object_name=:1  and owner=:2
  and package_name is NULL  order by position

            112           34            3.3    1.3     0.01      0.00  199663413
select /*+ rule */ bucket, endpoint, col#, epvalue from histgrm$
 where obj#=:1 and intcol#=:2 and row#=:3 order by bucket

          -------------------------------------------------------------
SQL ordered by Reads  DB/Inst: XE/XE  Snaps:   178-  179
-> End Disk Reads Threshold:      1000  Total Disk Reads:           1,594
-> Captured SQL accounts for   73.3% of Total Disk Reads
-> SQL reported below exceeded  1.0% of Total Disk Reads

                                                     CPU      Elapsd
  Physical Rds   Executions  Rds per Exec   %Total Time (s)  Time (s) Hash Value
--------------- ------------ -------------- ------ -------- --------- ----------
          1,130            1        1,130.0   70.9     0.04      0.09  246175732
Module: SQL Developer
SELECT data_type, argument_name name  FROM all_arguments  WHERE
 /*argument_name is not null  and*/ object_name=:1  and owner=:2
  and package_name is NULL  order by position

            245            1          245.0   15.4     0.88      1.78 2522684317
Module: SQL*Plus
BEGIN statspack.snap; END;

          -------------------------------------------------------------
SQL ordered by Executions  DB/Inst: XE/XE  Snaps:   178-  179
-> End Executions Threshold:       100  Total Executions:       1,002,358
-> Captured SQL accounts for   99.8% of Total Executions
-> SQL reported below exceeded  1.0% of Total Executions

                                                CPU per    Elap per     Old
 Executions   Rows Processed   Rows per Exec    Exec (s)   Exec (s)  Hash Value
------------ --------------- ---------------- ----------- ---------- ----------
   1,000,000       1,000,000              1.0       0.00        0.00  3876449241
Module: SQL Developer
SELECT 1 FROM DUAL

          -------------------------------------------------------------
SQL ordered by Parse Calls  DB/Inst: XE/XE  Snaps:   178-  179
-> End Parse Calls Threshold:      1000 Total Parse Calls:             537
-> Captured SQL accounts for   10.6% of Total Parse Calls
-> SQL reported below exceeded  1.0% of Total Parse Calls

                           % Total    Old
 Parse Calls   Executions   Parses Hash Value
------------ ------------ -------- ----------
           9            9     1.68 3468666020
select text from view$ where rowid=:1

          -------------------------------------------------------------
SQL ordered by Sharable Memory  DB/Inst: XE/XE  Snaps:   178-  179
-> End Sharable Memory Threshold(KB):      1024

    Max         End
 Sharable    Sharable                                        Old
Memory (KB) Memory (KB)  Parse Calls  Executions  % Total Hash Value
----------- ----------- ------------ ------------ ------- ----------
      2,039       2,039            0            0     1.0 2069797393
Module: DBMS_SCHEDULER
MERGE /*+ dynamic_sampling(ST 4) dynamic_sampling_est_cdn(ST) */
 INTO STATS_TARGET$ ST USING (SELECT STALENESS, OSIZE, OBJ#, TYP
E#, CASE WHEN STALENESS > LOG(0.01, NVL(LOC_STALE_PCT, :B1 )/100
) THEN 128 ELSE 0 END + AFLAGS AFLAGS, STATUS, SID, SERIAL#, PAR

          -------------------------------------------------------------
Instance Activity Stats  DB/Inst: XE/XE  Snaps:   178-  179

Statistic                                      Total     per Second    per Trans
--------------------------------- ------------------ -------------- ------------
Batched IO (bound) vector count                    0            0.0          0.0
Batched IO (full) vector count                     0            0.0          0.0
Batched IO block miss count                        0            0.0          0.0
Batched IO buffer defrag count                     0            0.0          0.0
Batched IO double miss count                       0            0.0          0.0
Batched IO same unit count                         0            0.0          0.0
Batched IO vector block count                      0            0.0          0.0
Batched IO vector read count                       0            0.0          0.0
Block Cleanout Optim referenced                    0            0.0          0.0
CCursor + sql area evicted                         0            0.0          0.0
CPU used by this session                       4,071           46.3      4,071.0
CPU used when call started                     4,120           46.8      4,120.0
CR blocks created                                  0            0.0          0.0
Cached Commit SCN referenced                       0            0.0          0.0
Commit SCN cached                                  0            0.0          0.0
DB time                                        4,499           51.1      4,499.0
DBWR checkpoint buffers written                    0            0.0          0.0
DBWR checkpoints                                   0            0.0          0.0
DBWR object drop buffers written                   0            0.0          0.0
DBWR thread checkpoint buffers wr                  0            0.0          0.0
DBWR transaction table writes                      0            0.0          0.0
DBWR undo block writes                             0            0.0          0.0
HSC Heap Segment Block Changes                    76            0.9         76.0
Heap Segment Array Inserts                        74            0.8         74.0
Heap Segment Array Updates                         0            0.0          0.0
IMU Flushes                                        1            0.0          1.0
IMU Redo allocation size                      24,364          276.9     24,364.0
IMU commits                                        0            0.0          0.0
IMU contention                                     0            0.0          0.0
IMU pool not allocated                             0            0.0          0.0
IMU undo allocation size                      10,784          122.6     10,784.0
IMU- failed to get a private stra                  0            0.0          0.0
Number of read IOs issued                         78            0.9         78.0
RowCR attempts                                     1            0.0          1.0
RowCR hits                                         1            0.0          1.0
SMON posted for dropping temp seg                  0            0.0          0.0
SQL*Net roundtrips to/from client                 38            0.4         38.0
active txn count during cleanout                  47            0.5         47.0
application wait time                              0            0.0          0.0
background checkpoints completed                   0            0.0          0.0
background checkpoints started                     0            0.0          0.0
background timeouts                              363            4.1        363.0
buffer is not pinned count                     5,185           58.9      5,185.0
buffer is pinned count                           252            2.9        252.0
bytes received via SQL*Net from c              8,025           91.2      8,025.0
bytes sent via SQL*Net to client               8,495           96.5      8,495.0
calls to get snapshot scn: kcmgss          1,002,373       11,390.6  1,002,373.0
calls to kcmgas                                   26            0.3         26.0
calls to kcmgcs                                  120            1.4        120.0
cell physical IO interconnect byt         20,305,920      230,749.1 ############
change write time                                  0            0.0          0.0
cleanout - number of ktugct calls                 52            0.6         52.0
cleanouts and rollbacks - consist                  0            0.0          0.0
cleanouts only - consistent read                   1            0.0          1.0
cluster key scan block gets                      665            7.6        665.0
cluster key scans                                610            6.9        610.0
Instance Activity Stats  DB/Inst: XE/XE  Snaps:   178-  179

Statistic                                      Total     per Second    per Trans
--------------------------------- ------------------ -------------- ------------
commit batch/immediate performed                   1            0.0          1.0
commit batch/immediate requested                   1            0.0          1.0
commit cleanout failures: block l                  0            0.0          0.0
commit cleanout failures: buffer                   0            0.0          0.0
commit cleanout failures: callbac                  6            0.1          6.0
commit cleanouts                                 154            1.8        154.0
commit cleanouts successfully com                148            1.7        148.0
commit immediate performed                         1            0.0          1.0
commit immediate requested                         1            0.0          1.0
commit txn count during cleanout                  23            0.3         23.0
concurrency wait time                              6            0.1          6.0
consistent changes                                 0            0.0          0.0
consistent gets                                7,949           90.3      7,949.0
consistent gets - examination                  3,384           38.5      3,384.0
consistent gets direct                         1,128           12.8      1,128.0
consistent gets from cache                     6,821           77.5      6,821.0
consistent gets from cache (fastp              3,155           35.9      3,155.0
cursor authentications                            35            0.4         35.0
data blocks consistent reads - un                  0            0.0          0.0
db block changes                               1,391           15.8      1,391.0
db block gets                                  1,760           20.0      1,760.0
db block gets direct                               0            0.0          0.0
db block gets from cache                       1,760           20.0      1,760.0
db block gets from cache (fastpat                576            6.6        576.0
deferred (CURRENT) block cleanout                 95            1.1         95.0
dirty buffers inspected                            0            0.0          0.0
enqueue conversions                               17            0.2         17.0
enqueue releases                                 871            9.9        871.0
enqueue requests                                 871            9.9        871.0
enqueue timeouts                                   0            0.0          0.0
enqueue waits                                      0            0.0          0.0
execute count                              1,002,358       11,390.4  1,002,358.0
file io service time                               0            0.0          0.0
file io wait time                          1,363,842       15,498.2  1,363,842.0
free buffer inspected                              0            0.0          0.0
free buffer requested                            524            6.0        524.0
heap block compress                                0            0.0          0.0
hot buffers moved to head of LRU                   0            0.0          0.0
immediate (CR) block cleanout app                  1            0.0          1.0
immediate (CURRENT) block cleanou                 52            0.6         52.0
index crx upgrade (positioned)                     0            0.0          0.0
index fast full scans (full)                       2            0.0          2.0
index fetch by key                               939           10.7        939.0
index scans kdiixs1                            1,546           17.6      1,546.0
leaf node 90-10 splits                             2            0.0          2.0
leaf node splits                                  20            0.2         20.0
lob reads                                          0            0.0          0.0
lob writes                                         0            0.0          0.0
lob writes unaligned                               0            0.0          0.0
logons cumulative                                  2            0.0          2.0
max cf enq hold time                               0            0.0          0.0
messages received                                  5            0.1          5.0
messages sent                                      5            0.1          5.0
no buffer to keep pinned count                     0            0.0          0.0
no work - consistent read gets                 4,419           50.2      4,419.0
non-idle wait count                              994           11.3        994.0
Instance Activity Stats  DB/Inst: XE/XE  Snaps:   178-  179

Statistic                                      Total     per Second    per Trans
--------------------------------- ------------------ -------------- ------------
non-idle wait time                               241            2.7        241.0
opened cursors cumulative                  1,002,313       11,389.9  1,002,313.0
parse count (failures)                             0            0.0          0.0
parse count (hard)                               102            1.2        102.0
parse count (total)                              537            6.1        537.0
parse time cpu                                    29            0.3         29.0
parse time elapsed                                66            0.8         66.0
physical read IO requests                        544            6.2        544.0
physical read bytes                       13,058,048      148,386.9 ############
physical read total IO requests                  904           10.3        904.0
physical read total bytes                 18,956,288      215,412.4 ############
physical read total multi block r                 63            0.7         63.0
physical reads                                 1,594           18.1      1,594.0
physical reads cache                             466            5.3        466.0
physical reads cache prefetch                      0            0.0          0.0
physical reads direct                          1,128           12.8      1,128.0
physical reads direct (lob)                        0            0.0          0.0
physical reads prefetch warmup                     0            0.0          0.0
physical write IO requests                         0            0.0          0.0
physical write bytes                               0            0.0          0.0
physical write total IO requests                  33            0.4         33.0
physical write total bytes                 1,349,632       15,336.7  1,349,632.0
physical write total multi block                   1            0.0          1.0
physical writes                                    0            0.0          0.0
physical writes direct                             0            0.0          0.0
physical writes direct temporary                   0            0.0          0.0
physical writes from cache                         0            0.0          0.0
physical writes non checkpoint                     0            0.0          0.0
pinned buffers inspected                           0            0.0          0.0
prefetch warmup blocks aged out b                  0            0.0          0.0
prefetched blocks aged out before                  0            0.0          0.0
process last non-idle time                        90            1.0         90.0
recursive calls                            1,008,433       11,459.5  1,008,433.0
recursive cpu usage                            2,856           32.5      2,856.0
redo blocks checksummed by FG (ex              1,219           13.9      1,219.0
redo blocks written                            1,708           19.4      1,708.0
redo buffer allocation retries                     0            0.0          0.0
redo entries                                     732            8.3        732.0
redo log space requests                            0            0.0          0.0
redo log space wait time                           0            0.0          0.0
redo size                                    847,700        9,633.0    847,700.0
redo size for direct writes                        0            0.0          0.0
redo synch long waits                              2            0.0          2.0
redo synch time                                    9            0.1          9.0
redo synch time (usec)                        90,185        1,024.8     90,185.0
redo synch writes                                  2            0.0          2.0
redo wastage                                   1,032           11.7      1,032.0
redo write time                                   11            0.1         11.0
redo writes                                        4            0.1          4.0
rollback changes - undo records a                  0            0.0          0.0
rollbacks only - consistent read                   0            0.0          0.0
rows fetched via callback                        115            1.3        115.0
scheduler wait time                                0            0.0          0.0
session connect time                               0            0.0          0.0
session cursor cache hits                     19,170          217.8     19,170.0
session logical reads                          9,709          110.3      9,709.0
Instance Activity Stats  DB/Inst: XE/XE  Snaps:   178-  179

Statistic                                      Total     per Second    per Trans
--------------------------------- ------------------ -------------- ------------
session uga memory max                     7,672,488       87,187.4  7,672,488.0
shared hash latch upgrades - no w                 77            0.9         77.0
sorts (memory)                                   885           10.1        885.0
sorts (rows)                                   9,054          102.9      9,054.0
sql area evicted                                   0            0.0          0.0
sql area purged                                    0            0.0          0.0
summed dirty queue length                          0            0.0          0.0
switch current to new buffer                       1            0.0          1.0
table fetch by rowid                           1,133           12.9      1,133.0
table fetch continued row                          2            0.0          2.0
table scan blocks gotten                       1,134           12.9      1,134.0
table scan rows gotten                       112,849        1,282.4    112,849.0
table scans (direct read)                          1            0.0          1.0
table scans (long tables)                          1            0.0          1.0
table scans (short tables)                         7            0.1          7.0
temp space allocated (bytes)                       0            0.0          0.0
total cf enq hold time                             0            0.0          0.0
total number of cf enq holders                     0            0.0          0.0
total number of times SMON posted                  0            0.0          0.0
transaction rollbacks                              1            0.0          1.0
undo change vector size                      306,100        3,478.4    306,100.0
user I/O wait time                               149            1.7        149.0
user calls                                        66            0.8         66.0
user commits                                       1            0.0          1.0
workarea executions - optimal                    347            3.9        347.0
write clones created in foregroun                  0            0.0          0.0
          -------------------------------------------------------------

Instance Activity Stats  DB/Inst: XE/XE  Snaps:   178-  179
-> Statistics with absolute values (should not be diffed)

Statistic                             Begin Value       End Value
--------------------------------- --------------- ---------------
logons current                                 24              25
opened cursors current                         37              35
session cursor cache count                  1,392           1,398
          -------------------------------------------------------------

Instance Activity Stats  DB/Inst: XE/XE  Snaps:   178-  179
-> Statistics identified by '(derived)' come from sources other than SYSSTAT

Statistic                                      Total  per Hour
--------------------------------- ------------------ ---------
log switches (derived)                             0       .00
          -------------------------------------------------------------

OS Statistics  DB/Inst: XE/XE  Snaps:   178-  179
-> ordered by statistic type (CPU use, Virtual Memory, Hardware Config), Name

Statistic                                  Total
------------------------- ----------------------
BUSY_TIME                                  4,088
IDLE_TIME                                 12,929
IOWAIT_TIME                                  139
SYS_TIME                                     581
USER_TIME                                  3,506
RSRC_MGR_CPU_WAIT_TIME                         0
VM_IN_BYTES                            4,096,000
VM_OUT_BYTES                           1,658,880
PHYSICAL_MEMORY_BYTES              1,018,376,192
NUM_CPUS                                       2
NUM_CPU_CORES                                  2
NUM_CPU_SOCKETS                                1
GLOBAL_RECEIVE_SIZE_MAX                  229,376
GLOBAL_SEND_SIZE_MAX                     229,376
TCP_RECEIVE_SIZE_DEFAULT                  87,380
TCP_RECEIVE_SIZE_MAX                   3,895,296
TCP_RECEIVE_SIZE_MIN                       4,096
TCP_SEND_SIZE_DEFAULT                     16,384
TCP_SEND_SIZE_MAX                      3,895,296
TCP_SEND_SIZE_MIN                          4,096
          -------------------------------------------------------------

OS Statistics - detail  DB/Inst: XE/XE  Snaps:   178-  179

  Snap Snapshot
    Id Day Time          Load  %Busy  %User %System   %WIO  %WCPU
------ --------------- ------ ------ ------ ------- ------ ------
   178 日 02 14:47:35      .3
   179 日 02 14:49:03      .4   24.0   20.6     3.4    0.8
          -------------------------------------------------------------
IO Stat by Function - summary  DB/Inst: XE/XE  Snaps:   178-  179
->Data Volume values suffixed with   M,G,T,P are in multiples of 1024,
  other values suffixed with       K,M,G,T,P are in multiples of 1000
->ordered by Data Volume (Read+Write) desc

               ---------- Read --------- --------- Write -------- --- Wait ----
                 Data  Requests    Data   Data  Requests    Data          Avg
Function        Volume     /sec  Vol/sec Volume     /sec  Vol/sec  Count Tm(ms)
--------------- ------ -------- -------- ------ -------- -------- ------ ------
Direct Reads        9M      .9       .1M                             78     0.0
Others              6M     4.1       .1M     1M      .3       .0M   418     0.0
Buffer Cache Re     5M     7.4       .1M                            650     0.0
          -------------------------------------------------------------

IO Stat by Function - detail  DB/Inst: XE/XE  Snaps:   178-  179
->ordered by Data Volume (Read+Write) desc

                   ----------- Read ---------- ----------- Write ---------
                    Small  Large  Small  Large  Small  Large  Small  Large
                     Read   Read   Data   Data  Write  Write   Data   Data
Function             Reqs   Reqs   Read   Read   Reqs   Reqs  Writn  Writn
------------------ ------ ------ ------ ------ ------ ------ ------ ------
Direct Reads          15     63      1M     8M
Others               360             6M           29             1M
Buffer Cache Reads   650             5M
          -------------------------------------------------------------
Tablespace IO Stats  DB/Inst: XE/XE  Snaps:   178-  179
->ordered by IOs (Reads + Writes) desc

Tablespace
------------------------------
                 Av      Av     Av                    Av        Buffer Av Buf
         Reads Reads/s Rd(ms) Blks/Rd       Writes Writes/s      Waits Wt(ms)
-------------- ------- ------ ------- ------------ -------- ---------- ------
SYSTEM
           387       4    1.0     3.7            0        0          0    0.0
SYSAUX
           306       3    4.5     1.0            0        0          0    0.0
UNDOTBS1
            14       0    0.0     1.0            0        0          0    0.0
          -------------------------------------------------------------
File IO Stats  DB/Inst: XE/XE  Snaps:   178-  179
->Mx Rd Bkt: Max bucket time for single block read
->ordered by Tablespace, File

Tablespace               Filename
------------------------ ----------------------------------------------------
                        Av   Mx                                             Av
                 Av     Rd   Rd    Av                    Av        Buffer BufWt
         Reads Reads/s (ms)  Bkt Blks/Rd       Writes Writes/s      Waits  (ms)
-------------- ------- ----- --- ------- ------------ -------- ---------- ------
SYSAUX                   /u01/app/oracle/oradata/XE/sysaux.dbf
           306       3   4.5  64     1.0            0        0          0

SYSTEM                   /u01/app/oracle/oradata/XE/system.dbf
           387       4   1.0  32     3.7            0        0          0

UNDOTBS1                 /u01/app/oracle/oradata/XE/undotbs1.dbf
            14       0   0.0   1     1.0            0        0          0

          -------------------------------------------------------------
File Read Histogram Stats  DB/Inst: XE/XE  Snaps:   178-  179
->Number of single block reads in each time range
->Tempfiles are not included
->ordered by Tablespace, File

Tablespace               Filename
------------------------ ----------------------------------------------------
    0 - 2 ms     2 - 4 ms    4 - 8 ms     8 - 16 ms   16 - 32 ms       32+ ms
------------ ------------ ------------ ------------ ------------ ------------
SYSAUX                   /u01/app/oracle/oradata/XE/sysaux.dbf
         141           19           82           52            6            1

SYSTEM                   /u01/app/oracle/oradata/XE/system.dbf
         267            1            6           21            4            0

UNDOTBS1                 /u01/app/oracle/oradata/XE/undotbs1.dbf
          14            0            0            0            0            0

          -------------------------------------------------------------
Instance Recovery Stats  DB/Inst: XE/XE  Snaps:   178-  179
-> B: Begin snapshot,  E: End snapshot

  Targt Estd                                  Log File  Log Ckpt    Log Ckpt
  MTTR  MTTR   Recovery   Actual    Target      Size     Timeout    Interval
   (s)   (s)   Estd IOs  Redo Blks Redo Blks Redo Blks  Redo Blks  Redo Blks
- ----- ----- ---------- --------- --------- ---------- --------- ------------
B     0     0        216         3     82944      82944
E     0     0        391      1711     82944      82944
          -------------------------------------------------------------
Memory Target Advice  DB/Inst: XE/XE  Snaps:   178-  179
-> Advice Reset: if this is null, the data shown has been diffed between
   the Begin and End snapshots.  If this is 'Y', the advisor has been
   reset during this interval due to memory resize operations, and
   the data shown is since the reset operation.

                Memory Size     Est.     Advice
Memory Size (M)      Factor DB time (s)  Reset
--------------- ----------- ------------ ------
            194          .5           42
            291          .8           41
            388         1.0           41
            485         1.3           41
            582         1.5           41
            679         1.8           41
            776         2.0           41
          -------------------------------------------------------------

Memory Dynamic Components  DB/Inst: XE/XE  Snaps:   178-  179
->  Op - memory resize Operation
->  Cache:    D: Default,  K: Keep,  R:  Recycle
->   Mode:  DEF: DEFerred mode,  IMM: IMMediate mode

                       Begin Snap End Snap   Op    Last Op
Cache                    Size (M) Size (M)  Count  Type/Mode   Last Op Time
---------------------- ---------- -------- ------- ---------- ---------------
D:buffer cache                 40                0 INITIA/
PGA Target                    132                0 STATIC
SGA Target                    256                0 STATIC
java pool                       4                0 STATIC
large pool                      4                0 STATIC
shared pool                   196                0 STATIC
          -------------------------------------------------------------

Buffer Pool Advisory  DB/Inst: XE/XE  End Snap:   179
-> Only rows with estimated physical reads >0 are displayed
-> ordered by Pool, Block Size, Buffers For Estimate

                                   Est
                                  Phys      Estimated                   Est
    Size for  Size      Buffers   Read     Phys Reads     Est Phys % dbtime
P    Est (M) Factr  (thousands)  Factr    (thousands)    Read Time  for Rds
--- -------- ----- ------------ ------ -------------- ------------ --------
D          4    .1            0    1.2             58          112     53.6
D          8    .2            1    1.1             52           89     42.6
D         12    .3            1    1.1             51           83     39.7
D         16    .4            2    1.0             49           77     36.8
D         20    .5            2    1.0             49           74     35.4
D         24    .6            3    1.0             48           72     34.4
D         28    .7            3    1.0             48           71     34.0
D         32    .8            4    1.0             48           71     34.0
D         36    .9            4    1.0             48           70     33.5
D         40   1.0            5    1.0             47           69     33.0
D         44   1.1            5    1.0             47           68     32.5
D         48   1.2            6    1.0             47           66     31.6
D         52   1.3            6    1.0             47           65     31.1
D         56   1.4            7    1.0             46           64     30.6
D         60   1.5            7    1.0             46           62     29.7
D         64   1.6            8    1.0             46           61     29.2
D         68   1.7            8    1.0             45           60     28.7
D         72   1.8            9    1.0             45           60     28.7
D         76   1.9            9    0.9             45           59     28.2
D         80   2.0           10    0.9             44           55     26.3
          -------------------------------------------------------------

Buffer Pool Statistics  DB/Inst: XE/XE  Snaps:   178-  179
-> Standard block size Pools  D: default,  K: keep,  R: recycle
-> Default Pools for other block sizes: 2k, 4k, 8k, 16k, 32k
-> Buffers: the number of buffers.  Units of K, M, G are divided by 1000

                                                            Free Writ     Buffer
            Pool         Buffer     Physical    Physical  Buffer Comp       Busy
P   Buffers Hit%           Gets        Reads      Writes   Waits Wait      Waits
--- ------- ---- -------------- ------------ ----------- ------- ---- ----------
D     4910    94         10,143          585           0       0    0          0
          -------------------------------------------------------------
PGA Aggr Target Stats  DB/Inst: XE/XE  Snaps:   178-  179
-> B: Begin snap   E: End snap (rows identified with B or E contain data
   which is absolute i.e. not diffed over the interval)
-> PGA cache hit % - percentage of W/A (WorkArea) data processed only in-memory
-> Auto PGA Target - actual workarea memory target
-> W/A PGA Used    - amount of memory used for all WorkAreas (manual + auto)
-> %PGA W/A Mem    - percentage of PGA memory allocated to WorkAreas
-> %Auto W/A Mem   - percentage of WorkArea memory controlled by Auto Mem Mgmt
-> %Man W/A Mem    - percentage of WorkArea memory under Manual control

PGA Cache Hit % W/A MB Processed Extra W/A MB Read/Written
--------------- ---------------- -------------------------
          100.0               22                         0

PGA Aggr Target Histogram  DB/Inst: XE/XE  Snaps:   178-  179
-> Optimal Executions are purely in-memory operations

    Low    High
Optimal Optimal    Total Execs Optimal Execs 1-Pass Execs M-Pass Execs
------- ------- -------------- ------------- ------------ ------------
     2K      4K            183           183            0            0
    64K    128K              2             2            0            0
   128K    256K              1             1            0            0
   512K   1024K             14            14            0            0
     4M      8M              2             2            0            0
          -------------------------------------------------------------

PGA Memory Advisory  DB/Inst: XE/XE  End Snap:   179
-> When using Auto Memory Mgmt, minimally choose a pga_aggregate_target value
   where Estd PGA Overalloc Count is 0

                                   Estd Extra                Estd
  PGA Aggr                           W/A MB      Estd Time    PGA   Estd PGA
    Target   Size         W/A MB  Read/Written  to Process  Cache  Overalloc
  Est (MB)  Factr      Processed    to Disk      Bytes (s)  Hit %      Count
---------- ------ -------------- -------------- ---------- ------ ----------
        17    0.1            159             16        0.0   91.0          3
        33    0.3            159             16        0.0   91.0          3
        66    0.5            159             13        0.0   93.0          2
        99    0.8            159              0        0.0  100.0          0
       132    1.0            159              0        0.0  100.0          0
       158    1.2            159              0        0.0  100.0          0
       185    1.4            159              0        0.0  100.0          0
       211    1.6            159              0        0.0  100.0          0
       238    1.8            159              0        0.0  100.0          0
       264    2.0            159              0        0.0  100.0          0
       396    3.0            159              0        0.0  100.0          0
       528    4.0            159              0        0.0  100.0          0
       792    6.0            159              0        0.0  100.0          0
     1,056    8.0            159              0        0.0  100.0          0
          -------------------------------------------------------------
Process Memory Summary Stats  DB/Inst: XE/XE  Snaps:   178-  179
-> B: Begin snap   E: End snap
-> All rows below contain absolute values (i.e. not diffed over the interval)
-> Max Alloc is Maximum PGA Allocation size at snapshot time
   Hist Max Alloc is the Historical Max Allocation for still-connected processes
-> Num Procs or Allocs:  For Begin/End snapshot lines, it is the number of
   processes. For Category lines, it is the number of allocations
-> ordered by Begin/End snapshot, Alloc (MB) desc

                                                                  Hist   Num
                                          Avg    Std Dev   Max    Max   Procs
             Alloc     Used    Freeabl   Alloc    Alloc   Alloc  Alloc    or
  Category   (MB)      (MB)      (MB)     (MB)    (MB)    (MB)    (MB)  Allocs
- -------- --------- --------- -------- -------- ------- ------- ------ ------
B --------      63.4      41.2     13.6      2.2     2.8      12     13     29
  Other         48.6                         1.7     2.2      11     11     29
  Freeable      13.6        .0               1.7     2.3       7             8
  SQL             .7        .1                .1      .1       0      7     10
  PL/SQL          .5        .4                .0      .0       0      0     24
E --------      62.8      41.2     13.4      2.1     2.6      12     13     30
  Other         48.3                         1.6     2.2      11     11     30
  Freeable      13.4        .0               1.7     2.0       6             8
  SQL             .7        .2                .1      .1       0      6     10
  PL/SQL          .5        .4                .0      .0       0      0     25
          -------------------------------------------------------------

Top Process Memory (by component)  DB/Inst: XE/XE  Snaps:   178-  179
-> ordered by Begin/End snapshot, Alloc (MB) desc

                        Alloc   Used   Freeabl     Max      Hist Max
     PId Category       (MB)    (MB)     (MB)   Alloc (MB) Alloc (MB)
- ------ ------------- ------- ------- -------- ---------- ----------
B     11 LGWR --------    11.6    10.8       .1       11.6       11.6
         Other            11.4                        11.4       11.5
         Freeable           .1      .0                  .1
         PL/SQL             .0      .0                  .0         .0
      27 TNS V1-V3 ---     9.6     2.1      6.9        9.6        9.6
         Freeable          6.9      .0                 6.9
         Other             2.4                         2.4        2.4
         PL/SQL             .2      .1                  .2         .2
         SQL                .1      .0                  .1        6.7
      10 DBW0 --------     6.7     6.5       .0        6.7        6.7
         Other             6.7                         6.7        6.7
         PL/SQL             .0      .0                  .0         .0
      13 SMON --------     4.8      .9      1.3        4.8        4.8
         Other             3.4                         3.4        3.4
         Freeable          1.3      .0                 1.3
         SQL                .1      .0                  .1        2.1
         PL/SQL             .0      .0                  .0         .0
      28 CJQ0 --------     4.5     1.3      3.0        4.5        6.7
         Freeable          3.0      .0                 3.0
         Other             1.4                         1.4        1.8
         SQL                .1      .0                  .1        1.9
         PL/SQL             .0      .0                  .0         .0
      15 MMON --------     3.4     1.9      1.3        3.4        4.6
         Other             1.9                         1.9        2.1
         Freeable          1.3      .0                 1.3
         SQL                .1      .0                  .1        1.1
         PL/SQL             .1      .1                  .1         .1
      26  ------------     2.5     1.4       .4        2.5       13.3
         Other             1.9                         1.9        8.4
         Freeable           .4      .0                  .4
         SQL                .2      .0                  .2        4.4
         PL/SQL             .0      .0                  .0         .0
      22 Q000 --------     1.8     1.1       .4        1.8        1.8
         Other             1.2                         1.2        1.2
         Freeable           .4      .0                  .4
         PL/SQL             .2      .2                  .2         .2
         SQL                .0      .0                  .0         .2
      17 D000 --------     1.3     1.2       .0        1.3        1.3
         Other             1.3                         1.3        1.3
       8 DIA0 --------     1.2     1.0       .1        1.2        1.2
         Other             1.1                         1.1        1.1
         Freeable           .1      .0                  .1
         PL/SQL             .0      .0                  .0         .0
      14 RECO --------     1.1      .8       .0        1.1        1.1
         Other             1.0                         1.0        1.0
         SQL                .0      .0                  .0         .1
         PL/SQL             .0      .0                  .0         .0
      12 CKPT --------     1.0      .8       .0        1.0        1.0
         Other             1.0                         1.0        1.0
         PL/SQL             .0      .0                  .0         .0
       7 DBRM --------     1.0      .8       .0        1.0        1.0
         Other             1.0                         1.0        1.0
         SQL                .0      .0                  .0         .1

Top Process Memory (by component)  DB/Inst: XE/XE  Snaps:   178-  179
-> ordered by Begin/End snapshot, Alloc (MB) desc

                        Alloc   Used   Freeabl     Max      Hist Max
     PId Category       (MB)    (MB)     (MB)   Alloc (MB) Alloc (MB)
- ------ ------------- ------- ------- -------- ---------- ----------
B      7 PL/SQL             .0      .0                  .0         .0
      32 W000 --------     1.0      .8       .0        1.0        1.0
         Other             1.0                         1.0        1.0
         SQL                .0      .0                  .0         .0
         PL/SQL             .0      .0                  .0         .0
E     11 LGWR --------    11.6    10.8       .1       11.6       11.6
         Other            11.4                        11.4       11.5
         Freeable           .1      .0                  .1
         PL/SQL             .0      .0                  .0         .0
      29 TNS V1-V3 ---     8.1     1.4      6.1        8.1        8.1
         Freeable          6.1      .0                 6.1
         Other             1.8                         1.8        1.8
         PL/SQL             .2      .2                  .2         .2
         SQL                .1      .1                  .1        6.3
      10 DBW0 --------     6.7     6.5       .0        6.7        6.7
         Other             6.7                         6.7        6.7
         PL/SQL             .0      .0                  .0         .0
      13 SMON --------     4.8      .9      1.3        4.8        4.8
         Other             3.4                         3.4        3.4
         Freeable          1.3      .0                 1.3
         SQL                .1      .0                  .1        2.1
         PL/SQL             .0      .0                  .0         .0
      28 CJQ0 --------     4.5     1.3      3.0        4.5        6.7
         Freeable          3.0      .0                 3.0
         Other             1.4                         1.4        1.8
         SQL                .1      .0                  .1        1.9
         PL/SQL             .0      .0                  .0         .0
      15 MMON --------     3.4     1.9      1.3        3.4        4.6
         Other             1.9                         1.9        2.1
         Freeable          1.3      .0                 1.3
         SQL                .1      .0                  .1        1.1
         PL/SQL             .1      .1                  .1         .1
      26  ------------     2.7     1.4      1.1        2.7       13.3
         Other             1.4                         1.4        7.7
         Freeable          1.1      .0                 1.1
         SQL                .1      .0                  .1        4.4
         PL/SQL             .0      .0                  .0         .0
      22 Q000 --------     1.8     1.1       .4        1.8        1.8
         Other             1.2                         1.2        1.2
         Freeable           .4      .0                  .4
         PL/SQL             .2      .2                  .2         .2
         SQL                .0      .0                  .0         .2
      17 D000 --------     1.3     1.2       .0        1.3        1.3
         Other             1.3                         1.3        1.3
       8 DIA0 --------     1.2     1.0       .1        1.2        1.2
         Other             1.1                         1.1        1.1
         Freeable           .1      .0                  .1
         PL/SQL             .0      .0                  .0         .0
      14 RECO --------     1.1      .8       .0        1.1        1.1
         Other             1.0                         1.0        1.0
         SQL                .0      .0                  .0         .1
         PL/SQL             .0      .0                  .0         .0
      12 CKPT --------     1.0      .8       .0        1.0        1.0

Top Process Memory (by component)  DB/Inst: XE/XE  Snaps:   178-  179
-> ordered by Begin/End snapshot, Alloc (MB) desc

                        Alloc   Used   Freeabl     Max      Hist Max
     PId Category       (MB)    (MB)     (MB)   Alloc (MB) Alloc (MB)
- ------ ------------- ------- ------- -------- ---------- ----------
E     12 Other             1.0                         1.0        1.0
         PL/SQL             .0      .0                  .0         .0
       7 DBRM --------     1.0      .8       .0        1.0        1.0
         Other             1.0                         1.0        1.0
         SQL                .0      .0                  .0         .1
         PL/SQL             .0      .0                  .0         .0
      32 W000 --------     1.0      .8       .0        1.0        1.0
         Other             1.0                         1.0        1.0
         SQL                .0      .0                  .0         .0
         PL/SQL             .0      .0                  .0         .0
          -------------------------------------------------------------

Latch Activity  DB/Inst: XE/XE  Snaps:   178-  179
->"Get Requests", "Pct Get Miss" and "Avg Slps/Miss" are statistics for
  willing-to-wait latch get requests
->"NoWait Requests", "Pct NoWait Miss" are for no-wait latch get requests
->"Pct Misses" for both should be very close to 0.0

                                           Pct    Avg   Wait                 Pct
                              Get          Get   Slps   Time       NoWait NoWait
Latch                       Requests      Miss  /Miss    (s)     Requests   Miss
------------------------ -------------- ------ ------ ------ ------------ ------
AQ deq hash table latch               1    0.0             0            0
ASM db client latch                  56    0.0             0            0
ASM map operation hash t              1    0.0             0            0
ASM network state latch               1    0.0             0            0
Change Notification Hash             29    0.0             0            0
Consistent RBA                        4    0.0             0            0
DML lock allocation                 140    0.0             0            0
Event Group Locks                     3    0.0             0            0
FOB s.o list latch                    8    0.0             0            0
File State Object Pool P              1    0.0             0            0
I/O Staticstics latch                 1    0.0             0            0
IPC stats buffer allocat              1    0.0             0            0
In memory undo latch                 58    0.0             0           18    0.0
JS Sh mem access                      1    0.0             0            0
JS queue access latch                 1    0.0             0            0
JS queue state obj latch            612    0.0             0            0
JS slv state obj latch                1    0.0             0            0
KFC FX Hash Latch                     1    0.0             0            0
KFC Hash Latch                        1    0.0             0            0
KFCL LE Freelist                      1    0.0             0            0
KGNFS-NFS:SHM structure               1    0.0             0            0
KGNFS-NFS:SVR LIST                    1    0.0             0            0
KJC message pool free li              1    0.0             0            0
KJCT flow control latch               1    0.0             0            0
KMG MMAN ready and start             28    0.0             0            0
KTF sga latch                         2    0.0             0           26    0.0
KWQP Prop Status                      1    0.0             0            0
Locator state objects po              1    0.0             0            0
Lsod array latch                      1    0.0             0            0
MQL Tracking Latch                    0                    0            1    0.0
Memory Management Latch               1    0.0             0           28    0.0
Memory Queue                          1    0.0             0            0
Memory Queue Message Sub              1    0.0             0            0
Memory Queue Message Sub              1    0.0             0            0
Memory Queue Message Sub              1    0.0             0            0
Memory Queue Message Sub              1    0.0             0            0
Memory Queue Subscriber               1    0.0             0            0
Mutex                                 1    0.0             0            0
Mutex Stats                           1    0.0             0            0
OS process                           10    0.0             0            0
OS process allocation               179    0.0             0            0
OS process: request allo              3    0.0             0            0
PL/SQL warning settings               9    0.0             0            0
PX hash array latch                   1    0.0             0            0
QMT                                   1    0.0             0            0
SGA blob parent                       1    0.0             0            0
SGA bucket locks                      1    0.0             0            0
SGA heap locks                        1    0.0             0            0
SGA pool locks                        1    0.0             0            0
SQL memory manager latch              4    0.0             0           28    0.0
Latch Activity  DB/Inst: XE/XE  Snaps:   178-  179
->"Get Requests", "Pct Get Miss" and "Avg Slps/Miss" are statistics for
  willing-to-wait latch get requests
->"NoWait Requests", "Pct NoWait Miss" are for no-wait latch get requests
->"Pct Misses" for both should be very close to 0.0

                                           Pct    Avg   Wait                 Pct
                              Get          Get   Slps   Time       NoWait NoWait
Latch                       Requests      Miss  /Miss    (s)     Requests   Miss
------------------------ -------------- ------ ------ ------ ------------ ------
SQL memory manager worka          2,016    0.0             0            0
Shared B-Tree                         7    0.0             0            0
Streams Generic                       1    0.0             0            0
Testing                               1    0.0             0            0
Token Manager                         1    0.0             0            0
WCR: sync                             1    0.0             0            0
Write State Object Pool               1    0.0             0            0
XDB NFS Security Latch                1    0.0             0            0
XDB unused session pool               1    0.0             0            0
XDB used session pool                 1    0.0             0            0
active checkpoint queue              29    0.0             0            0
active service list                 177    0.0             0          153    0.0
buffer pool                           1    0.0             0            0
business card                         1    0.0             0            0
cache buffer handles                  2    0.0             0            0
cache buffers chains             16,762    0.0             0          479    0.0
cache buffers lru chain             109    0.0             0          478    0.0
call allocation                     249    0.0             0            0
cas latch                             1    0.0             0            0
change notification clie              1    0.0             0            0
channel handle pool latc              4    0.0             0            0
channel operations paren            405    0.0             0            0
checkpoint queue latch            1,014    0.0             0          179    0.0
client/application info              14    0.0             0            0
compile environment latc              2    0.0             0            0
corrupted undo seg latch              1    0.0             0            0
cp cmon/server latch                  1    0.0             0            0
cp pool latch                         1    0.0             0            0
cp server hash latch                  1    0.0             0            0
cp sga latch                          1    0.0             0            0
cvmap freelist lock                   1    0.0             0            0
deferred cleanup latch                1    0.0             0            0
dml lock allocation                   1    0.0             0            0
done queue latch                      1    0.0             0            0
dummy allocation                      4    0.0             0            0
enqueue hash chains               1,742    0.0             0            0
enqueues                          1,563    0.0             0            0
fifth spare latch                     1    0.0             0            0
flashback copy                        1    0.0             0            0
fourth Audit Vault latch              1    0.0             0            0
gc element                            1    0.0             0            0
gcs commit scn state                  1    0.0             0            0
gcs partitioned table ha              1    0.0             0            0
gcs pcm hashed value buc              1    0.0             0            0
gcs resource freelist                 1    0.0             0            0
gcs resource hash                     1    0.0             0            0
gcs resource scan list                1    0.0             0            0
gcs shadows freelist                  1    0.0             0            0
ges domain table                      1    0.0             0            0
ges enqueue table freeli              1    0.0             0            0
Latch Activity  DB/Inst: XE/XE  Snaps:   178-  179
->"Get Requests", "Pct Get Miss" and "Avg Slps/Miss" are statistics for
  willing-to-wait latch get requests
->"NoWait Requests", "Pct NoWait Miss" are for no-wait latch get requests
->"Pct Misses" for both should be very close to 0.0

                                           Pct    Avg   Wait                 Pct
                              Get          Get   Slps   Time       NoWait NoWait
Latch                       Requests      Miss  /Miss    (s)     Requests   Miss
------------------------ -------------- ------ ------ ------ ------------ ------
ges group table                       1    0.0             0            0
ges process hash list                 1    0.0             0            0
ges process parent latch              1    0.0             0            0
ges resource hash list                1    0.0             0            0
ges resource scan list                1    0.0             0            0
ges resource table freel              1    0.0             0            0
ges value block free lis              1    0.0             0            0
global KZLD latch for me              1    0.0             0            0
global tx hash mapping                1    0.0             0            0
granule operation                     1    0.0             0            0
hash table column usage               0                    0       11,308    0.0
hash table modification              24    0.0             0            0
heartbeat check                       1    0.0             0            0
intra txn parallel recov              1    0.0             0            0
io pool granule metadata              1    0.0             0            0
job workq parent latch                1    0.0             0            0
job_queue_processes para             19    0.0             0            0
k2q lock allocation                   1    0.0             0            0
kdlx hb parent latch                  1    0.0             0            0
kgb parent                            1    0.0             0            0
kgnfs mount latch                     1    0.0             0            0
ksfv messages                         1    0.0             0            0
ksim group membership ca              1    0.0             0            0
kss move lock                         3    0.0             0            0
ksuosstats global area                8    0.0             0            0
ksv allocation latch                  4    0.0             0            0
ksv class latch                       3    0.0             0            0
ksv msg queue latch                   1    0.0             0            0
ksz_so allocation latch               3    0.0             0            0
kwqbsn:qsga                           6    0.0             0            0
lgwr LWN SCN                         29    0.0             0            0
list of block allocation             14    0.0             0            0
loader state object free              2    0.0             0            0
lob segment dispenser la              1    0.0             0            0
lob segment hash table l              1    0.0             0            0
lob segment query latch               1    0.0             0            0
lock DBA buffer during m              1    0.0             0            0
logical standby cache                 1    0.0             0            0
logminer context allocat              1    0.0             0            0
logminer work area                    1    0.0             0            0
longop free list parent               1    0.0             0            0
mapped buffers lru chain              1    0.0             0            0
message pool operations               1    0.0             0            0
messages                            735    0.0             0            0
mostly latch-free SCN                29    0.0             0            0
msg queue latch                       1    0.0             0            0
name-service namespace b              1    0.0             0            0
ncodef allocation latch               1    0.0             0            0
object queue header heap            165    0.0             0            0
object queue header oper            828    0.0             0            0
Latch Activity  DB/Inst: XE/XE  Snaps:   178-  179
->"Get Requests", "Pct Get Miss" and "Avg Slps/Miss" are statistics for
  willing-to-wait latch get requests
->"NoWait Requests", "Pct NoWait Miss" are for no-wait latch get requests
->"Pct Misses" for both should be very close to 0.0

                                           Pct    Avg   Wait                 Pct
                              Get          Get   Slps   Time       NoWait NoWait
Latch                       Requests      Miss  /Miss    (s)     Requests   Miss
------------------------ -------------- ------ ------ ------ ------------ ------
object stats modificatio            154    0.0             0            0
parallel query alloc buf             13    0.0             0            0
parallel query stats                  1    0.0             0            0
parameter list                        2    0.0             0            0
parameter table manageme             22    0.0             0            0
peshm                                 1    0.0             0            0
pesom_free_list                       1    0.0             0            0
pesom_hash_node                       1    0.0             0            0
post/wait queue                       4    0.0             0            2    0.0
process allocation                    4    0.0             0            2    0.0
process group creation                3    0.0             0            0
process queue                         1    0.0             0            0
process queue reference               1    0.0             0            0
qmn task queue latch                 12    0.0             0            0
query server freelists                1    0.0             0            0
queued dump request                   1    0.0             0            0
queuing load statistics               1    0.0             0            0
recovery domain hash lis              1    0.0             0            0
redo allocation                     827    0.0             0            0
redo copy                             1    0.0             0          757    0.0
redo writing                         98    0.0             0            0
resmgr group change latc              2    0.0             0            0
resmgr:active threads                21    0.0             0           31    0.0
resmgr:actses change gro              3    0.0             0            0
resmgr:actses change sta              1    0.0             0            0
resmgr:free threads list              3    0.0             0            0
resmgr:plan CPU method                1    0.0             0            0
resmgr:resource group CP            245    0.0             0            0
resmgr:schema config                 18    0.0             0            1    0.0
resmgr:session queuing                1    0.0             0            0
rm cas latch                          1    0.0             0            0
row cache objects                26,032    0.0             0            0
rules engine rule set st            100    0.0             0            0
second Audit Vault latch              1    0.0             0            0
second spare latch                    1    0.0             0            0
sequence cache                        6    0.0             0            0
session allocation                   15    0.0             0           13    0.0
session idle bit                    143    0.0             0            0
session queue latch                   1    0.0             0            0
session state list latch              6    0.0             0            0
session switching                     7    0.0             0            0
session timer                        28    0.0             0            0
shared pool                   1,012,244    0.0    0.0      0            0
shared pool sim alloc                21    0.0             0            0
shared pool simulator               887    0.0             0            0
sim partition latch                   1    0.0             0            0
simulator hash latch                537    0.0             0            0
simulator lru latch                   1    0.0             0          490    0.0
sort extent pool                      1    0.0             0            0
space background state o              1    0.0             0            0
Latch Activity  DB/Inst: XE/XE  Snaps:   178-  179
->"Get Requests", "Pct Get Miss" and "Avg Slps/Miss" are statistics for
  willing-to-wait latch get requests
->"NoWait Requests", "Pct NoWait Miss" are for no-wait latch get requests
->"Pct Misses" for both should be very close to 0.0

                                           Pct    Avg   Wait                 Pct
                              Get          Get   Slps   Time       NoWait NoWait
Latch                       Requests      Miss  /Miss    (s)     Requests   Miss
------------------------ -------------- ------ ------ ------ ------------ ------
space background task la             68    0.0             0           58    0.0
tablespace key chain                  1    0.0             0            0
test excl. parent l0                  1    0.0             0            0
test excl. parent2 l0                 1    0.0             0            0
third spare latch                     1    0.0             0            0
threshold alerts latch                1    0.0             0            0
transaction allocation                7    0.0             0            0
undo global data                    220    0.0             0            0
virtual circuit buffers               1    0.0             0            0
virtual circuit holder                1    0.0             0            0
virtual circuit queues                1    0.0             0            0
          -------------------------------------------------------------
Dictionary Cache Stats  DB/Inst: XE/XE  Snaps:   178-  179
->"Pct Misses"  should be very low (< 2% in most cases)
->"Final Usage" is the number of cache entries being used in End Snapshot

                                   Get    Pct    Scan   Pct      Mod      Final
Cache                         Requests   Miss    Reqs  Miss     Reqs      Usage
------------------------- ------------ ------ ------- ----- -------- ----------
dc_awr_control                       1    0.0       0              0          1
dc_histogram_data                  698   50.6       0              0      2,364
dc_histogram_defs                2,449   37.2       0              0      2,757
dc_object_grants                    14    0.0       0              0         12
dc_objects                       1,330   12.8       0              0      1,681
dc_profiles                          1    0.0       0              0          1
dc_segments                        277   16.2       0              0        560
dc_tablespaces                   2,065    0.0       0              0          6
dc_users                         2,454    0.0       0              0         98
global database name                60    0.0       0              0          1
          -------------------------------------------------------------


Library Cache Activity  DB/Inst: XE/XE  Snaps:   178-  179
->"Pct Misses"  should be very low

                         Get  Pct        Pin        Pct               Invali-
Namespace           Requests  Miss     Requests     Miss     Reloads  dations
--------------- ------------ ------ -------------- ------ ---------- --------
ACCOUNT_STATUS             2    0.0              0                 0        0
BODY                       8    0.0              9    0.0          0        0
CLUSTER                    4    0.0              4    0.0          0        0
DBLINK                     2    0.0              0                 0        0
EDITION                    1    0.0              2    0.0          0        0
SCHEMA                   363    0.0              0                 0        0
SQL AREA                 111   68.5      1,003,730    0.0          0        0
SQL AREA BUILD           122   99.2              0                 0        0
SQL AREA STATS           122  100.0            122  100.0          0        0
TABLE/PROCEDURE          819   18.9          1,694   36.7          4        0
TRIGGER                    1    0.0              1    0.0          0        0
          -------------------------------------------------------------
Rule Sets  DB/Inst: XE/XE  Snaps:   178-  179
-> * indicates Rule Set activity (re)started between Begin/End snaps
-> Top 25 ordered by Evaluations desc

                                                               No-SQL  SQL
Rule                                *     Eval/sec Reloads/sec Eval % Eval %
----------------------------------- - ------------ ----------- ------ ------
SYS.ALERT_QUE_R                                  0           0      0      0
          -------------------------------------------------------------
Shared Pool Advisory  DB/Inst: XE/XE  End Snap:   179
-> SP: Shared Pool     Est LC: Estimated Library Cache   Factr: Factor
-> Note there is often a 1:Many correlation between a single logical object
   in the Library Cache, and the physical number of memory objects associated
   with it.  Therefore comparing the number of Lib Cache objects (e.g. in
   v$librarycache), with the number of Lib Cache Memory Objects is invalid

                                        Est LC Est LC  Est LC Est LC
    Shared    SP   Est LC                 Time   Time    Load   Load      Est LC
      Pool  Size     Size       Est LC   Saved  Saved    Time   Time         Mem
  Size (M) Factr      (M)      Mem Obj     (s)  Factr     (s)  Factr    Obj Hits
---------- ----- -------- ------------ ------- ------ ------- ------ -----------
       116    .6       10        1,055     487    1.0      31    1.1      27,718
       136    .7       30        2,583     489    1.0      29    1.1      51,669
       156    .8       50        3,511     491    1.0      27    1.0      51,910
       176    .9       66        4,230     491    1.0      27    1.0      51,953
       196   1.0       71        4,557     491    1.0      27    1.0      51,969
       216   1.1       71        4,557     491    1.0      27    1.0      51,969
       236   1.2       71        4,557     491    1.0      27    1.0      51,969
       256   1.3       71        4,557     491    1.0      27    1.0      51,969
       276   1.4       71        4,557     491    1.0      27    1.0      51,969
       296   1.5       71        4,557     491    1.0      27    1.0      51,969
       316   1.6       71        4,557     491    1.0      27    1.0      51,969
       336   1.7       71        4,557     491    1.0      27    1.0      51,969
       356   1.8       71        4,557     491    1.0      27    1.0      51,969
       376   1.9       71        4,557     491    1.0      27    1.0      51,969
       396   2.0       71        4,557     491    1.0      27    1.0      51,969
          -------------------------------------------------------------
SGA Target Advisory  DB/Inst: XE/XE  End Snap:   179

SGA Target SGA Size   Est DB      Est DB   Est Physical
  Size (M)   Factor Time (s) Time Factor          Reads
---------- -------- -------- ----------- --------------
       128       .5      243         1.2         54,547
       192       .8      219         1.0         48,382
       256      1.0      209         1.0         47,313
       320      1.3      209         1.0         47,313
       384      1.5      209         1.0         47,313
       448      1.8      209         1.0         47,313
       512      2.0      209         1.0         47,313
          -------------------------------------------------------------
SGA Memory Summary  DB/Inst: XE/XE  Snaps:   178-  179

                                                        End Size (Bytes)
SGA regions                      Begin Size (Bytes)       (if different)
------------------------------ -------------------- --------------------
Database Buffers                         41,943,040
Fixed Size                                2,226,960
Redo Buffers                              4,333,568
Variable Size                           356,517,104
                               -------------------- --------------------
sum                                     405,020,672
          -------------------------------------------------------------


SGA breakdown difference  DB/Inst: XE/XE  Snaps:   178-  179
-> Top 35 rows by size, ordered by Pool, Name (note rows with null values for
   Pool column, or Names showing free memory are always shown)
-> Null value for Begin MB or End MB indicates the size of that Pool/Name was
   insignificant, or zero in that snapshot

Pool   Name                                 Begin MB         End MB  % Diff
------ ------------------------------ -------------- -------------- --------
java p free memory                               4.0            4.0     0.00
large  PX msg pool                                .5             .5     0.00
large  free memory                               3.5            3.5     0.00
shared ASH buffers                               4.0            4.0     0.00
shared FileOpenBlock                             3.8            3.8     0.00
shared KCB Table Scan Buffer                     3.8            3.8     0.00
shared KGLH0                                    22.0           24.4    10.78
shared KGLHD                                     5.6            5.9     4.43
shared KGLS                                      7.9            9.1    16.05
shared KGLSG                                     5.0            5.0     0.00
shared KSFD SGA I/O b                            3.8            3.8     0.00
shared PLDIA                                     3.2            3.2     0.49
shared PLMCD                                     3.5            3.5     0.11
shared SQLA                                     31.4           35.0    11.59
shared event statistics per sess                 2.1            2.1     0.00
shared free memory                              43.6           34.9   -19.90
shared kglsim hash table bkts                    4.0            4.0     0.00
shared ksunfy : SSO free list                    2.0            2.0     0.00
shared obj stats allocation chun                 2.5            2.5     0.00
shared private strands                           2.3            2.3     0.00
shared row cache                                 7.2            7.2     0.00
       buffer_cache                             40.0           40.0     0.00
       fixed_sga                                 2.1            2.1     0.00
       log_buffer                                4.1            4.1     0.00
          -------------------------------------------------------------
SQL Memory Statistics  DB/Inst: XE/XE  Snaps:   178-  179

                                   Begin            End         % Diff
                          -------------- -------------- --------------
   Avg Cursor Size (KB):           28.97          29.35           1.31
 Cursor to Parent ratio:            1.04           1.04            .03
          Total Cursors:           1,410          1,425           1.05
          Total Parents:           1,356          1,370           1.02
          -------------------------------------------------------------
init.ora Parameters  DB/Inst: XE/XE  Snaps:   178-  179

                                                                  End value
Parameter Name                Begin value                       (if different)
----------------------------- --------------------------------- --------------
audit_file_dest               /u01/app/oracle/admin/XE/adump
compatible                    11.2.0.0.0
control_files                 /u01/app/oracle/oradata/XE/contro
                              l.dbf
db_name                       XE
db_recovery_file_dest         /u01/app/oracle/fast_recovery_are
                              a
db_recovery_file_dest_size    10737418240
diagnostic_dest               /u01/app/oracle
dispatchers                   (PROTOCOL=TCP) (SERVICE=XEXDB)
job_queue_processes           4
log_buffer                    4100096
memory_target                 406847488
open_cursors                  300
plsql_code_type               NATIVE
remote_login_passwordfile     EXCLUSIVE
sessions                      172
shared_servers                4
undo_management               AUTO
undo_tablespace               UNDOTBS1
          -------------------------------------------------------------

End of Report (   sp_178_179.lst )

