
STATSPACK report for

Database    DB Id    Instance     Inst Num  Startup Time   Release     RAC
~~~~~~~~ ----------- ------------ -------- --------------- ----------- ---
          2706909277 XE                  1 04-1月 -14 16:2 11.2.0.2.0  NO
                                           0

Host Name             Platform                CPUs Cores Sockets   Memory (G)
~~~~ ---------------- ---------------------- ----- ----- ------- ------------
     kagamihogex61    Linux x86 64-bit           2     2       1           .9

Snapshot       Snap Id     Snap Time      Sessions Curs/Sess Comment
~~~~~~~~    ---------- ------------------ -------- --------- ------------------
Begin Snap:        142 04-1月 -14 17:45:35      24       1.4
  End Snap:        143 04-1月 -14 18:13:00      24       1.4
   Elapsed:      27.42 (mins) Av Act Sess:       0.8
   DB time:      22.98 (mins)      DB CPU:      22.96 (mins)

Cache Sizes            Begin        End
~~~~~~~~~~~       ---------- ----------
    Buffer Cache:        52M        44M   Std Block Size:         8K
     Shared Pool:       184M       192M       Log Buffer:     4,004K

Load Profile              Per Second    Per Transaction    Per Exec    Per Call
~~~~~~~~~~~~      ------------------  ----------------- ----------- -----------
      DB time(s):                0.8              197.0        0.00        0.00
       DB CPU(s):                0.8              196.8        0.00        0.00
       Redo size:              988.4          232,268.0
   Logical reads:            1,912.6          449,464.3
   Block changes:                2.7              642.0
  Physical reads:                2.2              520.1
 Physical writes:                0.0                9.4
      User calls:              608.0          142,872.1
          Parses:              616.2          144,800.1
     Hard parses:              608.9          143,092.0
W/A MB processed:                0.0                4.5
          Logons:                0.0                4.0
        Executes:              621.5          146,063.0
       Rollbacks:                0.0                0.0
    Transactions:                0.0

Instance Efficiency Indicators
~~~~~~~~~~~~~~~~~~~~~~~~~~~~~~
            Buffer Nowait %:  100.00       Redo NoWait %:  100.00
            Buffer  Hit   %:   99.88  Optimal W/A Exec %:  100.00
            Library Hit   %:   43.13        Soft Parse %:    1.18
         Execute to Parse %:    0.86         Latch Hit %:   99.99
Parse CPU to Parse Elapsd %:   61.60     % Non-Parse CPU:   18.43

 Shared Pool Statistics        Begin   End
                               ------  ------
             Memory Usage %:   45.73   63.89
    % SQL with executions>1:   67.08   23.38
  % Memory for SQL w/exec>1:   63.43   36.97

Top 5 Timed Events                                                    Avg %Total
~~~~~~~~~~~~~~~~~~                                                   wait   Call
Event                                            Waits    Time (s)   (ms)   Time
----------------------------------------- ------------ ----------- ------ ------
CPU time                                                       847          97.9
control file parallel write                        580          13     22    1.5
db file sequential read                          3,529           2      1     .3
log file parallel write                             54           1     18     .1
os thread startup                                   19           1     42     .1
          -------------------------------------------------------------
Host CPU  (CPUs: 2  Cores: 2  Sockets: 1)
~~~~~~~~              Load Average
                      Begin     End      User  System    Idle     WIO     WCPU
                    ------- -------   ------- ------- ------- ------- --------
                       0.18    0.02     40.50    2.26   57.23    0.34

Instance CPU
~~~~~~~~~~~~                                       % Time (seconds)
                                            -------- --------------
                     Host: Total time (s):                  3,232.2
                  Host: Busy CPU time (s):                  1,382.4
                   % of time Host is Busy:      42.8
             Instance: Total CPU time (s):                  1,391.3
          % of Busy CPU used for Instance:     100.6
        Instance: Total Database time (s):                  1,414.4
  %DB time waiting for CPU (Resource Mgr):       0.0

Virtual Memory Paging
~~~~~~~~~~~~~~~~~~~~~
                     KB paged out per sec:            10.9
                     KB paged  in per sec:            13.3

Memory Statistics                       Begin          End
~~~~~~~~~~~~~~~~~                ------------ ------------
                  Host Mem (MB):        971.2        971.2
                   SGA use (MB):        386.3        386.3
                   PGA use (MB):         68.1         68.4
    % Host Mem used for SGA+PGA:         46.8         46.8
          -------------------------------------------------------------

Time Model System Stats  DB/Inst: XE/XE  Snaps:   142-  143
-> Ordered by % of DB time desc, Statistic name

Statistic                                       Time (s) % DB time
----------------------------------- -------------------- ---------
DB CPU                                           1,377.9      99.9
parse time elapsed                               1,131.1      82.0
hard parse elapsed time                            837.5      60.7
sql execute elapsed time                            74.5       5.4
hard parse (sharing criteria) elaps                  0.1        .0
hard parse (bind mismatch) elapsed                   0.1        .0
PL/SQL execution elapsed time                        0.1        .0
connection management call elapsed                   0.1        .0
sequence load elapsed time                           0.0        .0
PL/SQL compilation elapsed time                      0.0        .0
repeated bind elapsed time                           0.0        .0
DB time                                          1,378.9
background elapsed time                             35.5
background cpu time                                 13.4
          -------------------------------------------------------------
Foreground Wait Events  DB/Inst: XE/XE  Snaps:   142-  143
-> Only events with Total Wait Time (s) >= .001 are shown
-> ordered by Total Wait Time desc, Waits desc (idle events last)

                                                             Avg          %Total
                                          %Tim Total Wait   wait    Waits   Call
Event                               Waits  out   Time (s)   (ms)     /txn   Time
---------------------------- ------------ ---- ---------- ------ -------- ------
db file sequential read             2,859    0          2      1    408.4     .3
latch: shared pool                    541    0          0      0     77.3     .0
resmgr:cpu quantum                     15    0          0     10      2.1     .0
log file sync                           9    0          0     15      1.3     .0
SGA: allocation forcing comp            2    0          0     14      0.3     .0
latch: row cache objects                5    0          0      2      0.7     .0
control file sequential read          252    0          0      0     36.0     .0
Disk file operations I/O               19    0          0      0      2.7     .0
latch: call allocation                  1    0          0      1      0.1     .0
jobq slave wait                       663  100        331    499     94.7
SQL*Net message from client     1,000,016    0        274      0 ########
SQL*Net message to client       1,000,016    0          5      0 ########
          -------------------------------------------------------------

Background Wait Events  DB/Inst: XE/XE  Snaps:   142-  143
-> Only events with Total Wait Time (s) >= .001 are shown
-> ordered by Total Wait Time desc, Waits desc (idle events last)

                                                             Avg          %Total
                                          %Tim Total Wait   wait    Waits   Call
Event                               Waits  out   Time (s)   (ms)     /txn   Time
---------------------------- ------------ ---- ---------- ------ -------- ------
control file parallel write           580    0         13     22     82.9    1.5
log file parallel write                54    0          1     18      7.7     .1
os thread startup                      19    0          1     42      2.7     .1
Parameter File I/O                     32    0          0      7      4.6     .0
db file async I/O submit                2    0          0    109      0.3     .0
db file sequential read               670    0          0      0     95.7     .0
latch: shared pool                    124    0          0      0     17.7     .0
log file sync                           1    0          0     48      0.1     .0
enq: JS - queue lock                    2    0          0     22      0.3     .0
control file sequential read        1,168    0          0      0    166.9     .0
latch: row cache objects                2    0          0      4      0.3     .0
Disk file operations I/O               32    0          0      0      4.6     .0
rdbms ipc message                   6,990   99     19,858   2841    998.6
shared server idle wait               216  100      6,482  30009     30.9
DIAG idle wait                      3,286  100      3,289   1001    469.4
dispatcher timer                       28  100      1,680  60010      4.0
Streams AQ: qmn coordinator           118   50      1,653  14004     16.9
Streams AQ: qmn slave idle w           60    0      1,653  27542      8.6
pmon timer                            548  100      1,645   3002     78.3
Space Manager: slave idle wa          331   99      1,643   4965     47.3
smon timer                              5  100      1,500 ######      0.7
SQL*Net message from client             8    0          0     18      1.1
          -------------------------------------------------------------

Wait Events (fg and bg) DB/Inst: XE/XE  Snaps:   142-  143
-> s - second, cs - centisecond,  ms - millisecond, us - microsecond
-> %Timeouts:  value of 0 indicates value was < .5%.  Value of null is truly 0
-> Only events with Total Wait Time (s) >= .001 are shown
-> ordered by Total Wait Time desc, Waits desc (idle events last)

                                                             Avg          %Total
                                          %Tim Total Wait   wait    Waits   Call
Event                               Waits  out   Time (s)   (ms)     /txn   Time
---------------------------- ------------ ---- ---------- ------ -------- ------
control file parallel write           580    0         13     22     82.9    1.5
db file sequential read             3,529    0          2      1    504.1     .3
log file parallel write                54    0          1     18      7.7     .1
os thread startup                      19    0          1     42      2.7     .1
Parameter File I/O                     32    0          0      7      4.6     .0
db file async I/O submit                2    0          0    109      0.3     .0
latch: shared pool                    665    0          0      0     95.0     .0
log file sync                          10    0          0     18      1.4     .0
resmgr:cpu quantum                     15    0          0     10      2.1     .0
enq: JS - queue lock                    2    0          0     22      0.3     .0
SGA: allocation forcing comp            2    0          0     14      0.3     .0
control file sequential read        1,420    0          0      0    202.9     .0
latch: row cache objects                7    0          0      2      1.0     .0
Disk file operations I/O               51    0          0      0      7.3     .0
latch: call allocation                  1    0          0      1      0.1     .0
rdbms ipc message                   6,990   99     19,858   2841    998.6
shared server idle wait               216  100      6,482  30009     30.9
DIAG idle wait                      3,286  100      3,289   1001    469.4
dispatcher timer                       28  100      1,680  60010      4.0
Streams AQ: qmn coordinator           118   50      1,653  14004     16.9
Streams AQ: qmn slave idle w           60    0      1,653  27542      8.6
pmon timer                            548  100      1,645   3002     78.3
Space Manager: slave idle wa          331   99      1,643   4965     47.3
smon timer                              5  100      1,500 ######      0.7
jobq slave wait                       663  100        331    499     94.7
SQL*Net message from client     1,000,024    0        274      0 ########
SQL*Net message to client       1,000,022    0          5      0 ########
          -------------------------------------------------------------
Wait Event Histogram  DB/Inst: XE/XE  Snaps:   142-  143
-> Total Waits - units: K is 1000, M is 1000000, G is 1000000000
-> % of Waits - column heading: <=1s is truly <1024ms, >1s is truly >=1024ms
-> % of Waits - value: .0 indicates value was <.05%, null is truly 0
-> Ordered by Event (idle events last)

                           Total ----------------- % of Waits ------------------
Event                      Waits  <1ms  <2ms  <4ms  <8ms <16ms <32ms  <=1s   >1s
-------------------------- ----- ----- ----- ----- ----- ----- ----- ----- -----
Disk file operations I/O     51  100.0
LGWR wait for redo copy       1  100.0
Parameter File I/O           32   37.5                    62.5
SGA: allocation forcing co    2                          100.0
asynch descriptor resize     43  100.0
control file parallel writ  580                      2.9   3.3  90.2   3.6
control file sequential re 1420  100.0
db file async I/O submit      2                                      100.0
db file scattered read       29  100.0
db file sequential read    3516   94.2    .4    .7   1.7   1.6   1.4    .0
enq: JS - queue lock          2                                100.0
latch free                    2  100.0
latch: call allocation        1        100.0
latch: row cache objects      7   28.6  14.3  42.9  14.3
latch: shared pool          665   95.9    .9   1.7   1.4    .2
library cache: mutex X        1  100.0
log file parallel write      54               11.1   9.3  48.1  14.8  16.7
log file sync                10               10.0  20.0  50.0        20.0
os thread startup            19                                 47.4  52.6
resmgr:cpu quantum           15   46.7  13.3              13.3  13.3  13.3
DIAG idle wait             3285                                      100.0
SQL*Net message from clien 1000K  98.5   1.2    .2    .0    .0    .0    .0
SQL*Net message to client  1000K 100.0
Space Manager: slave idle   331     .6                                      99.4
Streams AQ: qmn coordinato  118   49.2                .8                    50.0
Streams AQ: qmn slave idle   60    1.7                                      98.3
class slave wait              8  100.0
dispatcher timer             28                                            100.0
jobq slave wait             663                                      100.0
pmon timer                  548                                            100.0
rdbms ipc message          6990     .2    .0    .0    .0    .0    .2  24.2  75.3
shared server idle wait     216                                            100.0
smon timer                    5                                            100.0
          -------------------------------------------------------------

SQL ordered by Gets  DB/Inst: XE/XE  Snaps:   142-  143
-> End Buffer Gets Threshold:     10000 Total Buffer Gets:       3,146,250
-> Captured SQL accounts for    7.5% of Total Buffer Gets
-> SQL reported below exceeded  1.0% of Total Buffer Gets

                                                     CPU      Elapsd     Old
  Buffer Gets    Executions  Gets per Exec  %Total Time (s)  Time (s) Hash Value
--------------- ------------ -------------- ------ -------- --------- ----------
         91,032          331          275.0    2.9     7.45      7.64 1178168971
select job, nvl2(last_date, 1, 0) from sys.job$ where (((:1 <= n
ext_date) and (next_date <= :2))    or  ((last_date is null) and
 (next_date < :3))) and (field1 = :4 or (field1 = 0 and 'Y' = :5
)) and (this_date is null) and ((dbms_logstdby.db_is_logstdby =

         46,676        1,730           27.0    1.5     0.39      0.42  386388955
select /*+ index(idl_ub2$ i_idl_ub21) +*/ piece#,length,piece fr
om idl_ub2$ where obj#=:1 and part=:2 and version=:3 order by pi
ece#

          -------------------------------------------------------------
SQL ordered by Reads  DB/Inst: XE/XE  Snaps:   142-  143
-> End Disk Reads Threshold:      1000  Total Disk Reads:           3,641
-> Captured SQL accounts for   40.3% of Total Disk Reads
-> SQL reported below exceeded  1.0% of Total Disk Reads

                                                     CPU      Elapsd
  Physical Rds   Executions  Rds per Exec   %Total Time (s)  Time (s) Hash Value
--------------- ------------ -------------- ------ -------- --------- ----------
            374        1,730            0.2   10.3     0.14      0.23  986338823
select /*+ index(idl_ub1$ i_idl_ub11) +*/ piece#,length,piece fr
om idl_ub1$ where obj#=:1 and part=:2 and version=:3 order by pi
ece#

            180          331            0.5    4.9     7.45      7.64 1178168971
select job, nvl2(last_date, 1, 0) from sys.job$ where (((:1 <= n
ext_date) and (next_date <= :2))    or  ((last_date is null) and
 (next_date < :3))) and (field1 = :4 or (field1 = 0 and 'Y' = :5
)) and (this_date is null) and ((dbms_logstdby.db_is_logstdby =

            179        1,730            0.1    4.9     0.39      0.42  386388955
select /*+ index(idl_ub2$ i_idl_ub21) +*/ piece#,length,piece fr
om idl_ub2$ where obj#=:1 and part=:2 and version=:3 order by pi
ece#

            126            0                   3.5     0.99      1.24 2522684317
Module: SQL*Plus
BEGIN statspack.snap; END;

             96          748            0.1    2.6     0.08      0.08  199663413
select /*+ rule */ bucket, endpoint, col#, epvalue from histgrm$
 where obj#=:1 and intcol#=:2 and row#=:3 order by bucket

             80          226            0.4    2.2     0.05      0.06 3285818817
select owner#,name,namespace,remoteowner,linkname,p_timestamp,p_
obj#, nvl(property,0),subname,type#,d_attrs from dependency$ d,
obj$ o where d_obj#=:1 and p_obj#=obj#(+) order by order#

             62        1,730            0.0    1.7     0.15      0.21 2954231783
select /*+ index(idl_sb4$ i_idl_sb41) +*/ piece#,length,piece fr
om idl_sb4$ where obj#=:1 and part=:2 and version=:3 order by pi
ece#

             61          211            0.3    1.7     0.04      0.04 3047156589
select t.ts#,t.file#,t.block#,nvl(t.bobj#,0),nvl(t.tab#,0),t.int
cols,nvl(t.clucols,0),t.audit$,t.flags,t.pctfree$,t.pctused$,t.i
nitrans,t.maxtrans,t.rowcnt,t.blkcnt,t.empcnt,t.avgspc,t.chncnt,
t.avgrln,t.analyzetime,t.samplesize,t.cols,t.property,nvl(t.degr

             55        1,730            0.0    1.5     0.27      0.22  336764478
select /*+ index(idl_char$ i_idl_char1) +*/ piece#,length,piece
from idl_char$ where obj#=:1 and part=:2 and version=:3 order by
 piece#

             47          652            0.1    1.3     0.46      0.47 3694268570
select i.obj#,i.ts#,i.file#,i.block#,i.intcols,i.type#,i.flags,i
.property,i.pctfree$,i.initrans,i.maxtrans,i.blevel,i.leafcnt,i.
distkey,i.lblkkey,i.dblkkey,i.clufac,i.cols,i.analyzetime,i.samp
lesize,i.dataobj#,nvl(i.degree,1),nvl(i.instances,1),i.rowcnt,mo

             45        2,700            0.0    1.2     0.11      0.12 4274598960
SQL ordered by Reads  DB/Inst: XE/XE  Snaps:   142-  143
-> End Disk Reads Threshold:      1000  Total Disk Reads:           3,641
-> Captured SQL accounts for   40.3% of Total Disk Reads
-> SQL reported below exceeded  1.0% of Total Disk Reads

                                                     CPU      Elapsd
  Physical Rds   Executions  Rds per Exec   %Total Time (s)  Time (s) Hash Value
--------------- ------------ -------------- ------ -------- --------- ----------
select /*+ rule */ bucket_cnt, row_cnt, cache_cnt, null_cnt, tim
estamp#, sample_size, minimum, maximum, distcnt, lowval, hival,
density, col#, spare1, spare2, avgcln from hist_head$ where obj#
=:1 and intcol#=:2

          -------------------------------------------------------------
Instance Activity Stats  DB/Inst: XE/XE  Snaps:   142-  143

Statistic                                      Total     per Second    per Trans
--------------------------------- ------------------ -------------- ------------
Batched IO (bound) vector count                    0            0.0          0.0
Batched IO (full) vector count                     0            0.0          0.0
Batched IO block miss count                        0            0.0          0.0
Batched IO buffer defrag count                     0            0.0          0.0
Batched IO double miss count                       0            0.0          0.0
Batched IO same unit count                         0            0.0          0.0
Batched IO vector block count                      0            0.0          0.0
Batched IO vector read count                       0            0.0          0.0
Block Cleanout Optim referenced                    4            0.0          0.6
CCursor + sql area evicted                         0            0.0          0.0
CPU used by this session                      84,654           51.5     12,093.4
CPU used when call started                    83,481           50.8     11,925.9
CR blocks created                                  1            0.0          0.1
DB time                                      162,096           98.5     23,156.6
DBWR checkpoint buffers written                    0            0.0          0.0
DBWR checkpoints                                   0            0.0          0.0
DBWR tablespace checkpoint buffer                  0            0.0          0.0
DBWR thread checkpoint buffers wr                  0            0.0          0.0
DBWR transaction table writes                      1            0.0          0.1
DBWR undo block writes                            30            0.0          4.3
HSC Heap Segment Block Changes                   819            0.5        117.0
Heap Segment Array Inserts                        94            0.1         13.4
Heap Segment Array Updates                         1            0.0          0.1
IMU Flushes                                        2            0.0          0.3
IMU Redo allocation size                      15,620            9.5      2,231.4
IMU commits                                        6            0.0          0.9
IMU ktichg flush                                   0            0.0          0.0
IMU recursive-transaction flush                    0            0.0          0.0
IMU undo allocation size                      38,760           23.6      5,537.1
Number of read IOs issued                          0            0.0          0.0
RowCR attempts                                     1            0.0          0.1
RowCR hits                                         1            0.0          0.1
SQL*Net roundtrips to/from client          1,000,016          607.9    142,859.4
active txn count during cleanout                  68            0.0          9.7
application wait time                              0            0.0          0.0
background timeouts                            6,900            4.2        985.7
branch node splits                                 2            0.0          0.3
buffer is not pinned count                 1,167,424          709.7    166,774.9
buffer is pinned count                        11,027            6.7      1,575.3
bytes received via SQL*Net from c        132,893,670       80,786.4 ############
bytes sent via SQL*Net to client         206,982,241      125,825.1 ############
calls to get snapshot scn: kcmgss          1,022,313          621.5    146,044.7
calls to kcmgas                                  458            0.3         65.4
calls to kcmgcs                                3,188            1.9        455.4
cell physical IO interconnect byt         65,106,432       39,578.4  9,300,918.9
change write time                                  4            0.0          0.6
cleanout - number of ktugct calls                 69            0.0          9.9
cleanouts and rollbacks - consist                  0            0.0          0.0
cluster key scan block gets                    2,750            1.7        392.9
cluster key scans                              2,641            1.6        377.3
commit batch/immediate performed                   0            0.0          0.0
commit batch/immediate requested                   0            0.0          0.0
commit cleanout failures: callbac                  6            0.0          0.9
commit cleanouts                                 788            0.5        112.6
commit cleanouts successfully com                782            0.5        111.7
commit immediate performed                         0            0.0          0.0
Instance Activity Stats  DB/Inst: XE/XE  Snaps:   142-  143

Statistic                                      Total     per Second    per Trans
--------------------------------- ------------------ -------------- ------------
commit immediate requested                         0            0.0          0.0
commit txn count during cleanout                  31            0.0          4.4
concurrency wait time                            102            0.1         14.6
consistent changes                                 1            0.0          0.1
consistent gets                            3,141,877        1,910.0    448,839.6
consistent gets - examination              3,024,134        1,838.4    432,019.1
consistent gets direct                             0            0.0          0.0
consistent gets from cache                 3,141,877        1,910.0    448,839.6
consistent gets from cache (fastp            115,516           70.2     16,502.3
cursor authentications                           641            0.4         91.6
data blocks consistent reads - un                  1            0.0          0.1
db block changes                               4,494            2.7        642.0
db block gets                                  4,378            2.7        625.4
db block gets direct                               0            0.0          0.0
db block gets from cache                       4,378            2.7        625.4
db block gets from cache (fastpat              1,028            0.6        146.9
deferred (CURRENT) block cleanout                448            0.3         64.0
dirty buffers inspected                            0            0.0          0.0
enqueue conversions                              336            0.2         48.0
enqueue releases                           1,016,375          617.9    145,196.4
enqueue requests                           1,016,377          617.9    145,196.7
enqueue timeouts                                   0            0.0          0.0
enqueue waits                                      2            0.0          0.3
execute count                              1,022,441          621.5    146,063.0
failed probes on index block recl                  1            0.0          0.1
file io service time                          20,702           12.6      2,957.4
file io wait time                          2,624,247        1,595.3    374,892.4
free buffer inspected                              0            0.0          0.0
free buffer requested                          3,798            2.3        542.6
heap block compress                               13            0.0          1.9
hot buffers moved to head of LRU                   0            0.0          0.0
immediate (CR) block cleanout app                  0            0.0          0.0
immediate (CURRENT) block cleanou                125            0.1         17.9
index crx upgrade (positioned)                     0            0.0          0.0
index fast full scans (full)                      23            0.0          3.3
index fetch by key                         1,005,059          611.0    143,579.9
index scans kdiixs1                           16,968           10.3      2,424.0
leaf node 90-10 splits                            10            0.0          1.4
leaf node splits                                  27            0.0          3.9
lob reads                                          4            0.0          0.6
lob writes                                         0            0.0          0.0
lob writes unaligned                               0            0.0          0.0
logons cumulative                                 28            0.0          4.0
max cf enq hold time                               0            0.0          0.0
messages received                                639            0.4         91.3
messages sent                                    640            0.4         91.4
min active SCN optimization appli          1,390,873          845.5    198,696.1
no work - consistent read gets               113,564           69.0     16,223.4
non-idle wait count                        1,006,497          611.9    143,785.3
non-idle wait time                             2,328            1.4        332.6
opened cursors cumulative                     16,567           10.1      2,366.7
parse count (failures)                             0            0.0          0.0
parse count (hard)                         1,001,644          608.9    143,092.0
parse count (total)                        1,013,601          616.2    144,800.1
parse time cpu                                69,051           42.0      9,864.4
parse time elapsed                           112,096           68.1     16,013.7
Instance Activity Stats  DB/Inst: XE/XE  Snaps:   142-  143

Statistic                                      Total     per Second    per Trans
--------------------------------- ------------------ -------------- ------------
physical read IO requests                      3,537            2.2        505.3
physical read bytes                       29,827,072       18,132.0  4,261,010.3
physical read total IO requests                4,969            3.0        709.9
physical read total bytes                 53,102,592       32,281.2  7,586,084.6
physical read total multi block r                  1            0.0          0.1
physical reads                                 3,641            2.2        520.1
physical reads cache                           3,641            2.2        520.1
physical reads cache prefetch                    104            0.1         14.9
physical reads direct                              0            0.0          0.0
physical reads prefetch warmup                     0            0.0          0.0
physical write IO requests                        23            0.0          3.3
physical write bytes                         540,672          328.7     77,238.9
physical write total IO requests                 679            0.4         97.0
physical write total bytes                12,003,840        7,297.2  1,714,834.3
physical write total multi block                   5            0.0          0.7
physical writes                                   66            0.0          9.4
physical writes direct                             0            0.0          0.0
physical writes direct (lob)                       0            0.0          0.0
physical writes direct temporary                   0            0.0          0.0
physical writes from cache                        66            0.0          9.4
physical writes non checkpoint                    66            0.0          9.4
pinned buffers inspected                           0            0.0          0.0
prefetch warmup blocks aged out b                  0            0.0          0.0
prefetch warmup blocks flushed ou                  0            0.0          0.0
process last non-idle time                     1,645            1.0        235.0
recursive calls                            1,167,925          710.0    166,846.4
recursive cpu usage                           61,933           37.7      8,847.6
redo blocks checksummed by FG (ex              2,311            1.4        330.1
redo blocks written                            3,557            2.2        508.1
redo entries                                   2,379            1.5        339.9
redo size                                  1,625,876          988.4    232,268.0
redo size for direct writes                        0            0.0          0.0
redo synch long waits                             10            0.0          1.4
redo synch time                                   17            0.0          2.4
redo synch time (usec)                       179,969          109.4     25,709.9
redo synch writes                                 10            0.0          1.4
redo wastage                                  14,704            8.9      2,100.6
redo write time                                  101            0.1         14.4
redo writes                                       55            0.0          7.9
rollback changes - undo records a                  0            0.0          0.0
rollbacks only - consistent read                   1            0.0          0.1
root node splits                                   1            0.0          0.1
rows fetched via callback                        857            0.5        122.4
scheduler wait time                               15            0.0          2.1
session connect time                               0            0.0          0.0
session cursor cache hits                     21,523           13.1      3,074.7
session logical reads                      3,146,250        1,912.6    449,464.3
session pga memory                        17,033,688       10,354.8  2,433,384.0
session pga memory max                    18,541,016       11,271.1  2,648,716.6
session uga memory                    30,066,619,952   18,277,580.5 ############
session uga memory max                    34,166,384       20,769.8  4,880,912.0
shared hash latch upgrades - no w              2,975            1.8        425.0
sorts (memory)                                 4,352            2.7        621.7
sorts (rows)                                  32,690           19.9      4,670.0
sql area evicted                           1,000,568          608.3    142,938.3
sql area purged                                    0            0.0          0.0
Instance Activity Stats  DB/Inst: XE/XE  Snaps:   142-  143

Statistic                                      Total     per Second    per Trans
--------------------------------- ------------------ -------------- ------------
summed dirty queue length                          0            0.0          0.0
switch current to new buffer                       1            0.0          0.1
table fetch by rowid                          58,052           35.3      8,293.1
table fetch continued row                     13,282            8.1      1,897.4
table scan blocks gotten                       3,274            2.0        467.7
table scan rows gotten                        37,294           22.7      5,327.7
table scans (direct read)                          0            0.0          0.0
table scans (long tables)                          0            0.0          0.0
table scans (short tables)                     2,783            1.7        397.6
temp space allocated (bytes)                       0            0.0          0.0
total cf enq hold time                           420            0.3         60.0
total number of cf enq holders                    17            0.0          2.4
total number of times SMON posted                  1            0.0          0.1
transaction rollbacks                              0            0.0          0.0
undo change vector size                      576,436          350.4     82,348.0
user I/O wait time                               270            0.2         38.6
user calls                                 1,000,105          608.0    142,872.1
user commits                                       7            0.0          1.0
user rollbacks                                     0            0.0          0.0
workarea executions - optimal                  3,058            1.9        436.9
          -------------------------------------------------------------

Instance Activity Stats  DB/Inst: XE/XE  Snaps:   142-  143
-> Statistics with absolute values (should not be diffed)

Statistic                             Begin Value       End Value
--------------------------------- --------------- ---------------
logons current                                 24              24
opened cursors current                         34              34
session cursor cache count                  1,802           2,676
          -------------------------------------------------------------

Instance Activity Stats  DB/Inst: XE/XE  Snaps:   142-  143
-> Statistics identified by '(derived)' come from sources other than SYSSTAT

Statistic                                      Total  per Hour
--------------------------------- ------------------ ---------
log switches (derived)                             0       .00
          -------------------------------------------------------------

OS Statistics  DB/Inst: XE/XE  Snaps:   142-  143
-> ordered by statistic type (CPU use, Virtual Memory, Hardware Config), Name

Statistic                                  Total
------------------------- ----------------------
BUSY_TIME                                138,235
IDLE_TIME                                184,987
IOWAIT_TIME                                1,100
NICE_TIME                                      0
SYS_TIME                                   7,315
USER_TIME                                130,907
RSRC_MGR_CPU_WAIT_TIME                        32
VM_IN_BYTES                           22,474,752
VM_OUT_BYTES                          18,321,408
PHYSICAL_MEMORY_BYTES              1,018,376,192
NUM_CPUS                                       2
NUM_CPU_CORES                                  2
NUM_CPU_SOCKETS                                1
GLOBAL_RECEIVE_SIZE_MAX                  229,376
GLOBAL_SEND_SIZE_MAX                     229,376
TCP_RECEIVE_SIZE_DEFAULT                  87,380
TCP_RECEIVE_SIZE_MAX                   3,895,296
TCP_RECEIVE_SIZE_MIN                       4,096
TCP_SEND_SIZE_DEFAULT                     16,384
TCP_SEND_SIZE_MAX                      3,895,296
TCP_SEND_SIZE_MIN                          4,096
          -------------------------------------------------------------

OS Statistics - detail  DB/Inst: XE/XE  Snaps:   142-  143

  Snap Snapshot
    Id Day Time          Load  %Busy  %User %System   %WIO  %WCPU
------ --------------- ------ ------ ------ ------- ------ ------
   142 土 04 17:45:35      .2
   143 土 04 18:13:00      .0   42.8   40.5     2.3    0.3
          -------------------------------------------------------------
IO Stat by Function - summary  DB/Inst: XE/XE  Snaps:   142-  143
->Data Volume values suffixed with   M,G,T,P are in multiples of 1024,
  other values suffixed with       K,M,G,T,P are in multiples of 1000
->ordered by Data Volume (Read+Write) desc

               ---------- Read --------- --------- Write -------- --- Wait ----
                 Data  Requests    Data   Data  Requests    Data          Avg
Function        Volume     /sec  Vol/sec Volume     /sec  Vol/sec  Count Tm(ms)
--------------- ------ -------- -------- ------ -------- -------- ------ ------
Others             22M      .9       .0M     9M      .4       .0M  2600     0.0
Buffer Cache Re    30M     2.2       .0M                           3680     0.0
Streams AQ                  .0                                        6     0.0
          -------------------------------------------------------------

IO Stat by Function - detail  DB/Inst: XE/XE  Snaps:   142-  143
->ordered by Data Volume (Read+Write) desc

                   ----------- Read ---------- ----------- Write ---------
                    Small  Large  Small  Large  Small  Large  Small  Large
                     Read   Read   Data   Data  Write  Write   Data   Data
Function             Reqs   Reqs   Read   Read   Reqs   Reqs  Writn  Writn
------------------ ------ ------ ------ ------ ------ ------ ------ ------
Others              1420            22M          600             9M
Buffer Cache Reads  3679      1     29M     1M
Streams AQ             6
          -------------------------------------------------------------
Tablespace IO Stats  DB/Inst: XE/XE  Snaps:   142-  143
->ordered by IOs (Reads + Writes) desc

Tablespace
------------------------------
                 Av      Av     Av                    Av        Buffer Av Buf
         Reads Reads/s Rd(ms) Blks/Rd       Writes Writes/s      Waits Wt(ms)
-------------- ------- ------ ------- ------------ -------- ---------- ------
USERS
         1,882       1    0.7     1.0            0        0          0    0.0
SYSTEM
         1,351       1    0.2     1.1            0        0          0    0.0
SYSAUX
           418       0    3.2     1.0           19        0          0    0.0
UNDOTBS1
            15       0    0.0     1.0            4        0          0    0.0
TEMP
             1       0    0.0     1.0            0        0          0    0.0
          -------------------------------------------------------------
File IO Stats  DB/Inst: XE/XE  Snaps:   142-  143
->Mx Rd Bkt: Max bucket time for single block read
->ordered by Tablespace, File

Tablespace               Filename
------------------------ ----------------------------------------------------
                        Av   Mx                                             Av
                 Av     Rd   Rd    Av                    Av        Buffer BufWt
         Reads Reads/s (ms)  Bkt Blks/Rd       Writes Writes/s      Waits  (ms)
-------------- ------- ----- --- ------- ------------ -------- ---------- ------
SYSAUX                   /u01/app/oracle/oradata/XE/sysaux.dbf
           418       0   3.2 ###     1.0           19        0          0

SYSTEM                   /u01/app/oracle/oradata/XE/system.dbf
         1,351       1   0.2  32     1.1            0        0          0

TEMP                     /u01/app/oracle/oradata/XE/temp.dbf
             1       0   0.0         1.0            0        0          0

UNDOTBS1                 /u01/app/oracle/oradata/XE/undotbs1.dbf
            15       0   0.0   1     1.0            4        0          0

USERS                    /u01/app/oracle/oradata/XE/users.dbf
         1,882       1   0.7  32     1.0            0        0          0

          -------------------------------------------------------------
File Read Histogram Stats  DB/Inst: XE/XE  Snaps:   142-  143
->Number of single block reads in each time range
->Tempfiles are not included
->ordered by Tablespace, File

Tablespace               Filename
------------------------ ----------------------------------------------------
    0 - 2 ms     2 - 4 ms    4 - 8 ms     8 - 16 ms   16 - 32 ms       32+ ms
------------ ------------ ------------ ------------ ------------ ------------
SYSAUX                   /u01/app/oracle/oradata/XE/sysaux.dbf
         253           27           81           49            3            1

SYSTEM                   /u01/app/oracle/oradata/XE/system.dbf
       1,297            0            3           13            1            0

UNDOTBS1                 /u01/app/oracle/oradata/XE/undotbs1.dbf
          15            0            0            0            0            0

USERS                    /u01/app/oracle/oradata/XE/users.dbf
       1,829            0            3            5           45            0

          -------------------------------------------------------------
Instance Recovery Stats  DB/Inst: XE/XE  Snaps:   142-  143
-> B: Begin snapshot,  E: End snapshot

  Targt Estd                                  Log File  Log Ckpt    Log Ckpt
  MTTR  MTTR   Recovery   Actual    Target      Size     Timeout    Interval
   (s)   (s)   Estd IOs  Redo Blks Redo Blks Redo Blks  Redo Blks  Redo Blks
- ----- ----- ---------- --------- --------- ---------- --------- ------------
B     0     0        247         5       880      82944       880
E     0     0        485      4057      3136      82944      3136
          -------------------------------------------------------------
Memory Target Advice  DB/Inst: XE/XE  Snaps:   142-  143
-> Advice Reset: if this is null, the data shown has been diffed between
   the Begin and End snapshots.  If this is 'Y', the advisor has been
   reset during this interval due to memory resize operations, and
   the data shown is since the reset operation.

                Memory Size     Est.     Advice
Memory Size (M)      Factor DB time (s)  Reset
--------------- ----------- ------------ ------
            388         1.0        1,377
            485         1.3        1,376
            582         1.5        1,376
            679         1.8        1,376
            776         2.0        1,376
          -------------------------------------------------------------

Memory Dynamic Components  DB/Inst: XE/XE  Snaps:   142-  143
->  Op - memory resize Operation
->  Cache:    D: Default,  K: Keep,  R:  Recycle
->   Mode:  DEF: DEFerred mode,  IMM: IMMediate mode

                       Begin Snap End Snap   Op    Last Op
Cache                    Size (M) Size (M)  Count  Type/Mode   Last Op Time
---------------------- ---------- -------- ------- ---------- ---------------
D:buffer cache                 52       44       2 SHRINK/IMM 04-1月  17:46:1
                                                              9
PGA Target                    132                0 STATIC
SGA Target                    256                0 STATIC
java pool                       4                0 STATIC
large pool                      4                0 STATIC
shared pool                   184      192       2 GROW/IMM   04-1月  17:46:1
                                                              9
          -------------------------------------------------------------

Memory Resize Operations  DB/Inst: XE/XE  Snaps:   142-  143
-> Status:  ERR:  ERRor,  COM: COMplete,  PEN: PENding
->   Delta - Target change in size (MB)
-> Num Ops - number of identical Operations initiated concurrently

               Elap                  Init   Delta(M)    Final        Num
Start Time      (s) Cache           Size(M)  & Mode    Size(M) Sta   Ops
------------- ----- -------------- -------- --------- -------- --- -----
0104 17:45:55     0 D:buffer cache       52    -4 IMM       48 COM     1
0104 17:45:55     0 shared pool         184    +4 IMM      188 COM     1
0104 17:46:19     0 D:buffer cache       48    -4 IMM       44 COM     1
0104 17:46:19     0 shared pool         188    +4 IMM      192 COM     1
          -------------------------------------------------------------

Buffer Pool Advisory  DB/Inst: XE/XE  End Snap:   143
-> Only rows with estimated physical reads >0 are displayed
-> ordered by Pool, Block Size, Buffers For Estimate

                                   Est
                                  Phys      Estimated                   Est
    Size for  Size      Buffers   Read     Phys Reads     Est Phys % dbtime
P    Est (M) Factr  (thousands)  Factr    (thousands)    Read Time  for Rds
--- -------- ----- ------------ ------ -------------- ------------ --------
D          4    .1            0    1.9             27           67      4.7
D          8    .2            1    1.5             22           52      3.6
D         12    .3            1    1.3             19           44      3.1
D         16    .3            2    1.2             17           40      2.8
D         20    .4            2    1.1             16           37      2.6
D         24    .5            3    1.1             15           35      2.5
D         28    .6            3    1.1             15           34      2.4
D         32    .7            4    1.0             15           33      2.3
D         36    .8            4    1.0             15           33      2.3
D         40    .8            5    1.0             14           32      2.2
D         44    .9            5    1.0             14           32      2.2
D         48   1.0            6    1.0             14           32      2.2
D         52   1.1            6    1.0             14           31      2.2
D         56   1.2            7    1.0             14           31      2.2
D         60   1.3            7    1.0             14           31      2.2
D         64   1.3            8    1.0             14           30      2.1
D         68   1.4            8    0.9             13           30      2.1
D         72   1.5            9    0.9             13           29      2.0
D         76   1.6            9    0.9             13           29      2.0
D         80   1.7           10    0.9             13           29      2.0
          -------------------------------------------------------------

Buffer Pool Statistics  DB/Inst: XE/XE  Snaps:   142-  143
-> Standard block size Pools  D: default,  K: keep,  R: recycle
-> Default Pools for other block sizes: 2k, 4k, 8k, 16k, 32k
-> Buffers: the number of buffers.  Units of K, M, G are divided by 1000

                                                            Free Writ     Buffer
            Pool         Buffer     Physical    Physical  Buffer Comp       Busy
P   Buffers Hit%           Gets        Reads      Writes   Waits Wait      Waits
--- ------- ---- -------------- ------------ ----------- ------- ---- ----------
D     5401   100      3,145,226        3,722          66       0    0          0
          -------------------------------------------------------------
PGA Aggr Target Stats  DB/Inst: XE/XE  Snaps:   142-  143
-> B: Begin snap   E: End snap (rows identified with B or E contain data
   which is absolute i.e. not diffed over the interval)
-> PGA cache hit % - percentage of W/A (WorkArea) data processed only in-memory
-> Auto PGA Target - actual workarea memory target
-> W/A PGA Used    - amount of memory used for all WorkAreas (manual + auto)
-> %PGA W/A Mem    - percentage of PGA memory allocated to WorkAreas
-> %Auto W/A Mem   - percentage of WorkArea memory controlled by Auto Mem Mgmt
-> %Man W/A Mem    - percentage of WorkArea memory under Manual control

PGA Cache Hit % W/A MB Processed Extra W/A MB Read/Written
--------------- ---------------- -------------------------
          100.0               32                         0

PGA Aggr Target Histogram  DB/Inst: XE/XE  Snaps:   142-  143
-> Optimal Executions are purely in-memory operations

    Low    High
Optimal Optimal    Total Execs Optimal Execs 1-Pass Execs M-Pass Execs
------- ------- -------------- ------------- ------------ ------------
     2K      4K          3,028         3,028            0            0
    64K    128K              5             5            0            0
   512K   1024K             20            20            0            0
     4M      8M              2             2            0            0
          -------------------------------------------------------------

PGA Memory Advisory  DB/Inst: XE/XE  End Snap:   143
-> When using Auto Memory Mgmt, minimally choose a pga_aggregate_target value
   where Estd PGA Overalloc Count is 0

                                   Estd Extra                Estd
  PGA Aggr                           W/A MB      Estd Time    PGA   Estd PGA
    Target   Size         W/A MB  Read/Written  to Process  Cache  Overalloc
  Est (MB)  Factr      Processed    to Disk      Bytes (s)  Hit %      Count
---------- ------ -------------- -------------- ---------- ------ ----------
        17    0.1            169              4        0.0   98.0          2
        33    0.3            169              4        0.0   98.0          2
        66    0.5            169              0        0.0  100.0          0
        99    0.8            169              0        0.0  100.0          0
       132    1.0            169              0        0.0  100.0          0
       158    1.2            169              0        0.0  100.0          0
       185    1.4            169              0        0.0  100.0          0
       211    1.6            169              0        0.0  100.0          0
       238    1.8            169              0        0.0  100.0          0
       264    2.0            169              0        0.0  100.0          0
       396    3.0            169              0        0.0  100.0          0
       528    4.0            169              0        0.0  100.0          0
       792    6.0            169              0        0.0  100.0          0
     1,056    8.0            169              0        0.0  100.0          0
          -------------------------------------------------------------
Process Memory Summary Stats  DB/Inst: XE/XE  Snaps:   142-  143
-> B: Begin snap   E: End snap
-> All rows below contain absolute values (i.e. not diffed over the interval)
-> Max Alloc is Maximum PGA Allocation size at snapshot time
   Hist Max Alloc is the Historical Max Allocation for still-connected processes
-> Num Procs or Allocs:  For Begin/End snapshot lines, it is the number of
   processes. For Category lines, it is the number of allocations
-> ordered by Begin/End snapshot, Alloc (MB) desc

                                                                  Hist   Num
                                          Avg    Std Dev   Max    Max   Procs
             Alloc     Used    Freeabl   Alloc    Alloc   Alloc  Alloc    or
  Category   (MB)      (MB)      (MB)     (MB)    (MB)    (MB)    (MB)  Allocs
- -------- --------- --------- -------- -------- ------- ------- ------ ------
B --------      68.1      42.9     17.9      2.3     2.9      12     16     29
  Other         49.1                         1.7     2.3      11     11     29
  Freeable      17.9        .0               2.2     2.6       7             8
  PL/SQL          .6        .5                .0      .1       0      0     24
  SQL             .5        .1                .0      .1       0      8      8
E --------      68.4      42.9     16.6      2.4     2.9      12     16     29
  Other         50.5                         1.7     2.3      11     11     29
  Freeable      16.6        .0               1.8     2.3       6             9
  SQL             .7        .1                .1      .1       0      8     10
  PL/SQL          .6        .5                .0      .1       0      0     24
          -------------------------------------------------------------

Top Process Memory (by component)  DB/Inst: XE/XE  Snaps:   142-  143
-> ordered by Begin/End snapshot, Alloc (MB) desc

                        Alloc   Used   Freeabl     Max      Hist Max
     PId Category       (MB)    (MB)     (MB)   Alloc (MB) Alloc (MB)
- ------ ------------- ------- ------- -------- ---------- ----------
B     11 LGWR --------    11.6    10.8       .1       11.6       11.6
         Other            11.4                        11.4       11.5
         Freeable           .1      .0                  .1
         PL/SQL             .0      .0                  .0         .0
      25 TNS V1-V3 ---     9.8     2.1      6.8        9.8        9.8
         Freeable          6.8      .0                 6.8
         Other             2.7                         2.7        2.7
         PL/SQL             .2      .2                  .2         .2
         SQL                .1      .0                  .1        6.8
      10 DBW0 --------     6.9     6.5       .1        6.9        6.9
         Other             6.7                         6.7        6.7
         Freeable           .1      .0                  .1
         PL/SQL             .0      .0                  .0         .0
      28 CJQ0 --------     6.6     1.3      5.1        6.6        6.6
         Freeable          5.1      .0                 5.1
         Other             1.4                         1.4        1.4
         SQL                .1      .0                  .1        1.9
         PL/SQL             .0      .0                  .0         .0
      13 SMON --------     4.8     1.0      3.6        4.8        4.8
         Freeable          3.6      .0                 3.6
         Other             1.2                         1.2        1.2
         PL/SQL             .0      .0                  .0         .0
         SQL                .0      .0                  .0        2.1
      33  ------------     4.6     3.2       .3        4.6       15.6
         Other             4.1                         4.1        7.4
         Freeable           .3      .0                  .3
         SQL                .2      .0                  .2        7.8
         PL/SQL             .0      .0                  .0         .0
      15 MMON --------     4.0     1.9      1.5        4.0        4.0
         Other             2.3                         2.3        2.3
         Freeable          1.5      .0                 1.5
         PL/SQL             .1      .1                  .1         .1
         SQL                .1      .0                  .1        1.1
      27 Q000 --------     1.6     1.1       .3        1.6        1.6
         Other             1.0                         1.0        1.0
         Freeable           .3      .0                  .3
         PL/SQL             .2      .2                  .2         .2
         SQL                .0      .0                  .0         .2
      17 D000 --------     1.3     1.0       .0        1.3        1.3
         Other             1.3                         1.3        1.3
       8 DIA0 --------     1.2     1.0       .0        1.2        1.2
         Other             1.2                         1.2        1.2
         PL/SQL             .0      .0                  .0         .0
      14 RECO --------     1.1      .8       .0        1.1        1.1
         Other             1.1                         1.1        1.1
         PL/SQL             .0      .0                  .0         .0
         SQL                .0      .0                  .0         .1
      12 CKPT --------     1.0      .8       .0        1.0        1.0
         Other             1.0                         1.0        1.0
         PL/SQL             .0      .0                  .0         .0
       7 DBRM --------     1.0      .8       .0        1.0        1.0
         Other             1.0                         1.0        1.0
         PL/SQL             .0      .0                  .0         .0

Top Process Memory (by component)  DB/Inst: XE/XE  Snaps:   142-  143
-> ordered by Begin/End snapshot, Alloc (MB) desc

                        Alloc   Used   Freeabl     Max      Hist Max
     PId Category       (MB)    (MB)     (MB)   Alloc (MB) Alloc (MB)
- ------ ------------- ------- ------- -------- ---------- ----------
B      7 SQL                .0      .0                  .0         .1
E     11 LGWR --------    11.6    10.8       .1       11.6       11.6
         Other            11.4                        11.4       11.5
         Freeable           .1      .0                  .1
         PL/SQL             .0      .0                  .0         .0
      25 TNS V1-V3 ---     9.1     2.1      6.4        9.1        9.1
         Freeable          6.4      .0                 6.4
         Other             2.4                         2.4        2.4
         PL/SQL             .2      .2                  .2         .2
         SQL                .1      .0                  .1        6.2
      10 DBW0 --------     6.9     6.5       .1        6.9        6.9
         Other             6.7                         6.7        6.7
         Freeable           .1      .0                  .1
         PL/SQL             .0      .0                  .0         .0
      28 CJQ0 --------     6.7     1.4      4.9        6.7        6.7
         Freeable          4.9      .0                 4.9
         Other             1.8                         1.8        1.8
         SQL                .0      .0                  .0        2.0
         PL/SQL             .0      .0                  .0         .0
      13 SMON --------     4.8     1.3      2.7        4.8        4.8
         Freeable          2.7      .0                 2.7
         Other             1.9                         1.9        1.9
         SQL                .2      .0                  .2        2.1
         PL/SQL             .0      .0                  .0         .0
      33  ------------     4.6     3.2       .3        4.6       15.6
         Other             4.1                         4.1        7.4
         Freeable           .3      .0                  .3
         SQL                .2      .0                  .2        7.8
         PL/SQL             .0      .0                  .0         .0
      15 MMON --------     4.0     1.9      1.5        4.0        4.0
         Other             2.3                         2.3        2.3
         Freeable          1.5      .0                 1.5
         PL/SQL             .1      .1                  .1         .1
         SQL                .1      .0                  .1        1.1
      27 Q000 --------     2.0     1.2       .4        2.0        2.0
         Other             1.3                         1.3        1.3
         Freeable           .4      .0                  .4
         PL/SQL             .2      .2                  .2         .2
         SQL                .0      .0                  .0         .6
      14 RECO --------     1.5      .8       .3        1.5        1.5
         Other             1.2                         1.2        1.2
         Freeable           .3      .0                  .3
         SQL                .0      .0                  .0         .5
         PL/SQL             .0      .0                  .0         .0
      17 D000 --------     1.3     1.0       .0        1.3        1.3
         Other             1.3                         1.3        1.3
       8 DIA0 --------     1.2     1.0       .0        1.2        1.2
         Other             1.2                         1.2        1.2
         PL/SQL             .0      .0                  .0         .0
      12 CKPT --------     1.0      .8       .0        1.0        1.0
         Other             1.0                         1.0        1.0
         PL/SQL             .0      .0                  .0         .0
       7 DBRM --------     1.0      .8       .0        1.0        1.0

Top Process Memory (by component)  DB/Inst: XE/XE  Snaps:   142-  143
-> ordered by Begin/End snapshot, Alloc (MB) desc

                        Alloc   Used   Freeabl     Max      Hist Max
     PId Category       (MB)    (MB)     (MB)   Alloc (MB) Alloc (MB)
- ------ ------------- ------- ------- -------- ---------- ----------
E      7 Other             1.0                         1.0        1.0
         PL/SQL             .0      .0                  .0         .0
         SQL                .0      .0                  .0         .1
          -------------------------------------------------------------
Enqueue activity  DB/Inst: XE/XE  Snaps:   142-  143
-> only enqueues with waits are shown
-> Enqueue stats gathered prior to 10g should not be compared with 10g data
-> ordered by Wait Time desc, Waits desc

Enqueue Type (Request Reason)
------------------------------------------------------------------------------
    Requests    Succ Gets Failed Gets       Waits Wt Time (s)  Av Wt Time(ms)
------------ ------------ ----------- ----------- ------------ --------------
JS-Job Scheduler (queue lock)
       6,102        6,102           0           2            0          25.00
          -------------------------------------------------------------

Undo Segment Summary  DB/Inst: XE/XE  Snaps:   142-  143
-> Min/Max TR (mins) - Min and Max Tuned Retention (minutes)
-> STO - Snapshot Too Old count,  OOS - Out Of Space count
-> Undo segment block stats:
   uS - unexpired Stolen,   uR - unexpired Released,   uU - unexpired reUsed
   eS - expired   Stolen,   eR - expired   Released,   eU - expired   reUsed

Undo   Num Undo       Number of  Max Qry     Max Tx Min/Max   STO/  uS/uR/uU/
 TS# Blocks (K)    Transactions  Len (s)      Concy TR (mins) OOS   eS/eR/eU
---- ---------- --------------- -------- ---------- --------- ----- -----------
   2         .1             311      924          3 19.3/29.4 0/0   0/0/0/0/0/0
          -------------------------------------------------------------


Undo Segment Stats  DB/Inst: XE/XE  Snaps:   142-  143
-> Most recent 35 Undostat rows, ordered by End Time desc

                Num Undo    Number of Max Qry  Max Tx Tun Ret STO/  uS/uR/uU/
End Time          Blocks Transactions Len (s)   Concy  (mins) OOS   eS/eR/eU
------------ ----------- ------------ ------- ------- ------- ----- -----------
04-1月  18:1          31           35     320       3      19 0/0   0/0/0/0/0/0
0
04-1月  18:0           8          236     924       2      29 0/0   0/0/0/0/0/0
0
04-1月  17:5          76           40     324       2      19 0/0   0/0/0/0/0/0
0
          -------------------------------------------------------------
Latch Activity  DB/Inst: XE/XE  Snaps:   142-  143
->"Get Requests", "Pct Get Miss" and "Avg Slps/Miss" are statistics for
  willing-to-wait latch get requests
->"NoWait Requests", "Pct NoWait Miss" are for no-wait latch get requests
->"Pct Misses" for both should be very close to 0.0

                                           Pct    Avg   Wait                 Pct
                              Get          Get   Slps   Time       NoWait NoWait
Latch                       Requests      Miss  /Miss    (s)     Requests   Miss
------------------------ -------------- ------ ------ ------ ------------ ------
AQ deq hash table latch               1    0.0             0            0
ASM db client latch               1,088    0.0             0            0
ASM map operation hash t              1    0.0             0            0
ASM network state latch              26    0.0             0            0
AWR Alerted Metric Eleme         25,310    0.0             0            0
Change Notification Hash            547    0.0             0            0
Consistent RBA                       57    0.0             0            0
DML lock allocation               1,030    0.0             0            0
Event Group Locks                    22    0.0             0            0
FIB s.o chain latch                   8    0.0             0            0
FOB s.o list latch                   93    0.0             0            0
File State Object Pool P              1    0.0             0            0
I/O Staticstics latch                 1    0.0             0            0
IPC stats buffer allocat              1    0.0             0            0
In memory undo latch                751    0.0             0          360    0.0
JS Sh mem access                      7   28.6    1.0      0            0
JS broadcast autostart l              3    0.0             0            0
JS mem alloc latch                   18    0.0             0            0
JS queue access latch                19    0.0             0            0
JS queue state obj latch         12,204    0.0             0            0
JS slv state obj latch               23    0.0             0            0
KFC FX Hash Latch                     1    0.0             0            0
KFC Hash Latch                        1    0.0             0            0
KFCL LE Freelist                      1    0.0             0            0
KGNFS-NFS:SHM structure               1    0.0             0            0
KGNFS-NFS:SVR LIST                    1    0.0             0            0
KJC message pool free li              1    0.0             0            0
KJCT flow control latch               1    0.0             0            0
KMG MMAN ready and start          1,107    0.0             0            0
KMG resize request state              4    0.0             0            0
KTF sga latch                         9    0.0             0          536    0.0
KWQP Prop Status                      1    0.0             0            0
Locator state objects po              1    0.0             0            0
Lsod array latch                      1    0.0             0            0
MQL Tracking Latch                    0                    0           34    0.0
Memory Management Latch             642    0.0             0        1,105    0.0
Memory Queue                          1    0.0             0            0
Memory Queue Message Sub              1    0.0             0            0
Memory Queue Message Sub              1    0.0             0            0
Memory Queue Message Sub              1    0.0             0            0
Memory Queue Message Sub              1    0.0             0            0
Memory Queue Subscriber               1    0.0             0            0
MinActiveScn Latch                   18    0.0             0            0
Mutex                                 1    0.0             0            0
Mutex Stats                           1    0.0             0            0
OS process                          178    0.0             0            0
OS process allocation             3,390    0.0             0            0
OS process: request allo             42    0.0             0            0
PL/SQL warning settings             105    0.0             0            0
PX hash array latch                   1    0.0             0            0
Latch Activity  DB/Inst: XE/XE  Snaps:   142-  143
->"Get Requests", "Pct Get Miss" and "Avg Slps/Miss" are statistics for
  willing-to-wait latch get requests
->"NoWait Requests", "Pct NoWait Miss" are for no-wait latch get requests
->"Pct Misses" for both should be very close to 0.0

                                           Pct    Avg   Wait                 Pct
                              Get          Get   Slps   Time       NoWait NoWait
Latch                       Requests      Miss  /Miss    (s)     Requests   Miss
------------------------ -------------- ------ ------ ------ ------------ ------
QMT                                   1    0.0             0            0
SGA blob parent                       1    0.0             0            0
SGA bucket locks                      1    0.0             0            0
SGA heap locks                        1    0.0             0            0
SGA pool locks                        1    0.0             0            0
SQL memory manager latch             56    0.0             0          544    0.0
SQL memory manager worka         37,794    0.0             0            0
Shared B-Tree                        63    0.0             0            0
Streams Generic                       1    0.0             0            0
Testing                               1    0.0             0            0
Token Manager                         1    0.0             0            0
WCR: sync                             1    0.0             0            0
Write State Object Pool               1    0.0             0            0
XDB NFS Security Latch                1    0.0             0            0
XDB unused session pool               1    0.0             0            0
XDB used session pool                 1    0.0             0            0
active checkpoint queue             550    0.0             0            0
active service list               3,498    0.0             0          573    0.0
buffer pool                           5    0.0             0            0
business card                         1    0.0             0            0
cache buffer handles                104    0.0             0            0
cache buffers chains          3,282,545    0.0             0       14,813    0.0
cache buffers lru chain           1,313    0.0             0        5,591    0.0
cache table scan latch               29    0.0             0           29    0.0
call allocation                   3,904    0.0    1.0      0            0
cas latch                             1    0.0             0            0
change notification clie              1    0.0             0            0
channel handle pool latc             49    0.0             0            0
channel operations paren          8,895    0.0             0            0
checkpoint queue latch           19,676    0.0             0          541    0.0
client/application info             105    0.0             0            0
compile environment latc             28    0.0             0            0
cp cmon/server latch                  1    0.0             0            0
cp pool latch                         1    0.0             0            0
cp server hash latch                  1    0.0             0            0
cp sga latch                         26    0.0             0            0
cvmap freelist lock                   1    0.0             0            0
deferred cleanup latch               26    0.0             0            0
dml lock allocation                  26    0.0             0            0
done queue latch                      1    0.0             0            0
dummy allocation                     57    0.0             0            0
enqueue hash chains           2,033,199    0.0    0.0      0            0
enqueues                      2,030,963    0.0    0.0      0            0
fifth spare latch                     1    0.0             0            0
file cache latch                     49    0.0             0            0
flashback copy                        1    0.0             0            0
fourth Audit Vault latch              1    0.0             0            0
gc element                            1    0.0             0            0
gcs commit scn state                  1    0.0             0            0
gcs partitioned table ha              1    0.0             0            0
Latch Activity  DB/Inst: XE/XE  Snaps:   142-  143
->"Get Requests", "Pct Get Miss" and "Avg Slps/Miss" are statistics for
  willing-to-wait latch get requests
->"NoWait Requests", "Pct NoWait Miss" are for no-wait latch get requests
->"Pct Misses" for both should be very close to 0.0

                                           Pct    Avg   Wait                 Pct
                              Get          Get   Slps   Time       NoWait NoWait
Latch                       Requests      Miss  /Miss    (s)     Requests   Miss
------------------------ -------------- ------ ------ ------ ------------ ------
gcs pcm hashed value buc              1    0.0             0            0
gcs resource freelist                 1    0.0             0            0
gcs resource hash                     1    0.0             0            0
gcs resource scan list                1    0.0             0            0
gcs shadows freelist                  1    0.0             0            0
ges domain table                      1    0.0             0            0
ges enqueue table freeli              1    0.0             0            0
ges group table                       1    0.0             0            0
ges process hash list                 1    0.0             0            0
ges process parent latch              1    0.0             0            0
ges resource hash list                1    0.0             0            0
ges resource scan list                1    0.0             0            0
ges resource table freel              1    0.0             0            0
ges value block free lis              1    0.0             0            0
global KZLD latch for me              2    0.0             0            0
global tx hash mapping                1    0.0             0            0
granule operation                     1    0.0             0            0
hash table column usage             481    0.0             0    2,039,567    0.0
hash table modification              36    0.0             0            0
heartbeat check                       1    0.0             0            0
intra txn parallel recov              1    0.0             0            0
io pool granule metadata              1    0.0             0            0
job workq parent latch                8    0.0             0            7    0.0
job_queue_processes free             28    0.0             0            0
job_queue_processes para            363    0.0             0            0
k2q lock allocation                   1    0.0             0            0
kdlx hb parent latch                  1    0.0             0            0
kgb parent                            1    0.0             0            0
kgnfs mount latch                     1    0.0             0            0
ksfv messages                         1    0.0             0            0
ksim group membership ca              1    0.0             0            0
kss move lock                        17    0.0             0            0
ksuosstats global area              112    0.0             0            0
ksv allocation latch                 58    0.0             0            0
ksv class latch                      33    0.0             0            0
ksv msg queue latch                   1    0.0             0            0
ksz_so allocation latch              42    0.0             0            0
ktm global data                      22    0.0             0            0
kwqbsn:qsga                          62    0.0             0            0
lgwr LWN SCN                        584    0.0             0            0
list of block allocation             42    0.0             0            0
lob segment dispenser la              1    0.0             0            0
lob segment hash table l              7    0.0             0            0
lob segment query latch               1    0.0             0            0
lock DBA buffer during m              1    0.0             0            0
logical standby cache                 1    0.0             0            0
logminer context allocat              1    0.0             0            0
logminer work area                    1    0.0             0            0
longop free list parent               1    0.0             0            0
mapped buffers lru chain              1    0.0             0            0
Latch Activity  DB/Inst: XE/XE  Snaps:   142-  143
->"Get Requests", "Pct Get Miss" and "Avg Slps/Miss" are statistics for
  willing-to-wait latch get requests
->"NoWait Requests", "Pct NoWait Miss" are for no-wait latch get requests
->"Pct Misses" for both should be very close to 0.0

                                           Pct    Avg   Wait                 Pct
                              Get          Get   Slps   Time       NoWait NoWait
Latch                       Requests      Miss  /Miss    (s)     Requests   Miss
------------------------ -------------- ------ ------ ------ ------------ ------
message pool operations               7    0.0             0            0
messages                         15,214    0.0             0            0
mostly latch-free SCN               584    0.0             0            0
msg queue latch                       1    0.0             0            0
multiblock read objects             114    0.0             0            0
name-service namespace b              1    0.0             0            0
ncodef allocation latch              26    0.0             0            0
object queue header heap          1,329    0.0             0           20    0.0
object queue header oper          5,564    0.0             0          202    0.0
object stats modificatio            194    0.0             0            0
parallel query alloc buf            217    0.0             0            0
parallel query stats                  1    0.0             0            0
parameter list                       24    0.0             0            0
parameter table manageme            196    0.0             0            0
peshm                                 1    0.0             0            0
pesom_free_list                       1    0.0             0            0
pesom_hash_node                       1    0.0             0            0
post/wait queue                      26    0.0             0           11    0.0
process allocation                   61    0.0             0           21    0.0
process group creation               42    0.0             0            0
process queue                         1    0.0             0            0
process queue reference               1    0.0             0            0
qmn task queue latch                240    0.0             0            0
query server freelists                1    0.0             0            0
queued dump request                   6    0.0             0            0
queuing load statistics               1    0.0             0            0
recovery domain hash lis              1    0.0             0            0
redo allocation                   3,734    0.0             0            0
redo copy                             1    0.0             0        2,372    0.1
redo writing                      1,810    0.0             0            0
resmgr group change latc             17    0.0             0            0
resmgr:active threads               394    0.0             0          603    0.0
resmgr:actses change gro             18    0.0             0            0
resmgr:actses change sta              1    0.0             0            0
resmgr:free threads list             56    0.0             0            0
resmgr:plan CPU method                1    0.0             0            0
resmgr:resource group CP         31,781    0.0    0.0      0            0
resmgr:schema config                343    0.0             0           27    0.0
resmgr:session queuing                1    0.0             0            0
rm cas latch                          1    0.0             0            0
row cache objects            36,082,879    0.0    0.0      0        2,502    0.0
rules engine rule set st            100    0.0             0            0
second Audit Vault latch              1    0.0             0            0
second spare latch                    1    0.0             0            0
sequence cache                       73    0.0             0            0
session allocation                  162    0.0             0          109    0.0
session idle bit              2,000,292    0.0             0            0
session queue latch                   1    0.0             0            0
session state list latch             90    0.0             0            0
session switching                   132    0.0             0            0
Latch Activity  DB/Inst: XE/XE  Snaps:   142-  143
->"Get Requests", "Pct Get Miss" and "Avg Slps/Miss" are statistics for
  willing-to-wait latch get requests
->"NoWait Requests", "Pct NoWait Miss" are for no-wait latch get requests
->"Pct Misses" for both should be very close to 0.0

                                           Pct    Avg   Wait                 Pct
                              Get          Get   Slps   Time       NoWait NoWait
Latch                       Requests      Miss  /Miss    (s)     Requests   Miss
------------------------ -------------- ------ ------ ------ ------------ ------
session timer                       548    0.0             0            0
shared pool                  50,161,075    0.0    0.1      0            0
shared pool sim alloc             1,977    0.0             0            0
shared pool simulator        10,897,089    0.0    0.0      0            0
sim partition latch                   1    0.0             0            0
simulator hash latch             75,913    0.0             0            0
simulator lru latch                  73    0.0             0       75,452    0.0
sort extent pool                     41    0.0             0            0
space background state o              4    0.0             0            0
space background task la          1,221    0.0             0        1,097    0.0
tablespace key chain                  1    0.0             0            0
test excl. parent l0                  1    0.0             0            0
test excl. parent2 l0                 1    0.0             0            0
third spare latch                     1    0.0             0            0
threshold alerts latch               57    0.0             0            0
transaction allocation               57    0.0             0            0
undo global data                  1,621    0.0             0            0
virtual circuit buffers               1    0.0             0            0
virtual circuit holder                1    0.0             0            0
virtual circuit queues                1    0.0             0            0
          -------------------------------------------------------------
Latch Sleep breakdown  DB/Inst: XE/XE  Snaps:   142-  143
-> ordered by misses desc

                                       Get                                 Spin
Latch Name                        Requests       Misses      Sleeps        Gets
-------------------------- --------------- ------------ ----------- -----------
shared pool                     50,161,075       11,452         693      10,786
row cache objects               36,082,879          283           7         276
JS Sh mem access                         7            2           2           0
call allocation                      3,904            1           1           0
          -------------------------------------------------------------
Latch Miss Sources  DB/Inst: XE/XE  Snaps:   142-  143
-> only latches with sleeps are shown
-> ordered by name, sleeps desc

                                                     NoWait              Waiter
Latch Name               Where                       Misses     Sleeps   Sleeps
------------------------ -------------------------- ------- ---------- --------
JS Sh mem access         jsksGetShMemLatch                0          2        2
call allocation          ksucrp: top call                 0          1        0
row cache objects        kqrpre: find obj                 0          4        8
row cache objects        kqreqd: reget                    0          3        0
shared pool              kghupr1                          0        279      125
shared pool              kghalo                           0        245      220
shared pool              kghalp                           0        156      282
shared pool              kghasp                           0          9        3
shared pool              kgh_heap_sizes                   0          3       63
shared pool              kghfre                           0          1        1
          -------------------------------------------------------------
Mutex Sleep  DB/Inst: XE/XE  Snaps:   142-  143
-> ordered by Wait Time desc

                                                                         Wait
Mutex Type         Location                                 Sleeps     Time (s)
------------------ -------------------------------- -------------- ------------
Library Cache      kgllkdl1  85                                  1          0.0
          -------------------------------------------------------------
Dictionary Cache Stats  DB/Inst: XE/XE  Snaps:   142-  143
->"Pct Misses"  should be very low (< 2% in most cases)
->"Final Usage" is the number of cache entries being used in End Snapshot

                                   Get    Pct    Scan   Pct      Mod      Final
Cache                         Requests   Miss    Reqs  Miss     Reqs      Usage
------------------------- ------------ ------ ------- ----- -------- ----------
dc_awr_control                      32   18.8       0              2          1
dc_global_oids                      26   30.8       0              0         10
dc_histogram_data                1,758   45.2       0              0        376
dc_histogram_defs            1,007,643    0.3       0              0        673
dc_object_grants                     8    0.0       0              0          8
dc_objects                   4,007,384    0.0       0              7        714
dc_profiles                         16    0.0       0              0          1
dc_rollback_segments               369    0.0       0              0         22
dc_segments                  4,000,934    0.0       0              0        186
dc_sequences                        11  100.0       0             11          1
dc_tablespaces                   3,414    0.1       0              0          5
dc_users                     3,004,879    0.0       0              0         74
global database name             1,121    0.0       0              0          1
outstanding_alerts                   9  100.0       0              0          0
sch_lj_oids                         15   33.3       0              0          1
          -------------------------------------------------------------


Library Cache Activity  DB/Inst: XE/XE  Snaps:   142-  143
->"Pct Misses"  should be very low

                         Get  Pct        Pin        Pct               Invali-
Namespace           Requests  Miss     Requests     Miss     Reloads  dations
--------------- ------------ ------ -------------- ------ ---------- --------
ACCOUNT_STATUS             4   50.0              0                 0        0
BODY                      61   77.0            114   43.9          3        0
CLUSTER                   71   11.3             73   11.0          0        0
DBLINK                     5   40.0              0                 0        0
EDITION                   15   66.7             24   66.7          0        0
INDEX                      1  100.0              1  100.0          0        0
SCHEMA                 1,050    0.2              0                 0        0
SQL AREA           1,003,042   99.9      3,036,862   98.9        807        0
SQL AREA BUILD     1,001,652  100.0              0                 0        0
SQL AREA STATS     1,000,886  100.0      1,000,886  100.0          0        0
TABLE/PROCEDURE    1,005,827    0.1      3,010,457    0.1      2,552        0
          -------------------------------------------------------------
Rule Sets  DB/Inst: XE/XE  Snaps:   142-  143
-> * indicates Rule Set activity (re)started between Begin/End snaps
-> Top 25 ordered by Evaluations desc

                                                               No-SQL  SQL
Rule                                *     Eval/sec Reloads/sec Eval % Eval %
----------------------------------- - ------------ ----------- ------ ------
SYS.ALERT_QUE_R                                  0           0      0      0
          -------------------------------------------------------------
Shared Pool Advisory  DB/Inst: XE/XE  End Snap:   143
-> SP: Shared Pool     Est LC: Estimated Library Cache   Factr: Factor
-> Note there is often a 1:Many correlation between a single logical object
   in the Library Cache, and the physical number of memory objects associated
   with it.  Therefore comparing the number of Lib Cache objects (e.g. in
   v$librarycache), with the number of Lib Cache Memory Objects is invalid

                                        Est LC Est LC  Est LC Est LC
    Shared    SP   Est LC                 Time   Time    Load   Load      Est LC
      Pool  Size     Size       Est LC   Saved  Saved    Time   Time         Mem
  Size (M) Factr      (M)      Mem Obj     (s)  Factr     (s)  Factr    Obj Hits
---------- ----- -------- ------------ ------- ------ ------- ------ -----------
       172    .9        0           63   3,438    1.0   1,145    1.0      52,663
       192   1.0       20        2,474   3,438    1.0   1,145    1.0   2,040,694
       212   1.1       40        4,427   3,457    1.0   1,126    1.0   2,042,910
       232   1.2       60        6,366   3,485    1.0   1,098    1.0   2,046,589
       252   1.3       80        8,304   3,487    1.0   1,096    1.0   2,046,843
       272   1.4      100       10,244   3,488    1.0   1,095    1.0   2,046,921
       292   1.5      120       12,176   3,489    1.0   1,094    1.0   2,046,948
       312   1.6      140       14,126   3,489    1.0   1,094    1.0   2,046,952
       332   1.7      160       16,070   3,490    1.0   1,093    1.0   2,046,964
       352   1.8      180       18,009   3,490    1.0   1,093    1.0   2,046,968
       372   1.9      200       19,948   3,490    1.0   1,093    1.0   2,046,986
       392   2.0      220       21,896   3,490    1.0   1,093    1.0   2,047,000
          -------------------------------------------------------------


Cache Size Changes  DB/Inst: XE/XE  Snaps:   142-  143
-> Not all cache size changes may be captured.  Only cache changes which are
   evident at snapshot time are shown

  Snap                Prior      New    Difference
    Id Cache        Size (MB) Size (MB)    (MB)
------ ------------ --------- --------- ----------
   143 Buffer Cache        52        44         -8
       Shared Pool        184       192          8
          -------------------------------------------------------------
SGA Target Advisory  DB/Inst: XE/XE  End Snap:   143

SGA Target SGA Size   Est DB      Est DB   Est Physical
  Size (M)   Factor Time (s) Time Factor          Reads
---------- -------- -------- ----------- --------------
       256      1.0    1,427         1.0         14,126
       320      1.3    1,406         1.0          9,121
       384      1.5    1,403         1.0          8,649
       448      1.8    1,402         1.0          8,649
       512      2.0    1,402         1.0          8,649
          -------------------------------------------------------------
SGA Memory Summary  DB/Inst: XE/XE  Snaps:   142-  143

                                                        End Size (Bytes)
SGA regions                      Begin Size (Bytes)       (if different)
------------------------------ -------------------- --------------------
Database Buffers                         54,525,952           46,137,344
Fixed Size                                2,226,960
Redo Buffers                              4,333,568
Variable Size                           343,934,192          352,322,800
                               -------------------- --------------------
sum                                     405,020,672          398,460,144
          -------------------------------------------------------------


SGA breakdown difference  DB/Inst: XE/XE  Snaps:   142-  143
-> Top 35 rows by size, ordered by Pool, Name (note rows with null values for
   Pool column, or Names showing free memory are always shown)
-> Null value for Begin MB or End MB indicates the size of that Pool/Name was
   insignificant, or zero in that snapshot

Pool   Name                                 Begin MB         End MB  % Diff
------ ------------------------------ -------------- -------------- --------
java p free memory                               4.0            4.0     0.00
large  PX msg pool                                .5             .5     0.00
large  free memory                               3.5            3.5     0.00
shared ASH buffers                               4.0            4.0     0.00
shared FileOpenBlock                             3.8            3.8     0.00
shared KCB Table Scan Buffer                     3.8            3.8     0.00
shared KGLH0                                     3.2           22.5   594.13
shared KGLHD                                                    4.2 ########
shared KGLS                                      3.3            2.9   -10.06
shared KGLSG                                     5.0            5.0     0.00
shared KSFD SGA I/O b                            3.8            3.8     0.00
shared SQLA                                      2.7            9.9   265.33
shared event statistics per sess                 2.1            2.1     0.00
shared free memory                              99.9           69.3   -30.57
shared kglsim hash table bkts                    4.0            4.0     0.00
shared kglsim heap                                              2.8 ########
shared kglsim object batch                                      5.4 ########
shared ksunfy : SSO free list                    2.0            2.0     0.00
shared obj stats allocation chun                 2.5            2.5     0.00
shared private strands                           2.3            2.3     0.00
shared row cache                                 7.2            7.2     0.00
       buffer_cache                             52.0           44.0   -15.38
       fixed_sga                                 2.1            2.1     0.00
       log_buffer                                4.1            4.1     0.00
          -------------------------------------------------------------
SQL Memory Statistics  DB/Inst: XE/XE  Snaps:   142-  143

                                   Begin            End         % Diff
                          -------------- -------------- --------------
   Avg Cursor Size (KB):           29.89          15.62         -91.31
 Cursor to Parent ratio:            1.02           1.08           5.51
          Total Cursors:             245          1,049          76.64
          Total Parents:             240            971          75.28
          -------------------------------------------------------------
init.ora Parameters  DB/Inst: XE/XE  Snaps:   142-  143

                                                                  End value
Parameter Name                Begin value                       (if different)
----------------------------- --------------------------------- --------------
audit_file_dest               /u01/app/oracle/admin/XE/adump
compatible                    11.2.0.0.0
control_files                 /u01/app/oracle/oradata/XE/contro
                              l.dbf
db_name                       XE
db_recovery_file_dest         /u01/app/oracle/fast_recovery_are
                              a
db_recovery_file_dest_size    10737418240
diagnostic_dest               /u01/app/oracle
dispatchers                   (PROTOCOL=TCP) (SERVICE=XEXDB)
job_queue_processes           4
log_buffer                    4100096
memory_target                 406847488
open_cursors                  300
remote_login_passwordfile     EXCLUSIVE
sessions                      172
shared_servers                4
undo_management               AUTO
undo_tablespace               UNDOTBS1
          -------------------------------------------------------------

End of Report (   sp_142_143.lst )

