
STATSPACK report for

Database    DB Id    Instance     Inst Num  Startup Time   Release     RAC
~~~~~~~~ ----------- ------------ -------- --------------- ----------- ---
          2706909277 XE                  1 04-1月 -14 18:3 11.2.0.2.0  NO
                                           4

Host Name             Platform                CPUs Cores Sockets   Memory (G)
~~~~ ---------------- ---------------------- ----- ----- ------- ------------
     kagamihogex61    Linux x86 64-bit           2     2       1           .9

Snapshot       Snap Id     Snap Time      Sessions Curs/Sess Comment
~~~~~~~~    ---------- ------------------ -------- --------- ------------------
Begin Snap:        164 04-1月 -14 18:37:46      22       1.4
  End Snap:        165 04-1月 -14 18:44:41      25       1.3
   Elapsed:       6.92 (mins) Av Act Sess:       0.4
   DB time:       2.92 (mins)      DB CPU:       2.92 (mins)

Cache Sizes            Begin        End
~~~~~~~~~~~       ---------- ----------
    Buffer Cache:        44M              Std Block Size:         8K
     Shared Pool:       192M                  Log Buffer:     4,004K

Load Profile              Per Second    Per Transaction    Per Exec    Per Call
~~~~~~~~~~~~      ------------------  ----------------- ----------- -----------
      DB time(s):                0.4               87.6        0.00        0.00
       DB CPU(s):                0.4               87.7        0.00        0.00
       Redo size:            1,830.5          379,826.0
   Logical reads:            7,264.3        1,507,345.5
   Block changes:                3.4              705.5
  Physical reads:               12.1            2,515.0
 Physical writes:                0.5              108.0
      User calls:            2,409.7          500,021.0
          Parses:                1.9              392.5
     Hard parses:                0.4               87.0
W/A MB processed:                0.1               11.0
          Logons:                0.0                4.0
        Executes:            2,417.6          501,643.5
       Rollbacks:                0.0                0.0
    Transactions:                0.0

Instance Efficiency Indicators
~~~~~~~~~~~~~~~~~~~~~~~~~~~~~~
            Buffer Nowait %:  100.00       Redo NoWait %:  100.00
            Buffer  Hit   %:   99.83  Optimal W/A Exec %:  100.00
            Library Hit   %:   99.85        Soft Parse %:   77.83
         Execute to Parse %:   99.92         Latch Hit %:  100.00
Parse CPU to Parse Elapsd %:  132.35     % Non-Parse CPU:   96.06

 Shared Pool Statistics        Begin   End
                               ------  ------
             Memory Usage %:   43.38   49.32
    % SQL with executions>1:   65.59   87.67
  % Memory for SQL w/exec>1:   63.34   90.14

Top 5 Timed Events                                                    Avg %Total
~~~~~~~~~~~~~~~~~~                                                   wait   Call
Event                                            Waits    Time (s)   (ms)   Time
----------------------------------------- ------------ ----------- ------ ------
CPU time                                                        11          68.2
control file parallel write                        138           3     22   18.0
db file async I/O submit                            16           1     73    7.0
log file parallel write                             25           1     21    3.1
db file scattered read                             233           0      1    1.1
          -------------------------------------------------------------
Host CPU  (CPUs: 2  Cores: 2  Sockets: 1)
~~~~~~~~              Load Average
                      Begin     End      User  System    Idle     WIO     WCPU
                    ------- -------   ------- ------- ------- ------- --------
                       0.11    0.03     15.90    6.15   77.94    0.30

Instance CPU
~~~~~~~~~~~~                                       % Time (seconds)
                                            -------- --------------
                     Host: Total time (s):                    790.6
                  Host: Busy CPU time (s):                    174.4
                   % of time Host is Busy:      22.1
             Instance: Total CPU time (s):                    176.1
          % of Busy CPU used for Instance:     101.0
        Instance: Total Database time (s):                    182.7
  %DB time waiting for CPU (Resource Mgr):       0.0

Virtual Memory Paging
~~~~~~~~~~~~~~~~~~~~~
                     KB paged out per sec:            15.0
                     KB paged  in per sec:             1.4

Memory Statistics                       Begin          End
~~~~~~~~~~~~~~~~~                ------------ ------------
                  Host Mem (MB):        971.2        971.2
                   SGA use (MB):        386.3        386.3
                   PGA use (MB):         63.8         65.0
    % Host Mem used for SGA+PGA:         46.3         46.5
          -------------------------------------------------------------

Time Model System Stats  DB/Inst: XE/XE  Snaps:   164-  165
-> Ordered by % of DB time desc, Statistic name

Statistic                                       Time (s) % DB time
----------------------------------- -------------------- ---------
DB CPU                                             175.3     100.0
sql execute elapsed time                            68.3      38.9
parse time elapsed                                   0.6        .4
hard parse elapsed time                              0.6        .3
connection management call elapsed                   0.0        .0
PL/SQL execution elapsed time                        0.0        .0
repeated bind elapsed time                           0.0        .0
PL/SQL compilation elapsed time                      0.0        .0
sequence load elapsed time                           0.0        .0
DB time                                            175.3
background elapsed time                              7.4
background cpu time                                  0.8
          -------------------------------------------------------------
Foreground Wait Events  DB/Inst: XE/XE  Snaps:   164-  165
-> Only events with Total Wait Time (s) >= .001 are shown
-> ordered by Total Wait Time desc, Waits desc (idle events last)

                                                             Avg          %Total
                                          %Tim Total Wait   wait    Waits   Call
Event                               Waits  out   Time (s)   (ms)     /txn   Time
---------------------------- ------------ ---- ---------- ------ -------- ------
db file scattered read                157    0          0      1     78.5    1.1
db file sequential read             2,006    0          0      0  1,003.0     .9
log file sync                           2    0          0     37      1.0     .4
control file sequential read          180    0          0      0     90.0     .0
SQL*Net message from client     1,000,016    0        251      0 ########
jobq slave wait                       120  100         60    501     60.0
SQL*Net message to client       1,000,016    0          5      0 ########
          -------------------------------------------------------------

Background Wait Events  DB/Inst: XE/XE  Snaps:   164-  165
-> Only events with Total Wait Time (s) >= .001 are shown
-> ordered by Total Wait Time desc, Waits desc (idle events last)

                                                             Avg          %Total
                                          %Tim Total Wait   wait    Waits   Call
Event                               Waits  out   Time (s)   (ms)     /txn   Time
---------------------------- ------------ ---- ---------- ------ -------- ------
control file parallel write           138    0          3     22     69.0   18.0
db file async I/O submit               16    0          1     73      8.0    7.0
log file parallel write                25    0          1     21     12.5    3.1
os thread startup                       5    0          0     31      2.5     .9
db file parallel read                  18    0          0      1      9.0     .2
enq: JS - queue lock                    1    0          0     17      0.5     .1
control file sequential read          236    0          0      0    118.0     .0
db file scattered read                 76    0          0      0     38.0     .0
db file sequential read                83    0          0      0     41.5     .0
rdbms ipc message                   1,754   99      4,550   2594    877.0
shared server idle wait                52  100      1,561  30010     26.0
DIAG idle wait                        827  100        828   1001    413.5
Space Manager: slave idle wa          104   99        517   4972     52.0
smon timer                              3   33        457 ######      1.5
dispatcher timer                        7  100        420  60010      3.5
pmon timer                            138  100        414   3002     69.0
Streams AQ: qmn slave idle w           14    0        392  28009      7.0
Streams AQ: qmn coordinator            28   50        392  14004     14.0
SQL*Net message from client             8    0          0     19      4.0
          -------------------------------------------------------------

Wait Events (fg and bg) DB/Inst: XE/XE  Snaps:   164-  165
-> s - second, cs - centisecond,  ms - millisecond, us - microsecond
-> %Timeouts:  value of 0 indicates value was < .5%.  Value of null is truly 0
-> Only events with Total Wait Time (s) >= .001 are shown
-> ordered by Total Wait Time desc, Waits desc (idle events last)

                                                             Avg          %Total
                                          %Tim Total Wait   wait    Waits   Call
Event                               Waits  out   Time (s)   (ms)     /txn   Time
---------------------------- ------------ ---- ---------- ------ -------- ------
control file parallel write           138    0          3     22     69.0   18.0
db file async I/O submit               16    0          1     73      8.0    7.0
log file parallel write                25    0          1     21     12.5    3.1
db file scattered read                233    0          0      1    116.5    1.1
os thread startup                       5    0          0     31      2.5     .9
db file sequential read             2,089    0          0      0  1,044.5     .9
log file sync                           2    0          0     37      1.0     .4
db file parallel read                  18    0          0      1      9.0     .2
enq: JS - queue lock                    1    0          0     17      0.5     .1
control file sequential read          416    0          0      0    208.0     .0
Disk file operations I/O               11    0          0      0      5.5     .0
rdbms ipc message                   1,754   99      4,550   2594    877.0
shared server idle wait                52  100      1,561  30010     26.0
DIAG idle wait                        827  100        828   1001    413.5
Space Manager: slave idle wa          104   99        517   4972     52.0
smon timer                              3   33        457 ######      1.5
dispatcher timer                        7  100        420  60010      3.5
pmon timer                            138  100        414   3002     69.0
Streams AQ: qmn slave idle w           14    0        392  28009      7.0
Streams AQ: qmn coordinator            28   50        392  14004     14.0
SQL*Net message from client     1,000,024    0        251      0 ########
jobq slave wait                       120  100         60    501     60.0
SQL*Net message to client       1,000,022    0          5      0 ########
          -------------------------------------------------------------
Wait Event Histogram  DB/Inst: XE/XE  Snaps:   164-  165
-> Total Waits - units: K is 1000, M is 1000000, G is 1000000000
-> % of Waits - column heading: <=1s is truly <1024ms, >1s is truly >=1024ms
-> % of Waits - value: .0 indicates value was <.05%, null is truly 0
-> Ordered by Event (idle events last)

                           Total ----------------- % of Waits ------------------
Event                      Waits  <1ms  <2ms  <4ms  <8ms <16ms <32ms  <=1s   >1s
-------------------------- ----- ----- ----- ----- ----- ----- ----- ----- -----
Disk file operations I/O     11  100.0
asynch descriptor resize     14  100.0
control file parallel writ  138                            2.2  94.9   2.9
control file sequential re  416  100.0
db file async I/O submit     16                                 31.3  68.8
db file parallel read        18   38.9  50.0  11.1
db file scattered read      231   93.9    .4         1.3   3.0   1.3
db file sequential read    2075   99.7          .0    .1    .1          .0
enq: JS - queue lock          1                                100.0
latch: shared pool            3  100.0
log file parallel write      25                     16.0  24.0  48.0  12.0
log file sync                 2                           50.0        50.0
os thread startup             5                                 60.0  40.0
resmgr:cpu quantum            1  100.0
DIAG idle wait              827                                      100.0
SQL*Net message from clien 1000K  98.1   1.4    .4    .0    .0    .0    .0
SQL*Net message to client  1000K 100.0
Space Manager: slave idle   104                                            100.0
Streams AQ: qmn coordinato   28   50.0                                      50.0
Streams AQ: qmn slave idle   14                                            100.0
class slave wait              2  100.0
dispatcher timer              7                                            100.0
jobq slave wait             120                                      100.0
pmon timer                  138                                            100.0
rdbms ipc message          1754     .1                      .1    .1  24.0  75.8
shared server idle wait      52                                            100.0
smon timer                    3                                            100.0
          -------------------------------------------------------------

SQL ordered by CPU  DB/Inst: XE/XE  Snaps:   164-  165
-> Total DB CPU (s):             175
-> Captured SQL accounts for    3.3% of Total DB CPU
-> SQL reported below exceeded  1.0% of Total DB CPU

    CPU                  CPU per             Elapsd                     Old
  Time (s)   Executions  Exec (s)  %Total   Time (s)    Buffer Gets  Hash Value
---------- ------------ ---------- ------ ---------- --------------- ----------
      5.10    1,000,000       0.00    2.9      48.20       3,000,053 1575897368
Module: JDBC Thin Client
SELECT column_pk_int FROM million_rows_table WHERE column_pk_int
 = :1

          -------------------------------------------------------------
SQL ordered by Elapsed time for DB: XE  Instance: XE  Snaps:   164 -  165
-> Total DB Time (s):             175
-> Captured SQL accounts for   27.9% of Total DB Time
-> SQL reported below exceeded  1.0% of Total DB Time

  Elapsed                Elap per            CPU                        Old
  Time (s)   Executions  Exec (s)  %Total   Time (s)  Physical Reads Hash Value
---------- ------------ ---------- ------ ---------- --------------- ----------
     48.20    1,000,000       0.00   27.5       5.10           1,889 1575897368
Module: JDBC Thin Client
SELECT column_pk_int FROM million_rows_table WHERE column_pk_int
 = :1

          -------------------------------------------------------------
SQL ordered by Gets  DB/Inst: XE/XE  Snaps:   164-  165
-> End Buffer Gets Threshold:     10000 Total Buffer Gets:       3,014,691
-> Captured SQL accounts for   99.7% of Total Buffer Gets
-> SQL reported below exceeded  1.0% of Total Buffer Gets

                                                     CPU      Elapsd     Old
  Buffer Gets    Executions  Gets per Exec  %Total Time (s)  Time (s) Hash Value
--------------- ------------ -------------- ------ -------- --------- ----------
      3,000,053    1,000,000            3.0   99.5     5.10     48.20 1575897368
Module: JDBC Thin Client
SELECT column_pk_int FROM million_rows_table WHERE column_pk_int
 = :1

          -------------------------------------------------------------
SQL ordered by Reads  DB/Inst: XE/XE  Snaps:   164-  165
-> End Disk Reads Threshold:      1000  Total Disk Reads:           5,030
-> Captured SQL accounts for   40.7% of Total Disk Reads
-> SQL reported below exceeded  1.0% of Total Disk Reads

                                                     CPU      Elapsd
  Physical Rds   Executions  Rds per Exec   %Total Time (s)  Time (s) Hash Value
--------------- ------------ -------------- ------ -------- --------- ----------
          1,889    1,000,000            0.0   37.6     5.10     48.20 1575897368
Module: JDBC Thin Client
SELECT column_pk_int FROM million_rows_table WHERE column_pk_int
 = :1

            158            1          158.0    3.1     0.56      0.56 2522684317
Module: SQL*Plus
BEGIN statspack.snap; END;

          -------------------------------------------------------------
SQL ordered by Executions  DB/Inst: XE/XE  Snaps:   164-  165
-> End Executions Threshold:       100  Total Executions:       1,003,287
-> Captured SQL accounts for   99.8% of Total Executions
-> SQL reported below exceeded  1.0% of Total Executions

                                                CPU per    Elap per     Old
 Executions   Rows Processed   Rows per Exec    Exec (s)   Exec (s)  Hash Value
------------ --------------- ---------------- ----------- ---------- ----------
   1,000,000       1,000,000              1.0       0.00        0.00  1575897368
Module: JDBC Thin Client
SELECT column_pk_int FROM million_rows_table WHERE column_pk_int
 = :1

          -------------------------------------------------------------
SQL ordered by Parse Calls  DB/Inst: XE/XE  Snaps:   164-  165
-> End Parse Calls Threshold:      1000 Total Parse Calls:             785
-> Captured SQL accounts for   12.5% of Total Parse Calls
-> SQL reported below exceeded  1.0% of Total Parse Calls

                           % Total    Old
 Parse Calls   Executions   Parses Hash Value
------------ ------------ -------- ----------
          19           19     2.42 1198893840
select order#,columns,types from access$ where d_obj#=:1

          19           19     2.42 3285818817
select owner#,name,namespace,remoteowner,linkname,p_timestamp,p_
obj#, nvl(property,0),subname,type#,d_attrs from dependency$ d,
obj$ o where d_obj#=:1 and p_obj#=obj#(+) order by order#

          12          122     1.53 3694268570
select i.obj#,i.ts#,i.file#,i.block#,i.intcols,i.type#,i.flags,i
.property,i.pctfree$,i.initrans,i.maxtrans,i.blevel,i.leafcnt,i.
distkey,i.lblkkey,i.dblkkey,i.clufac,i.cols,i.analyzetime,i.samp
lesize,i.dataobj#,nvl(i.degree,1),nvl(i.instances,1),i.rowcnt,mo

          11          120     1.40 3047156589
select t.ts#,t.file#,t.block#,nvl(t.bobj#,0),nvl(t.tab#,0),t.int
cols,nvl(t.clucols,0),t.audit$,t.flags,t.pctfree$,t.pctused$,t.i
nitrans,t.maxtrans,t.rowcnt,t.blkcnt,t.empcnt,t.avgspc,t.chncnt,
t.avgrln,t.analyzetime,t.samplesize,t.cols,t.property,nvl(t.degr

          -------------------------------------------------------------
Instance Activity Stats  DB/Inst: XE/XE  Snaps:   164-  165

Statistic                                      Total     per Second    per Trans
--------------------------------- ------------------ -------------- ------------
Batched IO (bound) vector count                    7            0.0          3.5
Batched IO (full) vector count                    10            0.0          5.0
Batched IO block miss count                    1,699            4.1        849.5
Batched IO buffer defrag count                     7            0.0          3.5
Batched IO double miss count                       1            0.0          0.5
Batched IO same unit count                       105            0.3         52.5
Batched IO vector block count                  1,604            3.9        802.0
Batched IO vector read count                      18            0.0          9.0
Block Cleanout Optim referenced                    2            0.0          1.0
CCursor + sql area evicted                         0            0.0          0.0
CPU used by this session                       1,142            2.8        571.0
CPU used when call started                     1,139            2.7        569.5
CR blocks created                                  0            0.0          0.0
DB time                                       15,844           38.2      7,922.0
DBWR transaction table writes                      6            0.0          3.0
DBWR undo block writes                            63            0.2         31.5
HSC Heap Segment Block Changes                    77            0.2         38.5
Heap Segment Array Inserts                        63            0.2         31.5
Heap Segment Array Updates                         2            0.0          1.0
IMU Flushes                                        1            0.0          0.5
IMU Redo allocation size                      22,396           54.0     11,198.0
IMU commits                                        1            0.0          0.5
IMU undo allocation size                      16,208           39.1      8,104.0
RowCR attempts                                     1            0.0          0.5
RowCR hits                                         1            0.0          0.5
SQL*Net roundtrips to/from client          1,000,016        2,409.7    500,008.0
active txn count during cleanout                  40            0.1         20.0
background timeouts                            1,738            4.2        869.0
buffer is not pinned count                 1,013,249        2,441.6    506,624.5
buffer is pinned count                         2,695            6.5      1,347.5
bytes received via SQL*Net from c         59,984,667      144,541.4 ############
bytes sent via SQL*Net to client         117,982,326      284,294.8 ############
calls to get snapshot scn: kcmgss          1,003,306        2,417.6    501,653.0
calls to kcmgas                                   35            0.1         17.5
calls to kcmgcs                                  181            0.4         90.5
cell physical IO interconnect byt         52,875,264      127,410.3 ############
change write time                                  0            0.0          0.0
cleanout - number of ktugct calls                 45            0.1         22.5
cluster key scan block gets                      748            1.8        374.0
cluster key scans                                700            1.7        350.0
commit cleanout failures: callbac                  5            0.0          2.5
commit cleanouts                                 150            0.4         75.0
commit cleanouts successfully com                145            0.4         72.5
commit txn count during cleanout                  22            0.1         11.0
concurrency wait time                             15            0.0          7.5
consistent changes                                 0            0.0          0.0
consistent gets                            3,012,880        7,260.0  1,506,440.0
consistent gets - examination              3,004,507        7,239.8  1,502,253.5
consistent gets from cache                 3,012,880        7,260.0  1,506,440.0
consistent gets from cache (fastp              7,569           18.2      3,784.5
cursor authentications                            55            0.1         27.5
data blocks consistent reads - un                  0            0.0          0.0
db block changes                               1,411            3.4        705.5
db block gets                                  1,811            4.4        905.5
db block gets from cache                       1,811            4.4        905.5
db block gets from cache (fastpat                546            1.3        273.0
Instance Activity Stats  DB/Inst: XE/XE  Snaps:   164-  165

Statistic                                      Total     per Second    per Trans
--------------------------------- ------------------ -------------- ------------
deferred (CURRENT) block cleanout                 78            0.2         39.0
dirty buffers inspected                          138            0.3         69.0
enqueue conversions                               85            0.2         42.5
enqueue releases                               3,699            8.9      1,849.5
enqueue requests                               3,700            8.9      1,850.0
enqueue timeouts                                   1            0.0          0.5
enqueue waits                                      1            0.0          0.5
execute count                              1,003,287        2,417.6    501,643.5
file io service time                          20,759           50.0     10,379.5
file io wait time                          1,457,896        3,513.0    728,948.0
free buffer inspected                          1,960            4.7        980.0
free buffer requested                          5,277           12.7      2,638.5
heap block compress                                1            0.0          0.5
hot buffers moved to head of LRU                 228            0.6        114.0
immediate (CURRENT) block cleanou                 48            0.1         24.0
index crx upgrade (positioned)                     0            0.0          0.0
index fast full scans (full)                      21            0.1         10.5
index fetch by key                         1,003,027        2,416.9    501,513.5
index scans kdiixs1                            2,557            6.2      1,278.5
leaf node 90-10 splits                             2            0.0          1.0
leaf node splits                                  18            0.0          9.0
lob reads                                          0            0.0          0.0
logons cumulative                                  8            0.0          4.0
max cf enq hold time                               0            0.0          0.0
messages received                                 32            0.1         16.0
messages sent                                     32            0.1         16.0
min active SCN optimization appli          1,390,873        3,351.5    695,436.5
no work - consistent read gets                 7,912           19.1      3,956.0
non-idle wait count                        1,002,962        2,416.8    501,481.0
non-idle wait time                               995            2.4        497.5
opened cursors cumulative                      3,076            7.4      1,538.0
parse count (failures)                             0            0.0          0.0
parse count (hard)                               174            0.4         87.0
parse count (total)                              785            1.9        392.5
parse time cpu                                    45            0.1         22.5
parse time elapsed                                34            0.1         17.0
physical read IO requests                      3,898            9.4      1,949.0
physical read bytes                       41,205,760       99,291.0 ############
physical read total IO requests                4,314           10.4      2,157.0
physical read total bytes                 48,021,504      115,714.5 ############
physical read total multi block r                  9            0.0          4.5
physical reads                                 5,030           12.1      2,515.0
physical reads cache                           5,030           12.1      2,515.0
physical reads cache prefetch                  2,718            6.6      1,359.0
physical reads prefetch warmup                   594            1.4        297.0
physical write IO requests                       113            0.3         56.5
physical write bytes                       1,769,472        4,263.8    884,736.0
physical write total IO requests                 276            0.7        138.0
physical write total bytes                 4,853,760       11,695.8  2,426,880.0
physical write total multi block                   5            0.0          2.5
physical writes                                  216            0.5        108.0
physical writes from cache                       216            0.5        108.0
physical writes non checkpoint                   216            0.5        108.0
prefetch warmup blocks aged out b                  2            0.0          1.0
prefetch warmup blocks flushed ou                  0            0.0          0.0
process last non-idle time                       414            1.0        207.0
Instance Activity Stats  DB/Inst: XE/XE  Snaps:   164-  165

Statistic                                      Total     per Second    per Trans
--------------------------------- ------------------ -------------- ------------
recursive calls                               13,475           32.5      6,737.5
recursive cpu usage                              148            0.4         74.0
redo blocks checksummed by FG (ex              1,085            2.6        542.5
redo blocks written                            1,608            3.9        804.0
redo entries                                     788            1.9        394.0
redo size                                    759,652        1,830.5    379,826.0
redo synch long waits                              2            0.0          1.0
redo synch time                                    7            0.0          3.5
redo synch time (usec)                        74,512          179.6     37,256.0
redo synch writes                                  2            0.0          1.0
redo wastage                                   6,684           16.1      3,342.0
redo write time                                   52            0.1         26.0
redo writes                                       25            0.1         12.5
rollback changes - undo records a                  0            0.0          0.0
rollbacks only - consistent read                   0            0.0          0.0
rows fetched via callback                        145            0.4         72.5
session connect time                               0            0.0          0.0
session cursor cache hits                      3,328            8.0      1,664.0
session logical reads                      3,014,691        7,264.3  1,507,345.5
session pga memory                         2,966,272        7,147.6  1,483,136.0
session pga memory max                     6,177,536       14,885.6  3,088,768.0
session uga memory                     4,295,649,784   10,350,963.3 ############
session uga memory max                    13,337,672       32,139.0  6,668,836.0
shared hash latch upgrades - no w              2,319            5.6      1,159.5
sorts (memory)                                 1,189            2.9        594.5
sorts (rows)                                   9,545           23.0      4,772.5
sql area evicted                                   0            0.0          0.0
sql area purged                                    0            0.0          0.0
summed dirty queue length                        136            0.3         68.0
switch current to new buffer                       2            0.0          1.0
table fetch by rowid                           5,383           13.0      2,691.5
table fetch continued row                         35            0.1         17.5
table scan blocks gotten                         514            1.2        257.0
table scan rows gotten                        22,011           53.0     11,005.5
table scans (long tables)                          1            0.0          0.5
table scans (short tables)                        26            0.1         13.0
total cf enq hold time                             0            0.0          0.0
total number of cf enq holders                     0            0.0          0.0
total number of times SMON posted                  2            0.0          1.0
undo change vector size                      274,424          661.3    137,212.0
user I/O wait time                                34            0.1         17.0
user calls                                 1,000,042        2,409.7    500,021.0
user commits                                       2            0.0          1.0
workarea executions - optimal                    578            1.4        289.0
          -------------------------------------------------------------

Instance Activity Stats  DB/Inst: XE/XE  Snaps:   164-  165
-> Statistics with absolute values (should not be diffed)

Statistic                             Begin Value       End Value
--------------------------------- --------------- ---------------
logons current                                 22              25
opened cursors current                         31              32
session cursor cache count                    535             658
          -------------------------------------------------------------

Instance Activity Stats  DB/Inst: XE/XE  Snaps:   164-  165
-> Statistics identified by '(derived)' come from sources other than SYSSTAT

Statistic                                      Total  per Hour
--------------------------------- ------------------ ---------
log switches (derived)                             0       .00
          -------------------------------------------------------------

OS Statistics  DB/Inst: XE/XE  Snaps:   164-  165
-> ordered by statistic type (CPU use, Virtual Memory, Hardware Config), Name

Statistic                                  Total
------------------------- ----------------------
BUSY_TIME                                 17,442
IDLE_TIME                                 61,620
IOWAIT_TIME                                  238
SYS_TIME                                   4,862
USER_TIME                                 12,571
VM_IN_BYTES                              581,632
VM_OUT_BYTES                           6,365,184
PHYSICAL_MEMORY_BYTES              1,018,376,192
NUM_CPUS                                       2
NUM_CPU_CORES                                  2
NUM_CPU_SOCKETS                                1
GLOBAL_RECEIVE_SIZE_MAX                  229,376
GLOBAL_SEND_SIZE_MAX                     229,376
TCP_RECEIVE_SIZE_DEFAULT                  87,380
TCP_RECEIVE_SIZE_MAX                   3,895,296
TCP_RECEIVE_SIZE_MIN                       4,096
TCP_SEND_SIZE_DEFAULT                     16,384
TCP_SEND_SIZE_MAX                      3,895,296
TCP_SEND_SIZE_MIN                          4,096
          -------------------------------------------------------------

OS Statistics - detail  DB/Inst: XE/XE  Snaps:   164-  165

  Snap Snapshot
    Id Day Time          Load  %Busy  %User %System   %WIO  %WCPU
------ --------------- ------ ------ ------ ------- ------ ------
   164 土 04 18:37:46      .1
   165 土 04 18:44:41      .0   22.1   15.9     6.1    0.3
          -------------------------------------------------------------
IO Stat by Function - summary  DB/Inst: XE/XE  Snaps:   164-  165
->Data Volume values suffixed with   M,G,T,P are in multiples of 1024,
  other values suffixed with       K,M,G,T,P are in multiples of 1000
->ordered by Data Volume (Read+Write) desc

               ---------- Read --------- --------- Write -------- --- Wait ----
                 Data  Requests    Data   Data  Requests    Data          Avg
Function        Volume     /sec  Vol/sec Volume     /sec  Vol/sec  Count Tm(ms)
--------------- ------ -------- -------- ------ -------- -------- ------ ------
Buffer Cache Re    42M     9.8       .1M                           2490     0.0
Others              6M     1.0       .0M     2M      .3       .0M   686     0.0
          -------------------------------------------------------------

IO Stat by Function - detail  DB/Inst: XE/XE  Snaps:   164-  165
->ordered by Data Volume (Read+Write) desc

                   ----------- Read ---------- ----------- Write ---------
                    Small  Large  Small  Large  Small  Large  Small  Large
                     Read   Read   Data   Data  Write  Write   Data   Data
Function             Reqs   Reqs   Read   Read   Reqs   Reqs  Writn  Writn
------------------ ------ ------ ------ ------ ------ ------ ------ ------
Buffer Cache Reads  4049      9     39M     3M
Others               412             6M          138             2M
          -------------------------------------------------------------
Tablespace IO Stats  DB/Inst: XE/XE  Snaps:   164-  165
->ordered by IOs (Reads + Writes) desc

Tablespace
------------------------------
                 Av      Av     Av                    Av        Buffer Av Buf
         Reads Reads/s Rd(ms) Blks/Rd       Writes Writes/s      Waits Wt(ms)
-------------- ------- ------ ------- ------------ -------- ---------- ------
SYSTEM
         2,206       5    0.0     1.1            2        0          0    0.0
USERS
         1,471       4    0.1     1.3            0        0          0    0.0
SYSAUX
           340       1    0.7     2.5           95        0          0    0.0
UNDOTBS1
            20       0    0.0     1.0           16        0          0    0.0
          -------------------------------------------------------------
File IO Stats  DB/Inst: XE/XE  Snaps:   164-  165
->Mx Rd Bkt: Max bucket time for single block read
->ordered by Tablespace, File

Tablespace               Filename
------------------------ ----------------------------------------------------
                        Av   Mx                                             Av
                 Av     Rd   Rd    Av                    Av        Buffer BufWt
         Reads Reads/s (ms)  Bkt Blks/Rd       Writes Writes/s      Waits  (ms)
-------------- ------- ----- --- ------- ------------ -------- ---------- ------
SYSAUX                   /u01/app/oracle/oradata/XE/sysaux.dbf
           340       1   0.7  64     2.5           95        0          0

SYSTEM                   /u01/app/oracle/oradata/XE/system.dbf
         2,206       5   0.0   1     1.1            2        0          0

UNDOTBS1                 /u01/app/oracle/oradata/XE/undotbs1.dbf
            20       0   0.0   1     1.0           16        0          0

USERS                    /u01/app/oracle/oradata/XE/users.dbf
         1,471       4   0.1   1     1.3            0        0          0

          -------------------------------------------------------------
File Read Histogram Stats  DB/Inst: XE/XE  Snaps:   164-  165
->Number of single block reads in each time range
->Tempfiles are not included
->ordered by Tablespace, File

Tablespace               Filename
------------------------ ----------------------------------------------------
    0 - 2 ms     2 - 4 ms    4 - 8 ms     8 - 16 ms   16 - 32 ms       32+ ms
------------ ------------ ------------ ------------ ------------ ------------
USERS                    /u01/app/oracle/oradata/XE/users.dbf
       1,350            0            0            0            0            0

SYSAUX                   /u01/app/oracle/oradata/XE/sysaux.dbf
         264            1            2            1            0            1

UNDOTBS1                 /u01/app/oracle/oradata/XE/undotbs1.dbf
          20            0            0            0            0            0

SYSTEM                   /u01/app/oracle/oradata/XE/system.dbf
       2,139            0            0            0            0            0

          -------------------------------------------------------------
Instance Recovery Stats  DB/Inst: XE/XE  Snaps:   164-  165
-> B: Begin snapshot,  E: End snapshot

  Targt Estd                                  Log File  Log Ckpt    Log Ckpt
  MTTR  MTTR   Recovery   Actual    Target      Size     Timeout    Interval
   (s)   (s)   Estd IOs  Redo Blks Redo Blks Redo Blks  Redo Blks  Redo Blks
- ----- ----- ---------- --------- --------- ---------- --------- ------------
B     0     0        252         3     82944      82944
E     0     0        238      1607     82944      82944
          -------------------------------------------------------------
Memory Target Advice  DB/Inst: XE/XE  Snaps:   164-  165
-> Advice Reset: if this is null, the data shown has been diffed between
   the Begin and End snapshots.  If this is 'Y', the advisor has been
   reset during this interval due to memory resize operations, and
   the data shown is since the reset operation.

                Memory Size     Est.     Advice
Memory Size (M)      Factor DB time (s)  Reset
--------------- ----------- ------------ ------
            194          .5          178
            291          .8          177
            388         1.0          177
            485         1.3          177
            582         1.5          177
            679         1.8          177
            776         2.0          177
          -------------------------------------------------------------

Memory Dynamic Components  DB/Inst: XE/XE  Snaps:   164-  165
->  Op - memory resize Operation
->  Cache:    D: Default,  K: Keep,  R:  Recycle
->   Mode:  DEF: DEFerred mode,  IMM: IMMediate mode

                       Begin Snap End Snap   Op    Last Op
Cache                    Size (M) Size (M)  Count  Type/Mode   Last Op Time
---------------------- ---------- -------- ------- ---------- ---------------
D:buffer cache                 44                0 INITIA/
PGA Target                    132                0 STATIC
SGA Target                    256                0 STATIC
java pool                       4                0 STATIC
large pool                      4                0 STATIC
shared pool                   192                0 STATIC
          -------------------------------------------------------------

Buffer Pool Advisory  DB/Inst: XE/XE  End Snap:   165
-> Only rows with estimated physical reads >0 are displayed
-> ordered by Pool, Block Size, Buffers For Estimate

                                   Est
                                  Phys      Estimated                   Est
    Size for  Size      Buffers   Read     Phys Reads     Est Phys % dbtime
P    Est (M) Factr  (thousands)  Factr    (thousands)    Read Time  for Rds
--- -------- ----- ------------ ------ -------------- ------------ --------
D          4    .1            0    1.3             14            0       .0
D          8    .2            1    1.2             13            0       .0
D         12    .3            1    1.1             12            0       .0
D         16    .4            2    1.1             12            0       .0
D         20    .5            2    1.1             12            0       .0
D         24    .5            3    1.1             11            0       .0
D         28    .6            3    1.1             11            0       .0
D         32    .7            4    1.0             11            0       .0
D         36    .8            4    1.0             11            0       .0
D         40    .9            5    1.0             11            0       .0
D         44   1.0            5    1.0             11            0       .0
D         48   1.1            6    1.0             11            0       .0
D         52   1.2            6    1.0             11            0       .0
D         56   1.3            7    1.0             11            0       .0
D         60   1.4            7    1.0             11            0       .0
D         64   1.5            8    1.0             11            0       .0
D         68   1.5            8    1.0             11            0       .0
D         72   1.6            9    1.0             11            0       .0
D         76   1.7            9    1.0             11            0       .0
D         80   1.8           10    1.0             11            0       .0
          -------------------------------------------------------------

Buffer Pool Statistics  DB/Inst: XE/XE  Snaps:   164-  165
-> Standard block size Pools  D: default,  K: keep,  R: recycle
-> Default Pools for other block sizes: 2k, 4k, 8k, 16k, 32k
-> Buffers: the number of buffers.  Units of K, M, G are divided by 1000

                                                            Free Writ     Buffer
            Pool         Buffer     Physical    Physical  Buffer Comp       Busy
P   Buffers Hit%           Gets        Reads      Writes   Waits Wait      Waits
--- ------- ---- -------------- ------------ ----------- ------- ---- ----------
D     5401   100      3,016,224        5,213         216       0    0          0
          -------------------------------------------------------------
PGA Aggr Target Stats  DB/Inst: XE/XE  Snaps:   164-  165
-> B: Begin snap   E: End snap (rows identified with B or E contain data
   which is absolute i.e. not diffed over the interval)
-> PGA cache hit % - percentage of W/A (WorkArea) data processed only in-memory
-> Auto PGA Target - actual workarea memory target
-> W/A PGA Used    - amount of memory used for all WorkAreas (manual + auto)
-> %PGA W/A Mem    - percentage of PGA memory allocated to WorkAreas
-> %Auto W/A Mem   - percentage of WorkArea memory controlled by Auto Mem Mgmt
-> %Man W/A Mem    - percentage of WorkArea memory under Manual control

PGA Cache Hit % W/A MB Processed Extra W/A MB Read/Written
--------------- ---------------- -------------------------
          100.0               22                         0

PGA Aggr Target Histogram  DB/Inst: XE/XE  Snaps:   164-  165
-> Optimal Executions are purely in-memory operations

    Low    High
Optimal Optimal    Total Execs Optimal Execs 1-Pass Execs M-Pass Execs
------- ------- -------------- ------------- ------------ ------------
     2K      4K            403           403            0            0
    64K    128K              3             3            0            0
   512K   1024K             14            14            0            0
     4M      8M              2             2            0            0
          -------------------------------------------------------------

PGA Memory Advisory  DB/Inst: XE/XE  End Snap:   165
-> When using Auto Memory Mgmt, minimally choose a pga_aggregate_target value
   where Estd PGA Overalloc Count is 0

                                   Estd Extra                Estd
  PGA Aggr                           W/A MB      Estd Time    PGA   Estd PGA
    Target   Size         W/A MB  Read/Written  to Process  Cache  Overalloc
  Est (MB)  Factr      Processed    to Disk      Bytes (s)  Hit %      Count
---------- ------ -------------- -------------- ---------- ------ ----------
        17    0.1             59              0        0.0  100.0          1
        33    0.3             59              0        0.0  100.0          1
        66    0.5             59              0        0.0  100.0          0
        99    0.8             59              0        0.0  100.0          0
       132    1.0             59              0        0.0  100.0          0
       158    1.2             59              0        0.0  100.0          0
       185    1.4             59              0        0.0  100.0          0
       211    1.6             59              0        0.0  100.0          0
       238    1.8             59              0        0.0  100.0          0
       264    2.0             59              0        0.0  100.0          0
       396    3.0             59              0        0.0  100.0          0
       528    4.0             59              0        0.0  100.0          0
       792    6.0             59              0        0.0  100.0          0
     1,056    8.0             59              0        0.0  100.0          0
          -------------------------------------------------------------
Process Memory Summary Stats  DB/Inst: XE/XE  Snaps:   164-  165
-> B: Begin snap   E: End snap
-> All rows below contain absolute values (i.e. not diffed over the interval)
-> Max Alloc is Maximum PGA Allocation size at snapshot time
   Hist Max Alloc is the Historical Max Allocation for still-connected processes
-> Num Procs or Allocs:  For Begin/End snapshot lines, it is the number of
   processes. For Category lines, it is the number of allocations
-> ordered by Begin/End snapshot, Alloc (MB) desc

                                                                  Hist   Num
                                          Avg    Std Dev   Max    Max   Procs
             Alloc     Used    Freeabl   Alloc    Alloc   Alloc  Alloc    or
  Category   (MB)      (MB)      (MB)     (MB)    (MB)    (MB)    (MB)  Allocs
- -------- --------- --------- -------- -------- ------- ------- ------ ------
B --------      63.8      40.5     14.8      2.3     2.8      12     12     28
  Other         47.6                         1.7     2.3      11     11     28
  Freeable      14.8        .0               2.1     2.4       6             7
  SQL             .8        .1                .1      .1       0      6      9
  PL/SQL          .6        .5                .0      .1       0      0     23
E --------      65.1      41.5     17.6      2.2     2.7      12     12     30
  Other         46.3                         1.5     2.2      11     11     30
  Freeable      17.6        .0               2.5     2.4       6             7
  PL/SQL          .6        .5                .0      .1       0      0     25
  SQL             .5        .1                .0      .1       0      6      9
          -------------------------------------------------------------

Top Process Memory (by component)  DB/Inst: XE/XE  Snaps:   164-  165
-> ordered by Begin/End snapshot, Alloc (MB) desc

                        Alloc   Used   Freeabl     Max      Hist Max
     PId Category       (MB)    (MB)     (MB)   Alloc (MB) Alloc (MB)
- ------ ------------- ------- ------- -------- ---------- ----------
B     11 LGWR --------    11.6    10.8       .1       11.6       11.6
         Other            11.4                        11.4       11.5
         Freeable           .1      .0                  .1
         PL/SQL             .0      .0                  .0         .0
      26 TNS V1-V3 ---     8.8     2.1      6.1        8.8        8.8
         Freeable          6.1      .0                 6.1
         Other             2.4                         2.4        2.4
         PL/SQL             .2      .2                  .2         .2
         SQL                .2      .0                  .2        5.9
      10 DBW0 --------     6.7     6.5       .0        6.7        6.7
         Other             6.7                         6.7        6.7
         PL/SQL             .0      .0                  .0         .0
      25 CJQ0 --------     6.5     1.3      5.0        6.5        6.5
         Freeable          5.0      .0                 5.0
         Other             1.4                         1.4        1.4
         SQL                .1      .0                  .1        1.9
         PL/SQL             .0      .0                  .0         .0
      13 SMON --------     4.8     1.0      1.0        4.8        4.8
         Other             3.6                         3.6        3.6
         Freeable          1.0      .0                 1.0
         SQL                .1      .1                  .1        2.1
         PL/SQL             .0      .0                  .0         .0
      15 MMON --------     3.8     2.0      1.4        3.8        3.8
         Other             2.1                         2.1        2.1
         Freeable          1.4      .0                 1.4
         SQL                .2      .0                  .2         .8
         PL/SQL             .1      .1                  .1         .1
      22  ------------     2.6     1.4       .9        2.6        6.1
         Other             1.6                         1.6        3.0
         Freeable           .9      .0                  .9
         SQL                .2      .0                  .2        2.2
         PL/SQL             .0      .0                  .0         .0
      27 Q000 --------     1.6     1.1       .3        1.6        1.6
         Other             1.0                         1.0        1.0
         Freeable           .3      .0                  .3
         PL/SQL             .2      .2                  .2         .2
         SQL                .0      .0                  .0         .2
      17 D000 --------     1.3     1.2       .0        1.3        1.3
         Other             1.3                         1.3        1.3
       8 DIA0 --------     1.2     1.0       .0        1.2        1.2
         Other             1.2                         1.2        1.2
         PL/SQL             .0      .0                  .0         .0
      14 RECO --------     1.1      .8       .0        1.1        1.1
         Other             1.0                         1.0        1.0
         SQL                .0      .0                  .0         .1
         PL/SQL             .0      .0                  .0         .0
      12 CKPT --------     1.0      .8       .0        1.0        1.0
         Other             1.0                         1.0        1.0
         PL/SQL             .0      .0                  .0         .0
       7 DBRM --------     1.0      .8       .0        1.0        1.0
         Other             1.0                         1.0        1.0
         SQL                .0      .0                  .0         .1
         PL/SQL             .0      .0                  .0         .0

Top Process Memory (by component)  DB/Inst: XE/XE  Snaps:   164-  165
-> ordered by Begin/End snapshot, Alloc (MB) desc

                        Alloc   Used   Freeabl     Max      Hist Max
     PId Category       (MB)    (MB)     (MB)   Alloc (MB) Alloc (MB)
- ------ ------------- ------- ------- -------- ---------- ----------
E     11 LGWR --------    11.6    10.8       .1       11.6       11.6
         Other            11.4                        11.4       11.5
         Freeable           .1      .0                  .1
         PL/SQL             .0      .0                  .0         .0
      26 TNS V1-V3 ---     8.1     1.4      6.3        8.1        8.1
         Freeable          6.3      .0                 6.3
         Other             1.6                         1.6        1.6
         PL/SQL             .2      .2                  .2         .2
         SQL                .1      .1                  .1        6.3
      10 DBW0 --------     6.7     6.5       .0        6.7        6.7
         Other             6.7                         6.7        6.7
         PL/SQL             .0      .0                  .0         .0
      25 CJQ0 --------     6.5     1.3      5.0        6.5        6.5
         Freeable          5.0      .0                 5.0
         Other             1.5                         1.5        1.5
         SQL                .1      .0                  .1        1.9
         PL/SQL             .0      .0                  .0         .0
      13 SMON --------     4.8     1.0      3.3        4.8        4.8
         Freeable          3.3      .0                 3.3
         Other             1.4                         1.4        1.4
         SQL                .1      .0                  .1        2.1
         PL/SQL             .0      .0                  .0         .0
      15 MMON --------     3.8     1.9      1.7        3.8        3.8
         Other             2.0                         2.0        2.0
         Freeable          1.7      .0                 1.7
         PL/SQL             .1      .1                  .1         .1
         SQL                .1      .0                  .1         .8
      22  ------------     2.6     1.4       .9        2.6        6.1
         Other             1.6                         1.6        3.0
         Freeable           .9      .0                  .9
         SQL                .2      .0                  .2        2.2
         PL/SQL             .0      .0                  .0         .0
      27 Q000 --------     1.6     1.1       .3        1.6        1.6
         Other             1.0                         1.0        1.0
         Freeable           .3      .0                  .3
         PL/SQL             .2      .2                  .2         .2
         SQL                .0      .0                  .0         .2
      17 D000 --------     1.3     1.2       .0        1.3        1.3
         Other             1.3                         1.3        1.3
       8 DIA0 --------     1.2     1.0       .0        1.2        1.2
         Other             1.2                         1.2        1.2
         PL/SQL             .0      .0                  .0         .0
      14 RECO --------     1.1      .8       .0        1.1        1.1
         Other             1.0                         1.0        1.0
         SQL                .0      .0                  .0         .1
         PL/SQL             .0      .0                  .0         .0
      30 W000 --------     1.1      .9       .0        1.1        1.1
         Other             1.1                         1.1        1.1
         SQL                .0      .0                  .0         .0
         PL/SQL             .0      .0                  .0         .0
      12 CKPT --------     1.0      .8       .0        1.0        1.0
         Other             1.0                         1.0        1.0
         PL/SQL             .0      .0                  .0         .0

Top Process Memory (by component)  DB/Inst: XE/XE  Snaps:   164-  165
-> ordered by Begin/End snapshot, Alloc (MB) desc

                        Alloc   Used   Freeabl     Max      Hist Max
     PId Category       (MB)    (MB)     (MB)   Alloc (MB) Alloc (MB)
- ------ ------------- ------- ------- -------- ---------- ----------
E      7 DBRM --------     1.0      .8       .0        1.0        1.0
         Other             1.0                         1.0        1.0
         PL/SQL             .0      .0                  .0         .0
         SQL                .0      .0                  .0         .1
          -------------------------------------------------------------
Enqueue activity  DB/Inst: XE/XE  Snaps:   164-  165
-> only enqueues with waits are shown
-> Enqueue stats gathered prior to 10g should not be compared with 10g data
-> ordered by Wait Time desc, Waits desc

Enqueue Type (Request Reason)
------------------------------------------------------------------------------
    Requests    Succ Gets Failed Gets       Waits Wt Time (s)  Av Wt Time(ms)
------------ ------------ ----------- ----------- ------------ --------------
JS-Job Scheduler (queue lock)
       1,538        1,538           0           1            0          20.00
          -------------------------------------------------------------

Latch Activity  DB/Inst: XE/XE  Snaps:   164-  165
->"Get Requests", "Pct Get Miss" and "Avg Slps/Miss" are statistics for
  willing-to-wait latch get requests
->"NoWait Requests", "Pct NoWait Miss" are for no-wait latch get requests
->"Pct Misses" for both should be very close to 0.0

                                           Pct    Avg   Wait                 Pct
                              Get          Get   Slps   Time       NoWait NoWait
Latch                       Requests      Miss  /Miss    (s)     Requests   Miss
------------------------ -------------- ------ ------ ------ ------------ ------
AQ deq hash table latch               1    0.0             0            0
ASM db client latch                 274    0.0             0            0
ASM map operation hash t              1    0.0             0            0
ASM network state latch               6    0.0             0            0
Change Notification Hash            138    0.0             0            0
Consistent RBA                       25    0.0             0            0
DML lock allocation                 168    0.0             0            0
Event Group Locks                     8    0.0             0            0
FOB s.o list latch                   19    0.0             0            0
File State Object Pool P              1    0.0             0            0
I/O Staticstics latch                 1    0.0             0            0
IPC stats buffer allocat              1    0.0             0            0
In memory undo latch                185    0.0             0           88    0.0
JS Sh mem access                      3    0.0             0            0
JS broadcast autostart l              1    0.0             0            0
JS mem alloc latch                    2    0.0             0            0
JS queue access latch                 3    0.0             0            0
JS queue state obj latch          3,076    0.0             0            0
JS slv state obj latch                5    0.0             0            0
KFC FX Hash Latch                     1    0.0             0            0
KFC Hash Latch                        1    0.0             0            0
KFCL LE Freelist                      1    0.0             0            0
KGNFS-NFS:SHM structure               1    0.0             0            0
KGNFS-NFS:SVR LIST                    1    0.0             0            0
KJC message pool free li              1    0.0             0            0
KJCT flow control latch               1    0.0             0            0
KMG MMAN ready and start            138    0.0             0            0
KTF sga latch                         3    0.0             0          130    0.0
KWQP Prop Status                      1    0.0             0            0
Locator state objects po              1    0.0             0            0
Lsod array latch                      1    0.0             0            0
MQL Tracking Latch                    0                    0            8    0.0
Memory Management Latch               1    0.0             0          138    0.0
Memory Queue                          1    0.0             0            0
Memory Queue Message Sub              1    0.0             0            0
Memory Queue Message Sub              1    0.0             0            0
Memory Queue Message Sub              1    0.0             0            0
Memory Queue Message Sub              1    0.0             0            0
Memory Queue Subscriber               1    0.0             0            0
MinActiveScn Latch                    6    0.0             0            0
Mutex                                 1    0.0             0            0
Mutex Stats                           1    0.0             0            0
OS process                           43    0.0             0            0
OS process allocation               855    0.0             0            0
OS process: request allo             11    0.0             0            0
PL/SQL warning settings              11    0.0             0            0
PX hash array latch                   1    0.0             0            0
QMT                                   1    0.0             0            0
SGA blob parent                       1    0.0             0            0
SGA bucket locks                      1    0.0             0            0
Latch Activity  DB/Inst: XE/XE  Snaps:   164-  165
->"Get Requests", "Pct Get Miss" and "Avg Slps/Miss" are statistics for
  willing-to-wait latch get requests
->"NoWait Requests", "Pct NoWait Miss" are for no-wait latch get requests
->"Pct Misses" for both should be very close to 0.0

                                           Pct    Avg   Wait                 Pct
                              Get          Get   Slps   Time       NoWait NoWait
Latch                       Requests      Miss  /Miss    (s)     Requests   Miss
------------------------ -------------- ------ ------ ------ ------------ ------
SGA heap locks                        1    0.0             0            0
SGA pool locks                        1    0.0             0            0
SQL memory manager latch             14    0.0             0          137    0.0
SQL memory manager worka          9,400    0.0             0            0
Shared B-Tree                        18    0.0             0            0
Streams Generic                       1    0.0             0            0
Testing                               1    0.0             0            0
Token Manager                         1    0.0             0            0
WCR: sync                             1    0.0             0            0
Write State Object Pool               1    0.0             0            0
XDB NFS Security Latch                1    0.0             0            0
XDB unused session pool               1    0.0             0            0
XDB used session pool                 1    0.0             0            0
active checkpoint queue             154    0.0             0            0
active service list                 827    0.0             0          155    0.0
buffer pool                           1    0.0             0            0
business card                         1    0.0             0            0
cache buffer handles                 77    0.0             0            0
cache buffers chains          3,036,333    0.0             0        9,235    0.0
cache buffers lru chain           1,420    0.1    0.0      0        6,926    0.0
cache table scan latch               77    0.0             0           77    0.0
call allocation                     419    0.0             0            0
cas latch                             1    0.0             0            0
change notification clie              1    0.0             0            0
channel handle pool latc             17    0.0             0            0
channel operations paren          2,253    0.0             0            0
checkpoint queue latch            4,603    0.0             0          262    0.0
client/application info              34    0.0             0            0
compile environment latc              8    0.0             0            0
cp cmon/server latch                  1    0.0             0            0
cp pool latch                         1    0.0             0            0
cp server hash latch                  1    0.0             0            0
cp sga latch                          6    0.0             0            0
cvmap freelist lock                   1    0.0             0            0
deferred cleanup latch                6    0.0             0            0
dml lock allocation                   6    0.0             0            0
done queue latch                      1    0.0             0            0
dummy allocation                     14    0.0             0            0
enqueue hash chains               7,464    0.0             0            0
enqueues                          7,174    0.0             0            0
fifth spare latch                     1    0.0             0            0
flashback copy                        1    0.0             0            0
fourth Audit Vault latch              1    0.0             0            0
gc element                            1    0.0             0            0
gcs commit scn state                  1    0.0             0            0
gcs partitioned table ha              1    0.0             0            0
gcs pcm hashed value buc              1    0.0             0            0
gcs resource freelist                 1    0.0             0            0
gcs resource hash                     1    0.0             0            0
gcs resource scan list                1    0.0             0            0
Latch Activity  DB/Inst: XE/XE  Snaps:   164-  165
->"Get Requests", "Pct Get Miss" and "Avg Slps/Miss" are statistics for
  willing-to-wait latch get requests
->"NoWait Requests", "Pct NoWait Miss" are for no-wait latch get requests
->"Pct Misses" for both should be very close to 0.0

                                           Pct    Avg   Wait                 Pct
                              Get          Get   Slps   Time       NoWait NoWait
Latch                       Requests      Miss  /Miss    (s)     Requests   Miss
------------------------ -------------- ------ ------ ------ ------------ ------
gcs shadows freelist                  1    0.0             0            0
ges domain table                      1    0.0             0            0
ges enqueue table freeli              1    0.0             0            0
ges group table                       1    0.0             0            0
ges process hash list                 1    0.0             0            0
ges process parent latch              1    0.0             0            0
ges resource hash list                1    0.0             0            0
ges resource scan list                1    0.0             0            0
ges resource table freel              1    0.0             0            0
ges value block free lis              1    0.0             0            0
global KZLD latch for me              2    0.0             0            0
global tx hash mapping                1    0.0             0            0
granule operation                     1    0.0             0            0
hash table column usage               0                    0        6,756    0.0
hash table modification               2    0.0             0            0
heartbeat check                       1    0.0             0            0
intra txn parallel recov              1    0.0             0            0
io pool granule metadata              1    0.0             0            0
job workq parent latch                2    0.0             0            1    0.0
job_queue_processes free              4    0.0             0            0
job_queue_processes para             92    0.0             0            0
k2q lock allocation                   1    0.0             0            0
kdlx hb parent latch                  1    0.0             0            0
kgb parent                            1    0.0             0            0
kgnfs mount latch                     1    0.0             0            0
ksfv messages                         1    0.0             0            0
ksim group membership ca              1    0.0             0            0
kss move lock                         5    0.0             0            0
ksuosstats global area               22    0.0             0            0
ksv allocation latch                 12    0.0             0            0
ksv class latch                       5    0.0             0            0
ksv instance latch                    1    0.0             0            0
ksv msg queue latch                   1    0.0             0            0
ksz_so allocation latch              11    0.0             0            0
ktm global data                       7    0.0             0            0
kwqbsn:qsga                          17    0.0             0            0
lgwr LWN SCN                        141    0.0             0            0
list of block allocation             14    0.0             0            0
lob segment dispenser la              1    0.0             0            0
lob segment hash table l              3    0.0             0            0
lob segment query latch               1    0.0             0            0
lock DBA buffer during m              1    0.0             0            0
logical standby cache                 1    0.0             0            0
logminer context allocat              1    0.0             0            0
logminer work area                    1    0.0             0            0
longop free list parent               1    0.0             0            0
mapped buffers lru chain              1    0.0             0            0
message pool operations               5    0.0             0            0
messages                          3,560    0.0             0            0
mostly latch-free SCN               143    0.7    0.0      0            0
Latch Activity  DB/Inst: XE/XE  Snaps:   164-  165
->"Get Requests", "Pct Get Miss" and "Avg Slps/Miss" are statistics for
  willing-to-wait latch get requests
->"NoWait Requests", "Pct NoWait Miss" are for no-wait latch get requests
->"Pct Misses" for both should be very close to 0.0

                                           Pct    Avg   Wait                 Pct
                              Get          Get   Slps   Time       NoWait NoWait
Latch                       Requests      Miss  /Miss    (s)     Requests   Miss
------------------------ -------------- ------ ------ ------ ------------ ------
msg queue latch                       1    0.0             0            0
multiblock read objects             518    0.2    0.0      0            0
name-service namespace b              1    0.0             0            0
ncodef allocation latch               6    0.0             0            0
object queue header heap            468    0.0             0           45    0.0
object queue header oper          7,171    0.0             0            0
object stats modificatio             94    0.0             0            0
parallel query alloc buf             53    0.0             0            0
parallel query stats                  1    0.0             0            0
parameter list                        4    0.0             0            0
parameter table manageme             47    0.0             0            0
peshm                                 1    0.0             0            0
pesom_free_list                       1    0.0             0            0
pesom_hash_node                       1    0.0             0            0
post/wait queue                       4    0.0             0            2    0.0
process allocation                   16    0.0             0            7    0.0
process group creation               11    0.0             0            0
process queue                         1    0.0             0            0
process queue reference               1    0.0             0            0
qmn task queue latch                 56    0.0             0            0
query server freelists                1    0.0             0            0
queued dump request                   1    0.0             0            0
queuing load statistics               1    0.0             0            0
recovery domain hash lis              1    0.0             0            0
redo allocation                   1,130    0.0             0            0
redo copy                             1    0.0             0          787    0.0
redo writing                        504    0.0             0            0
resmgr group change latc              5    0.0             0            0
resmgr:active threads                99    0.0             0          148    0.0
resmgr:actses change gro              7    0.0             0            0
resmgr:actses change sta              1    0.0             0            0
resmgr:free threads list             13    0.0             0            0
resmgr:plan CPU method                1    0.0             0            0
resmgr:resource group CP             29    0.0             0            0
resmgr:schema config                 86    0.0             0            5    0.0
resmgr:session queuing                1    0.0             0            0
rm cas latch                          1    0.0             0            0
row cache objects                25,336    0.0    0.0      0            0
rules engine rule set st            100    0.0             0            0
second Audit Vault latch              1    0.0             0            0
second spare latch                    1    0.0             0            0
sequence cache                       17    0.0             0            0
session allocation                   37    0.0             0           30    0.0
session idle bit              2,000,103    0.0             0            0
session queue latch                   1    0.0             0            0
session state list latch             22    0.0             0            0
session switching                    27    0.0             0            0
session timer                       138    0.0             0            0
shared pool                   1,017,709    0.0    0.0      0            0
shared pool sim alloc                 3    0.0             0            0
Latch Activity  DB/Inst: XE/XE  Snaps:   164-  165
->"Get Requests", "Pct Get Miss" and "Avg Slps/Miss" are statistics for
  willing-to-wait latch get requests
->"NoWait Requests", "Pct NoWait Miss" are for no-wait latch get requests
->"Pct Misses" for both should be very close to 0.0

                                           Pct    Avg   Wait                 Pct
                              Get          Get   Slps   Time       NoWait NoWait
Latch                       Requests      Miss  /Miss    (s)     Requests   Miss
------------------------ -------------- ------ ------ ------ ------------ ------
shared pool simulator             1,019    0.0             0            0
sim partition latch                   1    0.0             0            0
simulator hash latch             66,636    0.0             0            0
simulator lru latch                   1    0.0             0       66,135    0.0
sort extent pool                      8    0.0             0            0
space background state o              3    0.0             0            0
space background task la            356    0.0             0          274    0.0
tablespace key chain                  1    0.0             0            0
test excl. parent l0                  1    0.0             0            0
test excl. parent2 l0                 1    0.0             0            0
third spare latch                     1    0.0             0            0
threshold alerts latch                7    0.0             0            0
trace latch                           4    0.0             0            0
transaction allocation               12    0.0             0            0
undo global data                    227    0.0             0            0
virtual circuit buffers               1    0.0             0            0
virtual circuit holder                1    0.0             0            0
virtual circuit queues                1    0.0             0            0
          -------------------------------------------------------------
Latch Sleep breakdown  DB/Inst: XE/XE  Snaps:   164-  165
-> ordered by misses desc

                                       Get                                 Spin
Latch Name                        Requests       Misses      Sleeps        Gets
-------------------------- --------------- ------------ ----------- -----------
shared pool                      1,017,709           89           3          86
          -------------------------------------------------------------
Latch Miss Sources  DB/Inst: XE/XE  Snaps:   164-  165
-> only latches with sleeps are shown
-> ordered by name, sleeps desc

                                                     NoWait              Waiter
Latch Name               Where                       Misses     Sleeps   Sleeps
------------------------ -------------------------- ------- ---------- --------
shared pool              kghalo                           0          1        0
shared pool              kghupr1                          0          1        3
shared pool              kghalp                           0          1        0
          -------------------------------------------------------------
Dictionary Cache Stats  DB/Inst: XE/XE  Snaps:   164-  165
->"Pct Misses"  should be very low (< 2% in most cases)
->"Final Usage" is the number of cache entries being used in End Snapshot

                                   Get    Pct    Scan   Pct      Mod      Final
Cache                         Requests   Miss    Reqs  Miss     Reqs      Usage
------------------------- ------------ ------ ------- ----- -------- ----------
dc_awr_control                       7   14.3       0              0          1
dc_histogram_data                  698   55.7       0              0        852
dc_histogram_defs                2,050   54.4       0              0      1,854
dc_object_grants                     8    0.0       0              0          8
dc_objects                       1,447   18.1       0              1        602
dc_profiles                          4    0.0       0              0          1
dc_rollback_segments               108    0.0       0              0         22
dc_segments                        337   18.4       0              2        144
dc_sequences                         1  100.0       0              1          3
dc_tablespace_quotas                 4   50.0       0              0          2
dc_tablespaces                   1,816    0.1       0              0          3
dc_users                         2,432    0.1       0              0         70
global database name               280    0.0       0              0          1
sch_lj_oids                          2   50.0       0              0          1
          -------------------------------------------------------------


Library Cache Activity  DB/Inst: XE/XE  Snaps:   164-  165
->"Pct Misses"  should be very low

                         Get  Pct        Pin        Pct               Invali-
Namespace           Requests  Miss     Requests     Miss     Reloads  dations
--------------- ------------ ------ -------------- ------ ---------- --------
ACCOUNT_STATUS             4   25.0              0                 0        0
BODY                      14   35.7             15   33.3          0        0
CLUSTER                   18   11.1             18   11.1          0        0
DBLINK                     4    0.0              0                 0        0
EDITION                    3    0.0              6    0.0          0        0
SCHEMA                   500    0.0              0                 0        0
SQL AREA                 388   69.6      1,004,997    0.1         60        0
SQL AREA BUILD           176  100.0              0                 0        0
SQL AREA STATS           176  100.0            176  100.0          0        0
TABLE/PROCEDURE        1,037   36.2          1,928   39.5         56        0
          -------------------------------------------------------------
Rule Sets  DB/Inst: XE/XE  Snaps:   164-  165
-> * indicates Rule Set activity (re)started between Begin/End snaps
-> Top 25 ordered by Evaluations desc

                                                               No-SQL  SQL
Rule                                *     Eval/sec Reloads/sec Eval % Eval %
----------------------------------- - ------------ ----------- ------ ------
SYS.ALERT_QUE_R                                  0           0      0      0
          -------------------------------------------------------------
Shared Pool Advisory  DB/Inst: XE/XE  End Snap:   165
-> SP: Shared Pool     Est LC: Estimated Library Cache   Factr: Factor
-> Note there is often a 1:Many correlation between a single logical object
   in the Library Cache, and the physical number of memory objects associated
   with it.  Therefore comparing the number of Lib Cache objects (e.g. in
   v$librarycache), with the number of Lib Cache Memory Objects is invalid

                                        Est LC Est LC  Est LC Est LC
    Shared    SP   Est LC                 Time   Time    Load   Load      Est LC
      Pool  Size     Size       Est LC   Saved  Saved    Time   Time         Mem
  Size (M) Factr      (M)      Mem Obj     (s)  Factr     (s)  Factr    Obj Hits
---------- ----- -------- ------------ ------- ------ ------- ------ -----------
        92    .5        9          636  12,933    1.0       5    1.3     454,929
       112    .6       29        1,847  12,933    1.0       5    1.3   1,010,496
       132    .7       42        2,551  12,934    1.0       4    1.0   1,010,641
       152    .8       45        2,762  12,934    1.0       4    1.0   1,010,641
       172    .9       45        2,762  12,934    1.0       4    1.0   1,010,641
       192   1.0       45        2,762  12,934    1.0       4    1.0   1,010,641
       212   1.1       45        2,762  12,934    1.0       4    1.0   1,010,641
       232   1.2       45        2,762  12,934    1.0       4    1.0   1,010,641
       252   1.3       45        2,762  12,934    1.0       4    1.0   1,010,641
       272   1.4       45        2,762  12,934    1.0       4    1.0   1,010,641
       292   1.5       45        2,762  12,934    1.0       4    1.0   1,010,641
       312   1.6       45        2,762  12,934    1.0       4    1.0   1,010,641
       332   1.7       45        2,762  12,934    1.0       4    1.0   1,010,641
       352   1.8       45        2,762  12,934    1.0       4    1.0   1,010,641
       372   1.9       45        2,762  12,934    1.0       4    1.0   1,010,641
       392   2.0       45        2,762  12,934    1.0       4    1.0   1,010,641
          -------------------------------------------------------------
SGA Target Advisory  DB/Inst: XE/XE  End Snap:   165

SGA Target SGA Size   Est DB      Est DB   Est Physical
  Size (M)   Factor Time (s) Time Factor          Reads
---------- -------- -------- ----------- --------------
       128       .5      210         1.0         11,613
       192       .8      209         1.0         10,427
       256      1.0      209         1.0         10,415
       320      1.3      209         1.0         10,415
       384      1.5      209         1.0         10,415
       448      1.8      209         1.0         10,415
       512      2.0      209         1.0         10,415
          -------------------------------------------------------------
SGA Memory Summary  DB/Inst: XE/XE  Snaps:   164-  165

                                                        End Size (Bytes)
SGA regions                      Begin Size (Bytes)       (if different)
------------------------------ -------------------- --------------------
Database Buffers                         46,137,344
Fixed Size                                2,226,960
Redo Buffers                              4,333,568
Variable Size                           352,322,800
                               -------------------- --------------------
sum                                     405,020,672
          -------------------------------------------------------------


SGA breakdown difference  DB/Inst: XE/XE  Snaps:   164-  165
-> Top 35 rows by size, ordered by Pool, Name (note rows with null values for
   Pool column, or Names showing free memory are always shown)
-> Null value for Begin MB or End MB indicates the size of that Pool/Name was
   insignificant, or zero in that snapshot

Pool   Name                                 Begin MB         End MB  % Diff
------ ------------------------------ -------------- -------------- --------
java p free memory                               4.0            4.0     0.00
large  PX msg pool                                .5             .5     0.00
large  free memory                               3.5            3.5     0.00
shared ASH buffers                               4.0            4.0     0.00
shared FileOpenBlock                             3.8            3.8     0.00
shared KCB Table Scan Buffer                     3.8            3.8     0.00
shared KGLH0                                     3.3            6.4    95.31
shared KGLS                                      3.2            4.9    53.76
shared KGLSG                                     5.0            5.0     0.00
shared KSFD SGA I/O b                            3.8            3.8     0.00
shared SQLA                                      2.7            6.8   153.30
shared event statistics per sess                 2.1            2.1     0.00
shared free memory                             108.7           97.3   -10.49
shared kglsim hash table bkts                    4.0            4.0     0.00
shared ksunfy : SSO free list                    2.0            2.0     0.00
shared obj stats allocation chun                 2.5            2.5     0.00
shared private strands                           2.3            2.3     0.00
shared row cache                                 7.2            7.2     0.00
       buffer_cache                             44.0           44.0     0.00
       fixed_sga                                 2.1            2.1     0.00
       log_buffer                                4.1            4.1     0.00
          -------------------------------------------------------------
SQL Memory Statistics  DB/Inst: XE/XE  Snaps:   164-  165

                                   Begin            End         % Diff
                          -------------- -------------- --------------
   Avg Cursor Size (KB):           29.20          28.09          -3.95
 Cursor to Parent ratio:            1.02           1.02           -.31
          Total Cursors:             252            297          15.15
          Total Parents:             247            292          15.41
          -------------------------------------------------------------
init.ora Parameters  DB/Inst: XE/XE  Snaps:   164-  165

                                                                  End value
Parameter Name                Begin value                       (if different)
----------------------------- --------------------------------- --------------
audit_file_dest               /u01/app/oracle/admin/XE/adump
compatible                    11.2.0.0.0
control_files                 /u01/app/oracle/oradata/XE/contro
                              l.dbf
db_name                       XE
db_recovery_file_dest         /u01/app/oracle/fast_recovery_are
                              a
db_recovery_file_dest_size    10737418240
diagnostic_dest               /u01/app/oracle
dispatchers                   (PROTOCOL=TCP) (SERVICE=XEXDB)
job_queue_processes           4
log_buffer                    4100096
memory_target                 406847488
open_cursors                  300
remote_login_passwordfile     EXCLUSIVE
sessions                      172
shared_servers                4
undo_management               AUTO
undo_tablespace               UNDOTBS1
          -------------------------------------------------------------

End of Report (   sp_164_165.lst )

