
STATSPACK report for

Database    DB Id    Instance     Inst Num  Startup Time   Release     RAC
~~~~~~~~ ----------- ------------ -------- --------------- ----------- ---
          2706909277 XE                  1 09-12月-13 20:3 11.2.0.2.0  NO
                                           4

Host Name             Platform                CPUs Cores Sockets   Memory (G)
~~~~ ---------------- ---------------------- ----- ----- ------- ------------
     kagamihogex61    Linux x86 64-bit           2     2       1           .9

Snapshot       Snap Id     Snap Time      Sessions Curs/Sess Comment
~~~~~~~~    ---------- ------------------ -------- --------- ------------------
Begin Snap:        134 09-12月-13 20:35:20      23       1.2
  End Snap:        135 09-12月-13 20:41:53      24       1.3
   Elapsed:       6.55 (mins) Av Act Sess:       0.4
   DB time:       2.88 (mins)      DB CPU:       2.85 (mins)

Cache Sizes            Begin        End
~~~~~~~~~~~       ---------- ----------
    Buffer Cache:        56M              Std Block Size:         8K
     Shared Pool:       176M                  Log Buffer:     4,004K

Load Profile              Per Second    Per Transaction    Per Exec    Per Call
~~~~~~~~~~~~      ------------------  ----------------- ----------- -----------
      DB time(s):                0.4               57.7        0.00        0.00
       DB CPU(s):                0.4               57.0        0.00        0.00
       Redo size:          669,197.5       87,664,868.0
   Logical reads:            2,684.5          351,665.7
   Block changes:            5,164.5          676,550.7
  Physical reads:                5.3              693.7
 Physical writes:               27.8            3,644.0
      User calls:            2,544.6          333,348.3
          Parses:                0.7               86.3
     Hard parses:                0.1                6.7
W/A MB processed:                0.1                7.5
          Logons:                0.0                2.7
        Executes:            2,545.6          333,471.7
       Rollbacks:                0.0                0.0
    Transactions:                0.0

Instance Efficiency Indicators
~~~~~~~~~~~~~~~~~~~~~~~~~~~~~~
            Buffer Nowait %:  100.00       Redo NoWait %:  100.00
            Buffer  Hit   %:   99.80  Optimal W/A Exec %:  100.00
            Library Hit   %:   99.99        Soft Parse %:   92.28
         Execute to Parse %:   99.97         Latch Hit %:  100.00
Parse CPU to Parse Elapsd %:  100.00     % Non-Parse CPU:   99.67

 Shared Pool Statistics        Begin   End
                               ------  ------
             Memory Usage %:   62.40   62.76
    % SQL with executions>1:   61.83   64.85
  % Memory for SQL w/exec>1:   63.96   67.21

Top 5 Timed Events                                                    Avg %Total
~~~~~~~~~~~~~~~~~~                                                   wait   Call
Event                                            Waits    Time (s)   (ms)   Time
----------------------------------------- ------------ ----------- ------ ------
log file parallel write                            256          17     66   39.2
db file async I/O submit                           103           9     89   21.3
CPU time                                                         9          20.9
control file parallel write                        220           4     19    9.5
log buffer space                                     6           1    216    3.0
          -------------------------------------------------------------
Host CPU  (CPUs: 2  Cores: 2  Sockets: 1)
~~~~~~~~              Load Average
                      Begin     End      User  System    Idle     WIO     WCPU
                    ------- -------   ------- ------- ------- ------- --------
                       0.37    0.03     16.37    6.75   76.86    1.33

Instance CPU
~~~~~~~~~~~~                                       % Time (seconds)
                                            -------- --------------
                     Host: Total time (s):                    751.5
                  Host: Busy CPU time (s):                    173.9
                   % of time Host is Busy:      23.1
             Instance: Total CPU time (s):                    173.5
          % of Busy CPU used for Instance:      99.7
        Instance: Total Database time (s):                    206.9
  %DB time waiting for CPU (Resource Mgr):       0.0

Virtual Memory Paging
~~~~~~~~~~~~~~~~~~~~~
                     KB paged out per sec:           915.8
                     KB paged  in per sec:             8.9

Memory Statistics                       Begin          End
~~~~~~~~~~~~~~~~~                ------------ ------------
                  Host Mem (MB):        971.2        971.2
                   SGA use (MB):        386.3        386.3
                   PGA use (MB):         58.4         62.4
    % Host Mem used for SGA+PGA:         45.8         46.2
          -------------------------------------------------------------

Time Model System Stats  DB/Inst: XE/XE  Snaps:   134-  135
-> Ordered by % of DB time desc, Statistic name

Statistic                                       Time (s) % DB time
----------------------------------- -------------------- ---------
DB CPU                                             171.0      98.8
sql execute elapsed time                            63.7      36.8
connection management call elapsed                   0.0        .0
parse time elapsed                                   0.0        .0
hard parse elapsed time                              0.0        .0
PL/SQL execution elapsed time                        0.0        .0
repeated bind elapsed time                           0.0        .0
DB time                                            173.1
background elapsed time                             33.9
background cpu time                                  2.5
          -------------------------------------------------------------
Foreground Wait Events  DB/Inst: XE/XE  Snaps:   134-  135
-> Only events with Total Wait Time (s) >= .001 are shown
-> ordered by Total Wait Time desc, Waits desc (idle events last)

                                                             Avg          %Total
                                          %Tim Total Wait   wait    Waits   Call
Event                               Waits  out   Time (s)   (ms)     /txn   Time
---------------------------- ------------ ---- ---------- ------ -------- ------
log buffer space                        6    0          1    216      2.0    3.0
log file switch (checkpoint             5    0          1    138      1.7    1.6
db file sequential read               105    0          0      3     35.0     .7
log file switch completion              1    0          0    256      0.3     .6
log file sync                           5    0          0     28      1.7     .3
db file scattered read                 21    0          0      6      7.0     .3
control file sequential read          196    0          0      0     65.3     .0
SQL*Net message from client     1,000,017    0        214      0 ########
jobq slave wait                       159  100         80    501     53.0
SQL*Net message to client       1,000,017    0          5      0 ########
          -------------------------------------------------------------

Background Wait Events  DB/Inst: XE/XE  Snaps:   134-  135
-> Only events with Total Wait Time (s) >= .001 are shown
-> ordered by Total Wait Time desc, Waits desc (idle events last)

                                                             Avg          %Total
                                          %Tim Total Wait   wait    Waits   Call
Event                               Waits  out   Time (s)   (ms)     /txn   Time
---------------------------- ------------ ---- ---------- ------ -------- ------
log file parallel write               256    0         17     66     85.3   39.2
db file async I/O submit              103    0          9     89     34.3   21.3
control file parallel write           220    0          4     19     73.3    9.5
os thread startup                       5    0          0     84      1.7    1.0
log file single write                  12    0          0     20      4.0     .5
db file scattered read                 21    0          0     10      7.0     .5
db file single write                   20    0          0      8      6.7     .4
db file sequential read                47    0          0      1     15.7     .1
db file parallel read                  18    0          0      1      6.0     .1
control file sequential read          356    0          0      0    118.7     .0
rdbms ipc message                   1,918   85      4,280   2231    639.3
shared server idle wait                56  100      1,680  30009     18.7
DIAG idle wait                        785  100        786   1001    261.7
Space Manager: slave idle wa           95   96        467   4911     31.7
pmon timer                            135   96        393   2912     45.0
Streams AQ: qmn slave idle w           14    0        392  28009      4.7
Streams AQ: qmn coordinator            28   50        392  14004      9.3
smon timer                              3   33        369 ######      1.0
dispatcher timer                        6  100        360  60012      2.0
SQL*Net message from client             8    0          0     17      2.7
          -------------------------------------------------------------

Wait Events (fg and bg) DB/Inst: XE/XE  Snaps:   134-  135
-> s - second, cs - centisecond,  ms - millisecond, us - microsecond
-> %Timeouts:  value of 0 indicates value was < .5%.  Value of null is truly 0
-> Only events with Total Wait Time (s) >= .001 are shown
-> ordered by Total Wait Time desc, Waits desc (idle events last)

                                                             Avg          %Total
                                          %Tim Total Wait   wait    Waits   Call
Event                               Waits  out   Time (s)   (ms)     /txn   Time
---------------------------- ------------ ---- ---------- ------ -------- ------
log file parallel write               256    0         17     66     85.3   39.2
db file async I/O submit              103    0          9     89     34.3   21.3
control file parallel write           220    0          4     19     73.3    9.5
log buffer space                        6    0          1    216      2.0    3.0
log file switch (checkpoint             5    0          1    138      1.7    1.6
os thread startup                       5    0          0     84      1.7    1.0
db file scattered read                 42    0          0      8     14.0     .8
db file sequential read               152    0          0      2     50.7     .7
log file switch completion              1    0          0    256      0.3     .6
log file single write                  12    0          0     20      4.0     .5
db file single write                   20    0          0      8      6.7     .4
log file sync                           5    0          0     28      1.7     .3
db file parallel read                  18    0          0      1      6.0     .1
control file sequential read          552    0          0      0    184.0     .0
Disk file operations I/O               17    0          0      0      5.7     .0
rdbms ipc message                   1,918   85      4,280   2231    639.3
shared server idle wait                56  100      1,680  30009     18.7
DIAG idle wait                        785  100        786   1001    261.7
Space Manager: slave idle wa           95   96        467   4911     31.7
pmon timer                            135   96        393   2912     45.0
Streams AQ: qmn slave idle w           14    0        392  28009      4.7
Streams AQ: qmn coordinator            28   50        392  14004      9.3
smon timer                              3   33        369 ######      1.0
dispatcher timer                        6  100        360  60012      2.0
SQL*Net message from client     1,000,025    0        214      0 ########
jobq slave wait                       159  100         80    501     53.0
SQL*Net message to client       1,000,023    0          5      0 ########
          -------------------------------------------------------------
Wait Event Histogram  DB/Inst: XE/XE  Snaps:   134-  135
-> Total Waits - units: K is 1000, M is 1000000, G is 1000000000
-> % of Waits - column heading: <=1s is truly <1024ms, >1s is truly >=1024ms
-> % of Waits - value: .0 indicates value was <.05%, null is truly 0
-> Ordered by Event (idle events last)

                           Total ----------------- % of Waits ------------------
Event                      Waits  <1ms  <2ms  <4ms  <8ms <16ms <32ms  <=1s   >1s
-------------------------- ----- ----- ----- ----- ----- ----- ----- ----- -----
Disk file operations I/O     17  100.0
LGWR wait for redo copy       1  100.0
asynch descriptor resize     12  100.0
control file parallel writ  220                 .5  13.6  26.4  54.5   5.0
control file sequential re  552   99.8                      .2
db file async I/O submit    103                            1.9   9.7  87.4   1.0
db file parallel read        18   38.9  61.1
db file scattered read       41   19.5   2.4   9.8  19.5  43.9   2.4   2.4
db file sequential read     157   76.4         3.8  10.2   8.9    .6
db file single write         20                     25.0  75.0
latch: shared pool            1  100.0
library cache: mutex X        1  100.0
log buffer space              6                                      100.0
log file parallel write     256                            1.2   4.3  94.5
log file sequential read     12  100.0
log file single write        12                     16.7  33.3  41.7   8.3
log file switch (checkpoin    5                                      100.0
log file switch completion    1                                      100.0
log file sync                 5                           40.0  20.0  40.0
os thread startup             5                                 40.0  60.0
DIAG idle wait              785                                      100.0
SQL*Net message from clien 1000K  99.7    .3    .0    .0    .0    .0    .0
SQL*Net message to client  1000K 100.0
Space Manager: slave idle    95    1.1                                      98.9
Streams AQ: qmn coordinato   28   50.0                                      50.0
Streams AQ: qmn slave idle   14                                            100.0
class slave wait              2  100.0
dispatcher timer              6                                            100.0
jobq slave wait             159                                      100.0
pmon timer                  135                                        3.0  97.0
rdbms ipc message          1918     .8          .1          .1    .2  30.2  68.7
shared server idle wait      56                                            100.0
smon timer                    3                                            100.0
          -------------------------------------------------------------

SQL ordered by CPU  DB/Inst: XE/XE  Snaps:   134-  135
-> Total DB CPU (s):             171
-> Captured SQL accounts for    3.2% of Total DB CPU
-> SQL reported below exceeded  1.0% of Total DB CPU

    CPU                  CPU per             Elapsd                     Old
  Time (s)   Executions  Exec (s)  %Total   Time (s)    Buffer Gets  Hash Value
---------- ------------ ---------- ------ ---------- --------------- ----------
      4.83    1,000,000       0.00    2.8      51.24       1,049,879 1245210625
Module: JDBC Thin Client
INSERT INTO insert_to_million_rows_table VALUES (:1 )

          -------------------------------------------------------------
SQL ordered by Elapsed time for DB: XE  Instance: XE  Snaps:   134 -  135
-> Total DB Time (s):             173
-> Captured SQL accounts for   30.3% of Total DB Time
-> SQL reported below exceeded  1.0% of Total DB Time

  Elapsed                Elap per            CPU                        Old
  Time (s)   Executions  Exec (s)  %Total   Time (s)  Physical Reads Hash Value
---------- ------------ ---------- ------ ---------- --------------- ----------
     51.24    1,000,000       0.00   29.6       4.83               8 1245210625
Module: JDBC Thin Client
INSERT INTO insert_to_million_rows_table VALUES (:1 )

          -------------------------------------------------------------
SQL ordered by Gets  DB/Inst: XE/XE  Snaps:   134-  135
-> End Buffer Gets Threshold:     10000 Total Buffer Gets:       1,054,997
-> Captured SQL accounts for   99.7% of Total Buffer Gets
-> SQL reported below exceeded  1.0% of Total Buffer Gets

                                                     CPU      Elapsd     Old
  Buffer Gets    Executions  Gets per Exec  %Total Time (s)  Time (s) Hash Value
--------------- ------------ -------------- ------ -------- --------- ----------
      1,049,879    1,000,000            1.0   99.5     4.83     51.24 1245210625
Module: JDBC Thin Client
INSERT INTO insert_to_million_rows_table VALUES (:1 )

          -------------------------------------------------------------
SQL ordered by Reads  DB/Inst: XE/XE  Snaps:   134-  135
-> End Disk Reads Threshold:      1000  Total Disk Reads:           2,081
-> Captured SQL accounts for   77.9% of Total Disk Reads
-> SQL reported below exceeded  1.0% of Total Disk Reads

                                                     CPU      Elapsd
  Physical Rds   Executions  Rds per Exec   %Total Time (s)  Time (s) Hash Value
--------------- ------------ -------------- ------ -------- --------- ----------
          1,610            1        1,610.0   77.4     0.06      0.06 2706366537
select o.name, o.owner# from obj$ o, type$ t  where o.oid$ = t.t
void and  bitand(t.properties,8388608) = 8388608 and (sysdate-o.
ctime) > 0.0007

            180            1          180.0    8.6     0.52      1.05 2522684317
Module: SQL*Plus
BEGIN statspack.snap; END;

          -------------------------------------------------------------
SQL ordered by Executions  DB/Inst: XE/XE  Snaps:   134-  135
-> End Executions Threshold:       100  Total Executions:       1,000,415
-> Captured SQL accounts for  100.0% of Total Executions
-> SQL reported below exceeded  1.0% of Total Executions

                                                CPU per    Elap per     Old
 Executions   Rows Processed   Rows per Exec    Exec (s)   Exec (s)  Hash Value
------------ --------------- ---------------- ----------- ---------- ----------
   1,000,000       1,000,000              1.0       0.00        0.00  1245210625
Module: JDBC Thin Client
INSERT INTO insert_to_million_rows_table VALUES (:1 )

          -------------------------------------------------------------
SQL ordered by Parse Calls  DB/Inst: XE/XE  Snaps:   134-  135
-> End Parse Calls Threshold:      1000 Total Parse Calls:             259
-> Captured SQL accounts for   11.2% of Total Parse Calls
-> SQL reported below exceeded  1.0% of Total Parse Calls

                           % Total    Old
 Parse Calls   Executions   Parses Hash Value
------------ ------------ -------- ----------
           4           17     1.54 4274598960
select /*+ rule */ bucket_cnt, row_cnt, cache_cnt, null_cnt, tim
estamp#, sample_size, minimum, maximum, distcnt, lowval, hival,
density, col#, spare1, spare2, avgcln from hist_head$ where obj#
=:1 and intcol#=:2

           3            3     1.16  204386021
select col#, grantee#, privilege#,max(mod(nvl(option$,0),2)) fro
m objauth$ where obj#=:1 and col# is not null group by privilege
#, col#, grantee# order by col#, grantee#

           3            3     1.16  947984246
select con#,type#,condlength,intcols,robj#,rcon#,match#,refact,n
vl(enabled,0),rowid,cols,nvl(defer,0),mtime,nvl(spare1,0),spare2
,spare3 from cdef$ where obj#=:1

           3            3     1.16 1980305124
select grantee#,privilege#,nvl(col#,0),max(mod(nvl(option$,0),2)
)from objauth$ where obj#=:1 group by grantee#,privilege#,nvl(co
l#,0) order by grantee#

           3            3     1.16 3255980345
select con#,obj#,rcon#,enabled,nvl(defer,0),spare2,spare3 from c
def$ where robj#=:1

          -------------------------------------------------------------
Instance Activity Stats  DB/Inst: XE/XE  Snaps:   134-  135

Statistic                                      Total     per Second    per Trans
--------------------------------- ------------------ -------------- ------------
Batched IO (bound) vector count                    7            0.0          2.3
Batched IO (full) vector count                    10            0.0          3.3
Batched IO block miss count                    1,698            4.3        566.0
Batched IO buffer defrag count                     7            0.0          2.3
Batched IO double miss count                       1            0.0          0.3
Batched IO same unit count                       105            0.3         35.0
Batched IO vector block count                  1,603            4.1        534.3
Batched IO vector read count                      18            0.1          6.0
Block Cleanout Optim referenced                    2            0.0          0.7
CCursor + sql area evicted                         0            0.0          0.0
CPU used by this session                         896            2.3        298.7
CPU used when call started                       861            2.2        287.0
CR blocks created                                  0            0.0          0.0
DB time                                       20,768           52.8      6,922.7
DBWR checkpoint buffers written               10,777           27.4      3,592.3
DBWR checkpoints                                   6            0.0          2.0
DBWR thread checkpoint buffers wr             10,777           27.4      3,592.3
DBWR transaction table writes                     18            0.1          6.0
DBWR undo block writes                         7,426           18.9      2,475.3
HSC Heap Segment Block Changes             1,000,077        2,544.7    333,359.0
Heap Segment Array Inserts                        62            0.2         20.7
Heap Segment Array Updates                         2            0.0          0.7
IMU Flushes                                        2            0.0          0.7
IMU Redo allocation size                       4,760           12.1      1,586.7
IMU commits                                        1            0.0          0.3
IMU pool not allocated                             1            0.0          0.3
IMU undo allocation size                       8,072           20.5      2,690.7
IMU- failed to get a private stra                  1            0.0          0.3
RowCR attempts                                     1            0.0          0.3
RowCR hits                                         1            0.0          0.3
SQL*Net roundtrips to/from client          1,000,017        2,544.6    333,339.0
active txn count during cleanout               3,626            9.2      1,208.7
background checkpoints completed                   5            0.0          1.7
background checkpoints started                     6            0.0          2.0
background timeouts                            1,642            4.2        547.3
buffer is not pinned count                     5,551           14.1      1,850.3
buffer is pinned count                         2,564            6.5        854.7
bytes received via SQL*Net from c         75,004,848      190,852.0 ############
bytes sent via SQL*Net to client          73,081,289      185,957.5 ############
calls to get snapshot scn: kcmgss                483            1.2        161.0
calls to kcmgas                                3,481            8.9      1,160.3
calls to kcmgcs                                4,264           10.9      1,421.3
cell physical IO interconnect byt        391,891,968      997,180.6 ############
change write time                              1,261            3.2        420.3
cleanout - number of ktugct calls              3,629            9.2      1,209.7
cluster key scan block gets                       34            0.1         11.3
cluster key scans                                 18            0.1          6.0
commit cleanout failures: block l                110            0.3         36.7
commit cleanout failures: callbac                  6            0.0          2.0
commit cleanouts                                 525            1.3        175.0
commit cleanouts successfully com                409            1.0        136.3
commit txn count during cleanout                  24            0.1          8.0
concurrency wait time                             42            0.1         14.0
consistent changes                                 0            0.0          0.0
consistent gets                                8,107           20.6      2,702.3
consistent gets - examination                  4,110           10.5      1,370.0
Instance Activity Stats  DB/Inst: XE/XE  Snaps:   134-  135

Statistic                                      Total     per Second    per Trans
--------------------------------- ------------------ -------------- ------------
consistent gets from cache                     8,107           20.6      2,702.3
consistent gets from cache (fastp              3,724            9.5      1,241.3
cursor authentications                            50            0.1         16.7
data blocks consistent reads - un                  0            0.0          0.0
db block changes                           2,029,652        5,164.5    676,550.7
db block gets                              1,046,890        2,663.8    348,963.3
db block gets from cache                   1,046,890        2,663.8    348,963.3
db block gets from cache (fastpat              5,585           14.2      1,861.7
deferred (CURRENT) block cleanout                 99            0.3         33.0
dirty buffers inspected                          104            0.3         34.7
enqueue conversions                               93            0.2         31.0
enqueue releases                               3,895            9.9      1,298.3
enqueue requests                               3,896            9.9      1,298.7
enqueue timeouts                                   2            0.0          0.7
enqueue waits                                      0            0.0          0.0
execute count                              1,000,415        2,545.6    333,471.7
file io service time                           5,530           14.1      1,843.3
file io wait time                          9,708,642       24,703.9  3,236,214.0
free buffer inspected                         13,786           35.1      4,595.3
free buffer requested                         14,494           36.9      4,831.3
heap block compress                                1            0.0          0.3
hot buffers moved to head of LRU               2,603            6.6        867.7
immediate (CURRENT) block cleanou                 55            0.1         18.3
index crx upgrade (positioned)                     0            0.0          0.0
index fast full scans (full)                      21            0.1          7.0
index fetch by key                             2,098            5.3        699.3
index scans kdiixs1                              328            0.8        109.3
leaf node 90-10 splits                             1            0.0          0.3
leaf node splits                                  21            0.1          7.0
lob reads                                          0            0.0          0.0
logons cumulative                                  8            0.0          2.7
max cf enq hold time                             180            0.5         60.0
messages received                                380            1.0        126.7
messages sent                                    380            1.0        126.7
no work - consistent read gets                 2,902            7.4        967.3
non-idle wait count                        1,001,492        2,548.3    333,830.7
non-idle wait time                             3,845            9.8      1,281.7
opened cursors cumulative                        284            0.7         94.7
parse count (failures)                             0            0.0          0.0
parse count (hard)                                20            0.1          6.7
parse count (total)                              259            0.7         86.3
parse time cpu                                     3            0.0          1.0
parse time elapsed                                 3            0.0          1.0
physical read IO requests                      1,782            4.5        594.0
physical read bytes                       17,047,552       43,378.0  5,682,517.3
physical read total IO requests                2,366            6.0        788.7
physical read total bytes                 26,261,504       66,823.2  8,753,834.7
physical read total multi block r                  3            0.0          1.0
physical reads                                 2,081            5.3        693.7
physical reads cache                           2,081            5.3        693.7
physical reads cache prefetch                  1,884            4.8        628.0
physical reads prefetch warmup                    69            0.2         23.0
physical write IO requests                     5,099           13.0      1,699.7
physical write bytes                      89,554,944      227,875.2 ############
physical write total IO requests               5,688           14.5      1,896.0
physical write total bytes               365,630,464      930,357.4 ############
Instance Activity Stats  DB/Inst: XE/XE  Snaps:   134-  135

Statistic                                      Total     per Second    per Trans
--------------------------------- ------------------ -------------- ------------
physical write total multi block                 659            1.7        219.7
physical writes                               10,932           27.8      3,644.0
physical writes from cache                    10,932           27.8      3,644.0
physical writes non checkpoint                10,906           27.8      3,635.3
pinned cursors current                             0            0.0          0.0
prefetch warmup blocks aged out b                184            0.5         61.3
process last non-idle time                       393            1.0        131.0
recursive calls                                3,770            9.6      1,256.7
recursive cpu usage                               60            0.2         20.0
redo blocks checksummed by FG (ex              1,394            3.6        464.7
redo blocks written                          531,838        1,353.3    177,279.3
redo buffer allocation retries                    13            0.0          4.3
redo entries                               1,019,822        2,595.0    339,940.7
redo log space requests                           19            0.1          6.3
redo log space wait time                          97            0.3         32.3
redo ordering marks                            3,379            8.6      1,126.3
redo size                                262,994,604      669,197.5 ############
redo synch long waits                              5            0.0          1.7
redo synch time                                   14            0.0          4.7
redo synch time (usec)                       141,047          358.9     47,015.7
redo synch writes                                  5            0.0          1.7
redo wastage                                  87,080          221.6     29,026.7
redo write time                                1,678            4.3        559.3
redo writes                                      256            0.7         85.3
rollback changes - undo records a                  0            0.0          0.0
rollbacks only - consistent read                   0            0.0          0.0
rows fetched via callback                          4            0.0          1.3
session connect time                             393            1.0        131.0
session cursor cache hits                        138            0.4         46.0
session logical reads                      1,054,997        2,684.5    351,665.7
session pga memory                         2,014,608        5,126.2    671,536.0
session pga memory max                     1,883,536        4,792.7    627,845.3
session uga memory                     4,295,668,568   10,930,454.4 ############
session uga memory max                    12,693,576       32,299.2  4,231,192.0
shared hash latch upgrades - no w                343            0.9        114.3
sorts (memory)                                   284            0.7         94.7
sorts (rows)                                   3,822            9.7      1,274.0
sql area evicted                                   0            0.0          0.0
sql area purged                                    0            0.0          0.0
summed dirty queue length                        121            0.3         40.3
switch current to new buffer                       4            0.0          1.3
table fetch by rowid                           3,626            9.2      1,208.7
table fetch continued row                          0            0.0          0.0
table scan blocks gotten                         506            1.3        168.7
table scan rows gotten                        21,749           55.3      7,249.7
table scans (long tables)                          1            0.0          0.3
table scans (short tables)                        19            0.1          6.3
total cf enq hold time                         1,670            4.3        556.7
total number of cf enq holders                    16            0.0          5.3
total number of times SMON posted                  2            0.0          0.7
undo change vector size                   68,308,304      173,812.5 ############
user I/O wait time                                79            0.2         26.3
user calls                                 1,000,045        2,544.6    333,348.3
user commits                                       3            0.0          1.0
workarea executions - optimal                    172            0.4         57.3
write clones created in foregroun                  6            0.0          2.0
Instance Activity Stats  DB/Inst: XE/XE  Snaps:   134-  135

Statistic                                      Total     per Second    per Trans
--------------------------------- ------------------ -------------- ------------
          -------------------------------------------------------------

Instance Activity Stats  DB/Inst: XE/XE  Snaps:   134-  135
-> Statistics with absolute values (should not be diffed)

Statistic                             Begin Value       End Value
--------------------------------- --------------- ---------------
logons current                                 23              24
opened cursors current                         28              31
session cursor cache count                    443             501
          -------------------------------------------------------------

Instance Activity Stats  DB/Inst: XE/XE  Snaps:   134-  135
-> Statistics identified by '(derived)' come from sources other than SYSSTAT

Statistic                                      Total  per Hour
--------------------------------- ------------------ ---------
log switches (derived)                             6     54.96
          -------------------------------------------------------------

OS Statistics  DB/Inst: XE/XE  Snaps:   134-  135
-> ordered by statistic type (CPU use, Virtual Memory, Hardware Config), Name

Statistic                                  Total
------------------------- ----------------------
BUSY_TIME                                 17,393
IDLE_TIME                                 57,756
IOWAIT_TIME                                1,001
SYS_TIME                                   5,074
USER_TIME                                 12,303
VM_IN_BYTES                            3,588,096
VM_OUT_BYTES                         368,558,080
PHYSICAL_MEMORY_BYTES              1,018,376,192
NUM_CPUS                                       2
NUM_CPU_CORES                                  2
NUM_CPU_SOCKETS                                1
GLOBAL_RECEIVE_SIZE_MAX                  229,376
GLOBAL_SEND_SIZE_MAX                     229,376
TCP_RECEIVE_SIZE_DEFAULT                  87,380
TCP_RECEIVE_SIZE_MAX                   3,895,296
TCP_RECEIVE_SIZE_MIN                       4,096
TCP_SEND_SIZE_DEFAULT                     16,384
TCP_SEND_SIZE_MAX                      3,895,296
TCP_SEND_SIZE_MIN                          4,096
          -------------------------------------------------------------

OS Statistics - detail  DB/Inst: XE/XE  Snaps:   134-  135

  Snap Snapshot
    Id Day Time          Load  %Busy  %User %System   %WIO  %WCPU
------ --------------- ------ ------ ------ ------- ------ ------
   134 月 09 20:35:20      .4
   135 月 09 20:41:53      .0   23.1   16.4     6.8    1.3
          -------------------------------------------------------------
IO Stat by Function - summary  DB/Inst: XE/XE  Snaps:   134-  135
->Data Volume values suffixed with   M,G,T,P are in multiples of 1024,
  other values suffixed with       K,M,G,T,P are in multiples of 1000
->ordered by Data Volume (Read+Write) desc

               ---------- Read --------- --------- Write -------- --- Wait ----
                 Data  Requests    Data   Data  Requests    Data          Avg
Function        Volume     /sec  Vol/sec Volume     /sec  Vol/sec  Count Tm(ms)
--------------- ------ -------- -------- ------ -------- -------- ------ ------
LGWR                2M      .3       .0M   260M     1.1       .7M   770     0.1
Buffer Cache Re    16M     4.5       .0M                            196     0.0
Others              7M     1.2       .0M     3M      .4       .0M   800     0.0
          -------------------------------------------------------------

IO Stat by Function - detail  DB/Inst: XE/XE  Snaps:   134-  135
->ordered by Data Volume (Read+Write) desc

                   ----------- Read ---------- ----------- Write ---------
                    Small  Large  Small  Large  Small  Large  Small  Large
                     Read   Read   Data   Data  Write  Write   Data   Data
Function             Reqs   Reqs   Read   Read   Reqs   Reqs  Writn  Writn
------------------ ------ ------ ------ ------ ------ ------ ------ ------
LGWR                 114             2M          106    309      2M   258M
Buffer Cache Reads  1760      3     15M     1M
Others               470             7M          175             3M
          -------------------------------------------------------------
Tablespace IO Stats  DB/Inst: XE/XE  Snaps:   134-  135
->ordered by IOs (Reads + Writes) desc

Tablespace
------------------------------
                 Av      Av     Av                    Av        Buffer Av Buf
         Reads Reads/s Rd(ms) Blks/Rd       Writes Writes/s      Waits Wt(ms)
-------------- ------- ------ ------- ------------ -------- ---------- ------
UNDOTBS1
             6       0    0.0     1.0        3,247        8          0    0.0
SYSTEM
         1,631       4    0.0     1.0           19        0          0    0.0
USERS
             5       0    0.0     1.0        1,580        4          0    0.0
SYSAUX
           117       0    6.0     3.7          253        1          0    0.0
          -------------------------------------------------------------
File IO Stats  DB/Inst: XE/XE  Snaps:   134-  135
->Mx Rd Bkt: Max bucket time for single block read
->ordered by Tablespace, File

Tablespace               Filename
------------------------ ----------------------------------------------------
                        Av   Mx                                             Av
                 Av     Rd   Rd    Av                    Av        Buffer BufWt
         Reads Reads/s (ms)  Bkt Blks/Rd       Writes Writes/s      Waits  (ms)
-------------- ------- ----- --- ------- ------------ -------- ---------- ------
SYSAUX                   /u01/app/oracle/oradata/XE/sysaux.dbf
           117       0   6.0  32     3.7          253        1          0

SYSTEM                   /u01/app/oracle/oradata/XE/system.dbf
         1,631       4   0.0  16     1.0           19        0          0

UNDOTBS1                 /u01/app/oracle/oradata/XE/undotbs1.dbf
             6       0   0.0   1     1.0        3,247        8          0

USERS                    /u01/app/oracle/oradata/XE/users.dbf
             5       0   0.0   1     1.0        1,580        4          0

          -------------------------------------------------------------
File Read Histogram Stats  DB/Inst: XE/XE  Snaps:   134-  135
->Number of single block reads in each time range
->Tempfiles are not included
->ordered by Tablespace, File

Tablespace               Filename
------------------------ ----------------------------------------------------
    0 - 2 ms     2 - 4 ms    4 - 8 ms     8 - 16 ms   16 - 32 ms       32+ ms
------------ ------------ ------------ ------------ ------------ ------------
SYSAUX                   /u01/app/oracle/oradata/XE/sysaux.dbf
          36            5           17           13            2            0

SYSTEM                   /u01/app/oracle/oradata/XE/system.dbf
       1,629            0            0            1            0            0

UNDOTBS1                 /u01/app/oracle/oradata/XE/undotbs1.dbf
           6            0            0            0            0            0

USERS                    /u01/app/oracle/oradata/XE/users.dbf
           5            0            0            0            0            0

          -------------------------------------------------------------
Instance Recovery Stats  DB/Inst: XE/XE  Snaps:   134-  135
-> B: Begin snapshot,  E: End snapshot

  Targt Estd                                  Log File  Log Ckpt    Log Ckpt
  MTTR  MTTR   Recovery   Actual    Target      Size     Timeout    Interval
   (s)   (s)   Estd IOs  Redo Blks Redo Blks Redo Blks  Redo Blks  Redo Blks
- ----- ----- ---------- --------- --------- ---------- --------- ------------
B     0     0        435      1644     82944      82944
E     0     0       2081     82696     82944      82944
          -------------------------------------------------------------
Memory Target Advice  DB/Inst: XE/XE  Snaps:   134-  135
-> Advice Reset: if this is null, the data shown has been diffed between
   the Begin and End snapshots.  If this is 'Y', the advisor has been
   reset during this interval due to memory resize operations, and
   the data shown is since the reset operation.

                Memory Size     Est.     Advice
Memory Size (M)      Factor DB time (s)  Reset
--------------- ----------- ------------ ------
            291          .8          173
            388         1.0          173
            485         1.3          173
            582         1.5          173
            679         1.8          173
            776         2.0          173
          -------------------------------------------------------------

Memory Dynamic Components  DB/Inst: XE/XE  Snaps:   134-  135
->  Op - memory resize Operation
->  Cache:    D: Default,  K: Keep,  R:  Recycle
->   Mode:  DEF: DEFerred mode,  IMM: IMMediate mode

                       Begin Snap End Snap   Op    Last Op
Cache                    Size (M) Size (M)  Count  Type/Mode   Last Op Time
---------------------- ---------- -------- ------- ---------- ---------------
D:buffer cache                 56                0 INITIA/
PGA Target                    136                0 STATIC
SGA Target                    252                0 STATIC
java pool                       4                0 STATIC
large pool                      4                0 STATIC
shared pool                   176                0 STATIC
          -------------------------------------------------------------

Buffer Pool Advisory  DB/Inst: XE/XE  End Snap:   135
-> Only rows with estimated physical reads >0 are displayed
-> ordered by Pool, Block Size, Buffers For Estimate

                                   Est
                                  Phys      Estimated                   Est
    Size for  Size      Buffers   Read     Phys Reads     Est Phys % dbtime
P    Est (M) Factr  (thousands)  Factr    (thousands)    Read Time  for Rds
--- -------- ----- ------------ ------ -------------- ------------ --------
D          4    .1            0    1.1              7            3      1.6
D          8    .1            1    1.1              7            3      1.6
D         12    .2            1    1.0              7            3      1.6
D         16    .3            2    1.0              7            3      1.6
D         20    .4            2    1.0              7            3      1.6
D         24    .4            3    1.0              7            3      1.6
D         28    .5            3    1.0              7            3      1.6
D         32    .6            4    1.0              7            3      1.6
D         36    .6            4    1.0              7            3      1.6
D         40    .7            5    1.0              7            3      1.6
D         44    .8            5    1.0              7            3      1.6
D         48    .9            6    1.0              7            3      1.6
D         52    .9            6    1.0              7            3      1.6
D         56   1.0            7    1.0              7            3      1.6
D         60   1.1            7    1.0              7            3      1.6
D         64   1.1            8    1.0              7            3      1.6
D         68   1.2            8    1.0              7            3      1.6
D         72   1.3            9    1.0              7            3      1.6
D         76   1.4            9    1.0              7            3      1.6
D         80   1.4           10    1.0              7            3      1.6
          -------------------------------------------------------------

Buffer Pool Statistics  DB/Inst: XE/XE  Snaps:   134-  135
-> Standard block size Pools  D: default,  K: keep,  R: recycle
-> Default Pools for other block sizes: 2k, 4k, 8k, 16k, 32k
-> Buffers: the number of buffers.  Units of K, M, G are divided by 1000

                                                            Free Writ     Buffer
            Pool         Buffer     Physical    Physical  Buffer Comp       Busy
P   Buffers Hit%           Gets        Reads      Writes   Waits Wait      Waits
--- ------- ---- -------------- ------------ ----------- ------- ---- ----------
D     6874   100      1,054,939        2,077      10,932       0    0          0
          -------------------------------------------------------------
PGA Aggr Target Stats  DB/Inst: XE/XE  Snaps:   134-  135
-> B: Begin snap   E: End snap (rows identified with B or E contain data
   which is absolute i.e. not diffed over the interval)
-> PGA cache hit % - percentage of W/A (WorkArea) data processed only in-memory
-> Auto PGA Target - actual workarea memory target
-> W/A PGA Used    - amount of memory used for all WorkAreas (manual + auto)
-> %PGA W/A Mem    - percentage of PGA memory allocated to WorkAreas
-> %Auto W/A Mem   - percentage of WorkArea memory controlled by Auto Mem Mgmt
-> %Man W/A Mem    - percentage of WorkArea memory under Manual control

PGA Cache Hit % W/A MB Processed Extra W/A MB Read/Written
--------------- ---------------- -------------------------
          100.0               22                         0

PGA Aggr Target Histogram  DB/Inst: XE/XE  Snaps:   134-  135
-> Optimal Executions are purely in-memory operations

    Low    High
Optimal Optimal    Total Execs Optimal Execs 1-Pass Execs M-Pass Execs
------- ------- -------------- ------------- ------------ ------------
     2K      4K            152           152            0            0
    64K    128K              3             3            0            0
   512K   1024K             14            14            0            0
     1M      2M              1             1            0            0
     4M      8M              2             2            0            0
          -------------------------------------------------------------

PGA Memory Advisory  DB/Inst: XE/XE  End Snap:   135
-> When using Auto Memory Mgmt, minimally choose a pga_aggregate_target value
   where Estd PGA Overalloc Count is 0

                                   Estd Extra                Estd
  PGA Aggr                           W/A MB      Estd Time    PGA   Estd PGA
    Target   Size         W/A MB  Read/Written  to Process  Cache  Overalloc
  Est (MB)  Factr      Processed    to Disk      Bytes (s)  Hit %      Count
---------- ------ -------------- -------------- ---------- ------ ----------
        17    0.1             57              0        0.0  100.0          1
        34    0.3             57              0        0.0  100.0          1
        68    0.5             57              0        0.0  100.0          0
       102    0.8             57              0        0.0  100.0          0
       136    1.0             57              0        0.0  100.0          0
       163    1.2             57              0        0.0  100.0          0
       190    1.4             57              0        0.0  100.0          0
       218    1.6             57              0        0.0  100.0          0
       245    1.8             57              0        0.0  100.0          0
       272    2.0             57              0        0.0  100.0          0
       408    3.0             57              0        0.0  100.0          0
       544    4.0             57              0        0.0  100.0          0
       816    6.0             57              0        0.0  100.0          0
     1,088    8.0             57              0        0.0  100.0          0
          -------------------------------------------------------------
Process Memory Summary Stats  DB/Inst: XE/XE  Snaps:   134-  135
-> B: Begin snap   E: End snap
-> All rows below contain absolute values (i.e. not diffed over the interval)
-> Max Alloc is Maximum PGA Allocation size at snapshot time
   Hist Max Alloc is the Historical Max Allocation for still-connected processes
-> Num Procs or Allocs:  For Begin/End snapshot lines, it is the number of
   processes. For Category lines, it is the number of allocations
-> ordered by Begin/End snapshot, Alloc (MB) desc

                                                                  Hist   Num
                                          Avg    Std Dev   Max    Max   Procs
             Alloc     Used    Freeabl   Alloc    Alloc   Alloc  Alloc    or
  Category   (MB)      (MB)      (MB)     (MB)    (MB)    (MB)    (MB)  Allocs
- -------- --------- --------- -------- -------- ------- ------- ------ ------
B --------      58.4      38.9     13.9      2.1     2.7      12     12     28
  Other         43.5                         1.6     2.2      11     11     28
  Freeable      13.9        .0               2.8     2.7       6             5
  PL/SQL          .6        .5                .0      .1       0      1     23
  SQL             .5        .2                .0      .0       0      6      8
E --------      62.4      40.0     16.9      2.2     2.7      12     12     29
  Other         44.6                         1.5     2.2      11     11     29
  Freeable      16.9        .0               2.4     2.5       6             7
  PL/SQL          .5        .5                .0      .1       0      0     24
  SQL             .4        .1                .0      .0       0      6      9
          -------------------------------------------------------------

Top Process Memory (by component)  DB/Inst: XE/XE  Snaps:   134-  135
-> ordered by Begin/End snapshot, Alloc (MB) desc

                        Alloc   Used   Freeabl     Max      Hist Max
     PId Category       (MB)    (MB)     (MB)   Alloc (MB) Alloc (MB)
- ------ ------------- ------- ------- -------- ---------- ----------
B     11 LGWR --------    11.6    10.8       .1       11.6       11.6
         Other            11.4                        11.4       11.5
         Freeable           .1      .0                  .1
         PL/SQL             .0      .0                  .0         .0
      29 TNS V1-V3 ---     8.1     1.5      6.3        8.1        8.1
         Freeable          6.3      .0                 6.3
         Other             1.6                         1.6        1.6
         PL/SQL             .2      .2                  .2         .2
         SQL                .1      .1                  .1        6.3
      10 DBW0 --------     6.7     6.4       .0        6.7        6.7
         Other             6.7                         6.7        6.7
         PL/SQL             .0      .0                  .0         .0
      26 CJQ0 --------     6.4     1.2      4.9        6.4        6.4
         Freeable          4.9      .0                 4.9
         Other             1.4                         1.4        1.4
         SQL                .1      .0                  .1        1.9
         PL/SQL             .0      .0                  .0         .0
      15 MMON --------     3.8     2.0      1.6        3.8        3.8
         Other             2.0                         2.0        2.0
         Freeable          1.6      .0                 1.6
         SQL                .1      .0                  .1         .8
         PL/SQL             .1      .1                  .1         .1
      27 J000 --------     1.8      .7       .9        1.8        3.6
         Freeable           .9      .0                  .9
         Other              .9                          .9         .9
         PL/SQL             .0      .0                  .0         .5
         SQL                .0      .0                  .0        1.3
      22 Q000 --------     1.6     1.1       .0        1.6        1.6
         Other             1.3                         1.3        1.3
         PL/SQL             .2      .2                  .2         .2
         SQL                .0      .0                  .0         .2
      17 D000 --------     1.3     1.2       .0        1.3        1.3
         Other             1.3                         1.3        1.3
       8 DIA0 --------     1.2     1.0       .0        1.2        1.2
         Other             1.2                         1.2        1.2
         PL/SQL             .0      .0                  .0         .0
      13 SMON --------     1.1      .9       .0        1.1        1.1
         Other             1.0                         1.0        1.0
         SQL                .1      .0                  .1         .1
         PL/SQL             .0      .0                  .0         .0
      14 RECO --------     1.1      .8       .0        1.1        1.1
         Other             1.0                         1.0        1.0
         SQL                .0      .0                  .0         .1
         PL/SQL             .0      .0                  .0         .0
      12 CKPT --------     1.0      .8       .0        1.0        1.0
         Other             1.0                         1.0        1.0
         PL/SQL             .0      .0                  .0         .0
       7 DBRM --------     1.0      .8       .0        1.0        1.0
         Other             1.0                         1.0        1.0
         SQL                .0      .0                  .0         .1
         PL/SQL             .0      .0                  .0         .0
E     11 LGWR --------    11.6    10.8       .1       11.6       11.6
         Other            11.4                        11.4       11.5

Top Process Memory (by component)  DB/Inst: XE/XE  Snaps:   134-  135
-> ordered by Begin/End snapshot, Alloc (MB) desc

                        Alloc   Used   Freeabl     Max      Hist Max
     PId Category       (MB)    (MB)     (MB)   Alloc (MB) Alloc (MB)
- ------ ------------- ------- ------- -------- ---------- ----------
E     11 Freeable           .1      .0                  .1
         PL/SQL             .0      .0                  .0         .0
      27 TNS V1-V3 ---     8.2     1.5      6.4        8.2        8.2
         Freeable          6.4      .0                 6.4
         Other             1.6                         1.6        1.6
         PL/SQL             .2      .2                  .2         .2
         SQL                .1      .1                  .1        6.3
      10 DBW0 --------     6.9     6.5       .1        6.9        6.9
         Other             6.7                         6.7        6.7
         Freeable           .1      .0                  .1
         PL/SQL             .0      .0                  .0         .0
      26 CJQ0 --------     6.4     1.2      4.9        6.4        6.4
         Freeable          4.9      .0                 4.9
         Other             1.4                         1.4        1.4
         SQL                .1      .0                  .1        1.9
         PL/SQL             .0      .0                  .0         .0
      13 SMON --------     4.8      .9      3.4        4.8        4.8
         Freeable          3.4      .0                 3.4
         Other             1.3                         1.3        1.3
         SQL                .0      .0                  .0        2.1
         PL/SQL             .0      .0                  .0         .0
      15 MMON --------     3.8     2.0      1.6        3.8        3.8
         Other             2.0                         2.0        2.0
         Freeable          1.6      .0                 1.6
         SQL                .1      .0                  .1         .8
         PL/SQL             .1      .1                  .1         .1
      22 Q000 --------     1.6     1.1       .3        1.6        1.6
         Other             1.0                         1.0        1.0
         Freeable           .3      .0                  .3
         PL/SQL             .2      .2                  .2         .2
         SQL                .0      .0                  .0         .2
      17 D000 --------     1.3     1.2       .0        1.3        1.3
         Other             1.3                         1.3        1.3
       8 DIA0 --------     1.2     1.0       .0        1.2        1.2
         Other             1.2                         1.2        1.2
         PL/SQL             .0      .0                  .0         .0
      14 RECO --------     1.1      .8       .0        1.1        1.1
         Other             1.0                         1.0        1.0
         SQL                .0      .0                  .0         .1
         PL/SQL             .0      .0                  .0         .0
      31 W000 --------     1.1      .8       .0        1.1        1.1
         Other             1.1                         1.1        1.1
         SQL                .0      .0                  .0         .0
         PL/SQL             .0      .0                  .0         .0
      12 CKPT --------     1.0      .8       .0        1.0        1.0
         Other             1.0                         1.0        1.0
         PL/SQL             .0      .0                  .0         .0
       7 DBRM --------     1.0      .8       .0        1.0        1.0
         Other             1.0                         1.0        1.0
         SQL                .0      .0                  .0         .1
         PL/SQL             .0      .0                  .0         .0
          -------------------------------------------------------------

Latch Activity  DB/Inst: XE/XE  Snaps:   134-  135
->"Get Requests", "Pct Get Miss" and "Avg Slps/Miss" are statistics for
  willing-to-wait latch get requests
->"NoWait Requests", "Pct NoWait Miss" are for no-wait latch get requests
->"Pct Misses" for both should be very close to 0.0

                                           Pct    Avg   Wait                 Pct
                              Get          Get   Slps   Time       NoWait NoWait
Latch                       Requests      Miss  /Miss    (s)     Requests   Miss
------------------------ -------------- ------ ------ ------ ------------ ------
AQ deq hash table latch               1    0.0             0            0
ASM db client latch                 263    0.0             0            0
ASM map operation hash t              1    0.0             0            0
ASM network state latch               8    0.0             0            0
Change Notification Hash            131    0.0             0            0
Consistent RBA                      262    0.0             0            0
DML lock allocation                 172    0.0             0            0
Event Group Locks                     8    0.0             0            0
FOB s.o list latch                   29    0.0             0            0
File State Object Pool P              1    0.0             0            0
I/O Staticstics latch                 1    0.0             0            0
IPC stats buffer allocat              1    0.0             0            0
In memory undo latch                180    0.0             0           85    0.0
JS Sh mem access                      3    0.0             0            0
JS mem alloc latch                    2    0.0             0            0
JS queue access latch                 3    0.0             0            0
JS queue state obj latch          2,932    0.0             0            0
JS slv state obj latch                1    0.0             0            0
KFC FX Hash Latch                     1    0.0             0            0
KFC Hash Latch                        1    0.0             0            0
KFCL LE Freelist                      1    0.0             0            0
KGNFS-NFS:SHM structure               1    0.0             0            0
KGNFS-NFS:SVR LIST                    1    0.0             0            0
KJC message pool free li              1    0.0             0            0
KJCT flow control latch               1    0.0             0            0
KMG MMAN ready and start            131    0.0             0            0
KTF sga latch                         3    0.0             0          116    0.0
KWQP Prop Status                      1    0.0             0            0
Locator state objects po              1    0.0             0            0
Lsod array latch                      1    0.0             0            0
MQL Tracking Latch                    0                    0            7    0.0
Memory Management Latch               1    0.0             0          131    0.0
Memory Queue                          1    0.0             0            0
Memory Queue Message Sub              1    0.0             0            0
Memory Queue Message Sub              1    0.0             0            0
Memory Queue Message Sub              1    0.0             0            0
Memory Queue Message Sub              1    0.0             0            0
Memory Queue Subscriber               1    0.0             0            0
MinActiveScn Latch                    4    0.0             0            0
Mutex                                 1    0.0             0            0
Mutex Stats                           1    0.0             0            0
OS process                           49    0.0             0            0
OS process allocation               815    0.0             0            0
OS process: request allo             13    0.0             0            0
PL/SQL warning settings              11    0.0             0            0
PX hash array latch                   1    0.0             0            0
QMT                                   1    0.0             0            0
SGA IO buffer pool latch            191    0.0             0          191    0.0
SGA blob parent                       1    0.0             0            0
SGA bucket locks                      1    0.0             0            0
Latch Activity  DB/Inst: XE/XE  Snaps:   134-  135
->"Get Requests", "Pct Get Miss" and "Avg Slps/Miss" are statistics for
  willing-to-wait latch get requests
->"NoWait Requests", "Pct NoWait Miss" are for no-wait latch get requests
->"Pct Misses" for both should be very close to 0.0

                                           Pct    Avg   Wait                 Pct
                              Get          Get   Slps   Time       NoWait NoWait
Latch                       Requests      Miss  /Miss    (s)     Requests   Miss
------------------------ -------------- ------ ------ ------ ------------ ------
SGA heap locks                        1    0.0             0            0
SGA pool locks                        1    0.0             0            0
SQL memory manager latch             14    0.0             0          129    0.0
SQL memory manager worka          8,813    0.0             0            0
Shared B-Tree                        18    0.0             0            0
Streams Generic                       1    0.0             0            0
Testing                               1    0.0             0            0
Token Manager                         1    0.0             0            0
WCR: sync                             1    0.0             0            0
Write State Object Pool               1    0.0             0            0
XDB NFS Security Latch                1    0.0             0            0
XDB unused session pool               1    0.0             0            0
XDB used session pool                 1    0.0             0            0
active checkpoint queue             263    0.0             0            0
active service list                 798    0.0             0          158    0.0
buffer pool                           1    0.0             0            0
business card                         1    0.0             0            0
cache buffer handles              4,837    0.0             0            0
cache buffers chains          5,195,604    0.0             0       16,312    0.0
cache buffers lru chain          11,057    0.0             0       25,607    0.0
cache table scan latch               21    0.0             0           21    0.0
call allocation                      58    0.0             0            0
cas latch                             1    0.0             0            0
change notification clie              1    0.0             0            0
channel handle pool latc             15    0.0             0            0
channel operations paren          2,140    0.0             0            0
checkpoint queue latch           16,285    0.0             0       12,796    0.0
client/application info              34    0.0             0            0
compile environment latc              8    0.0             0            0
cp cmon/server latch                  1    0.0             0            0
cp pool latch                         1    0.0             0            0
cp server hash latch                  1    0.0             0            0
cp sga latch                          8    0.0             0            0
cvmap freelist lock                   1    0.0             0            0
deferred cleanup latch                8    0.0             0            0
dml lock allocation                   8    0.0             0            0
done queue latch                      1    0.0             0            0
dummy allocation                     16    0.0             0            0
enqueue hash chains               7,881    0.0             0            0
enqueues                          7,507    0.0             0            0
fifth spare latch                     1    0.0             0            0
file cache latch                     44    0.0             0            0
flashback copy                        1    0.0             0            0
fourth Audit Vault latch              1    0.0             0            0
gc element                            1    0.0             0            0
gcs commit scn state                  1    0.0             0            0
gcs partitioned table ha              1    0.0             0            0
gcs pcm hashed value buc              1    0.0             0            0
gcs resource freelist                 1    0.0             0            0
gcs resource hash                     1    0.0             0            0
Latch Activity  DB/Inst: XE/XE  Snaps:   134-  135
->"Get Requests", "Pct Get Miss" and "Avg Slps/Miss" are statistics for
  willing-to-wait latch get requests
->"NoWait Requests", "Pct NoWait Miss" are for no-wait latch get requests
->"Pct Misses" for both should be very close to 0.0

                                           Pct    Avg   Wait                 Pct
                              Get          Get   Slps   Time       NoWait NoWait
Latch                       Requests      Miss  /Miss    (s)     Requests   Miss
------------------------ -------------- ------ ------ ------ ------------ ------
gcs resource scan list                1    0.0             0            0
gcs shadows freelist                  1    0.0             0            0
ges domain table                      1    0.0             0            0
ges enqueue table freeli              1    0.0             0            0
ges group table                       1    0.0             0            0
ges process hash list                 1    0.0             0            0
ges process parent latch              1    0.0             0            0
ges resource hash list                1    0.0             0            0
ges resource scan list                1    0.0             0            0
ges resource table freel              1    0.0             0            0
ges value block free lis              1    0.0             0            0
global KZLD latch for me              2    0.0             0            0
global tx hash mapping                1    0.0             0            0
granule operation                     1    0.0             0            0
hash table column usage               0                    0           65    0.0
hash table modification               6    0.0             0            0
heartbeat check                       1    0.0             0            0
intra txn parallel recov              1    0.0             0            0
io pool granule metadata              1    0.0             0            0
job workq parent latch                2    0.0             0            1    0.0
job_queue_processes free              4    0.0             0            0
job_queue_processes para             88    0.0             0            0
k2q lock allocation                   1    0.0             0            0
kcbtsemkid latch                      6    0.0             0            0
kdlx hb parent latch                  1    0.0             0            0
kgb parent                            1    0.0             0            0
kgnfs mount latch                     1    0.0             0            0
ksfv messages                         1    0.0             0            0
ksim group membership ca              1    0.0             0            0
kss move lock                         5    0.0             0            0
ksuosstats global area               21    0.0             0            0
ksv allocation latch                 14    0.0             0            0
ksv class latch                       5    0.0             0            0
ksv instance latch                    1    0.0             0            0
ksv msg queue latch                   1    0.0             0            0
ksz_so allocation latch              13    0.0             0            0
ktm global data                      11    0.0             0            0
kwqbsn:qsga                          17    0.0             0            0
lgwr LWN SCN                        271    0.0             0            0
list of block allocation             88    0.0             0            0
lob segment dispenser la              1    0.0             0            0
lob segment hash table l              3    0.0             0            0
lob segment query latch               1    0.0             0            0
lock DBA buffer during m              1    0.0             0            0
logical standby cache                 1    0.0             0            0
logminer context allocat              1    0.0             0            0
logminer work area                    1    0.0             0            0
longop free list parent               1    0.0             0            0
mapped buffers lru chain              1    0.0             0            0
message pool operations               1    0.0             0            0
Latch Activity  DB/Inst: XE/XE  Snaps:   134-  135
->"Get Requests", "Pct Get Miss" and "Avg Slps/Miss" are statistics for
  willing-to-wait latch get requests
->"NoWait Requests", "Pct NoWait Miss" are for no-wait latch get requests
->"Pct Misses" for both should be very close to 0.0

                                           Pct    Avg   Wait                 Pct
                              Get          Get   Slps   Time       NoWait NoWait
Latch                       Requests      Miss  /Miss    (s)     Requests   Miss
------------------------ -------------- ------ ------ ------ ------------ ------
messages                          4,339    0.0             0            0
mostly latch-free SCN               271    0.0             0            0
msg queue latch                       1    0.0             0            0
multiblock read objects              96    0.0             0            0
name-service namespace b              1    0.0             0            0
ncodef allocation latch               8    0.0             0            0
object queue header heap            530    0.0             0          285    0.0
object queue header oper         61,622    0.0             0            0
object stats modificatio            271    0.0             0            0
parallel query alloc buf             49    0.0             0            0
parallel query stats                  1    0.0             0            0
parameter list                       14    0.0             0            0
parameter table manageme             49    0.0             0            0
peshm                                 1    0.0             0            0
pesom_free_list                       1    0.0             0            0
pesom_hash_node                       1    0.0             0            0
post/wait queue                      41    0.0             0           29    0.0
process allocation                   18    0.0             0            7    0.0
process group creation               13    0.0             0            0
process queue                         1    0.0             0            0
process queue reference               1    0.0             0            0
qmn task queue latch                 56    0.0             0            0
query server freelists                1    0.0             0            0
queued dump request                   1    0.0             0            0
queuing load statistics               1    0.0             0            0
recovery domain hash lis              1    0.0             0            0
redo allocation               1,021,041    0.0    0.0      0            0
redo copy                             1    0.0             0    1,019,793    0.0
redo writing                      1,312    0.0             0            0
resmgr group change latc              5    0.0             0            0
resmgr:active threads                97    0.0             0          141    0.0
resmgr:actses change gro              7    0.0             0            0
resmgr:actses change sta              1    0.0             0            0
resmgr:free threads list             15    0.0             0            0
resmgr:plan CPU method                1    0.0             0            0
resmgr:resource group CP            101    0.0             0            0
resmgr:schema config                 82    0.0             0            5    0.0
resmgr:session queuing                1    0.0             0            0
rm cas latch                          1    0.0             0            0
row cache objects                 3,853    0.1    0.0      0            0
rules engine rule set st            100    0.0             0            0
second Audit Vault latch              1    0.0             0            0
second spare latch                    1    0.0             0            0
sequence cache                       15    0.0             0            0
session allocation                   84    0.0             0           74    0.0
session idle bit              2,000,154    0.0             0            0
session queue latch                   1    0.0             0            0
session state list latch             22    0.0             0            0
session switching                    39    0.0             0            0
session timer                       135    0.0             0            0
Latch Activity  DB/Inst: XE/XE  Snaps:   134-  135
->"Get Requests", "Pct Get Miss" and "Avg Slps/Miss" are statistics for
  willing-to-wait latch get requests
->"NoWait Requests", "Pct NoWait Miss" are for no-wait latch get requests
->"Pct Misses" for both should be very close to 0.0

                                           Pct    Avg   Wait                 Pct
                              Get          Get   Slps   Time       NoWait NoWait
Latch                       Requests      Miss  /Miss    (s)     Requests   Miss
------------------------ -------------- ------ ------ ------ ------------ ------
shared pool                   1,002,498    0.0    0.0      0            0
shared pool sim alloc                 1    0.0             0            0
shared pool simulator                62    0.0             0            0
sim partition latch                   1    0.0             0            0
simulator hash latch             69,094    0.0             0            0
simulator lru latch                   1    0.0             0       67,269    0.0
sort extent pool                     11    0.0             0            0
space background state o              3    0.0             0            0
space background task la            329    0.0             0          258    0.0
tablespace key chain                  1    0.0             0            0
test excl. parent l0                  1    0.0             0            0
test excl. parent2 l0                 1    0.0             0            0
third spare latch                     1    0.0             0            0
threshold alerts latch                8    0.0             0            0
trace latch                           3    0.0             0            0
transaction allocation               14    0.0             0            0
undo global data                 12,682    0.0             0            0
virtual circuit buffers               1    0.0             0            0
virtual circuit holder                1    0.0             0            0
virtual circuit queues                1    0.0             0            0
          -------------------------------------------------------------
Latch Sleep breakdown  DB/Inst: XE/XE  Snaps:   134-  135
-> ordered by misses desc

                                       Get                                 Spin
Latch Name                        Requests       Misses      Sleeps        Gets
-------------------------- --------------- ------------ ----------- -----------
shared pool                      1,002,498           31           1          30
          -------------------------------------------------------------
Latch Miss Sources  DB/Inst: XE/XE  Snaps:   134-  135
-> only latches with sleeps are shown
-> ordered by name, sleeps desc

                                                     NoWait              Waiter
Latch Name               Where                       Misses     Sleeps   Sleeps
------------------------ -------------------------- ------- ---------- --------
shared pool              kghalo                           0          1        0
          -------------------------------------------------------------
Mutex Sleep  DB/Inst: XE/XE  Snaps:   134-  135
-> ordered by Wait Time desc

                                                                         Wait
Mutex Type         Location                                 Sleeps     Time (s)
------------------ -------------------------------- -------------- ------------
Library Cache      kgllkdl1  85                                  1          0.0
          -------------------------------------------------------------
Dictionary Cache Stats  DB/Inst: XE/XE  Snaps:   134-  135
->"Pct Misses"  should be very low (< 2% in most cases)
->"Final Usage" is the number of cache entries being used in End Snapshot

                                   Get    Pct    Scan   Pct      Mod      Final
Cache                         Requests   Miss    Reqs  Miss     Reqs      Usage
------------------------- ------------ ------ ------- ----- -------- ----------
dc_awr_control                       7    0.0       0              0          1
dc_histogram_data                  103    6.8       0              0        771
dc_histogram_defs                   67   25.4       0              0      2,127
dc_objects                         155    1.3       0              1        988
dc_profiles                          4    0.0       0              0          1
dc_rollback_segments                65    0.0       0              0         22
dc_segments                        107    0.9       0              3        290
dc_tablespaces                     233    0.0       0              0          5
dc_users                           409    5.9       0              0         74
global database name               265    0.0       0              0          1
sch_lj_oids                          2    0.0       0              0          3
          -------------------------------------------------------------


Library Cache Activity  DB/Inst: XE/XE  Snaps:   134-  135
->"Pct Misses"  should be very low

                         Get  Pct        Pin        Pct               Invali-
Namespace           Requests  Miss     Requests     Miss     Reloads  dations
--------------- ------------ ------ -------------- ------ ---------- --------
ACCOUNT_STATUS             6    0.0              0                 0        0
BODY                      14    0.0             15    0.0          0        0
CLUSTER                    8    0.0              8    0.0          0        0
DBLINK                     4    0.0              0                 0        0
EDITION                    3    0.0              6    0.0          0        0
SCHEMA                     6    0.0              0                 0        0
SQL AREA                  75   18.7      1,000,607    0.0          0        0
SQL AREA BUILD            13  100.0              0                 0        0
SQL AREA STATS            13  100.0             13  100.0          0        0
TABLE/PROCEDURE           48    4.2            349    3.2          0        0
          -------------------------------------------------------------
Rule Sets  DB/Inst: XE/XE  Snaps:   134-  135
-> * indicates Rule Set activity (re)started between Begin/End snaps
-> Top 25 ordered by Evaluations desc

                                                               No-SQL  SQL
Rule                                *     Eval/sec Reloads/sec Eval % Eval %
----------------------------------- - ------------ ----------- ------ ------
SYS.ALERT_QUE_R                                  0           0      0      0
          -------------------------------------------------------------
Shared Pool Advisory  DB/Inst: XE/XE  End Snap:   135
-> SP: Shared Pool     Est LC: Estimated Library Cache   Factr: Factor
-> Note there is often a 1:Many correlation between a single logical object
   in the Library Cache, and the physical number of memory objects associated
   with it.  Therefore comparing the number of Lib Cache objects (e.g. in
   v$librarycache), with the number of Lib Cache Memory Objects is invalid

                                        Est LC Est LC  Est LC Est LC
    Shared    SP   Est LC                 Time   Time    Load   Load      Est LC
      Pool  Size     Size       Est LC   Saved  Saved    Time   Time         Mem
  Size (M) Factr      (M)      Mem Obj     (s)  Factr     (s)  Factr    Obj Hits
---------- ----- -------- ------------ ------- ------ ------- ------ -----------
        96    .5        7          502   8,248    1.0       2    1.0     352,409
       116    .7       23        1,663   8,248    1.0       2    1.0   1,006,047
       136    .8       29        2,091   8,248    1.0       2    1.0   1,006,078
       156    .9       29        2,091   8,248    1.0       2    1.0   1,006,078
       176   1.0       29        2,091   8,248    1.0       2    1.0   1,006,078
       196   1.1       29        2,091   8,248    1.0       2    1.0   1,006,078
       216   1.2       29        2,091   8,248    1.0       2    1.0   1,006,078
       236   1.3       29        2,091   8,248    1.0       2    1.0   1,006,078
       256   1.5       29        2,091   8,248    1.0       2    1.0   1,006,078
       276   1.6       29        2,091   8,248    1.0       2    1.0   1,006,078
       296   1.7       29        2,091   8,248    1.0       2    1.0   1,006,078
       316   1.8       29        2,091   8,248    1.0       2    1.0   1,006,078
       336   1.9       29        2,091   8,248    1.0       2    1.0   1,006,078
       356   2.0       29        2,091   8,248    1.0       2    1.0   1,006,078
          -------------------------------------------------------------
SGA Target Advisory  DB/Inst: XE/XE  End Snap:   135

SGA Target SGA Size   Est DB      Est DB   Est Physical
  Size (M)   Factor Time (s) Time Factor          Reads
---------- -------- -------- ----------- --------------
       189       .8      186         1.0          6,440
       252      1.0      186         1.0          6,431
       315      1.3      186         1.0          6,431
       378      1.5      186         1.0          6,431
       441      1.8      186         1.0          6,431
       504      2.0      186         1.0          6,431
          -------------------------------------------------------------
SGA Memory Summary  DB/Inst: XE/XE  Snaps:   134-  135

                                                        End Size (Bytes)
SGA regions                      Begin Size (Bytes)       (if different)
------------------------------ -------------------- --------------------
Database Buffers                         58,720,256
Fixed Size                                2,226,960
Redo Buffers                              4,333,568
Variable Size                           339,739,888
                               -------------------- --------------------
sum                                     405,020,672
          -------------------------------------------------------------


SGA breakdown difference  DB/Inst: XE/XE  Snaps:   134-  135
-> Top 35 rows by size, ordered by Pool, Name (note rows with null values for
   Pool column, or Names showing free memory are always shown)
-> Null value for Begin MB or End MB indicates the size of that Pool/Name was
   insignificant, or zero in that snapshot

Pool   Name                                 Begin MB         End MB  % Diff
------ ------------------------------ -------------- -------------- --------
java p free memory                               4.0            4.0     0.00
large  PX msg pool                                .5             .5     0.00
large  free memory                               3.5            3.5     0.00
shared ASH buffers                               4.0            4.0     0.00
shared FileOpenBlock                             3.8            3.8     0.00
shared KCB Table Scan Buffer                     3.8            3.8     0.00
shared KGLH0                                    10.4           10.6     2.04
shared KGLHD                                     2.6            2.6     0.96
shared KGLS                                      6.6            6.7     1.35
shared KGLSG                                     5.0            5.0     0.00
shared KSFD SGA I/O b                            3.8            3.8     0.00
shared PLDIA                                     1.9            1.9     0.00
shared PLMCD                                     2.1            2.1     0.00
shared SQLA                                     10.9           11.1     1.70
shared event statistics per sess                 2.1            2.1     0.00
shared free memory                              66.2           65.5    -0.97
shared kglsim hash table bkts                    4.0            4.0     0.00
shared ksunfy : SSO free list                    2.0            2.0     0.00
shared obj stats allocation chun                 2.5            2.5     0.00
shared private strands                           2.3            2.3     0.00
shared row cache                                 7.2            7.2     0.00
       buffer_cache                             56.0           56.0     0.00
       fixed_sga                                 2.1            2.1     0.00
       log_buffer                                4.1            4.1     0.00
          -------------------------------------------------------------
SQL Memory Statistics  DB/Inst: XE/XE  Snaps:   134-  135

                                   Begin            End         % Diff
                          -------------- -------------- --------------
   Avg Cursor Size (KB):           26.96          26.79           -.62
 Cursor to Parent ratio:            1.01           1.01           -.03
          Total Cursors:             509            521           2.30
          Total Parents:             503            515           2.33
          -------------------------------------------------------------
init.ora Parameters  DB/Inst: XE/XE  Snaps:   134-  135

                                                                  End value
Parameter Name                Begin value                       (if different)
----------------------------- --------------------------------- --------------
audit_file_dest               /u01/app/oracle/admin/XE/adump
compatible                    11.2.0.0.0
control_files                 /u01/app/oracle/oradata/XE/contro
                              l.dbf
db_name                       XE
db_recovery_file_dest         /u01/app/oracle/fast_recovery_are
                              a
db_recovery_file_dest_size    10737418240
diagnostic_dest               /u01/app/oracle
dispatchers                   (PROTOCOL=TCP) (SERVICE=XEXDB)
job_queue_processes           4
log_buffer                    4100096
memory_target                 406847488
open_cursors                  300
remote_login_passwordfile     EXCLUSIVE
sessions                      172
shared_servers                4
undo_management               AUTO
undo_tablespace               UNDOTBS1
          -------------------------------------------------------------

End of Report (   sp_134_135.lst )

