
STATSPACK report for

Database    DB Id    Instance     Inst Num  Startup Time   Release     RAC
~~~~~~~~ ----------- ------------ -------- --------------- ----------- ---
          2706909277 XE                  1 09-12月-13 20:4 11.2.0.2.0  NO
                                           4

Host Name             Platform                CPUs Cores Sockets   Memory (G)
~~~~ ---------------- ---------------------- ----- ----- ------- ------------
     kagamihogex61    Linux x86 64-bit           2     2       1           .9

Snapshot       Snap Id     Snap Time      Sessions Curs/Sess Comment
~~~~~~~~    ---------- ------------------ -------- --------- ------------------
Begin Snap:        137 09-12月-13 20:45:51      21       1.3
  End Snap:        138 09-12月-13 20:46:34      23       1.3
   Elapsed:       0.72 (mins) Av Act Sess:       0.1
   DB time:       0.08 (mins)      DB CPU:       0.07 (mins)

Cache Sizes            Begin        End
~~~~~~~~~~~       ---------- ----------
    Buffer Cache:        56M              Std Block Size:         8K
     Shared Pool:       176M                  Log Buffer:     4,004K

Load Profile              Per Second    Per Transaction    Per Exec    Per Call
~~~~~~~~~~~~      ------------------  ----------------- ----------- -----------
      DB time(s):                0.1                2.4        0.00        0.00
       DB CPU(s):                0.1                2.2        0.00        0.00
       Redo size:          815,060.1       17,523,792.0
   Logical reads:            1,251.0           26,896.5
   Block changes:            1,078.7           23,191.5
  Physical reads:               39.8              856.5
 Physical writes:                6.1              132.0
      User calls:              233.3            5,016.0
          Parses:                4.6               98.5
     Hard parses:                0.4                7.5
W/A MB processed:                0.5               11.2
          Logons:                0.1                2.0
        Executes:              238.0            5,116.0
       Rollbacks:                0.0                0.0
    Transactions:                0.1

Instance Efficiency Indicators
~~~~~~~~~~~~~~~~~~~~~~~~~~~~~~
            Buffer Nowait %:  100.00       Redo NoWait %:   99.99
            Buffer  Hit   %:   96.82  Optimal W/A Exec %:  100.00
            Library Hit   %:   99.55        Soft Parse %:   92.39
         Execute to Parse %:   98.07         Latch Hit %:   99.99
Parse CPU to Parse Elapsd %:   50.00     % Non-Parse CPU:   99.03

 Shared Pool Statistics        Begin   End
                               ------  ------
             Memory Usage %:   62.31   62.63
    % SQL with executions>1:   61.95   62.35
  % Memory for SQL w/exec>1:   64.07   65.10

Top 5 Timed Events                                                    Avg %Total
~~~~~~~~~~~~~~~~~~                                                   wait   Call
Event                                            Waits    Time (s)   (ms)   Time
----------------------------------------- ------------ ----------- ------ ------
log file parallel write                             34           2     63   40.1
db file async I/O submit                             4           1    271   20.4
CPU time                                                         1          19.4
control file parallel write                         26           0     18    8.9
log buffer space                                     1           0    171    3.2
          -------------------------------------------------------------
Host CPU  (CPUs: 2  Cores: 2  Sockets: 1)
~~~~~~~~              Load Average
                      Begin     End      User  System    Idle     WIO     WCPU
                    ------- -------   ------- ------- ------- ------- --------
                       0.15    0.08      3.96    1.37   94.56    1.17

Instance CPU
~~~~~~~~~~~~                                       % Time (seconds)
                                            -------- --------------
                     Host: Total time (s):                     84.4
                  Host: Busy CPU time (s):                      4.6
                   % of time Host is Busy:       5.4
             Instance: Total CPU time (s):                      4.7
          % of Busy CPU used for Instance:     103.1
        Instance: Total Database time (s):                      8.8
  %DB time waiting for CPU (Resource Mgr):       0.0

Virtual Memory Paging
~~~~~~~~~~~~~~~~~~~~~
                     KB paged out per sec:           892.1
                     KB paged  in per sec:             2.6

Memory Statistics                       Begin          End
~~~~~~~~~~~~~~~~~                ------------ ------------
                  Host Mem (MB):        971.2        971.2
                   SGA use (MB):        386.3        386.3
                   PGA use (MB):         56.0         61.4
    % Host Mem used for SGA+PGA:         45.5         46.1
          -------------------------------------------------------------

Time Model System Stats  DB/Inst: XE/XE  Snaps:   137-  138
-> Ordered by % of DB time desc, Statistic name

Statistic                                       Time (s) % DB time
----------------------------------- -------------------- ---------
DB CPU                                               4.5      93.6
sql execute elapsed time                             3.1      64.8
connection management call elapsed                   0.0        .6
parse time elapsed                                   0.0        .5
hard parse elapsed time                              0.0        .3
PL/SQL execution elapsed time                        0.0        .1
repeated bind elapsed time                           0.0        .0
DB time                                              4.8
background elapsed time                              4.0
background cpu time                                  0.3
          -------------------------------------------------------------
Foreground Wait Events  DB/Inst: XE/XE  Snaps:   137-  138
-> Only events with Total Wait Time (s) >= .001 are shown
-> ordered by Total Wait Time desc, Waits desc (idle events last)

                                                             Avg          %Total
                                          %Tim Total Wait   wait    Waits   Call
Event                               Waits  out   Time (s)   (ms)     /txn   Time
---------------------------- ------------ ---- ---------- ------ -------- ------
log buffer space                        1    0          0    171      0.5    3.2
log file switch completion              1    0          0    133      0.5    2.5
log file sync                           3    0          0     40      1.5    2.2
db file sequential read                44    0          0      1     22.0    1.0
db file scattered read                 11    0          0      0      5.5     .0
control file sequential read          176    0          0      0     88.0     .0
SQL*Net message from client        10,017    0         10      1  5,008.5
SQL*Net message to client          10,017    0          0      0  5,008.5
          -------------------------------------------------------------

Background Wait Events  DB/Inst: XE/XE  Snaps:   137-  138
-> Only events with Total Wait Time (s) >= .001 are shown
-> ordered by Total Wait Time desc, Waits desc (idle events last)

                                                             Avg          %Total
                                          %Tim Total Wait   wait    Waits   Call
Event                               Waits  out   Time (s)   (ms)     /txn   Time
---------------------------- ------------ ---- ---------- ------ -------- ------
log file parallel write                34    0          2     63     17.0   40.1
db file async I/O submit                4    0          1    271      2.0   20.4
control file parallel write            26    0          0     18     13.0    8.9
os thread startup                       2    0          0     30      1.0    1.1
log file single write                   2    0          0     14      1.0     .5
db file parallel read                  18    0          0      1      9.0     .4
rdbms ipc message                     212   82        460   2170    106.0
shared server idle wait                 8  100        240  30012      4.0
DIAG idle wait                         86  100         86   1001     43.0
smon timer                              1    0         84  84117      0.5
dispatcher timer                        1  100         60  60015      0.5
pmon timer                             14  100         42   3003      7.0
Space Manager: slave idle wa            6  100         30   5001      3.0
Streams AQ: qmn slave idle w            1    0         28  28009      0.5
Streams AQ: qmn coordinator             2   50         28  14004      1.0
SQL*Net message from client             8    0          0     17      4.0
          -------------------------------------------------------------

Wait Events (fg and bg) DB/Inst: XE/XE  Snaps:   137-  138
-> s - second, cs - centisecond,  ms - millisecond, us - microsecond
-> %Timeouts:  value of 0 indicates value was < .5%.  Value of null is truly 0
-> Only events with Total Wait Time (s) >= .001 are shown
-> ordered by Total Wait Time desc, Waits desc (idle events last)

                                                             Avg          %Total
                                          %Tim Total Wait   wait    Waits   Call
Event                               Waits  out   Time (s)   (ms)     /txn   Time
---------------------------- ------------ ---- ---------- ------ -------- ------
log file parallel write                34    0          2     63     17.0   40.1
db file async I/O submit                4    0          1    271      2.0   20.4
control file parallel write            26    0          0     18     13.0    8.9
log buffer space                        1    0          0    171      0.5    3.2
log file switch completion              1    0          0    133      0.5    2.5
log file sync                           3    0          0     40      1.5    2.2
os thread startup                       2    0          0     30      1.0    1.1
db file sequential read                51    0          0      1     25.5    1.0
log file single write                   2    0          0     14      1.0     .5
db file parallel read                  18    0          0      1      9.0     .4
control file sequential read          216    0          0      0    108.0     .0
db file scattered read                 11    0          0      0      5.5     .0
rdbms ipc message                     212   82        460   2170    106.0
shared server idle wait                 8  100        240  30012      4.0
DIAG idle wait                         86  100         86   1001     43.0
smon timer                              1    0         84  84117      0.5
dispatcher timer                        1  100         60  60015      0.5
pmon timer                             14  100         42   3003      7.0
Space Manager: slave idle wa            6  100         30   5001      3.0
Streams AQ: qmn slave idle w            1    0         28  28009      0.5
Streams AQ: qmn coordinator             2   50         28  14004      1.0
SQL*Net message from client        10,025    0         10      1  5,012.5
SQL*Net message to client          10,023    0          0      0  5,011.5
          -------------------------------------------------------------
Wait Event Histogram  DB/Inst: XE/XE  Snaps:   137-  138
-> Total Waits - units: K is 1000, M is 1000000, G is 1000000000
-> % of Waits - column heading: <=1s is truly <1024ms, >1s is truly >=1024ms
-> % of Waits - value: .0 indicates value was <.05%, null is truly 0
-> Ordered by Event (idle events last)

                           Total ----------------- % of Waits ------------------
Event                      Waits  <1ms  <2ms  <4ms  <8ms <16ms <32ms  <=1s   >1s
-------------------------- ----- ----- ----- ----- ----- ----- ----- ----- -----
Disk file operations I/O      7  100.0
LGWR wait for redo copy       1  100.0
asynch descriptor resize      9  100.0
control file parallel writ   26                     15.4  34.6  38.5  11.5
control file sequential re  216  100.0
db file async I/O submit      4                                 25.0  75.0
db file parallel read        18   38.9  61.1
db file scattered read       11  100.0
db file sequential read      56   92.9               3.6         3.6
log buffer space              1                                      100.0
log file parallel write      34                                  5.9  94.1
log file sequential read      2  100.0
log file single write         2                     50.0        50.0
log file switch completion    1                                      100.0
log file sync                 3                                 33.3  66.7
os thread startup             2                                100.0
DIAG idle wait               86                                      100.0
SQL*Net message from clien   10K  87.0  12.3    .5    .1    .0    .0    .0
SQL*Net message to client    10K 100.0
Space Manager: slave idle     6                                            100.0
Streams AQ: qmn coordinato    2   50.0                                      50.0
Streams AQ: qmn slave idle    1                                            100.0
class slave wait              1  100.0
dispatcher timer              1                                            100.0
pmon timer                   14                                            100.0
rdbms ipc message           212     .5                           1.4  36.3  61.8
shared server idle wait       8                                            100.0
smon timer                    1                                            100.0
          -------------------------------------------------------------

SQL ordered by CPU  DB/Inst: XE/XE  Snaps:   137-  138
-> Total DB CPU (s):               4
-> Captured SQL accounts for   23.1% of Total DB CPU
-> SQL reported below exceeded  1.0% of Total DB CPU

    CPU                  CPU per             Elapsd                     Old
  Time (s)   Executions  Exec (s)  %Total   Time (s)    Buffer Gets  Hash Value
---------- ------------ ---------- ------ ---------- --------------- ----------
      0.50            1       0.50   11.2       0.57           1,585 2522684317
Module: SQL*Plus
BEGIN statspack.snap; END;

      0.42       10,000       0.00    9.5       2.37          49,539 1245210625
Module: JDBC Thin Client
INSERT INTO insert_to_million_rows_table VALUES (:1 )

      0.06            1       0.06    1.3       0.06           2,159 2706366537
select o.name, o.owner# from obj$ o, type$ t  where o.oid$ = t.t
void and  bitand(t.properties,8388608) = 8388608 and (sysdate-o.
ctime) > 0.0007

          -------------------------------------------------------------
SQL ordered by Elapsed time for DB: XE  Instance: XE  Snaps:   137 -  138
-> Total DB Time (s):               5
-> Captured SQL accounts for   64.0% of Total DB Time
-> SQL reported below exceeded  1.0% of Total DB Time

  Elapsed                Elap per            CPU                        Old
  Time (s)   Executions  Exec (s)  %Total   Time (s)  Physical Reads Hash Value
---------- ------------ ---------- ------ ---------- --------------- ----------
      2.37       10,000       0.00   49.8       0.42               7 1245210625
Module: JDBC Thin Client
INSERT INTO insert_to_million_rows_table VALUES (:1 )

      0.57            1       0.57   11.9       0.50             110 2522684317
Module: SQL*Plus
BEGIN statspack.snap; END;

      0.06            1       0.06    1.2       0.06           1,610 2706366537
select o.name, o.owner# from obj$ o, type$ t  where o.oid$ = t.t
void and  bitand(t.properties,8388608) = 8388608 and (sysdate-o.
ctime) > 0.0007

          -------------------------------------------------------------
SQL ordered by Gets  DB/Inst: XE/XE  Snaps:   137-  138
-> End Buffer Gets Threshold:     10000 Total Buffer Gets:          53,793
-> Captured SQL accounts for   97.4% of Total Buffer Gets
-> SQL reported below exceeded  1.0% of Total Buffer Gets

                                                     CPU      Elapsd     Old
  Buffer Gets    Executions  Gets per Exec  %Total Time (s)  Time (s) Hash Value
--------------- ------------ -------------- ------ -------- --------- ----------
         49,539       10,000            5.0   92.1     0.42      2.37 1245210625
Module: JDBC Thin Client
INSERT INTO insert_to_million_rows_table VALUES (:1 )

          2,159            1        2,159.0    4.0     0.06      0.06 2706366537
select o.name, o.owner# from obj$ o, type$ t  where o.oid$ = t.t
void and  bitand(t.properties,8388608) = 8388608 and (sysdate-o.
ctime) > 0.0007

          1,585            1        1,585.0    2.9     0.50      0.57 2522684317
Module: SQL*Plus
BEGIN statspack.snap; END;

            546          101            5.4    1.0     0.04      0.04 2275360153
select /*+ connect_by_filtering */ privilege#,level from sysauth
$ connect by grantee#=prior privilege# and privilege#>0 start wi
th grantee#=:1 and privilege#>0

          -------------------------------------------------------------
SQL ordered by Reads  DB/Inst: XE/XE  Snaps:   137-  138
-> End Disk Reads Threshold:      1000  Total Disk Reads:           1,713
-> Captured SQL accounts for   94.6% of Total Disk Reads
-> SQL reported below exceeded  1.0% of Total Disk Reads

                                                     CPU      Elapsd
  Physical Rds   Executions  Rds per Exec   %Total Time (s)  Time (s) Hash Value
--------------- ------------ -------------- ------ -------- --------- ----------
          1,610            1        1,610.0   94.0     0.06      0.06 2706366537
select o.name, o.owner# from obj$ o, type$ t  where o.oid$ = t.t
void and  bitand(t.properties,8388608) = 8388608 and (sysdate-o.
ctime) > 0.0007

            110            1          110.0    6.4     0.50      0.57 2522684317
Module: SQL*Plus
BEGIN statspack.snap; END;

          -------------------------------------------------------------
SQL ordered by Executions  DB/Inst: XE/XE  Snaps:   137-  138
-> End Executions Threshold:       100  Total Executions:          10,232
-> Captured SQL accounts for   99.2% of Total Executions
-> SQL reported below exceeded  1.0% of Total Executions

                                                CPU per    Elap per     Old
 Executions   Rows Processed   Rows per Exec    Exec (s)   Exec (s)  Hash Value
------------ --------------- ---------------- ----------- ---------- ----------
      10,000       1,000,000            100.0       0.00        0.00  1245210625
Module: JDBC Thin Client
INSERT INTO insert_to_million_rows_table VALUES (:1 )

          -------------------------------------------------------------
SQL ordered by Parse Calls  DB/Inst: XE/XE  Snaps:   137-  138
-> End Parse Calls Threshold:      1000 Total Parse Calls:             197
-> Captured SQL accounts for   62.9% of Total Parse Calls
-> SQL reported below exceeded  1.0% of Total Parse Calls

                           % Total    Old
 Parse Calls   Executions   Parses Hash Value
------------ ------------ -------- ----------
         101          101    51.27 2275360153
select /*+ connect_by_filtering */ privilege#,level from sysauth
$ connect by grantee#=prior privilege# and privilege#>0 start wi
th grantee#=:1 and privilege#>0

           2            7     1.02  199663413
select /*+ rule */ bucket, endpoint, col#, epvalue from histgrm$
 where obj#=:1 and intcol#=:2 and row#=:3 order by bucket

           2            2     1.02  204386021
select col#, grantee#, privilege#,max(mod(nvl(option$,0),2)) fro
m objauth$ where obj#=:1 and col# is not null group by privilege
#, col#, grantee# order by col#, grantee#

           2            2     1.02  828281227
select obj#,type#,ctime,mtime,stime, status, dataobj#, flags, oi
d$, spare1, spare2 from obj$ where owner#=:1 and name=:2 and nam
espace=:3 and remoteowner is null and linkname is null and subna
me is null

           2            2     1.02  947984246
select con#,type#,condlength,intcols,robj#,rcon#,match#,refact,n
vl(enabled,0),rowid,cols,nvl(defer,0),mtime,nvl(spare1,0),spare2
,spare3 from cdef$ where obj#=:1

           2            2     1.02 1980305124
select grantee#,privilege#,nvl(col#,0),max(mod(nvl(option$,0),2)
)from objauth$ where obj#=:1 group by grantee#,privilege#,nvl(co
l#,0) order by grantee#

           2            2     1.02 3255980345
select con#,obj#,rcon#,enabled,nvl(defer,0),spare2,spare3 from c
def$ where robj#=:1

           2           12     1.02 4274598960
select /*+ rule */ bucket_cnt, row_cnt, cache_cnt, null_cnt, tim
estamp#, sample_size, minimum, maximum, distcnt, lowval, hival,
density, col#, spare1, spare2, avgcln from hist_head$ where obj#
=:1 and intcol#=:2

          -------------------------------------------------------------
Instance Activity Stats  DB/Inst: XE/XE  Snaps:   137-  138

Statistic                                      Total     per Second    per Trans
--------------------------------- ------------------ -------------- ------------
Batched IO (bound) vector count                    7            0.2          3.5
Batched IO (full) vector count                    10            0.2          5.0
Batched IO block miss count                    1,698           39.5        849.0
Batched IO buffer defrag count                     7            0.2          3.5
Batched IO double miss count                       1            0.0          0.5
Batched IO same unit count                       105            2.4         52.5
Batched IO vector block count                  1,603           37.3        801.5
Batched IO vector read count                      18            0.4          9.0
CCursor + sql area evicted                         0            0.0          0.0
CPU used by this session                         103            2.4         51.5
CPU used when call started                        98            2.3         49.0
CR blocks created                                  0            0.0          0.0
DB time                                          337            7.8        168.5
DBWR checkpoints                                   1            0.0          0.5
DBWR transaction table writes                      1            0.0          0.5
DBWR undo block writes                           127            3.0         63.5
HSC Heap Segment Block Changes                13,614          316.6      6,807.0
Heap Segment Array Inserts                    13,611          316.5      6,805.5
Heap Segment Array Updates                         1            0.0          0.5
IMU Flushes                                        2            0.1          1.0
IMU Redo allocation size                      27,272          634.2     13,636.0
IMU commits                                        0            0.0          0.0
IMU undo allocation size                       9,632          224.0      4,816.0
RowCR attempts                                     1            0.0          0.5
RowCR hits                                         1            0.0          0.5
SQL*Net roundtrips to/from client             10,017          233.0      5,008.5
active txn count during cleanout                 979           22.8        489.5
background checkpoints started                     1            0.0          0.5
background timeouts                              176            4.1         88.0
buffer is not pinned count                     5,311          123.5      2,655.5
buffer is pinned count                         2,322           54.0      1,161.0
bytes received via SQL*Net from c         22,534,848      524,066.2 ############
bytes sent via SQL*Net to client             737,084       17,141.5    368,542.0
calls to get snapshot scn: kcmgss                291            6.8        145.5
calls to kcmgas                                   68            1.6         34.0
calls to kcmgcs                                7,712          179.4      3,856.0
cell physical IO interconnect byt         56,320,000    1,309,767.4 ############
change write time                                 57            1.3         28.5
cleanout - number of ktugct calls                984           22.9        492.0
cleanouts only - consistent read                   0            0.0          0.0
cluster key scan block gets                       29            0.7         14.5
cluster key scans                                 13            0.3          6.5
commit cleanout failures: block l                  8            0.2          4.0
commit cleanout failures: callbac                  2            0.1          1.0
commit cleanouts                                 840           19.5        420.0
commit cleanouts successfully com                830           19.3        415.0
commit txn count during cleanout                  22            0.5         11.0
concurrency wait time                              6            0.1          3.0
consistent changes                                 0            0.0          0.0
consistent gets                                8,380          194.9      4,190.0
consistent gets - examination                  1,404           32.7        702.0
consistent gets from cache                     8,380          194.9      4,190.0
consistent gets from cache (fastp              6,889          160.2      3,444.5
cursor authentications                            39            0.9         19.5
data blocks consistent reads - un                  0            0.0          0.0
db block changes                              46,383        1,078.7     23,191.5
Instance Activity Stats  DB/Inst: XE/XE  Snaps:   137-  138

Statistic                                      Total     per Second    per Trans
--------------------------------- ------------------ -------------- ------------
db block gets                                 45,413        1,056.1     22,706.5
db block gets from cache                      45,413        1,056.1     22,706.5
db block gets from cache (fastpat              9,137          212.5      4,568.5
deferred (CURRENT) block cleanout                 83            1.9         41.5
dirty buffers inspected                          211            4.9        105.5
enqueue conversions                               11            0.3          5.5
enqueue releases                                 929           21.6        464.5
enqueue requests                                 930           21.6        465.0
enqueue timeouts                                   1            0.0          0.5
enqueue waits                                      0            0.0          0.0
execute count                                 10,232          238.0      5,116.0
file io service time                           1,197           27.8        598.5
file io wait time                          1,119,718       26,040.0    559,859.0
free buffer inspected                          5,102          118.7      2,551.0
free buffer requested                          5,804          135.0      2,902.0
heap block compress                                0            0.0          0.0
hot buffers moved to head of LRU               1,038           24.1        519.0
immediate (CR) block cleanout app                  0            0.0          0.0
immediate (CURRENT) block cleanou                 46            1.1         23.0
index crx upgrade (positioned)                     0            0.0          0.0
index fast full scans (full)                      21            0.5         10.5
index fetch by key                             2,084           48.5      1,042.0
index scans kdiixs1                              141            3.3         70.5
leaf node 90-10 splits                             1            0.0          0.5
leaf node splits                                  18            0.4          9.0
lob reads                                          0            0.0          0.0
logons cumulative                                  4            0.1          2.0
max cf enq hold time                               0            0.0          0.0
messages received                                 42            1.0         21.0
messages sent                                     42            1.0         21.0
no work - consistent read gets                 2,587           60.2      1,293.5
non-idle wait count                           10,421          242.4      5,210.5
non-idle wait time                               431           10.0        215.5
opened cursors cumulative                        224            5.2        112.0
parse count (failures)                             0            0.0          0.0
parse count (hard)                                15            0.4          7.5
parse count (total)                              197            4.6         98.5
parse time cpu                                     1            0.0          0.5
parse time elapsed                                 2            0.1          1.0
physical read IO requests                      1,675           39.0        837.5
physical read bytes                       14,032,896      326,346.4  7,016,448.0
physical read total IO requests                1,893           44.0        946.5
physical read total bytes                 17,572,864      408,671.3  8,786,432.0
physical read total multi block r                  0            0.0          0.0
physical reads                                 1,713           39.8        856.5
physical reads cache                           1,713           39.8        856.5
physical reads cache prefetch                  1,623           37.7        811.5
physical reads prefetch warmup                    38            0.9         19.0
physical write IO requests                       151            3.5         75.5
physical write bytes                       2,162,688       50,295.1  1,081,344.0
physical write total IO requests                 244            5.7        122.0
physical write total bytes                38,747,136      901,096.2 ############
physical write total multi block                  46            1.1         23.0
physical writes                                  264            6.1        132.0
physical writes from cache                       264            6.1        132.0
physical writes non checkpoint                   264            6.1        132.0
Instance Activity Stats  DB/Inst: XE/XE  Snaps:   137-  138

Statistic                                      Total     per Second    per Trans
--------------------------------- ------------------ -------------- ------------
pinned cursors current                             0            0.0          0.0
prefetch warmup blocks aged out b                 95            2.2         47.5
process last non-idle time                        43            1.0         21.5
recursive calls                                1,675           39.0        837.5
recursive cpu usage                               55            1.3         27.5
redo blocks checksummed by FG (ex             54,125        1,258.7     27,062.5
redo blocks written                           70,620        1,642.3     35,310.0
redo buffer allocation retries                     2            0.1          1.0
redo entries                                  31,350          729.1     15,675.0
redo log space requests                            3            0.1          1.5
redo log space wait time                          13            0.3          6.5
redo size                                 35,047,584      815,060.1 ############
redo synch long waits                              3            0.1          1.5
redo synch time                                   12            0.3          6.0
redo synch time (usec)                       119,007        2,767.6     59,503.5
redo synch writes                                  3            0.1          1.5
redo wastage                                   8,068          187.6      4,034.0
redo write time                                  213            5.0        106.5
redo writes                                       34            0.8         17.0
rollback changes - undo records a                  0            0.0          0.0
rollbacks only - consistent read                   0            0.0          0.0
rows fetched via callback                          2            0.1          1.0
scheduler wait time                                0            0.0          0.0
session connect time                              43            1.0         21.5
session cursor cache hits                        111            2.6         55.5
session logical reads                         53,793        1,251.0     26,896.5
session pga memory                         3,997,744       92,970.8  1,998,872.0
session pga memory max                     3,866,672       89,922.6  1,933,336.0
session uga memory                           582,424       13,544.7    291,212.0
session uga memory max                    11,250,344      261,635.9  5,625,172.0
shared hash latch upgrades - no w                188            4.4         94.0
sorts (memory)                                   140            3.3         70.0
sorts (rows)                                   2,927           68.1      1,463.5
sql area evicted                                   0            0.0          0.0
sql area purged                                    0            0.0          0.0
summed dirty queue length                        211            4.9        105.5
switch current to new buffer                       1            0.0          0.5
table fetch by rowid                           3,487           81.1      1,743.5
table fetch continued row                          0            0.0          0.0
table scan blocks gotten                         255            5.9        127.5
table scan rows gotten                        20,476          476.2     10,238.0
table scans (long tables)                          0            0.0          0.0
table scans (short tables)                        17            0.4          8.5
total cf enq hold time                           170            4.0         85.0
total number of cf enq holders                     1            0.0          0.5
total number of times SMON posted                  1            0.0          0.5
undo change vector size                    3,226,432       75,033.3  1,613,216.0
user I/O wait time                                 6            0.1          3.0
user calls                                    10,032          233.3      5,016.0
user commits                                       2            0.1          1.0
workarea executions - optimal                    115            2.7         57.5
          -------------------------------------------------------------

Instance Activity Stats  DB/Inst: XE/XE  Snaps:   137-  138
-> Statistics with absolute values (should not be diffed)

Statistic                             Begin Value       End Value
--------------------------------- --------------- ---------------
logons current                                 21              23
opened cursors current                         28              30
session cursor cache count                    451             498
          -------------------------------------------------------------

Instance Activity Stats  DB/Inst: XE/XE  Snaps:   137-  138
-> Statistics identified by '(derived)' come from sources other than SYSSTAT

Statistic                                      Total  per Hour
--------------------------------- ------------------ ---------
log switches (derived)                             1     83.72
          -------------------------------------------------------------

OS Statistics  DB/Inst: XE/XE  Snaps:   137-  138
-> ordered by statistic type (CPU use, Virtual Memory, Hardware Config), Name

Statistic                                  Total
------------------------- ----------------------
BUSY_TIME                                    459
IDLE_TIME                                  7,981
IOWAIT_TIME                                   99
SYS_TIME                                     116
USER_TIME                                    334
RSRC_MGR_CPU_WAIT_TIME                         0
VM_IN_BYTES                              114,688
VM_OUT_BYTES                          39,280,640
PHYSICAL_MEMORY_BYTES              1,018,376,192
NUM_CPUS                                       2
NUM_CPU_CORES                                  2
NUM_CPU_SOCKETS                                1
GLOBAL_RECEIVE_SIZE_MAX                  229,376
GLOBAL_SEND_SIZE_MAX                     229,376
TCP_RECEIVE_SIZE_DEFAULT                  87,380
TCP_RECEIVE_SIZE_MAX                   3,895,296
TCP_RECEIVE_SIZE_MIN                       4,096
TCP_SEND_SIZE_DEFAULT                     16,384
TCP_SEND_SIZE_MAX                      3,895,296
TCP_SEND_SIZE_MIN                          4,096
          -------------------------------------------------------------

OS Statistics - detail  DB/Inst: XE/XE  Snaps:   137-  138

  Snap Snapshot
    Id Day Time          Load  %Busy  %User %System   %WIO  %WCPU
------ --------------- ------ ------ ------ ------- ------ ------
   137 月 09 20:45:51      .1
   138 月 09 20:46:34      .1    5.4    4.0     1.4    1.2
          -------------------------------------------------------------
IO Stat by Function - summary  DB/Inst: XE/XE  Snaps:   137-  138
->Data Volume values suffixed with   M,G,T,P are in multiples of 1024,
  other values suffixed with       K,M,G,T,P are in multiples of 1000
->ordered by Data Volume (Read+Write) desc

               ---------- Read --------- --------- Write -------- --- Wait ----
                 Data  Requests    Data   Data  Requests    Data          Avg
Function        Volume     /sec  Vol/sec Volume     /sec  Vol/sec  Count Tm(ms)
--------------- ------ -------- -------- ------ -------- -------- ------ ------
LGWR                        .3              34M     1.8       .8M   106     0.0
Buffer Cache Re    14M    38.5       .3M                             89     0.0
Others              3M     4.7       .1M     1M      .3       .0M   230     0.0
          -------------------------------------------------------------

IO Stat by Function - detail  DB/Inst: XE/XE  Snaps:   137-  138
->ordered by Data Volume (Read+Write) desc

                   ----------- Read ---------- ----------- Write ---------
                    Small  Large  Small  Large  Small  Large  Small  Large
                     Read   Read   Data   Data  Write  Write   Data   Data
Function             Reqs   Reqs   Read   Read   Reqs   Reqs  Writn  Writn
------------------ ------ ------ ------ ------ ------ ------ ------ ------
LGWR                  14                          38     40            34M
Buffer Cache Reads  1656            14M
Others               200             3M           15             1M
          -------------------------------------------------------------
Tablespace IO Stats  DB/Inst: XE/XE  Snaps:   137-  138
->ordered by IOs (Reads + Writes) desc

Tablespace
------------------------------
                 Av      Av     Av                    Av        Buffer Av Buf
         Reads Reads/s Rd(ms) Blks/Rd       Writes Writes/s      Waits Wt(ms)
-------------- ------- ------ ------- ------------ -------- ---------- ------
SYSTEM
         1,612      37    0.0     1.0           11        0          0    0.0
SYSAUX
            38       1    1.8     2.9           95        2          0    0.0
UNDOTBS1
             1       0    0.0     1.0           30        1          0    0.0
USERS
             5       0    0.0     1.0           15        0          0    0.0
          -------------------------------------------------------------
File IO Stats  DB/Inst: XE/XE  Snaps:   137-  138
->Mx Rd Bkt: Max bucket time for single block read
->ordered by Tablespace, File

Tablespace               Filename
------------------------ ----------------------------------------------------
                        Av   Mx                                             Av
                 Av     Rd   Rd    Av                    Av        Buffer BufWt
         Reads Reads/s (ms)  Bkt Blks/Rd       Writes Writes/s      Waits  (ms)
-------------- ------- ----- --- ------- ------------ -------- ---------- ------
SYSAUX                   /u01/app/oracle/oradata/XE/sysaux.dbf
            38       1   1.8  32     2.9           95        2          0

SYSTEM                   /u01/app/oracle/oradata/XE/system.dbf
         1,612      37   0.0   1     1.0           11        0          0

UNDOTBS1                 /u01/app/oracle/oradata/XE/undotbs1.dbf
             1       0   0.0   1     1.0           30        1          0

USERS                    /u01/app/oracle/oradata/XE/users.dbf
             5       0   0.0   1     1.0           15        0          0

          -------------------------------------------------------------
File Read Histogram Stats  DB/Inst: XE/XE  Snaps:   137-  138
->Number of single block reads in each time range
->Tempfiles are not included
->ordered by Tablespace, File

Tablespace               Filename
------------------------ ----------------------------------------------------
    0 - 2 ms     2 - 4 ms    4 - 8 ms     8 - 16 ms   16 - 32 ms       32+ ms
------------ ------------ ------------ ------------ ------------ ------------
SYSAUX                   /u01/app/oracle/oradata/XE/sysaux.dbf
          20            0            0            1            1            0

SYSTEM                   /u01/app/oracle/oradata/XE/system.dbf
       1,612            0            0            0            0            0

UNDOTBS1                 /u01/app/oracle/oradata/XE/undotbs1.dbf
           1            0            0            0            0            0

USERS                    /u01/app/oracle/oradata/XE/users.dbf
           5            0            0            0            0            0

          -------------------------------------------------------------
Instance Recovery Stats  DB/Inst: XE/XE  Snaps:   137-  138
-> B: Begin snapshot,  E: End snapshot

  Targt Estd                                  Log File  Log Ckpt    Log Ckpt
  MTTR  MTTR   Recovery   Actual    Target      Size     Timeout    Interval
   (s)   (s)   Estd IOs  Redo Blks Redo Blks Redo Blks  Redo Blks  Redo Blks
- ----- ----- ---------- --------- --------- ---------- --------- ------------
B     0     0        361      1850     82944      82944
E     0     0       4258     72469     82944      82944
          -------------------------------------------------------------
Memory Target Advice  DB/Inst: XE/XE  Snaps:   137-  138
-> Advice Reset: if this is null, the data shown has been diffed between
   the Begin and End snapshots.  If this is 'Y', the advisor has been
   reset during this interval due to memory resize operations, and
   the data shown is since the reset operation.

                Memory Size     Est.     Advice
Memory Size (M)      Factor DB time (s)  Reset
--------------- ----------- ------------ ------
            291          .8            5
            388         1.0            5
            485         1.3            5
            582         1.5            5
            679         1.8            5
            776         2.0            5
          -------------------------------------------------------------

Memory Dynamic Components  DB/Inst: XE/XE  Snaps:   137-  138
->  Op - memory resize Operation
->  Cache:    D: Default,  K: Keep,  R:  Recycle
->   Mode:  DEF: DEFerred mode,  IMM: IMMediate mode

                       Begin Snap End Snap   Op    Last Op
Cache                    Size (M) Size (M)  Count  Type/Mode   Last Op Time
---------------------- ---------- -------- ------- ---------- ---------------
D:buffer cache                 56                0 INITIA/
PGA Target                    136                0 STATIC
SGA Target                    252                0 STATIC
java pool                       4                0 STATIC
large pool                      4                0 STATIC
shared pool                   176                0 STATIC
          -------------------------------------------------------------

Buffer Pool Advisory  DB/Inst: XE/XE  End Snap:   138
-> Only rows with estimated physical reads >0 are displayed
-> ordered by Pool, Block Size, Buffers For Estimate

                                   Est
                                  Phys      Estimated                   Est
    Size for  Size      Buffers   Read     Phys Reads     Est Phys % dbtime
P    Est (M) Factr  (thousands)  Factr    (thousands)    Read Time  for Rds
--- -------- ----- ------------ ------ -------------- ------------ --------
D          4    .1            0    1.2              7            0       .0
D          8    .1            1    1.1              7            0       .0
D         12    .2            1    1.1              7            0       .0
D         16    .3            2    1.0              6            0       .0
D         20    .4            2    1.0              6            0       .0
D         24    .4            3    1.0              6            0       .0
D         28    .5            3    1.0              6            0       .0
D         32    .6            4    1.0              6            0       .0
D         36    .6            4    1.0              6            0       .0
D         40    .7            5    1.0              6            0       .0
D         44    .8            5    1.0              6            0       .0
D         48    .9            6    1.0              6            0       .0
D         52    .9            6    1.0              6            0       .0
D         56   1.0            7    1.0              6            0       .0
D         60   1.1            7    1.0              6            0       .0
D         64   1.1            8    1.0              6            0       .0
D         68   1.2            8    1.0              6            0       .0
D         72   1.3            9    1.0              6            0       .0
D         76   1.4            9    1.0              6            0       .0
D         80   1.4           10    1.0              6            0       .0
          -------------------------------------------------------------

Buffer Pool Statistics  DB/Inst: XE/XE  Snaps:   137-  138
-> Standard block size Pools  D: default,  K: keep,  R: recycle
-> Default Pools for other block sizes: 2k, 4k, 8k, 16k, 32k
-> Buffers: the number of buffers.  Units of K, M, G are divided by 1000

                                                            Free Writ     Buffer
            Pool         Buffer     Physical    Physical  Buffer Comp       Busy
P   Buffers Hit%           Gets        Reads      Writes   Waits Wait      Waits
--- ------- ---- -------------- ------------ ----------- ------- ---- ----------
D     6874    97         53,756        1,725         264       0    0          0
          -------------------------------------------------------------
PGA Aggr Target Stats  DB/Inst: XE/XE  Snaps:   137-  138
-> B: Begin snap   E: End snap (rows identified with B or E contain data
   which is absolute i.e. not diffed over the interval)
-> PGA cache hit % - percentage of W/A (WorkArea) data processed only in-memory
-> Auto PGA Target - actual workarea memory target
-> W/A PGA Used    - amount of memory used for all WorkAreas (manual + auto)
-> %PGA W/A Mem    - percentage of PGA memory allocated to WorkAreas
-> %Auto W/A Mem   - percentage of WorkArea memory controlled by Auto Mem Mgmt
-> %Man W/A Mem    - percentage of WorkArea memory under Manual control

PGA Cache Hit % W/A MB Processed Extra W/A MB Read/Written
--------------- ---------------- -------------------------
          100.0               22                         0

PGA Aggr Target Histogram  DB/Inst: XE/XE  Snaps:   137-  138
-> Optimal Executions are purely in-memory operations

    Low    High
Optimal Optimal    Total Execs Optimal Execs 1-Pass Execs M-Pass Execs
------- ------- -------------- ------------- ------------ ------------
     2K      4K             95            95            0            0
    64K    128K              3             3            0            0
   512K   1024K             14            14            0            0
     1M      2M              1             1            0            0
     4M      8M              2             2            0            0
          -------------------------------------------------------------

PGA Memory Advisory  DB/Inst: XE/XE  End Snap:   138
-> When using Auto Memory Mgmt, minimally choose a pga_aggregate_target value
   where Estd PGA Overalloc Count is 0

                                   Estd Extra                Estd
  PGA Aggr                           W/A MB      Estd Time    PGA   Estd PGA
    Target   Size         W/A MB  Read/Written  to Process  Cache  Overalloc
  Est (MB)  Factr      Processed    to Disk      Bytes (s)  Hit %      Count
---------- ------ -------------- -------------- ---------- ------ ----------
        17    0.1             57              0        0.0  100.0          1
        34    0.3             57              0        0.0  100.0          1
        68    0.5             57              0        0.0  100.0          0
       102    0.8             57              0        0.0  100.0          0
       136    1.0             57              0        0.0  100.0          0
       163    1.2             57              0        0.0  100.0          0
       190    1.4             57              0        0.0  100.0          0
       218    1.6             57              0        0.0  100.0          0
       245    1.8             57              0        0.0  100.0          0
       272    2.0             57              0        0.0  100.0          0
       408    3.0             57              0        0.0  100.0          0
       544    4.0             57              0        0.0  100.0          0
       816    6.0             57              0        0.0  100.0          0
     1,088    8.0             57              0        0.0  100.0          0
          -------------------------------------------------------------
Process Memory Summary Stats  DB/Inst: XE/XE  Snaps:   137-  138
-> B: Begin snap   E: End snap
-> All rows below contain absolute values (i.e. not diffed over the interval)
-> Max Alloc is Maximum PGA Allocation size at snapshot time
   Hist Max Alloc is the Historical Max Allocation for still-connected processes
-> Num Procs or Allocs:  For Begin/End snapshot lines, it is the number of
   processes. For Category lines, it is the number of allocations
-> ordered by Begin/End snapshot, Alloc (MB) desc

                                                                  Hist   Num
                                          Avg    Std Dev   Max    Max   Procs
             Alloc     Used    Freeabl   Alloc    Alloc   Alloc  Alloc    or
  Category   (MB)      (MB)      (MB)     (MB)    (MB)    (MB)    (MB)  Allocs
- -------- --------- --------- -------- -------- ------- ------- ------ ------
B --------      56.0      37.4     13.6      2.2     2.8      12     12     26
  Other         41.4                         1.6     2.3      11     11     26
  Freeable      13.6        .0               2.7     2.8       6             5
  PL/SQL          .5        .5                .0      .1       0      0     21
  SQL             .5        .1                .1      .0       0      6      8
E --------      61.4      39.1     14.6      2.2     2.8      12     12     28
  Other         45.8                         1.6     2.3      11     11     28
  Freeable      14.6        .0               2.4     2.6       6             6
  PL/SQL          .5        .5                .0      .1       0      0     23
  SQL             .5        .2                .0      .0       0      6      9
          -------------------------------------------------------------

Top Process Memory (by component)  DB/Inst: XE/XE  Snaps:   137-  138
-> ordered by Begin/End snapshot, Alloc (MB) desc

                        Alloc   Used   Freeabl     Max      Hist Max
     PId Category       (MB)    (MB)     (MB)   Alloc (MB) Alloc (MB)
- ------ ------------- ------- ------- -------- ---------- ----------
B     11 LGWR --------    11.6    10.8       .1       11.6       11.6
         Other            11.4                        11.4       11.5
         Freeable           .1      .0                  .1
         PL/SQL             .0      .0                  .0         .0
      27 TNS V1-V3 ---     8.1     1.4      6.4        8.1        8.1
         Freeable          6.4      .0                 6.4
         Other             1.5                         1.5        1.5
         PL/SQL             .2      .2                  .2         .2
         SQL                .1      .1                  .1        6.3
      10 DBW0 --------     6.7     6.4       .0        6.7        6.7
         Other             6.7                         6.7        6.7
         PL/SQL             .0      .0                  .0         .0
      26 CJQ0 --------     6.5     1.2      5.1        6.5        6.5
         Freeable          5.1      .0                 5.1
         Other             1.4                         1.4        1.4
         SQL                .1      .0                  .1        1.9
         PL/SQL             .0      .0                  .0         .0
      15 MMON --------     3.8     1.9      1.7        3.8        3.8
         Other             1.9                         1.9        1.9
         Freeable          1.7      .0                 1.7
         SQL                .1      .0                  .1         .8
         PL/SQL             .1      .1                  .1         .1
      22 Q000 --------     1.6     1.1       .3        1.6        1.6
         Other             1.0                         1.0        1.0
         Freeable           .3      .0                  .3
         PL/SQL             .2      .2                  .2         .2
         SQL                .0      .0                  .0         .2
      17 D000 --------     1.3     1.2       .0        1.3        1.3
         Other             1.3                         1.3        1.3
       8 DIA0 --------     1.2     1.0       .0        1.2        1.2
         Other             1.2                         1.2        1.2
         PL/SQL             .0      .0                  .0         .0
      13 SMON --------     1.1      .9       .0        1.1        1.1
         Other             1.0                         1.0        1.0
         SQL                .1      .0                  .1         .1
         PL/SQL             .0      .0                  .0         .0
      14 RECO --------     1.1      .8       .0        1.1        1.1
         Other             1.0                         1.0        1.0
         SQL                .0      .0                  .0         .1
         PL/SQL             .0      .0                  .0         .0
      12 CKPT --------     1.0      .8       .0        1.0        1.0
         Other             1.0                         1.0        1.0
         PL/SQL             .0      .0                  .0         .0
       7 DBRM --------     1.0      .8       .0        1.0        1.0
         Other             1.0                         1.0        1.0
         SQL                .0      .0                  .0         .1
         PL/SQL             .0      .0                  .0         .0
E     11 LGWR --------    11.6    10.8       .1       11.6       11.6
         Other            11.4                        11.4       11.5
         Freeable           .1      .0                  .1
         PL/SQL             .0      .0                  .0         .0
      27 TNS V1-V3 ---     8.1     1.5      6.2        8.1        8.1
         Freeable          6.2      .0                 6.2

Top Process Memory (by component)  DB/Inst: XE/XE  Snaps:   137-  138
-> ordered by Begin/End snapshot, Alloc (MB) desc

                        Alloc   Used   Freeabl     Max      Hist Max
     PId Category       (MB)    (MB)     (MB)   Alloc (MB) Alloc (MB)
- ------ ------------- ------- ------- -------- ---------- ----------
E     27 Other             1.6                         1.6        1.6
         PL/SQL             .2      .2                  .2         .2
         SQL                .1      .1                  .1        6.3
      10 DBW0 --------     6.7     6.5       .0        6.7        6.7
         Other             6.7                         6.7        6.7
         PL/SQL             .0      .0                  .0         .0
      26 CJQ0 --------     6.5     1.2      5.1        6.5        6.5
         Freeable          5.1      .0                 5.1
         Other             1.4                         1.4        1.4
         SQL                .1      .0                  .1        1.9
         PL/SQL             .0      .0                  .0         .0
      13 SMON --------     4.8      .9      1.3        4.8        4.8
         Other             3.4                         3.4        3.4
         Freeable          1.3      .0                 1.3
         SQL                .1      .0                  .1        2.1
         PL/SQL             .0      .0                  .0         .0
      15 MMON --------     3.8     1.9      1.7        3.8        3.8
         Other             1.9                         1.9        1.9
         Freeable          1.7      .0                 1.7
         SQL                .1      .0                  .1         .8
         PL/SQL             .1      .1                  .1         .1
      22 Q000 --------     1.6     1.1       .3        1.6        1.6
         Other             1.0                         1.0        1.0
         Freeable           .3      .0                  .3
         PL/SQL             .2      .2                  .2         .2
         SQL                .0      .0                  .0         .2
      17 D000 --------     1.3     1.2       .0        1.3        1.3
         Other             1.3                         1.3        1.3
       8 DIA0 --------     1.2     1.0       .0        1.2        1.2
         Other             1.2                         1.2        1.2
         PL/SQL             .0      .0                  .0         .0
      14 RECO --------     1.1      .8       .0        1.1        1.1
         Other             1.0                         1.0        1.0
         SQL                .0      .0                  .0         .1
         PL/SQL             .0      .0                  .0         .0
      12 CKPT --------     1.0      .8       .0        1.0        1.0
         Other             1.0                         1.0        1.0
         PL/SQL             .0      .0                  .0         .0
       7 DBRM --------     1.0      .8       .0        1.0        1.0
         Other             1.0                         1.0        1.0
         SQL                .0      .0                  .0         .1
         PL/SQL             .0      .0                  .0         .0
          -------------------------------------------------------------

Latch Activity  DB/Inst: XE/XE  Snaps:   137-  138
->"Get Requests", "Pct Get Miss" and "Avg Slps/Miss" are statistics for
  willing-to-wait latch get requests
->"NoWait Requests", "Pct NoWait Miss" are for no-wait latch get requests
->"Pct Misses" for both should be very close to 0.0

                                           Pct    Avg   Wait                 Pct
                              Get          Get   Slps   Time       NoWait NoWait
Latch                       Requests      Miss  /Miss    (s)     Requests   Miss
------------------------ -------------- ------ ------ ------ ------------ ------
AQ deq hash table latch               1    0.0             0            0
ASM db client latch                  30    0.0             0            0
ASM map operation hash t              1    0.0             0            0
Change Notification Hash             14    0.0             0            0
Consistent RBA                       35    0.0             0            0
DML lock allocation                 144    0.0             0            0
Event Group Locks                     5    0.0             0            0
FOB s.o list latch                   14    0.0             0            0
File State Object Pool P              1    0.0             0            0
I/O Staticstics latch                 1    0.0             0            0
IPC stats buffer allocat              1    0.0             0            0
In memory undo latch                 30    0.0             0           11    0.0
JS Sh mem access                      1    0.0             0            0
JS queue access latch                 1    0.0             0            0
JS queue state obj latch            324    0.0             0            0
JS slv state obj latch                1    0.0             0            0
KFC FX Hash Latch                     1    0.0             0            0
KFC Hash Latch                        1    0.0             0            0
KFCL LE Freelist                      1    0.0             0            0
KGNFS-NFS:SHM structure               1    0.0             0            0
KGNFS-NFS:SVR LIST                    1    0.0             0            0
KJC message pool free li              1    0.0             0            0
KJCT flow control latch               1    0.0             0            0
KMG MMAN ready and start             14    0.0             0            0
KTF sga latch                         0                    0           12    0.0
KWQP Prop Status                      1    0.0             0            0
Locator state objects po              1    0.0             0            0
Lsod array latch                      1    0.0             0            0
MQL Tracking Latch                    0                    0            1    0.0
Memory Management Latch               1    0.0             0           14    0.0
Memory Queue                          1    0.0             0            0
Memory Queue Message Sub              1    0.0             0            0
Memory Queue Message Sub              1    0.0             0            0
Memory Queue Message Sub              1    0.0             0            0
Memory Queue Message Sub              1    0.0             0            0
Memory Queue Subscriber               1    0.0             0            0
Mutex                                 1    0.0             0            0
Mutex Stats                           1    0.0             0            0
OS process                           19    0.0             0            0
OS process allocation                98    0.0             0            0
OS process: request allo              6    0.0             0            0
PL/SQL warning settings               7    0.0             0            0
PX hash array latch                   1    0.0             0            0
QMT                                   1    0.0             0            0
SGA IO buffer pool latch             11    0.0             0           11    0.0
SGA blob parent                       1    0.0             0            0
SGA bucket locks                      1    0.0             0            0
SGA heap locks                        1    0.0             0            0
SGA pool locks                        1    0.0             0            0
SQL memory manager latch              2    0.0             0           15    0.0
Latch Activity  DB/Inst: XE/XE  Snaps:   137-  138
->"Get Requests", "Pct Get Miss" and "Avg Slps/Miss" are statistics for
  willing-to-wait latch get requests
->"NoWait Requests", "Pct NoWait Miss" are for no-wait latch get requests
->"Pct Misses" for both should be very close to 0.0

                                           Pct    Avg   Wait                 Pct
                              Get          Get   Slps   Time       NoWait NoWait
Latch                       Requests      Miss  /Miss    (s)     Requests   Miss
------------------------ -------------- ------ ------ ------ ------------ ------
SQL memory manager worka          1,175    0.0             0            0
Shared B-Tree                         5    0.0             0            0
Streams Generic                       1    0.0             0            0
Testing                               1    0.0             0            0
Token Manager                         1    0.0             0            0
WCR: sync                             1    0.0             0            0
Write State Object Pool               1    0.0             0            0
XDB NFS Security Latch                1    0.0             0            0
XDB unused session pool               1    0.0             0            0
XDB used session pool                 1    0.0             0            0
active checkpoint queue              20    0.0             0            0
active service list                 100    0.0             0           37    0.0
buffer pool                           1    0.0             0            0
business card                         1    0.0             0            0
cache buffer handles              4,832    0.0             0            0
cache buffers chains            186,055    0.0             0        7,402    0.0
cache buffers lru chain             312    0.0             0        6,050    0.0
call allocation                      31    0.0             0            0
cas latch                             1    0.0             0            0
change notification clie              1    0.0             0            0
channel handle pool latc              8    0.0             0            0
channel operations paren            251    0.0             0            0
checkpoint queue latch              811    0.0             0        4,161    0.0
client/application info              22    0.0             0            0
compile environment latc              4    0.0             0            0
cp cmon/server latch                  1    0.0             0            0
cp pool latch                         1    0.0             0            0
cp server hash latch                  1    0.0             0            0
cvmap freelist lock                   1    0.0             0            0
done queue latch                      1    0.0             0            0
dummy allocation                      7    0.0             0            0
enqueue hash chains               1,873    0.0             0            0
enqueues                          1,631    0.0             0            0
fifth spare latch                     1    0.0             0            0
file cache latch                     43    0.0             0            0
flashback copy                        1    0.0             0            0
fourth Audit Vault latch              1    0.0             0            0
gc element                            1    0.0             0            0
gcs commit scn state                  1    0.0             0            0
gcs partitioned table ha              1    0.0             0            0
gcs pcm hashed value buc              1    0.0             0            0
gcs resource freelist                 1    0.0             0            0
gcs resource hash                     1    0.0             0            0
gcs resource scan list                1    0.0             0            0
gcs shadows freelist                  1    0.0             0            0
ges domain table                      1    0.0             0            0
ges enqueue table freeli              1    0.0             0            0
ges group table                       1    0.0             0            0
ges process hash list                 1    0.0             0            0
ges process parent latch              1    0.0             0            0
Latch Activity  DB/Inst: XE/XE  Snaps:   137-  138
->"Get Requests", "Pct Get Miss" and "Avg Slps/Miss" are statistics for
  willing-to-wait latch get requests
->"NoWait Requests", "Pct NoWait Miss" are for no-wait latch get requests
->"Pct Misses" for both should be very close to 0.0

                                           Pct    Avg   Wait                 Pct
                              Get          Get   Slps   Time       NoWait NoWait
Latch                       Requests      Miss  /Miss    (s)     Requests   Miss
------------------------ -------------- ------ ------ ------ ------------ ------
ges resource hash list                1    0.0             0            0
ges resource scan list                1    0.0             0            0
ges resource table freel              1    0.0             0            0
ges value block free lis              1    0.0             0            0
global KZLD latch for me              2    0.0             0            0
global tx hash mapping                1    0.0             0            0
granule operation                     1    0.0             0            0
hash table column usage               0                    0           49    0.0
hash table modification               5    0.0             0            0
heartbeat check                       1    0.0             0            0
intra txn parallel recov              1    0.0             0            0
io pool granule metadata              1    0.0             0            0
job workq parent latch                1    0.0             0            0
job_queue_processes para             10    0.0             0            0
k2q lock allocation                   1    0.0             0            0
kcbtsemkid latch                      1    0.0             0            0
kdlx hb parent latch                  1    0.0             0            0
kgb parent                            1    0.0             0            0
kgnfs mount latch                     1    0.0             0            0
ksfv messages                         1    0.0             0            0
ksim group membership ca              1    0.0             0            0
kss move lock                         3    0.0             0            0
ksuosstats global area                5    0.0             0            0
ksv allocation latch                  3    0.0             0            0
ksv class latch                       3    0.0             0            0
ksv instance latch                    1    0.0             0            0
ksv msg queue latch                   1    0.0             0            0
ksz_so allocation latch               6    0.0             0            0
ktm global data                       4    0.0             0            0
kwqbsn:qsga                           4    0.0             0            0
lgwr LWN SCN                         42    0.0             0            0
list of block allocation             82    0.0             0            0
lob segment dispenser la              1    0.0             0            0
lob segment hash table l              3    0.0             0            0
lob segment query latch               1    0.0             0            0
lock DBA buffer during m              1    0.0             0            0
logical standby cache                 1    0.0             0            0
logminer context allocat              1    0.0             0            0
logminer work area                    1    0.0             0            0
longop free list parent               1    0.0             0            0
mapped buffers lru chain              1    0.0             0            0
message pool operations               1    0.0             0            0
messages                            474    0.0             0            0
mostly latch-free SCN                42    0.0             0            0
msg queue latch                       1    0.0             0            0
multiblock read objects              40    0.0             0            0
name-service namespace b              1    0.0             0            0
object queue header heap             54    0.0             0          279    0.0
object queue header oper         13,828    0.0             0            0
object stats modificatio            144    0.0             0            0
Latch Activity  DB/Inst: XE/XE  Snaps:   137-  138
->"Get Requests", "Pct Get Miss" and "Avg Slps/Miss" are statistics for
  willing-to-wait latch get requests
->"NoWait Requests", "Pct NoWait Miss" are for no-wait latch get requests
->"Pct Misses" for both should be very close to 0.0

                                           Pct    Avg   Wait                 Pct
                              Get          Get   Slps   Time       NoWait NoWait
Latch                       Requests      Miss  /Miss    (s)     Requests   Miss
------------------------ -------------- ------ ------ ------ ------------ ------
parallel query alloc buf              9    0.0             0            0
parallel query stats                  1    0.0             0            0
parameter table manageme             23    0.0             0            0
peshm                                 1    0.0             0            0
pesom_free_list                       1    0.0             0            0
pesom_hash_node                       1    0.0             0            0
post/wait queue                      11    0.0             0            7    0.0
process allocation                    8    0.0             0            4    0.0
process group creation                6    0.0             0            0
process queue                         1    0.0             0            0
process queue reference               1    0.0             0            0
qmn task queue latch                  4    0.0             0            0
query server freelists                1    0.0             0            0
queuing load statistics               1    0.0             0            0
recovery domain hash lis              1    0.0             0            0
redo allocation                  31,549    0.0    0.0      0            0
redo copy                             1    0.0             0       31,378    0.0
redo writing                        159    0.0             0            0
resmgr group change latc              3    0.0             0            0
resmgr:active threads                16    0.0             0           16    0.0
resmgr:actses change gro              5    0.0             0            0
resmgr:actses change sta              1    0.0             0            0
resmgr:free threads list              6    0.0             0            0
resmgr:plan CPU method                1    0.0             0            0
resmgr:resource group CP             77    0.0             0            0
resmgr:schema config                 10    0.0             0            1    0.0
resmgr:session queuing                1    0.0             0            0
rm cas latch                          1    0.0             0            0
row cache objects                 2,495    0.1    0.0      0            0
rules engine rule set st            100    0.0             0            0
second Audit Vault latch              1    0.0             0            0
second spare latch                    1    0.0             0            0
sequence cache                        9    0.0             0            0
session allocation                   62    0.0             0           60    0.0
session idle bit                 20,118    0.0             0            0
session queue latch                   1    0.0             0            0
session state list latch             10    0.0             0            0
session switching                    11    0.0             0            0
session timer                        14    0.0             0            0
shared pool                      11,229    0.2    0.0      0            0
shared pool sim alloc                 2    0.0             0            0
shared pool simulator                51    0.0             0            0
sim partition latch                   1    0.0             0            0
simulator hash latch              4,549    0.0             0            0
simulator lru latch                   1    0.0             0        3,814    0.0
sort extent pool                      1    0.0             0            0
space background state o              2    0.0             0            0
space background task la             30    0.0             0           25    0.0
tablespace key chain                  1    0.0             0            0
test excl. parent l0                  1    0.0             0            0
Latch Activity  DB/Inst: XE/XE  Snaps:   137-  138
->"Get Requests", "Pct Get Miss" and "Avg Slps/Miss" are statistics for
  willing-to-wait latch get requests
->"NoWait Requests", "Pct NoWait Miss" are for no-wait latch get requests
->"Pct Misses" for both should be very close to 0.0

                                           Pct    Avg   Wait                 Pct
                              Get          Get   Slps   Time       NoWait NoWait
Latch                       Requests      Miss  /Miss    (s)     Requests   Miss
------------------------ -------------- ------ ------ ------ ------------ ------
test excl. parent2 l0                 1    0.0             0            0
third spare latch                     1    0.0             0            0
threshold alerts latch                1    0.0             0            0
transaction allocation                9    0.0             0            0
undo global data                  1,729    0.0             0            0
virtual circuit buffers               1    0.0             0            0
virtual circuit holder                1    0.0             0            0
virtual circuit queues                1    0.0             0            0
          -------------------------------------------------------------
Dictionary Cache Stats  DB/Inst: XE/XE  Snaps:   137-  138
->"Pct Misses"  should be very low (< 2% in most cases)
->"Final Usage" is the number of cache entries being used in End Snapshot

                                   Get    Pct    Scan   Pct      Mod      Final
Cache                         Requests   Miss    Reqs  Miss     Reqs      Usage
------------------------- ------------ ------ ------- ----- -------- ----------
dc_awr_control                       1    0.0       0              0          1
dc_histogram_data                   75    9.3       0              0        771
dc_histogram_defs                   52   23.1       0              0      2,122
dc_objects                         104    1.9       0              0        988
dc_profiles                          2    0.0       0              0          1
dc_segments                         90    1.1       0              1        290
dc_tablespaces                     218    0.0       0              0          5
dc_users                           387    0.3       0              0         74
global database name                30    0.0       0              0          1
          -------------------------------------------------------------


Library Cache Activity  DB/Inst: XE/XE  Snaps:   137-  138
->"Pct Misses"  should be very low

                         Get  Pct        Pin        Pct               Invali-
Namespace           Requests  Miss     Requests     Miss     Reloads  dations
--------------- ------------ ------ -------------- ------ ---------- --------
ACCOUNT_STATUS             4    0.0              0                 0        0
BODY                       7    0.0              8    0.0          0        0
CLUSTER                    5    0.0              5    0.0          0        0
DBLINK                     4    0.0              0                 0        0
EDITION                    2    0.0              4    0.0          0        0
SCHEMA                     5    0.0              0                 0        0
SQL AREA                  47   19.1         10,372    0.3          0        0
SQL AREA BUILD             9  100.0              0                 0        0
SQL AREA STATS             9  100.0              9  100.0          0        0
TABLE/PROCEDURE           29    6.9            294    3.1          0        0
          -------------------------------------------------------------
Rule Sets  DB/Inst: XE/XE  Snaps:   137-  138
-> * indicates Rule Set activity (re)started between Begin/End snaps
-> Top 25 ordered by Evaluations desc

                                                               No-SQL  SQL
Rule                                *     Eval/sec Reloads/sec Eval % Eval %
----------------------------------- - ------------ ----------- ------ ------
SYS.ALERT_QUE_R                                  0           0      0      0
          -------------------------------------------------------------
Shared Pool Advisory  DB/Inst: XE/XE  End Snap:   138
-> SP: Shared Pool     Est LC: Estimated Library Cache   Factr: Factor
-> Note there is often a 1:Many correlation between a single logical object
   in the Library Cache, and the physical number of memory objects associated
   with it.  Therefore comparing the number of Lib Cache objects (e.g. in
   v$librarycache), with the number of Lib Cache Memory Objects is invalid

                                        Est LC Est LC  Est LC Est LC
    Shared    SP   Est LC                 Time   Time    Load   Load      Est LC
      Pool  Size     Size       Est LC   Saved  Saved    Time   Time         Mem
  Size (M) Factr      (M)      Mem Obj     (s)  Factr     (s)  Factr    Obj Hits
---------- ----- -------- ------------ ------- ------ ------- ------ -----------
        96    .5        7          515      97    1.0       1    1.0       5,624
       116    .7       23        1,679      97    1.0       1    1.0      15,966
       136    .8       29        2,082      97    1.0       1    1.0      15,986
       156    .9       29        2,082      97    1.0       1    1.0      15,986
       176   1.0       29        2,082      97    1.0       1    1.0      15,986
       196   1.1       29        2,082      97    1.0       1    1.0      15,986
       216   1.2       29        2,082      97    1.0       1    1.0      15,986
       236   1.3       29        2,082      97    1.0       1    1.0      15,986
       256   1.5       29        2,082      97    1.0       1    1.0      15,986
       276   1.6       29        2,082      97    1.0       1    1.0      15,986
       296   1.7       29        2,082      97    1.0       1    1.0      15,986
       316   1.8       29        2,082      97    1.0       1    1.0      15,986
       336   1.9       29        2,082      97    1.0       1    1.0      15,986
       356   2.0       29        2,082      97    1.0       1    1.0      15,986
          -------------------------------------------------------------
SGA Target Advisory  DB/Inst: XE/XE  End Snap:   138

SGA Target SGA Size   Est DB      Est DB   Est Physical
  Size (M)   Factor Time (s) Time Factor          Reads
---------- -------- -------- ----------- --------------
       189       .8       16         1.0          6,100
       252      1.0       16         1.0          6,100
       315      1.3       16         1.0          6,100
       378      1.5       16         1.0          6,100
       441      1.8       16         1.0          6,100
       504      2.0       16         1.0          6,100
          -------------------------------------------------------------
SGA Memory Summary  DB/Inst: XE/XE  Snaps:   137-  138

                                                        End Size (Bytes)
SGA regions                      Begin Size (Bytes)       (if different)
------------------------------ -------------------- --------------------
Database Buffers                         58,720,256
Fixed Size                                2,226,960
Redo Buffers                              4,333,568
Variable Size                           339,739,888
                               -------------------- --------------------
sum                                     405,020,672
          -------------------------------------------------------------


SGA breakdown difference  DB/Inst: XE/XE  Snaps:   137-  138
-> Top 35 rows by size, ordered by Pool, Name (note rows with null values for
   Pool column, or Names showing free memory are always shown)
-> Null value for Begin MB or End MB indicates the size of that Pool/Name was
   insignificant, or zero in that snapshot

Pool   Name                                 Begin MB         End MB  % Diff
------ ------------------------------ -------------- -------------- --------
java p free memory                               4.0            4.0     0.00
large  PX msg pool                                .5             .5     0.00
large  free memory                               3.5            3.5     0.00
shared ASH buffers                               4.0            4.0     0.00
shared FileOpenBlock                             3.8            3.8     0.00
shared KCB Table Scan Buffer                     3.8            3.8     0.00
shared KGLH0                                    10.4           10.6     1.48
shared KGLHD                                     2.6            2.6     0.65
shared KGLS                                      6.6            6.7     1.24
shared KGLSG                                     5.0            5.0     0.00
shared KSFD SGA I/O b                            3.8            3.8     0.00
shared PLDIA                                     1.9            1.9     0.00
shared PLMCD                                     2.1            2.1     0.00
shared SQLA                                     10.9           11.1     1.21
shared event statistics per sess                 2.1            2.1     0.00
shared free memory                              66.3           65.8    -0.87
shared kglsim hash table bkts                    4.0            4.0     0.00
shared ksunfy : SSO free list                    2.0            2.0     0.00
shared obj stats allocation chun                 2.5            2.5     0.00
shared private strands                           2.3            2.3     0.00
shared row cache                                 7.2            7.2     0.00
       buffer_cache                             56.0           56.0     0.00
       fixed_sga                                 2.1            2.1     0.00
       log_buffer                                4.1            4.1     0.00
          -------------------------------------------------------------
SQL Memory Statistics  DB/Inst: XE/XE  Snaps:   137-  138

                                   Begin            End         % Diff
                          -------------- -------------- --------------
   Avg Cursor Size (KB):           26.97          26.87           -.36
 Cursor to Parent ratio:            1.01           1.01           -.02
          Total Cursors:             508            516           1.55
          Total Parents:             502            510           1.57
          -------------------------------------------------------------
init.ora Parameters  DB/Inst: XE/XE  Snaps:   137-  138

                                                                  End value
Parameter Name                Begin value                       (if different)
----------------------------- --------------------------------- --------------
audit_file_dest               /u01/app/oracle/admin/XE/adump
compatible                    11.2.0.0.0
control_files                 /u01/app/oracle/oradata/XE/contro
                              l.dbf
db_name                       XE
db_recovery_file_dest         /u01/app/oracle/fast_recovery_are
                              a
db_recovery_file_dest_size    10737418240
diagnostic_dest               /u01/app/oracle
dispatchers                   (PROTOCOL=TCP) (SERVICE=XEXDB)
job_queue_processes           4
log_buffer                    4100096
memory_target                 406847488
open_cursors                  300
remote_login_passwordfile     EXCLUSIVE
sessions                      172
shared_servers                4
undo_management               AUTO
undo_tablespace               UNDOTBS1
          -------------------------------------------------------------

End of Report (   sp_137_138.lst )

