
STATSPACK report for

Database    DB Id    Instance     Inst Num  Startup Time   Release     RAC
~~~~~~~~ ----------- ------------ -------- --------------- ----------- ---
          2706909277 XE                  1 08-12月-13 11:5 11.2.0.2.0  NO
                                           6

Host Name             Platform                CPUs Cores Sockets   Memory (G)
~~~~ ---------------- ---------------------- ----- ----- ------- ------------
     kagamihogex61    Linux x86 64-bit           2     2       1           .9

Snapshot       Snap Id     Snap Time      Sessions Curs/Sess Comment
~~~~~~~~    ---------- ------------------ -------- --------- ------------------
Begin Snap:        127 08-12月-13 12:20:16      26       1.2
  End Snap:        128 08-12月-13 12:20:32      24       1.3
   Elapsed:       0.27 (mins) Av Act Sess:       0.2
   DB time:       0.05 (mins)      DB CPU:       0.04 (mins)

Cache Sizes            Begin        End
~~~~~~~~~~~       ---------- ----------
    Buffer Cache:        60M              Std Block Size:         8K
     Shared Pool:       176M                  Log Buffer:     4,004K

Load Profile              Per Second    Per Transaction    Per Exec    Per Call
~~~~~~~~~~~~      ------------------  ----------------- ----------- -----------
      DB time(s):                0.2                3.0        0.03        0.00
       DB CPU(s):                0.2                2.5        0.02        0.00
       Redo size:           57,649.3          922,388.0
   Logical reads:              988.5           15,816.0
   Block changes:               91.1            1,458.0
  Physical reads:              241.2            3,859.0
 Physical writes:                0.0                0.0
      User calls:              626.9           10,030.0
          Parses:                7.1              113.0
     Hard parses:                0.0                0.0
W/A MB processed:                1.3               21.4
          Logons:                0.1                2.0
        Executes:                7.1              114.0
       Rollbacks:                0.0                0.0
    Transactions:                0.1

Instance Efficiency Indicators
~~~~~~~~~~~~~~~~~~~~~~~~~~~~~~
            Buffer Nowait %:  100.00       Redo NoWait %:  100.00
            Buffer  Hit   %:   89.05  Optimal W/A Exec %:  100.00
            Library Hit   %:  100.00        Soft Parse %:  100.00
         Execute to Parse %:    0.88         Latch Hit %:  100.00
Parse CPU to Parse Elapsd %:             % Non-Parse CPU:   98.55

 Shared Pool Statistics        Begin   End
                               ------  ------
             Memory Usage %:   90.51   90.44
    % SQL with executions>1:   47.74   47.83
  % Memory for SQL w/exec>1:   42.98   43.01

Top 5 Timed Events                                                    Avg %Total
~~~~~~~~~~~~~~~~~~                                                   wait   Call
Event                                            Waits    Time (s)   (ms)   Time
----------------------------------------- ------------ ----------- ------ ------
CPU time                                                         1          51.7
db file sequential read                            270           0      2   30.8
control file parallel write                          6           0     22    9.9
log file parallel write                              1           0     39    2.9
log file sync                                        1           0     39    2.9
          -------------------------------------------------------------
Host CPU  (CPUs: 2  Cores: 2  Sockets: 1)
~~~~~~~~              Load Average
                      Begin     End      User  System    Idle     WIO     WCPU
                    ------- -------   ------- ------- ------- ------- --------
                       0.06    0.05      5.50    2.57   91.89    1.22

Note: There is a 6% discrepancy between the OS Stat total CPU time and
      the total CPU time estimated by Statspack
          OS Stat CPU time: 30(s) (BUSY_TIME + IDLE_TIME)
        Statspack CPU time: 32(s) (Elapsed time * num CPUs in end snap)

Instance CPU
~~~~~~~~~~~~                                       % Time (seconds)
                                            -------- --------------
                     Host: Total time (s):                     30.4
                  Host: Busy CPU time (s):                      2.5
                   % of time Host is Busy:       8.1
             Instance: Total CPU time (s):                      2.6
          % of Busy CPU used for Instance:     104.2
        Instance: Total Database time (s):                      3.2
  %DB time waiting for CPU (Resource Mgr):       0.0

Virtual Memory Paging
~~~~~~~~~~~~~~~~~~~~~
                     KB paged out per sec:            69.5
                     KB paged  in per sec:            60.5

Memory Statistics                       Begin          End
~~~~~~~~~~~~~~~~~                ------------ ------------
                  Host Mem (MB):        971.2        971.2
                   SGA use (MB):        386.3        386.3
                   PGA use (MB):         63.5         60.8
    % Host Mem used for SGA+PGA:         46.3         46.0
          -------------------------------------------------------------

Time Model System Stats  DB/Inst: XE/XE  Snaps:   127-  128
-> Ordered by % of DB time desc, Statistic name

Statistic                                       Time (s) % DB time
----------------------------------- -------------------- ---------
DB CPU                                               2.5      85.3
sql execute elapsed time                             1.7      58.8
connection management call elapsed                   0.0        .9
parse time elapsed                                   0.0        .2
PL/SQL execution elapsed time                        0.0        .1
repeated bind elapsed time                           0.0        .0
DB time                                              3.0
background elapsed time                              0.3
background cpu time                                  0.0
          -------------------------------------------------------------
Foreground Wait Events  DB/Inst: XE/XE  Snaps:   127-  128
-> Only events with Total Wait Time (s) >= .001 are shown
-> ordered by Total Wait Time desc, Waits desc (idle events last)

                                                             Avg          %Total
                                          %Tim Total Wait   wait    Waits   Call
Event                               Waits  out   Time (s)   (ms)     /txn   Time
---------------------------- ------------ ---- ---------- ------ -------- ------
db file sequential read               270    0          0      2    270.0   30.8
log file sync                           1    0          0     39      1.0    2.9
direct path read                      120    0          0      0    120.0    1.5
control file sequential read          280    0          0      0    280.0     .2
jobq slave wait                        56  100         28    501     56.0
SQL*Net message from client        10,017    0          3      0 ########
SQL*Net message to client          10,017    0          0      0 ########
          -------------------------------------------------------------

Background Wait Events  DB/Inst: XE/XE  Snaps:   127-  128
-> Only events with Total Wait Time (s) >= .001 are shown
-> ordered by Total Wait Time desc, Waits desc (idle events last)

                                                             Avg          %Total
                                          %Tim Total Wait   wait    Waits   Call
Event                               Waits  out   Time (s)   (ms)     /txn   Time
---------------------------- ------------ ---- ---------- ------ -------- ------
control file parallel write             6    0          0     22      6.0    9.9
log file parallel write                 1    0          0     39      1.0    2.9
rdbms ipc message                      67   99        174   2597     67.0
shared server idle wait                 4  100        120  30009      4.0
DIAG idle wait                         31  100         31   1001     31.0
Streams AQ: qmn slave idle w            1    0         28  28009      1.0
Streams AQ: qmn coordinator             2   50         28  14004      2.0
Space Manager: slave idle wa            4  100         20   5001      4.0
pmon timer                              5  100         15   3003      5.0
SQL*Net message from client             8    0          0     17      8.0
          -------------------------------------------------------------

Wait Events (fg and bg) DB/Inst: XE/XE  Snaps:   127-  128
-> s - second, cs - centisecond,  ms - millisecond, us - microsecond
-> %Timeouts:  value of 0 indicates value was < .5%.  Value of null is truly 0
-> Only events with Total Wait Time (s) >= .001 are shown
-> ordered by Total Wait Time desc, Waits desc (idle events last)

                                                             Avg          %Total
                                          %Tim Total Wait   wait    Waits   Call
Event                               Waits  out   Time (s)   (ms)     /txn   Time
---------------------------- ------------ ---- ---------- ------ -------- ------
db file sequential read               270    0          0      2    270.0   30.8
control file parallel write             6    0          0     22      6.0    9.9
log file parallel write                 1    0          0     39      1.0    2.9
log file sync                           1    0          0     39      1.0    2.9
direct path read                      120    0          0      0    120.0    1.5
control file sequential read          292    0          0      0    292.0     .2
rdbms ipc message                      67   99        174   2597     67.0
shared server idle wait                 4  100        120  30009      4.0
DIAG idle wait                         31  100         31   1001     31.0
jobq slave wait                        56  100         28    501     56.0
Streams AQ: qmn slave idle w            1    0         28  28009      1.0
Streams AQ: qmn coordinator             2   50         28  14004      2.0
Space Manager: slave idle wa            4  100         20   5001      4.0
pmon timer                              5  100         15   3003      5.0
SQL*Net message from client        10,025    0          4      0 ########
SQL*Net message to client          10,023    0          0      0 ########
          -------------------------------------------------------------
Wait Event Histogram  DB/Inst: XE/XE  Snaps:   127-  128
-> Total Waits - units: K is 1000, M is 1000000, G is 1000000000
-> % of Waits - column heading: <=1s is truly <1024ms, >1s is truly >=1024ms
-> % of Waits - value: .0 indicates value was <.05%, null is truly 0
-> Ordered by Event (idle events last)

                           Total ----------------- % of Waits ------------------
Event                      Waits  <1ms  <2ms  <4ms  <8ms <16ms <32ms  <=1s   >1s
-------------------------- ----- ----- ----- ----- ----- ----- ----- ----- -----
Disk file operations I/O      6  100.0
asynch descriptor resize      7  100.0
control file parallel writ    6                           16.7  66.7  16.7
control file sequential re  292  100.0
db file sequential read     258   83.7    .8   1.2   4.7   9.3    .4
direct path read            120  100.0
log file parallel write       1                                      100.0
log file sync                 1                                      100.0
DIAG idle wait               31                                      100.0
SQL*Net message from clien   10K  99.0    .9    .1          .0    .0    .0
SQL*Net message to client    10K 100.0
Space Manager: slave idle     4                                            100.0
Streams AQ: qmn coordinato    2   50.0                                      50.0
Streams AQ: qmn slave idle    1                                            100.0
jobq slave wait              56                                      100.0
pmon timer                    5                                            100.0
rdbms ipc message            67                                       25.4  74.6
shared server idle wait       4                                            100.0
          -------------------------------------------------------------

SQL ordered by CPU  DB/Inst: XE/XE  Snaps:   127-  128
-> Total DB CPU (s):               3
-> Captured SQL accounts for   25.3% of Total DB CPU
-> SQL reported below exceeded  1.0% of Total DB CPU

    CPU                  CPU per             Elapsd                     Old
  Time (s)   Executions  Exec (s)  %Total   Time (s)    Buffer Gets  Hash Value
---------- ------------ ---------- ------ ---------- --------------- ----------
      0.59            1       0.59   23.1       1.04           1,938 2522684317
Module: SQL*Plus
BEGIN statspack.snap; END;

      0.04            1       0.04    1.8       0.62          13,584 2999802763
Module: JDBC Thin Client
SELECT column1 FROM million_rows_table

          -------------------------------------------------------------
SQL ordered by Elapsed time for DB: XE  Instance: XE  Snaps:   127 -  128
-> Total DB Time (s):               3
-> Captured SQL accounts for   56.3% of Total DB Time
-> SQL reported below exceeded  1.0% of Total DB Time

  Elapsed                Elap per            CPU                        Old
  Time (s)   Executions  Exec (s)  %Total   Time (s)  Physical Reads Hash Value
---------- ------------ ---------- ------ ---------- --------------- ----------
      1.04            1       1.04   35.0       0.59             358 2522684317
Module: SQL*Plus
BEGIN statspack.snap; END;

      0.62            1       0.62   20.9       0.04           3,618 2999802763
Module: JDBC Thin Client
SELECT column1 FROM million_rows_table

          -------------------------------------------------------------
SQL ordered by Gets  DB/Inst: XE/XE  Snaps:   127-  128
-> End Buffer Gets Threshold:     10000 Total Buffer Gets:          15,816
-> Captured SQL accounts for   87.1% of Total Buffer Gets
-> SQL reported below exceeded  1.0% of Total Buffer Gets

                                                     CPU      Elapsd     Old
  Buffer Gets    Executions  Gets per Exec  %Total Time (s)  Time (s) Hash Value
--------------- ------------ -------------- ------ -------- --------- ----------
         13,584            1       13,584.0  607.0     0.04      0.62 2999802763
Module: JDBC Thin Client
SELECT column1 FROM million_rows_table

          1,938            1        1,938.0   86.6     0.59      1.04 2522684317
Module: SQL*Plus
BEGIN statspack.snap; END;

            180           33            5.5    8.0     0.01      0.01 2275360153
select /*+ connect_by_filtering */ privilege#,level from sysauth
$ connect by grantee#=prior privilege# and privilege#>0 start wi
th grantee#=:1 and privilege#>0

          -------------------------------------------------------------
SQL ordered by Reads  DB/Inst: XE/XE  Snaps:   127-  128
-> End Disk Reads Threshold:      1000  Total Disk Reads:           3,859
-> Captured SQL accounts for   93.8% of Total Disk Reads
-> SQL reported below exceeded  1.0% of Total Disk Reads

                                                     CPU      Elapsd
  Physical Rds   Executions  Rds per Exec   %Total Time (s)  Time (s) Hash Value
--------------- ------------ -------------- ------ -------- --------- ----------
          3,618            1        3,618.0   93.8     0.04      0.62 2999802763
Module: JDBC Thin Client
SELECT column1 FROM million_rows_table

            358            1          358.0    9.3     0.59      1.04 2522684317
Module: SQL*Plus
BEGIN statspack.snap; END;

          -------------------------------------------------------------
SQL ordered by Executions  DB/Inst: XE/XE  Snaps:   127-  128
-> End Executions Threshold:       100  Total Executions:             114
-> Captured SQL accounts for   33.3% of Total Executions
-> SQL reported below exceeded  1.0% of Total Executions

                                                CPU per    Elap per     Old
 Executions   Rows Processed   Rows per Exec    Exec (s)   Exec (s)  Hash Value
------------ --------------- ---------------- ----------- ---------- ----------
          33              68              2.1       0.00        0.00  2275360153
select /*+ connect_by_filtering */ privilege#,level from sysauth
$ connect by grantee#=prior privilege# and privilege#>0 start wi
th grantee#=:1 and privilege#>0

           3               0              0.0       0.00        0.00  1178168971
select job, nvl2(last_date, 1, 0) from sys.job$ where (((:1 <= n
ext_date) and (next_date <= :2))    or  ((last_date is null) and
 (next_date < :3))) and (field1 = :4 or (field1 = 0 and 'Y' = :5
)) and (this_date is null) and ((dbms_logstdby.db_is_logstdby =

          -------------------------------------------------------------
SQL ordered by Parse Calls  DB/Inst: XE/XE  Snaps:   127-  128
-> End Parse Calls Threshold:      1000 Total Parse Calls:             113
-> Captured SQL accounts for   31.0% of Total Parse Calls
-> SQL reported below exceeded  1.0% of Total Parse Calls

                           % Total    Old
 Parse Calls   Executions   Parses Hash Value
------------ ------------ -------- ----------
          33           33    29.20 2275360153
select /*+ connect_by_filtering */ privilege#,level from sysauth
$ connect by grantee#=prior privilege# and privilege#>0 start wi
th grantee#=:1 and privilege#>0

          -------------------------------------------------------------
SQL ordered by Sharable Memory  DB/Inst: XE/XE  Snaps:   127-  128
-> End Sharable Memory Threshold(KB):      1024

    Max         End
 Sharable    Sharable                                        Old
Memory (KB) Memory (KB)  Parse Calls  Executions  % Total Hash Value
----------- ----------- ------------ ------------ ------- ----------
      2,039       2,039            0            0     1.1 2069797393
Module: DBMS_SCHEDULER
MERGE /*+ dynamic_sampling(ST 4) dynamic_sampling_est_cdn(ST) */
 INTO STATS_TARGET$ ST USING (SELECT STALENESS, OSIZE, OBJ#, TYP
E#, CASE WHEN STALENESS > LOG(0.01, NVL(LOC_STALE_PCT, :B1 )/100
) THEN 128 ELSE 0 END + AFLAGS AFLAGS, STATUS, SID, SERIAL#, PAR

          -------------------------------------------------------------
Instance Activity Stats  DB/Inst: XE/XE  Snaps:   127-  128

Statistic                                      Total     per Second    per Trans
--------------------------------- ------------------ -------------- ------------
Batched IO (bound) vector count                    0            0.0          0.0
Batched IO (full) vector count                     0            0.0          0.0
Batched IO block miss count                        0            0.0          0.0
Batched IO buffer defrag count                     0            0.0          0.0
Batched IO double miss count                       0            0.0          0.0
Batched IO same unit count                         0            0.0          0.0
Batched IO vector block count                      0            0.0          0.0
Batched IO vector read count                       0            0.0          0.0
Block Cleanout Optim referenced                    0            0.0          0.0
CCursor + sql area evicted                         0            0.0          0.0
CPU used by this session                          69            4.3         69.0
CPU used when call started                        68            4.3         68.0
CR blocks created                                  0            0.0          0.0
Cached Commit SCN referenced                       0            0.0          0.0
Commit SCN cached                                  0            0.0          0.0
DB time                                        6,215          388.4      6,215.0
DBWR transaction table writes                      0            0.0          0.0
DBWR undo block writes                             0            0.0          0.0
HSC Heap Segment Block Changes                    67            4.2         67.0
Heap Segment Array Inserts                        65            4.1         65.0
Heap Segment Array Updates                         0            0.0          0.0
IMU Flushes                                        1            0.1          1.0
IMU Redo allocation size                      24,100        1,506.3     24,100.0
IMU commits                                        0            0.0          0.0
IMU ktichg flush                                   0            0.0          0.0
IMU recursive-transaction flush                    0            0.0          0.0
IMU undo allocation size                       9,792          612.0      9,792.0
Number of read IOs issued                        120            7.5        120.0
RowCR - row contention                             0            0.0          0.0
RowCR attempts                                     1            0.1          1.0
RowCR hits                                         1            0.1          1.0
SQL*Net roundtrips to/from client             10,017          626.1     10,017.0
active txn count during cleanout                  48            3.0         48.0
background timeouts                               66            4.1         66.0
branch node splits                                 0            0.0          0.0
buffer is not pinned count                       146            9.1        146.0
buffer is pinned count                           146            9.1        146.0
bytes received via SQL*Net from c             74,871        4,679.4     74,871.0
bytes sent via SQL*Net to client          22,476,214    1,404,763.4 ############
calls to get snapshot scn: kcmgss                136            8.5        136.0
calls to kcmgas                                   27            1.7         27.0
calls to kcmgcs                                  153            9.6        153.0
cell physical IO interconnect byt         37,406,720    2,337,920.0 ############
change write time                                  0            0.0          0.0
cleanout - number of ktugct calls                 51            3.2         51.0
cleanouts and rollbacks - consist                  0            0.0          0.0
cleanouts only - consistent read                   0            0.0          0.0
cluster key scan block gets                        0            0.0          0.0
cluster key scans                                  0            0.0          0.0
commit cleanout failures: block l                  0            0.0          0.0
commit cleanout failures: callbac                  7            0.4          7.0
commit cleanouts                                 151            9.4        151.0
commit cleanouts successfully com                144            9.0        144.0
commit txn count during cleanout                  27            1.7         27.0
concurrency wait time                              0            0.0          0.0
consistent changes                                 0            0.0          0.0
Instance Activity Stats  DB/Inst: XE/XE  Snaps:   127-  128

Statistic                                      Total     per Second    per Trans
--------------------------------- ------------------ -------------- ------------
consistent gets                               14,175          885.9     14,175.0
consistent gets - examination                    172           10.8        172.0
consistent gets direct                        13,578          848.6     13,578.0
consistent gets from cache                       597           37.3        597.0
consistent gets from cache (fastp                377           23.6        377.0
cursor authentications                             1            0.1          1.0
data blocks consistent reads - un                  0            0.0          0.0
db block changes                               1,458           91.1      1,458.0
db block gets                                  1,641          102.6      1,641.0
db block gets direct                               0            0.0          0.0
db block gets from cache                       1,641          102.6      1,641.0
db block gets from cache (fastpat                582           36.4        582.0
deferred (CURRENT) block cleanout                 55            3.4         55.0
dirty buffers inspected                            0            0.0          0.0
enqueue conversions                                4            0.3          4.0
enqueue releases                                 257           16.1        257.0
enqueue requests                                 257           16.1        257.0
enqueue timeouts                                   0            0.0          0.0
enqueue waits                                      0            0.0          0.0
execute count                                    114            7.1        114.0
file io service time                               0            0.0          0.0
file io wait time                            367,071       22,941.9    367,071.0
free buffer inspected                              0            0.0          0.0
free buffer requested                            314           19.6        314.0
heap block compress                                0            0.0          0.0
hot buffers moved to head of LRU                   0            0.0          0.0
immediate (CR) block cleanout app                  0            0.0          0.0
immediate (CURRENT) block cleanou                 60            3.8         60.0
index crx upgrade (positioned)                     0            0.0          0.0
index fast full scans (full)                      20            1.3         20.0
index fetch by key                               115            7.2        115.0
index scans kdiixs1                               48            3.0         48.0
leaf node 90-10 splits                             2            0.1          2.0
leaf node splits                                  26            1.6         26.0
lob reads                                          0            0.0          0.0
lob writes                                         0            0.0          0.0
lob writes unaligned                               0            0.0          0.0
logons cumulative                                  2            0.1          2.0
max cf enq hold time                               0            0.0          0.0
messages received                                  1            0.1          1.0
messages sent                                      1            0.1          1.0
min active SCN optimization appli                  0            0.0          0.0
no buffer to keep pinned count                     0            0.0          0.0
no work - consistent read gets                13,852          865.8     13,852.0
non-idle wait count                           10,694          668.4     10,694.0
non-idle wait time                                66            4.1         66.0
opened cursors cumulative                        113            7.1        113.0
parse count (failures)                             0            0.0          0.0
parse count (hard)                                 0            0.0          0.0
parse count (total)                              113            7.1        113.0
parse time cpu                                     1            0.1          1.0
parse time elapsed                                 0            0.0          0.0
physical read IO requests                        365           22.8        365.0
physical read bytes                       31,612,928    1,975,808.0 ############
physical read total IO requests                  657           41.1        657.0
physical read total bytes                 36,397,056    2,274,816.0 ############
Instance Activity Stats  DB/Inst: XE/XE  Snaps:   127-  128

Statistic                                      Total     per Second    per Trans
--------------------------------- ------------------ -------------- ------------
physical read total multi block r                111            6.9        111.0
physical reads                                 3,859          241.2      3,859.0
physical reads cache                             245           15.3        245.0
physical reads cache prefetch                      0            0.0          0.0
physical reads direct                          3,614          225.9      3,614.0
physical reads prefetch warmup                     0            0.0          0.0
physical write IO requests                         0            0.0          0.0
physical write bytes                               0            0.0          0.0
physical write total IO requests                   7            0.4          7.0
physical write total bytes                 1,009,664       63,104.0  1,009,664.0
physical write total multi block                   1            0.1          1.0
physical writes                                    0            0.0          0.0
physical writes direct                             0            0.0          0.0
physical writes direct temporary                   0            0.0          0.0
physical writes from cache                         0            0.0          0.0
physical writes non checkpoint                     0            0.0          0.0
pinned buffers inspected                           0            0.0          0.0
pinned cursors current                             0            0.0          0.0
prefetch warmup blocks aged out b                  0            0.0          0.0
process last non-idle time                        16            1.0         16.0
recursive calls                                  659           41.2        659.0
recursive cpu usage                               60            3.8         60.0
redo blocks checksummed by FG (ex              1,295           80.9      1,295.0
redo blocks written                            1,780          111.3      1,780.0
redo entries                                     756           47.3        756.0
redo size                                    922,388       57,649.3    922,388.0
redo synch long waits                              1            0.1          1.0
redo synch time                                    4            0.3          4.0
redo synch time (usec)                        39,338        2,458.6     39,338.0
redo synch writes                                  1            0.1          1.0
redo wastage                                     204           12.8        204.0
redo write time                                    4            0.3          4.0
redo writes                                        1            0.1          1.0
rollback changes - undo records a                  0            0.0          0.0
rollbacks only - consistent read                   0            0.0          0.0
root node splits                                   0            0.0          0.0
rows fetched via callback                          1            0.1          1.0
scheduler wait time                                0            0.0          0.0
session connect time                               0            0.0          0.0
session cursor cache hits                         31            1.9         31.0
session logical reads                         15,816          988.5     15,816.0
session uga memory max                     8,662,400      541,400.0  8,662,400.0
shared hash latch upgrades - no w                 20            1.3         20.0
sorts (memory)                                   114            7.1        114.0
sorts (rows)                                   3,411          213.2      3,411.0
sql area evicted                                   0            0.0          0.0
sql area purged                                    0            0.0          0.0
summed dirty queue length                          0            0.0          0.0
switch current to new buffer                       0            0.0          0.0
table fetch by rowid                              81            5.1         81.0
table fetch continued row                          0            0.0          0.0
table scan blocks gotten                      13,584          849.0     13,584.0
table scan rows gotten                     3,780,112      236,257.0  3,780,112.0
table scans (direct read)                          1            0.1          1.0
table scans (long tables)                          1            0.1          1.0
table scans (short tables)                         6            0.4          6.0
Instance Activity Stats  DB/Inst: XE/XE  Snaps:   127-  128

Statistic                                      Total     per Second    per Trans
--------------------------------- ------------------ -------------- ------------
temp space allocated (bytes)                       0            0.0          0.0
total cf enq hold time                             0            0.0          0.0
total number of cf enq holders                     0            0.0          0.0
total number of times SMON posted                  0            0.0          0.0
undo change vector size                      349,900       21,868.8    349,900.0
user I/O wait time                                40            2.5         40.0
user calls                                    10,030          626.9     10,030.0
user commits                                       1            0.1          1.0
workarea executions - optimal                    105            6.6        105.0
write clones created in foregroun                  0            0.0          0.0
          -------------------------------------------------------------

Instance Activity Stats  DB/Inst: XE/XE  Snaps:   127-  128
-> Statistics with absolute values (should not be diffed)

Statistic                             Begin Value       End Value
--------------------------------- --------------- ---------------
logons current                                 26              24
opened cursors current                         32              32
session cursor cache count                  1,586           1,638
          -------------------------------------------------------------

Instance Activity Stats  DB/Inst: XE/XE  Snaps:   127-  128
-> Statistics identified by '(derived)' come from sources other than SYSSTAT

Statistic                                      Total  per Hour
--------------------------------- ------------------ ---------
log switches (derived)                             0       .00
          -------------------------------------------------------------

OS Statistics  DB/Inst: XE/XE  Snaps:   127-  128
-> ordered by statistic type (CPU use, Virtual Memory, Hardware Config), Name

Statistic                                  Total
------------------------- ----------------------
BUSY_TIME                                    246
IDLE_TIME                                  2,789
IOWAIT_TIME                                   37
SYS_TIME                                      78
USER_TIME                                    167
RSRC_MGR_CPU_WAIT_TIME                         0
VM_IN_BYTES                              991,232
VM_OUT_BYTES                           1,138,688
PHYSICAL_MEMORY_BYTES              1,018,376,192
NUM_CPUS                                       2
NUM_CPU_CORES                                  2
NUM_CPU_SOCKETS                                1
GLOBAL_RECEIVE_SIZE_MAX                  229,376
GLOBAL_SEND_SIZE_MAX                     229,376
TCP_RECEIVE_SIZE_DEFAULT                  87,380
TCP_RECEIVE_SIZE_MAX                   3,895,296
TCP_RECEIVE_SIZE_MIN                       4,096
TCP_SEND_SIZE_DEFAULT                     16,384
TCP_SEND_SIZE_MAX                      3,895,296
TCP_SEND_SIZE_MIN                          4,096
          -------------------------------------------------------------

OS Statistics - detail  DB/Inst: XE/XE  Snaps:   127-  128

  Snap Snapshot
    Id Day Time          Load  %Busy  %User %System   %WIO  %WCPU
------ --------------- ------ ------ ------ ------- ------ ------
   127 日 08 12:20:16      .1
   128 日 08 12:20:32      .0    8.1    5.5     2.6    1.2
          -------------------------------------------------------------
IO Stat by Function - summary  DB/Inst: XE/XE  Snaps:   127-  128
->Data Volume values suffixed with   M,G,T,P are in multiples of 1024,
  other values suffixed with       K,M,G,T,P are in multiples of 1000
->ordered by Data Volume (Read+Write) desc

               ---------- Read --------- --------- Write -------- --- Wait ----
                 Data  Requests    Data   Data  Requests    Data          Avg
Function        Volume     /sec  Vol/sec Volume     /sec  Vol/sec  Count Tm(ms)
--------------- ------ -------- -------- ------ -------- -------- ------ ------
Direct Reads       29M     7.5      1.8M                            120     0.0
Others              5M    18.0       .3M             .4             298     0.0
Buffer Cache Re     3M    19.7       .2M                            315     0.0
          -------------------------------------------------------------

IO Stat by Function - detail  DB/Inst: XE/XE  Snaps:   127-  128
->ordered by Data Volume (Read+Write) desc

                   ----------- Read ---------- ----------- Write ---------
                    Small  Large  Small  Large  Small  Large  Small  Large
                     Read   Read   Data   Data  Write  Write   Data   Data
Function             Reqs   Reqs   Read   Read   Reqs   Reqs  Writn  Writn
------------------ ------ ------ ------ ------ ------ ------ ------ ------
Direct Reads           9    111      1M    28M
Others               288             5M            6
Buffer Cache Reads   315             3M
          -------------------------------------------------------------
Tablespace IO Stats  DB/Inst: XE/XE  Snaps:   127-  128
->ordered by IOs (Reads + Writes) desc

Tablespace
------------------------------
                 Av      Av     Av                    Av        Buffer Av Buf
         Reads Reads/s Rd(ms) Blks/Rd       Writes Writes/s      Waits Wt(ms)
-------------- ------- ------ ------- ------------ -------- ---------- ------
SYSAUX
           288      18    1.5     1.0            0        0          0    0.0
USERS
           124       8    0.0    29.2            0        0          0    0.0
UNDOTBS1
            18       1    0.0     1.0            0        0          0    0.0
          -------------------------------------------------------------
File IO Stats  DB/Inst: XE/XE  Snaps:   127-  128
->Mx Rd Bkt: Max bucket time for single block read
->ordered by Tablespace, File

Tablespace               Filename
------------------------ ----------------------------------------------------
                        Av   Mx                                             Av
                 Av     Rd   Rd    Av                    Av        Buffer BufWt
         Reads Reads/s (ms)  Bkt Blks/Rd       Writes Writes/s      Waits  (ms)
-------------- ------- ----- --- ------- ------------ -------- ---------- ------
SYSAUX                   /u01/app/oracle/oradata/XE/sysaux.dbf
           288      18   1.5  32     1.0            0        0          0

UNDOTBS1                 /u01/app/oracle/oradata/XE/undotbs1.dbf
            18       1   0.0   1     1.0            0        0          0

USERS                    /u01/app/oracle/oradata/XE/users.dbf
           124       8   0.0   1    29.2            0        0          0

          -------------------------------------------------------------
File Read Histogram Stats  DB/Inst: XE/XE  Snaps:   127-  128
->Number of single block reads in each time range
->Tempfiles are not included
->ordered by Tablespace, File

Tablespace               Filename
------------------------ ----------------------------------------------------
    0 - 2 ms     2 - 4 ms    4 - 8 ms     8 - 16 ms   16 - 32 ms       32+ ms
------------ ------------ ------------ ------------ ------------ ------------
SYSAUX                   /u01/app/oracle/oradata/XE/sysaux.dbf
         241            4           10           27            1            0

UNDOTBS1                 /u01/app/oracle/oradata/XE/undotbs1.dbf
          18            0            0            0            0            0

USERS                    /u01/app/oracle/oradata/XE/users.dbf
           4            0            0            0            0            0

          -------------------------------------------------------------
Instance Recovery Stats  DB/Inst: XE/XE  Snaps:   127-  128
-> B: Begin snapshot,  E: End snapshot

  Targt Estd                                  Log File  Log Ckpt    Log Ckpt
  MTTR  MTTR   Recovery   Actual    Target      Size     Timeout    Interval
   (s)   (s)   Estd IOs  Redo Blks Redo Blks Redo Blks  Redo Blks  Redo Blks
- ----- ----- ---------- --------- --------- ---------- --------- ------------
B     0     0        204         0     82944      82944
E     0     0        395      1779     82944      82944
          -------------------------------------------------------------
Memory Target Advice  DB/Inst: XE/XE  Snaps:   127-  128
-> Advice Reset: if this is null, the data shown has been diffed between
   the Begin and End snapshots.  If this is 'Y', the advisor has been
   reset during this interval due to memory resize operations, and
   the data shown is since the reset operation.

                Memory Size     Est.     Advice
Memory Size (M)      Factor DB time (s)  Reset
--------------- ----------- ------------ ------
            291          .8            3
            388         1.0            3
            485         1.3            3
            582         1.5            3
            679         1.8            3
            776         2.0            3
          -------------------------------------------------------------

Memory Dynamic Components  DB/Inst: XE/XE  Snaps:   127-  128
->  Op - memory resize Operation
->  Cache:    D: Default,  K: Keep,  R:  Recycle
->   Mode:  DEF: DEFerred mode,  IMM: IMMediate mode

                       Begin Snap End Snap   Op    Last Op
Cache                    Size (M) Size (M)  Count  Type/Mode   Last Op Time
---------------------- ---------- -------- ------- ---------- ---------------
D:buffer cache                 60                0 INITIA/
PGA Target                    132                0 STATIC
SGA Target                    256                0 STATIC
java pool                       4                0 STATIC
large pool                      4                0 STATIC
shared pool                   176                0 STATIC
          -------------------------------------------------------------

Buffer Pool Advisory  DB/Inst: XE/XE  End Snap:   128
-> Only rows with estimated physical reads >0 are displayed
-> ordered by Pool, Block Size, Buffers For Estimate

                                   Est
                                  Phys      Estimated                   Est
    Size for  Size      Buffers   Read     Phys Reads     Est Phys % dbtime
P    Est (M) Factr  (thousands)  Factr    (thousands)    Read Time  for Rds
--- -------- ----- ------------ ------ -------------- ------------ --------
D          4    .1            0    1.5             33           84     60.9
D          8    .1            1    1.3             27           64     46.4
D         12    .2            1    1.2             26           59     42.8
D         16    .3            2    1.1             25           56     40.6
D         20    .3            2    1.1             24           53     38.4
D         24    .4            3    1.1             23           51     37.0
D         28    .5            3    1.1             23           49     35.5
D         32    .5            4    1.0             22           48     34.8
D         36    .6            4    1.0             22           46     33.3
D         40    .7            5    1.0             22           46     33.3
D         44    .7            5    1.0             22           46     33.3
D         48    .8            6    1.0             22           46     33.3
D         52    .9            6    1.0             22           45     32.6
D         56    .9            7    1.0             21           45     32.6
D         60   1.0            7    1.0             21           45     32.6
D         64   1.1            8    1.0             21           45     32.6
D         68   1.1            8    1.0             21           45     32.6
D         72   1.2            9    1.0             21           45     32.6
D         76   1.3            9    1.0             21           45     32.6
D         80   1.3           10    1.0             21           44     31.9
          -------------------------------------------------------------

Buffer Pool Statistics  DB/Inst: XE/XE  Snaps:   127-  128
-> Standard block size Pools  D: default,  K: keep,  R: recycle
-> Default Pools for other block sizes: 2k, 4k, 8k, 16k, 32k
-> Buffers: the number of buffers.  Units of K, M, G are divided by 1000

                                                            Free Writ     Buffer
            Pool         Buffer     Physical    Physical  Buffer Comp       Busy
P   Buffers Hit%           Gets        Reads      Writes   Waits Wait      Waits
--- ------- ---- -------------- ------------ ----------- ------- ---- ----------
D     7365    87          2,229          300           0       0    0          0
          -------------------------------------------------------------
PGA Aggr Target Stats  DB/Inst: XE/XE  Snaps:   127-  128
-> B: Begin snap   E: End snap (rows identified with B or E contain data
   which is absolute i.e. not diffed over the interval)
-> PGA cache hit % - percentage of W/A (WorkArea) data processed only in-memory
-> Auto PGA Target - actual workarea memory target
-> W/A PGA Used    - amount of memory used for all WorkAreas (manual + auto)
-> %PGA W/A Mem    - percentage of PGA memory allocated to WorkAreas
-> %Auto W/A Mem   - percentage of WorkArea memory controlled by Auto Mem Mgmt
-> %Man W/A Mem    - percentage of WorkArea memory under Manual control

PGA Cache Hit % W/A MB Processed Extra W/A MB Read/Written
--------------- ---------------- -------------------------
          100.0               21                         0

PGA Aggr Target Histogram  DB/Inst: XE/XE  Snaps:   127-  128
-> Optimal Executions are purely in-memory operations

    Low    High
Optimal Optimal    Total Execs Optimal Execs 1-Pass Execs M-Pass Execs
------- ------- -------------- ------------- ------------ ------------
     2K      4K             86            86            0            0
    64K    128K              2             2            0            0
   128K    256K              1             1            0            0
   512K   1024K             14            14            0            0
     4M      8M              2             2            0            0
          -------------------------------------------------------------

PGA Memory Advisory  DB/Inst: XE/XE  End Snap:   128
-> When using Auto Memory Mgmt, minimally choose a pga_aggregate_target value
   where Estd PGA Overalloc Count is 0

                                   Estd Extra                Estd
  PGA Aggr                           W/A MB      Estd Time    PGA   Estd PGA
    Target   Size         W/A MB  Read/Written  to Process  Cache  Overalloc
  Est (MB)  Factr      Processed    to Disk      Bytes (s)  Hit %      Count
---------- ------ -------------- -------------- ---------- ------ ----------
        17    0.1            180             14        0.0   93.0          2
        33    0.3            180             14        0.0   93.0          2
        66    0.5            180             10        0.0   95.0          1
        99    0.8            180              0        0.0  100.0          0
       132    1.0            180              0        0.0  100.0          0
       158    1.2            180              0        0.0  100.0          0
       185    1.4            180              0        0.0  100.0          0
       211    1.6            180              0        0.0  100.0          0
       238    1.8            180              0        0.0  100.0          0
       264    2.0            180              0        0.0  100.0          0
       396    3.0            180              0        0.0  100.0          0
       528    4.0            180              0        0.0  100.0          0
       792    6.0            180              0        0.0  100.0          0
     1,056    8.0            180              0        0.0  100.0          0
          -------------------------------------------------------------
Process Memory Summary Stats  DB/Inst: XE/XE  Snaps:   127-  128
-> B: Begin snap   E: End snap
-> All rows below contain absolute values (i.e. not diffed over the interval)
-> Max Alloc is Maximum PGA Allocation size at snapshot time
   Hist Max Alloc is the Historical Max Allocation for still-connected processes
-> Num Procs or Allocs:  For Begin/End snapshot lines, it is the number of
   processes. For Category lines, it is the number of allocations
-> ordered by Begin/End snapshot, Alloc (MB) desc

                                                                  Hist   Num
                                          Avg    Std Dev   Max    Max   Procs
             Alloc     Used    Freeabl   Alloc    Alloc   Alloc  Alloc    or
  Category   (MB)      (MB)      (MB)     (MB)    (MB)    (MB)    (MB)  Allocs
- -------- --------- --------- -------- -------- ------- ------- ------ ------
B --------      63.5      42.1     14.8      2.0     2.6      12     12     31
  Other         47.7                         1.5     2.1      11     11     31
  Freeable      14.8        .0               1.8     2.2       6             8
  PL/SQL          .6        .5                .0      .1       0      1     26
  SQL             .5        .1                .0      .1       0      6      9
E --------      60.8      40.7     14.8      2.1     2.6      12     12     29
  Other         45.0                         1.6     2.2      11     11     29
  Freeable      14.8        .0               1.9     2.2       6             8
  PL/SQL          .6        .5                .0      .1       0      0     24
  SQL             .5        .1                .0      .1       0      6      9
          -------------------------------------------------------------

Top Process Memory (by component)  DB/Inst: XE/XE  Snaps:   127-  128
-> ordered by Begin/End snapshot, Alloc (MB) desc

                        Alloc   Used   Freeabl     Max      Hist Max
     PId Category       (MB)    (MB)     (MB)   Alloc (MB) Alloc (MB)
- ------ ------------- ------- ------- -------- ---------- ----------
B     11 LGWR --------    11.6    10.8       .1       11.6       11.6
         Other            11.4                        11.4       11.5
         Freeable           .1      .0                  .1
         PL/SQL             .0      .0                  .0         .0
      32 TNS V1-V3 ---     8.3     1.4      6.3        8.3        8.3
         Freeable          6.3      .0                 6.3
         Other             1.7                         1.7        1.7
         PL/SQL             .2      .2                  .2         .2
         SQL                .1      .1                  .1        6.2
      10 DBW0 --------     6.9     6.5       .1        6.9        6.9
         Other             6.7                         6.7        6.7
         Freeable           .1      .0                  .1
         PL/SQL             .0      .0                  .0         .0
      13 SMON --------     4.8     1.0      3.7        4.8        4.8
         Freeable          3.7      .0                 3.7
         Other             1.1                         1.1        1.1
         SQL                .1      .0                  .1        2.1
         PL/SQL             .0      .0                  .0         .0
      28 CJQ0 --------     4.1     1.3      2.5        4.1        6.7
         Freeable          2.5      .0                 2.5
         Other             1.5                         1.5        2.2
         SQL                .0      .0                  .0        1.9
         PL/SQL             .0      .0                  .0         .0
      15 MMON --------     3.0     2.0       .9        3.0        4.5
         Other             2.0                         2.0        2.5
         Freeable           .9      .0                  .9
         PL/SQL             .1      .1                  .1         .1
         SQL                .0      .0                  .0        1.1
      29  ------------     2.4     1.4       .8        2.4        6.1
         Other             1.4                         1.4        3.0
         Freeable           .8      .0                  .8
         SQL                .2      .0                  .2        2.2
         PL/SQL             .0      .0                  .0         .0
      30 J000 --------     1.8      .7       .0        1.8        1.8
         Other             1.7                         1.7        1.7
         PL/SQL             .0      .0                  .0         .5
         SQL                .0      .0                  .0         .1
      22 Q000 --------     1.6     1.1       .3        1.6        1.6
         Other             1.0                         1.0        1.0
         Freeable           .3      .0                  .3
         PL/SQL             .2      .2                  .2         .2
         SQL                .0      .0                  .0         .2
      17 D000 --------     1.3     1.2       .0        1.3        1.3
         Other             1.3                         1.3        1.3
       8 DIA0 --------     1.2     1.0       .0        1.2        1.2
         Other             1.2                         1.2        1.2
         PL/SQL             .0      .0                  .0         .0
      14 RECO --------     1.1      .8       .0        1.1        1.1
         Other             1.0                         1.0        1.0
         SQL                .0      .0                  .0         .1
         PL/SQL             .0      .0                  .0         .0
      12 CKPT --------     1.0      .8       .0        1.0        1.0
         Other             1.0                         1.0        1.0

Top Process Memory (by component)  DB/Inst: XE/XE  Snaps:   127-  128
-> ordered by Begin/End snapshot, Alloc (MB) desc

                        Alloc   Used   Freeabl     Max      Hist Max
     PId Category       (MB)    (MB)     (MB)   Alloc (MB) Alloc (MB)
- ------ ------------- ------- ------- -------- ---------- ----------
B     12 PL/SQL             .0      .0                  .0         .0
       7 DBRM --------     1.0      .8       .0        1.0        1.0
         Other             1.0                         1.0        1.0
         PL/SQL             .0      .0                  .0         .0
         SQL                .0      .0                  .0         .1
E     11 LGWR --------    11.6    10.8       .1       11.6       11.6
         Other            11.4                        11.4       11.5
         Freeable           .1      .0                  .1
         PL/SQL             .0      .0                  .0         .0
      30 TNS V1-V3 ---     8.2     1.4      6.4        8.2        8.2
         Freeable          6.4      .0                 6.4
         Other             1.6                         1.6        1.6
         PL/SQL             .2      .2                  .2         .2
         SQL                .1      .1                  .1        6.2
      10 DBW0 --------     6.9     6.5       .1        6.9        6.9
         Other             6.7                         6.7        6.7
         Freeable           .1      .0                  .1
         PL/SQL             .0      .0                  .0         .0
      13 SMON --------     4.8     1.0      3.7        4.8        4.8
         Freeable          3.7      .0                 3.7
         Other             1.1                         1.1        1.1
         SQL                .1      .0                  .1        2.1
         PL/SQL             .0      .0                  .0         .0
      28 CJQ0 --------     4.1     1.3      2.5        4.1        6.7
         Freeable          2.5      .0                 2.5
         Other             1.5                         1.5        2.2
         SQL                .0      .0                  .0        1.9
         PL/SQL             .0      .0                  .0         .0
      15 MMON --------     3.0     2.0       .9        3.0        4.5
         Other             2.0                         2.0        2.5
         Freeable           .9      .0                  .9
         PL/SQL             .1      .1                  .1         .1
         SQL                .0      .0                  .0        1.1
      29  ------------     2.4     1.4       .8        2.4        6.1
         Other             1.4                         1.4        3.0
         Freeable           .8      .0                  .8
         SQL                .2      .0                  .2        2.2
         PL/SQL             .0      .0                  .0         .0
      22 Q000 --------     1.6     1.1       .3        1.6        1.6
         Other             1.0                         1.0        1.0
         Freeable           .3      .0                  .3
         PL/SQL             .2      .2                  .2         .2
         SQL                .0      .0                  .0         .2
      17 D000 --------     1.3     1.2       .0        1.3        1.3
         Other             1.3                         1.3        1.3
       8 DIA0 --------     1.2     1.0       .0        1.2        1.2
         Other             1.2                         1.2        1.2
         PL/SQL             .0      .0                  .0         .0
      14 RECO --------     1.1      .8       .0        1.1        1.1
         Other             1.0                         1.0        1.0
         SQL                .0      .0                  .0         .1
         PL/SQL             .0      .0                  .0         .0
      12 CKPT --------     1.0      .8       .0        1.0        1.0

Top Process Memory (by component)  DB/Inst: XE/XE  Snaps:   127-  128
-> ordered by Begin/End snapshot, Alloc (MB) desc

                        Alloc   Used   Freeabl     Max      Hist Max
     PId Category       (MB)    (MB)     (MB)   Alloc (MB) Alloc (MB)
- ------ ------------- ------- ------- -------- ---------- ----------
E     12 Other             1.0                         1.0        1.0
         PL/SQL             .0      .0                  .0         .0
       7 DBRM --------     1.0      .8       .0        1.0        1.0
         Other             1.0                         1.0        1.0
         PL/SQL             .0      .0                  .0         .0
         SQL                .0      .0                  .0         .1
          -------------------------------------------------------------

Latch Activity  DB/Inst: XE/XE  Snaps:   127-  128
->"Get Requests", "Pct Get Miss" and "Avg Slps/Miss" are statistics for
  willing-to-wait latch get requests
->"NoWait Requests", "Pct NoWait Miss" are for no-wait latch get requests
->"Pct Misses" for both should be very close to 0.0

                                           Pct    Avg   Wait                 Pct
                              Get          Get   Slps   Time       NoWait NoWait
Latch                       Requests      Miss  /Miss    (s)     Requests   Miss
------------------------ -------------- ------ ------ ------ ------------ ------
AQ deq hash table latch               1    0.0             0            0
ASM db client latch                  12    0.0             0            0
ASM map operation hash t              1    0.0             0            0
Change Notification Hash              5    0.0             0            0
Consistent RBA                        1    0.0             0            0
DML lock allocation                 140    0.0             0            0
Event Group Locks                     3    0.0             0            0
FOB s.o list latch                   14    0.0             0            0
File State Object Pool P              1    0.0             0            0
I/O Staticstics latch                 1    0.0             0            0
IPC stats buffer allocat              1    0.0             0            0
In memory undo latch                 34    0.0             0            5    0.0
JS Sh mem access                      1    0.0             0            0
JS queue access latch                 1    0.0             0            0
JS queue state obj latch            144    0.0             0            0
KFC FX Hash Latch                     1    0.0             0            0
KFC Hash Latch                        1    0.0             0            0
KFCL LE Freelist                      1    0.0             0            0
KGNFS-NFS:SHM structure               1    0.0             0            0
KGNFS-NFS:SVR LIST                    1    0.0             0            0
KJC message pool free li              1    0.0             0            0
KJCT flow control latch               1    0.0             0            0
KMG MMAN ready and start              5    0.0             0            0
KTF sga latch                         0                    0            4    0.0
KWQP Prop Status                      1    0.0             0            0
Locator state objects po              1    0.0             0            0
Lsod array latch                      1    0.0             0            0
Memory Management Latch               1    0.0             0            5    0.0
Memory Queue                          1    0.0             0            0
Memory Queue Message Sub              1    0.0             0            0
Memory Queue Message Sub              1    0.0             0            0
Memory Queue Message Sub              1    0.0             0            0
Memory Queue Message Sub              1    0.0             0            0
Memory Queue Subscriber               1    0.0             0            0
Mutex                                 1    0.0             0            0
Mutex Stats                           1    0.0             0            0
OS process                           13    0.0             0            0
OS process allocation                38    0.0             0            0
OS process: request allo              6    0.0             0            0
PL/SQL warning settings               5    0.0             0            0
PX hash array latch                   1    0.0             0            0
QMT                                   1    0.0             0            0
SGA blob parent                       1    0.0             0            0
SGA bucket locks                      1    0.0             0            0
SGA heap locks                        1    0.0             0            0
SGA pool locks                        1    0.0             0            0
SQL memory manager latch              1    0.0             0            6    0.0
SQL memory manager worka            570    0.0             0            0
Shared B-Tree                         5    0.0             0            0
Streams Generic                       1    0.0             0            0
Latch Activity  DB/Inst: XE/XE  Snaps:   127-  128
->"Get Requests", "Pct Get Miss" and "Avg Slps/Miss" are statistics for
  willing-to-wait latch get requests
->"NoWait Requests", "Pct NoWait Miss" are for no-wait latch get requests
->"Pct Misses" for both should be very close to 0.0

                                           Pct    Avg   Wait                 Pct
                              Get          Get   Slps   Time       NoWait NoWait
Latch                       Requests      Miss  /Miss    (s)     Requests   Miss
------------------------ -------------- ------ ------ ------ ------------ ------
Testing                               1    0.0             0            0
Token Manager                         1    0.0             0            0
WCR: sync                             1    0.0             0            0
Write State Object Pool               1    0.0             0            0
XDB NFS Security Latch                1    0.0             0            0
XDB unused session pool               1    0.0             0            0
XDB used session pool                 1    0.0             0            0
active checkpoint queue               5    0.0             0            0
active service list                  50    0.0             0          137    0.0
buffer pool                           1    0.0             0            0
business card                         1    0.0             0            0
cache buffer handles                 19    0.0             0            0
cache buffers chains              7,553    0.0             0          286    0.0
cache buffers lru chain              79    0.0             0          286    0.0
call allocation                      13    0.0             0            0
cas latch                             1    0.0             0            0
change notification clie              1    0.0             0            0
channel handle pool latc              8    0.0             0            0
channel operations paren             88    0.0             0            0
checkpoint queue latch              193    0.0             0          193    0.0
client/application info              20    0.0             0            0
compile environment latc              2    0.0             0            0
cp cmon/server latch                  1    0.0             0            0
cp pool latch                         1    0.0             0            0
cp server hash latch                  1    0.0             0            0
cvmap freelist lock                   1    0.0             0            0
done queue latch                      1    0.0             0            0
dummy allocation                      7    0.0             0            0
enqueue hash chains                 519    0.0             0            0
enqueues                            336    0.0             0            0
fifth spare latch                     1    0.0             0            0
flashback copy                        1    0.0             0            0
fourth Audit Vault latch              1    0.0             0            0
gc element                            1    0.0             0            0
gcs commit scn state                  1    0.0             0            0
gcs partitioned table ha              1    0.0             0            0
gcs pcm hashed value buc              1    0.0             0            0
gcs resource freelist                 1    0.0             0            0
gcs resource hash                     1    0.0             0            0
gcs resource scan list                1    0.0             0            0
gcs shadows freelist                  1    0.0             0            0
ges domain table                      1    0.0             0            0
ges enqueue table freeli              1    0.0             0            0
ges group table                       1    0.0             0            0
ges process hash list                 1    0.0             0            0
ges process parent latch              1    0.0             0            0
ges resource hash list                1    0.0             0            0
ges resource scan list                1    0.0             0            0
ges resource table freel              1    0.0             0            0
ges value block free lis              1    0.0             0            0
Latch Activity  DB/Inst: XE/XE  Snaps:   127-  128
->"Get Requests", "Pct Get Miss" and "Avg Slps/Miss" are statistics for
  willing-to-wait latch get requests
->"NoWait Requests", "Pct NoWait Miss" are for no-wait latch get requests
->"Pct Misses" for both should be very close to 0.0

                                           Pct    Avg   Wait                 Pct
                              Get          Get   Slps   Time       NoWait NoWait
Latch                       Requests      Miss  /Miss    (s)     Requests   Miss
------------------------ -------------- ------ ------ ------ ------------ ------
global KZLD latch for me              2    0.0             0            0
global tx hash mapping                1    0.0             0            0
granule operation                     1    0.0             0            0
heartbeat check                       1    0.0             0            0
intra txn parallel recov              1    0.0             0            0
io pool granule metadata              1    0.0             0            0
job workq parent latch                1    0.0             0            0
job_queue_processes para              4    0.0             0            0
k2q lock allocation                   1    0.0             0            0
kdlx hb parent latch                  1    0.0             0            0
kgb parent                            1    0.0             0            0
kgnfs mount latch                     1    0.0             0            0
ksfv messages                         1    0.0             0            0
ksim group membership ca              1    0.0             0            0
kss move lock                         1    0.0             0            0
ksuosstats global area                4    0.0             0            0
ksv class latch                       1    0.0             0            0
ksv msg queue latch                   1    0.0             0            0
ksz_so allocation latch               6    0.0             0            0
kwqbsn:qsga                           4    0.0             0            0
lgwr LWN SCN                          5    0.0             0            0
list of block allocation             12    0.0             0            0
loader state object free              2    0.0             0            0
lob segment dispenser la              1    0.0             0            0
lob segment hash table l              1    0.0             0            0
lob segment query latch               1    0.0             0            0
lock DBA buffer during m              1    0.0             0            0
logical standby cache                 1    0.0             0            0
logminer context allocat              1    0.0             0            0
logminer work area                    1    0.0             0            0
longop free list parent               1    0.0             0            0
mapped buffers lru chain              1    0.0             0            0
message pool operations               1    0.0             0            0
messages                            139    0.0             0            0
mostly latch-free SCN                 5    0.0             0            0
msg queue latch                       1    0.0             0            0
name-service namespace b              1    0.0             0            0
object queue header heap             89    0.0             0            0
object queue header oper            572    0.0             0            0
object stats modificatio             20    0.0             0            0
parallel query alloc buf              5    0.0             0            0
parallel query stats                  1    0.0             0            0
parameter table manageme             23    0.0             0            0
peshm                                 1    0.0             0            0
pesom_free_list                       1    0.0             0            0
pesom_hash_node                       1    0.0             0            0
post/wait queue                       3    0.0             0            1    0.0
process allocation                    6    0.0             0            2    0.0
process group creation                6    0.0             0            0
process queue                         1    0.0             0            0
Latch Activity  DB/Inst: XE/XE  Snaps:   127-  128
->"Get Requests", "Pct Get Miss" and "Avg Slps/Miss" are statistics for
  willing-to-wait latch get requests
->"NoWait Requests", "Pct NoWait Miss" are for no-wait latch get requests
->"Pct Misses" for both should be very close to 0.0

                                           Pct    Avg   Wait                 Pct
                              Get          Get   Slps   Time       NoWait NoWait
Latch                       Requests      Miss  /Miss    (s)     Requests   Miss
------------------------ -------------- ------ ------ ------ ------------ ------
process queue reference               1    0.0             0            0
qmn task queue latch                  4    0.0             0            0
query server freelists                1    0.0             0            0
queuing load statistics               1    0.0             0            0
recovery domain hash lis              1    0.0             0            0
redo allocation                     779    0.0             0            0
redo copy                             1    0.0             0          762    0.0
redo writing                         21    0.0             0            0
resmgr group change latc              3    0.0             0            0
resmgr:active threads                11    0.0             0            5    0.0
resmgr:actses change gro              3    0.0             0            0
resmgr:actses change sta              1    0.0             0            0
resmgr:free threads list              6    0.0             0            0
resmgr:plan CPU method                1    0.0             0            0
resmgr:resource group CP             35    0.0             0            0
resmgr:schema config                  5    0.0             0            0
resmgr:session queuing                1    0.0             0            0
rm cas latch                          1    0.0             0            0
row cache objects                   758    0.0             0            0
rules engine rule set st            100    0.0             0            0
second Audit Vault latch              1    0.0             0            0
second spare latch                    1    0.0             0            0
sequence cache                        9    0.0             0            0
session allocation                   19    0.0             0           10    0.0
session idle bit                 20,071    0.0             0            0
session queue latch                   1    0.0             0            0
session state list latch              6    0.0             0            0
session switching                    21    0.0             0            0
session timer                         5    0.0             0            0
shared pool                         252    0.0             0            0
shared pool sim alloc                 1    0.0             0            0
shared pool simulator                 9    0.0             0            0
sim partition latch                   1    0.0             0            0
simulator hash latch                346    0.0             0            0
simulator lru latch                   1    0.0             0          325    0.0
space background task la             13    0.0             0           10    0.0
tablespace key chain                  1    0.0             0            0
test excl. parent l0                  1    0.0             0            0
test excl. parent2 l0                 1    0.0             0            0
third spare latch                     1    0.0             0            0
transaction allocation                5    0.0             0            0
undo global data                    221    0.0             0            0
virtual circuit buffers               1    0.0             0            0
virtual circuit holder                1    0.0             0            0
virtual circuit queues                1    0.0             0            0
          -------------------------------------------------------------
Dictionary Cache Stats  DB/Inst: XE/XE  Snaps:   127-  128
->"Pct Misses"  should be very low (< 2% in most cases)
->"Final Usage" is the number of cache entries being used in End Snapshot

                                   Get    Pct    Scan   Pct      Mod      Final
Cache                         Requests   Miss    Reqs  Miss     Reqs      Usage
------------------------- ------------ ------ ------- ----- -------- ----------
dc_objects                          10    0.0       0              0      1,667
dc_profiles                          2    0.0       0              0          1
dc_tablespaces                      48    0.0       0              0          6
dc_users                           209    0.0       0              0         91
global database name                12    0.0       0              0          1
          -------------------------------------------------------------


Library Cache Activity  DB/Inst: XE/XE  Snaps:   127-  128
->"Pct Misses"  should be very low

                         Get  Pct        Pin        Pct               Invali-
Namespace           Requests  Miss     Requests     Miss     Reloads  dations
--------------- ------------ ------ -------------- ------ ---------- --------
ACCOUNT_STATUS             4    0.0              0                 0        0
BODY                       7    0.0              8    0.0          0        0
DBLINK                     4    0.0              0                 0        0
EDITION                    2    0.0              4    0.0          0        0
SCHEMA                     2    0.0              0                 0        0
SQL AREA                  21    0.0            151    0.0          0        0
TABLE/PROCEDURE            5    0.0             18    0.0          0        0
          -------------------------------------------------------------
Rule Sets  DB/Inst: XE/XE  Snaps:   127-  128
-> * indicates Rule Set activity (re)started between Begin/End snaps
-> Top 25 ordered by Evaluations desc

                                                               No-SQL  SQL
Rule                                *     Eval/sec Reloads/sec Eval % Eval %
----------------------------------- - ------------ ----------- ------ ------
SYS.ALERT_QUE_R                                  0           0      0      0
          -------------------------------------------------------------
Shared Pool Advisory  DB/Inst: XE/XE  End Snap:   128
-> SP: Shared Pool     Est LC: Estimated Library Cache   Factr: Factor
-> Note there is often a 1:Many correlation between a single logical object
   in the Library Cache, and the physical number of memory objects associated
   with it.  Therefore comparing the number of Lib Cache objects (e.g. in
   v$librarycache), with the number of Lib Cache Memory Objects is invalid

                                        Est LC Est LC  Est LC Est LC
    Shared    SP   Est LC                 Time   Time    Load   Load      Est LC
      Pool  Size     Size       Est LC   Saved  Saved    Time   Time         Mem
  Size (M) Factr      (M)      Mem Obj     (s)  Factr     (s)  Factr    Obj Hits
---------- ----- -------- ------------ ------- ------ ------- ------ -----------
       116    .7       10          867     533    1.0      42    1.7      13,854
       136    .8       30        2,172     540    1.0      35    1.4      28,040
       156    .9       49        3,023     548    1.0      27    1.1      28,337
       176   1.0       67        3,893     550    1.0      25    1.0      28,407
       196   1.1       75        4,347     551    1.0      24    1.0      28,424
       216   1.2       75        4,347     551    1.0      24    1.0      28,424
       236   1.3       75        4,347     551    1.0      24    1.0      28,424
       256   1.5       75        4,347     551    1.0      24    1.0      28,424
       276   1.6       75        4,347     551    1.0      24    1.0      28,424
       296   1.7       75        4,347     551    1.0      24    1.0      28,424
       316   1.8       75        4,347     551    1.0      24    1.0      28,424
       336   1.9       75        4,347     551    1.0      24    1.0      28,424
       356   2.0       75        4,347     551    1.0      24    1.0      28,424
          -------------------------------------------------------------
SGA Target Advisory  DB/Inst: XE/XE  End Snap:   128

SGA Target SGA Size   Est DB      Est DB   Est Physical
  Size (M)   Factor Time (s) Time Factor          Reads
---------- -------- -------- ----------- --------------
       192       .8      149         1.1         21,646
       256      1.0      138         1.0         20,807
       320      1.3      136         1.0         20,807
       384      1.5      136         1.0         20,807
       448      1.8      136         1.0         20,807
       512      2.0      136         1.0         20,807
          -------------------------------------------------------------
SGA Memory Summary  DB/Inst: XE/XE  Snaps:   127-  128

                                                        End Size (Bytes)
SGA regions                      Begin Size (Bytes)       (if different)
------------------------------ -------------------- --------------------
Database Buffers                         62,914,560
Fixed Size                                2,226,960
Redo Buffers                              4,333,568
Variable Size                           335,545,584
                               -------------------- --------------------
sum                                     405,020,672
          -------------------------------------------------------------


SGA breakdown difference  DB/Inst: XE/XE  Snaps:   127-  128
-> Top 35 rows by size, ordered by Pool, Name (note rows with null values for
   Pool column, or Names showing free memory are always shown)
-> Null value for Begin MB or End MB indicates the size of that Pool/Name was
   insignificant, or zero in that snapshot

Pool   Name                                 Begin MB         End MB  % Diff
------ ------------------------------ -------------- -------------- --------
java p free memory                               4.0            4.0     0.00
large  PX msg pool                                .5             .5     0.00
large  free memory                               3.5            3.5     0.00
shared ASH buffers                               4.0            4.0     0.00
shared FileOpenBlock                             3.8            3.8     0.00
shared KCB Table Scan Buffer                     3.8            3.8     0.00
shared KGLH0                                    23.5           23.5     0.00
shared KGLHD                                     5.2            5.2     0.00
shared KGLS                                      9.1            9.1     0.00
shared KGLSG                                     5.0            5.0     0.00
shared KQR M PO                                  1.8            1.8     0.00
shared KSFD SGA I/O b                            3.8            3.8     0.00
shared PLDIA                                     2.5            2.5     0.00
shared PLMCD                                     5.9            5.9     0.00
shared SQLA                                     33.0           33.0     0.00
shared event statistics per sess                 2.1            2.1     0.00
shared free memory                              16.7           16.8     0.72
shared kglsim hash table bkts                    4.0            4.0     0.00
shared ksunfy : SSO free list                    2.0            2.0     0.00
shared obj stats allocation chun                 2.5            2.5     0.00
shared private strands                           2.3            2.3     0.00
shared row cache                                 7.2            7.2     0.00
       buffer_cache                             60.0           60.0     0.00
       fixed_sga                                 2.1            2.1     0.00
       log_buffer                                4.1            4.1     0.00
          -------------------------------------------------------------
SQL Memory Statistics  DB/Inst: XE/XE  Snaps:   127-  128

                                   Begin            End         % Diff
                          -------------- -------------- --------------
   Avg Cursor Size (KB):           31.21          31.21            .00
 Cursor to Parent ratio:            1.06           1.06            .00
          Total Cursors:           1,289          1,289            .00
          Total Parents:           1,219          1,219            .00
          -------------------------------------------------------------
init.ora Parameters  DB/Inst: XE/XE  Snaps:   127-  128

                                                                  End value
Parameter Name                Begin value                       (if different)
----------------------------- --------------------------------- --------------
audit_file_dest               /u01/app/oracle/admin/XE/adump
compatible                    11.2.0.0.0
control_files                 /u01/app/oracle/oradata/XE/contro
                              l.dbf
db_name                       XE
db_recovery_file_dest         /u01/app/oracle/fast_recovery_are
                              a
db_recovery_file_dest_size    10737418240
diagnostic_dest               /u01/app/oracle
dispatchers                   (PROTOCOL=TCP) (SERVICE=XEXDB)
job_queue_processes           4
log_buffer                    4100096
memory_target                 406847488
open_cursors                  300
remote_login_passwordfile     EXCLUSIVE
sessions                      172
shared_servers                4
undo_management               AUTO
undo_tablespace               UNDOTBS1
          -------------------------------------------------------------

End of Report (   sp_127_128.lst )

