
STATSPACK report for

Database    DB Id    Instance     Inst Num  Startup Time   Release     RAC
~~~~~~~~ ----------- ------------ -------- --------------- ----------- ---
          1383992479 orcl                1 17-1月 -15 15:1 11.2.0.1.0  NO
                                           8

Host Name             Platform                CPUs Cores Sockets   Memory (G)
~~~~ ---------------- ---------------------- ----- ----- ------- ------------
     kagamihogex61    Linux x86 64-bit           2     2       1          1.8

Snapshot       Snap Id     Snap Time      Sessions Curs/Sess Comment
~~~~~~~~    ---------- ------------------ -------- --------- ------------------
Begin Snap:         13 17-1月 -15 15:44:09      26       1.5
  End Snap:         14 17-1月 -15 15:45:52      24       1.6
   Elapsed:       1.72 (mins) Av Act Sess:       0.7
   DB time:       1.17 (mins)      DB CPU:       1.05 (mins)

Cache Sizes            Begin        End
~~~~~~~~~~~       ---------- ----------
    Buffer Cache:       464M              Std Block Size:         8K
     Shared Pool:       304M                  Log Buffer:     7,432K

Load Profile              Per Second    Per Transaction    Per Exec    Per Call
~~~~~~~~~~~~      ------------------  ----------------- ----------- -----------
      DB time(s):                0.7               14.1        0.00        1.90
       DB CPU(s):                0.6               12.6        0.00        1.71
       Redo size:        3,015,873.2       62,126,988.8
   Logical reads:           27,641.8          569,420.2
   Block changes:           19,605.4          403,870.6
  Physical reads:               44.4              914.8
 Physical writes:              150.5            3,100.2
      User calls:                0.4                7.4
          Parses:                6.3              129.8
     Hard parses:                0.7               14.8
W/A MB processed:                0.2                4.4
          Logons:                0.1                1.0
        Executes:            4,868.7          100,295.2
       Rollbacks:                0.0                0.0
    Transactions:                0.1

Instance Efficiency Indicators
~~~~~~~~~~~~~~~~~~~~~~~~~~~~~~
            Buffer Nowait %:  100.00       Redo NoWait %:   99.99
            Buffer  Hit   %:   99.84  Optimal W/A Exec %:  100.00
            Library Hit   %:   99.87        Soft Parse %:   88.60
         Execute to Parse %:   99.87         Latch Hit %:  100.00
Parse CPU to Parse Elapsd %:   83.33     % Non-Parse CPU:   99.53

 Shared Pool Statistics        Begin   End
                               ------  ------
             Memory Usage %:   82.58   84.34
    % SQL with executions>1:   30.81   32.91
  % Memory for SQL w/exec>1:   34.69   37.00

Top 5 Timed Events                                                    Avg %Total
~~~~~~~~~~~~~~~~~~                                                   wait   Call
Event                                            Waits    Time (s)   (ms)   Time
----------------------------------------- ------------ ----------- ------ ------
CPU time                                                        64          61.4
log file parallel write                            610          18     29   16.9
db file async I/O submit                            35          11    305   10.3
control file parallel write                        140           4     26    3.5
log file switch (checkpoint incomplete)              8           4    445    3.4
          -------------------------------------------------------------
Host CPU  (CPUs: 2  Cores: 2  Sockets: 1)
~~~~~~~~              Load Average
                      Begin     End      User  System    Idle     WIO     WCPU
                    ------- -------   ------- ------- ------- ------- --------
                       0.56    0.80     29.26    3.09   67.58    3.51

Instance CPU
~~~~~~~~~~~~                                       % Time (seconds)
                                            -------- --------------
                     Host: Total time (s):                    202.7
                  Host: Busy CPU time (s):                     65.7
                   % of time Host is Busy:      32.4
             Instance: Total CPU time (s):                     65.0
          % of Busy CPU used for Instance:      99.0
        Instance: Total Database time (s):                    104.2
  %DB time waiting for CPU (Resource Mgr):       0.0

Memory Statistics                       Begin          End
~~~~~~~~~~~~~~~~~                ------------ ------------
                  Host Mem (MB):      1,836.0      1,836.0
                   SGA use (MB):      1,401.7      1,401.7
                   PGA use (MB):         70.8         67.1
    % Host Mem used for SGA+PGA:         80.2         80.0
          -------------------------------------------------------------

Time Model System Stats  DB/Inst: ORCL/orcl  Snaps:   13-  14
-> Ordered by % of DB time desc, Statistic name

Statistic                                       Time (s) % DB time
----------------------------------- -------------------- ---------
sql execute elapsed time                            70.2      99.8
DB CPU                                              63.2      89.8
PL/SQL execution elapsed time                        3.8       5.4
parse time elapsed                                   0.6        .9
hard parse elapsed time                              0.6        .8
connection management call elapsed                   0.0        .1
PL/SQL compilation elapsed time                      0.0        .0
repeated bind elapsed time                           0.0        .0
DB time                                             70.3
background elapsed time                             33.8
background cpu time                                  1.9
          -------------------------------------------------------------
Foreground Wait Events  DB/Inst: ORCL/orcl  Snaps:   13-  14
-> Only events with Total Wait Time (s) >= .001 are shown
-> ordered by Total Wait Time desc, Waits desc (idle events last)

                                                             Avg          %Total
                                          %Tim Total Wait   wait    Waits   Call
Event                               Waits  out   Time (s)   (ms)     /txn   Time
---------------------------- ------------ ---- ---------- ------ -------- ------
log file switch (checkpoint             8    0          4    445      1.6    3.4
log buffer space                        8    0          2    280      1.6    2.2
log file switch completion              4    0          1    161      0.8     .6
db file scattered read                237    0          0      1     47.4     .3
log file sync                           5    0          0     36      1.0     .2
db file sequential read               311    0          0      0     62.2     .1
reliable message                       65    0          0      0     13.0     .0
rdbms ipc reply                        65    0          0      0     13.0     .0
control file sequential read          288    0          0      0     57.6     .0
latch: cache buffers lru cha            1    0          0      2      0.2     .0
jobq slave wait                       200  100        100    501     40.0
SQL*Net message from client            14    0         23   1669      2.8
          -------------------------------------------------------------

Background Wait Events  DB/Inst: ORCL/orcl  Snaps:   13-  14
-> Only events with Total Wait Time (s) >= .001 are shown
-> ordered by Total Wait Time desc, Waits desc (idle events last)

                                                             Avg          %Total
                                          %Tim Total Wait   wait    Waits   Call
Event                               Waits  out   Time (s)   (ms)     /txn   Time
---------------------------- ------------ ---- ---------- ------ -------- ------
log file parallel write               610    0         18     29    122.0   16.9
db file async I/O submit               35    0         11    305      7.0   10.3
control file parallel write           140    0          4     26     28.0    3.5
enq: CF - contention                    7    0          1     73      1.4     .5
log file single write                  14    0          0     15      2.8     .2
db file single write                   20    0          0     10      4.0     .2
os thread startup                       3    0          0     38      0.6     .1
control file sequential read          476    0          0      0     95.2     .0
rdbms ipc message                     896   46      1,089   1216    179.2
smon timer                              1  100        300 ######      0.2
DIAG idle wait                        204  100        204   1001     40.8
shared server idle wait                 4  100        120  30007      0.8
dispatcher timer                        2  100        120  60009      0.4
Space Manager: slave idle wa           22   95        105   4774      4.4
pmon timer                             47   70        104   2205      9.4
Streams AQ: qmn slave idle w            3    0         84  28009      0.6
Streams AQ: qmn coordinator             6   50         84  14005      1.2
SQL*Net message from client             4    0          0      1      0.8
          -------------------------------------------------------------

Wait Events (fg and bg) DB/Inst: ORCL/orcl  Snaps:   13-  14
-> s - second, cs - centisecond,  ms - millisecond, us - microsecond
-> %Timeouts:  value of 0 indicates value was < .5%.  Value of null is truly 0
-> Only events with Total Wait Time (s) >= .001 are shown
-> ordered by Total Wait Time desc, Waits desc (idle events last)

                                                             Avg          %Total
                                          %Tim Total Wait   wait    Waits   Call
Event                               Waits  out   Time (s)   (ms)     /txn   Time
---------------------------- ------------ ---- ---------- ------ -------- ------
log file parallel write               610    0         18     29    122.0   16.9
db file async I/O submit               35    0         11    305      7.0   10.3
control file parallel write           140    0          4     26     28.0    3.5
log file switch (checkpoint             8    0          4    445      1.6    3.4
log buffer space                        8    0          2    280      1.6    2.2
log file switch completion              4    0          1    161      0.8     .6
enq: CF - contention                    7    0          1     73      1.4     .5
db file scattered read                238    0          0      1     47.6     .3
log file single write                  14    0          0     15      2.8     .2
db file single write                   20    0          0     10      4.0     .2
log file sync                           5    0          0     36      1.0     .2
db file sequential read               332    0          0      0     66.4     .1
os thread startup                       3    0          0     38      0.6     .1
reliable message                       65    0          0      0     13.0     .0
control file sequential read          764    0          0      0    152.8     .0
rdbms ipc reply                        65    0          0      0     13.0     .0
latch: cache buffers lru cha            1    0          0      2      0.2     .0
rdbms ipc message                     896   46      1,089   1216    179.2
smon timer                              1  100        300 ######      0.2
DIAG idle wait                        204  100        204   1001     40.8
shared server idle wait                 4  100        120  30007      0.8
dispatcher timer                        2  100        120  60009      0.4
Space Manager: slave idle wa           22   95        105   4774      4.4
pmon timer                             47   70        104   2205      9.4
jobq slave wait                       200  100        100    501     40.0
Streams AQ: qmn slave idle w            3    0         84  28009      0.6
Streams AQ: qmn coordinator             6   50         84  14005      1.2
SQL*Net message from client            18    0         23   1299      3.6
          -------------------------------------------------------------
Wait Event Histogram  DB/Inst: ORCL/orcl  Snaps:   13-  14
-> Total Waits - units: K is 1000, M is 1000000, G is 1000000000
-> % of Waits - column heading: <=1s is truly <1024ms, >1s is truly >=1024ms
-> % of Waits - value: .0 indicates value was <.05%, null is truly 0
-> Ordered by Event (idle events last)

                           Total ----------------- % of Waits ------------------
Event                      Waits  <1ms  <2ms  <4ms  <8ms <16ms <32ms  <=1s   >1s
-------------------------- ----- ----- ----- ----- ----- ----- ----- ----- -----
Disk file operations I/O      7  100.0
LGWR wait for redo copy       1  100.0
asynch descriptor resize     13  100.0
control file parallel writ  140                           27.1  62.9  10.0
control file sequential re  764  100.0
db file async I/O submit     35                                       97.1   2.9
db file scattered read      234   91.5          .9   2.1   4.3    .9    .4
db file sequential read     327   97.2                .9    .9    .9
db file single write         20                           95.0   5.0
enq: CF - contention          7   42.9                                57.1
latch: cache buffers lru c    1              100.0
latch: checkpoint queue la    3  100.0
latch: shared pool            1  100.0
log buffer space              8                                      100.0
log file parallel write     610   50.0                .2   2.0   2.0  45.9
log file sequential read     14  100.0
log file single write        14                           64.3  28.6   7.1
log file switch (checkpoin    8                                       87.5  12.5
log file switch completion    4                                      100.0
log file sync                 5                                 80.0  20.0
os thread startup             3                                 66.7  33.3
rdbms ipc reply              65  100.0
reliable message             65  100.0
DIAG idle wait              204                                      100.0
SQL*Net message from clien   18   77.8  11.1                     5.6         5.6
SQL*Net message to client    17  100.0
Space Manager: slave idle    22    4.5                                      95.5
Streams AQ: qmn coordinato    6   50.0                                      50.0
Streams AQ: qmn slave idle    3                                            100.0
class slave wait              1  100.0
dispatcher timer              2                                            100.0
jobq slave wait             200                                      100.0
pmon timer                   47   12.8                           2.1   8.5  76.6
rdbms ipc message           896   15.3          .1    .1         1.1  49.0  34.4
shared server idle wait       4                                            100.0
smon timer                    1                                            100.0
          -------------------------------------------------------------

SQL ordered by CPU  DB/Inst: ORCL/orcl  Snaps:   13-  14
-> Total DB CPU (s):              63
-> Captured SQL accounts for    2.9% of Total DB CPU
-> SQL reported below exceeded  1.0% of Total DB CPU

    CPU                  CPU per             Elapsd                     Old
  Time (s)   Executions  Exec (s)  %Total   Time (s)    Buffer Gets  Hash Value
---------- ------------ ---------- ------ ---------- --------------- ----------
     61.97            0              98.1      68.65           2,165  762218156
Module: SQL Developer
BEGIN   LOOP_CASE_UPDATE(); --rollback;  END;

      3.66            0               5.8       3.71               0 1348398644
Module: SQL Developer
SELECT COLUMN1, ROWID P_ROWID FROM TESTS

      1.76            1       1.76    2.8       2.84           9,280 2522684317
Module: SQL*Plus
BEGIN statspack.snap; END;

          -------------------------------------------------------------
SQL ordered by Elapsed time for DB: ORCL  Instance: orcl  Snaps:   13 -  14
-> Total DB Time (s):              70
-> Captured SQL accounts for    4.2% of Total DB Time
-> SQL reported below exceeded  1.0% of Total DB Time

  Elapsed                Elap per            CPU                        Old
  Time (s)   Executions  Exec (s)  %Total   Time (s)  Physical Reads Hash Value
---------- ------------ ---------- ------ ---------- --------------- ----------
     68.65            0              97.6      61.97              90  762218156
Module: SQL Developer
BEGIN   LOOP_CASE_UPDATE(); --rollback;  END;

      3.71            0               5.3       3.66           3,600 1348398644
Module: SQL Developer
SELECT COLUMN1, ROWID P_ROWID FROM TESTS

      2.84            1       2.84    4.0       1.76           1,502 2522684317
Module: SQL*Plus
BEGIN statspack.snap; END;

          -------------------------------------------------------------
SQL ordered by Reads  DB/Inst: ORCL/orcl  Snaps:   13-  14
-> End Disk Reads Threshold:      1000  Total Disk Reads:           4,574
-> Captured SQL accounts for    0.3% of Total Disk Reads
-> SQL reported below exceeded  1.0% of Total Disk Reads

                                                     CPU      Elapsd
  Physical Rds   Executions  Rds per Exec   %Total Time (s)  Time (s) Hash Value
--------------- ------------ -------------- ------ -------- --------- ----------
          3,600            0                  78.7     3.66      3.71 1348398644
Module: SQL Developer
SELECT COLUMN1, ROWID P_ROWID FROM TESTS

          1,502            1        1,502.0   32.8     1.76      2.84 2522684317
Module: SQL*Plus
BEGIN statspack.snap; END;

             90            0                   2.0    61.97     68.65  762218156
Module: SQL Developer
BEGIN   LOOP_CASE_UPDATE(); --rollback;  END;

          -------------------------------------------------------------
SQL ordered by Parse Calls  DB/Inst: ORCL/orcl  Snaps:   13-  14
-> End Parse Calls Threshold:      1000 Total Parse Calls:             649
-> Captured SQL accounts for   25.4% of Total Parse Calls
-> SQL reported below exceeded  1.0% of Total Parse Calls

                           % Total    Old
 Parse Calls   Executions   Parses Hash Value
------------ ------------ -------- ----------
          86           86    13.25 1254950678
select file# from file$ where ts#=:1

          49           49     7.55 2275360153
select /*+ connect_by_filtering */ privilege#,level from sysauth
$ connect by grantee#=prior privilege# and privilege#>0 start wi
th grantee#=:1 and privilege#>0

          13          104     2.00 3401267293
insert into settings$(obj#, param, value) values (:1, :2, :3)

          -------------------------------------------------------------
SQL ordered by Sharable Memory  DB/Inst: ORCL/orcl  Snaps:   13-  14
-> End Sharable Memory Threshold(KB):      1024

    Max         End
 Sharable    Sharable                                        Old
Memory (KB) Memory (KB)  Parse Calls  Executions  % Total Hash Value
----------- ----------- ------------ ------------ ------- ----------
      3,194       3,194            0            0     1.0 2562264048
Module: DBMS_SCHEDULER
/* SQL Analyze(147,1) */ /*+ NO_SQL_TRANSLATION */select table_o
wner, table_name from all_synonyms  where owner in (user,'PUBLIC
') and synonym_name=:1   and not exists (  select user, object_n
ame from user_objects  where object_name=:2  and object_type in

      2,061       2,061            0            0     0.7 3949153552
Module: DBMS_SCHEDULER
MERGE /*+ dynamic_sampling(ST 4) dynamic_sampling_est_cdn(ST) */
 INTO STATS_TARGET$ ST USING (SELECT STALENESS, OSIZE, OBJ#, TYP
E#, CASE WHEN STALENESS > LOG(0.01, NVL(LOC_STALE_PCT, :B1 )/100
) THEN 128 ELSE 0 END + AFLAGS AFLAGS, STATUS, SID, SERIAL#, PAR

          -------------------------------------------------------------
Instance Activity Stats  DB/Inst: ORCL/orcl  Snaps:   13-  14

Statistic                                      Total     per Second    per Trans
--------------------------------- ------------------ -------------- ------------
Batched IO (bound) vector count                    0            0.0          0.0
Batched IO (full) vector count                     0            0.0          0.0
Batched IO block miss count                        0            0.0          0.0
Batched IO buffer defrag count                     0            0.0          0.0
Batched IO double miss count                       0            0.0          0.0
Batched IO same unit count                         0            0.0          0.0
Batched IO single block count                      0            0.0          0.0
Batched IO vector block count                      0            0.0          0.0
Batched IO vector read count                       0            0.0          0.0
Block Cleanout Optim referenced                    7            0.1          1.4
CCursor + sql area evicted                         0            0.0          0.0
CPU used by this session                       6,355           61.7      1,271.0
CPU used when call started                       179            1.7         35.8
CR blocks created                                  0            0.0          0.0
Cached Commit SCN referenced                 523,076        5,078.4    104,615.2
Commit SCN cached                                  3            0.0          0.6
DB time                                       19,192          186.3      3,838.4
DBWR checkpoint buffers written               15,501          150.5      3,100.2
DBWR checkpoints                                   7            0.1          1.4
DBWR object drop buffers written                   0            0.0          0.0
DBWR thread checkpoint buffers wr             15,501          150.5      3,100.2
DBWR transaction table writes                     16            0.2          3.2
DBWR undo block writes                        12,439          120.8      2,487.8
HSC Heap Segment Block Changes             1,000,150        9,710.2    200,030.0
Heap Segment Array Inserts                        91            0.9         18.2
LOB table id lookup cache misses                   0            0.0          0.0
Number of read IOs issued                          0            0.0          0.0
RowCR attempts                                     1            0.0          0.2
RowCR hits                                         1            0.0          0.2
SQL*Net roundtrips to/from client                 14            0.1          2.8
active txn count during cleanout               9,637           93.6      1,927.4
application wait time                              0            0.0          0.0
background checkpoints completed                   5            0.1          1.0
background checkpoints started                     7            0.1          1.4
background timeouts                              424            4.1         84.8
buffer is not pinned count                 1,003,124        9,739.1    200,624.8
buffer is pinned count                     1,000,346        9,712.1    200,069.2
bytes received via SQL*Net from c              4,003           38.9        800.6
bytes sent via SQL*Net to client               4,722           45.8        944.4
calls to get snapshot scn: kcmgss            501,501        4,868.9    100,300.2
calls to kcmgas                              516,854        5,018.0    103,370.8
calls to kcmgcs                                  506            4.9        101.2
cell physical IO interconnect byt        503,672,320    4,890,022.5 ############
change write time                                838            8.1        167.6
cleanout - number of ktugct calls              9,638           93.6      1,927.6
cleanouts and rollbacks - consist              9,566           92.9      1,913.2
cleanouts only - consistent read                   1            0.0          0.2
cluster key scan block gets                      303            2.9         60.6
cluster key scans                                278            2.7         55.6
commit batch/immediate performed                   0            0.0          0.0
commit batch/immediate requested                   0            0.0          0.0
commit cleanout failures: block l                  0            0.0          0.0
commit cleanout failures: callbac                 11            0.1          2.2
commit cleanouts                               3,817           37.1        763.4
commit cleanouts successfully com              3,806           37.0        761.2
commit immediate performed                         0            0.0          0.0
Instance Activity Stats  DB/Inst: ORCL/orcl  Snaps:   13-  14

Statistic                                      Total     per Second    per Trans
--------------------------------- ------------------ -------------- ------------
commit immediate requested                         0            0.0          0.0
commit txn count during cleanout                  32            0.3          6.4
concurrency wait time                             12            0.1          2.4
consistent changes                         1,291,704       12,540.8    258,340.8
consistent gets                            1,810,115       17,573.9    362,023.0
consistent gets - examination              1,293,904       12,562.2    258,780.8
consistent gets direct                             0            0.0          0.0
consistent gets from cache                 1,810,115       17,573.9    362,023.0
consistent gets from cache (fastp            515,599        5,005.8    103,119.8
cursor authentications                            32            0.3          6.4
data blocks consistent reads - un          1,282,138       12,447.9    256,427.6
db block changes                           2,019,353       19,605.4    403,870.6
db block gets                              1,036,986       10,067.8    207,397.2
db block gets direct                               0            0.0          0.0
db block gets from cache                   1,036,986       10,067.8    207,397.2
db block gets from cache (fastpat              1,009            9.8        201.8
deferred (CURRENT) block cleanout                 88            0.9         17.6
enqueue conversions                              254            2.5         50.8
enqueue releases                               1,652           16.0        330.4
enqueue requests                               1,653           16.1        330.6
enqueue timeouts                                   1            0.0          0.2
enqueue waits                                      7            0.1          1.4
execute count                                501,476        4,868.7    100,295.2
failed probes on index block recl                  0            0.0          0.0
file io service time                               0            0.0          0.0
file io wait time                         11,062,394      107,401.9  2,212,478.8
free buffer requested                        521,472        5,062.8    104,294.4
heap block compress                                1            0.0          0.2
immediate (CR) block cleanout app              9,567           92.9      1,913.4
immediate (CURRENT) block cleanou                 88            0.9         17.6
index crx upgrade (positioned)                     0            0.0          0.0
index crx upgrade (prefetch)                       0            0.0          0.0
index fast full scans (full)                      20            0.2          4.0
index fetch by key                               608            5.9        121.6
index scans kdiixs1                              952            9.2        190.4
leaf node 90-10 splits                             3            0.0          0.6
leaf node splits                                  32            0.3          6.4
lob reads                                          0            0.0          0.0
lob writes                                         0            0.0          0.0
lob writes unaligned                               0            0.0          0.0
logons cumulative                                  5            0.1          1.0
max cf enq hold time                               0            0.0          0.0
messages received                                459            4.5         91.8
messages sent                                    459            4.5         91.8
min active SCN optimization appli                  0            0.0          0.0
no buffer to keep pinned count                     0            0.0          0.0
no work - consistent read gets               506,090        4,913.5    101,218.0
non-idle wait count                            2,563           24.9        512.6
non-idle wait time                             3,997           38.8        799.4
opened cursors cumulative                    501,363        4,867.6    100,272.6
parse count (describe)                             0            0.0          0.0
parse count (failures)                             0            0.0          0.0
parse count (hard)                                74            0.7         14.8
parse count (total)                              649            6.3        129.8
parse time cpu                                    30            0.3          6.0
parse time elapsed                                36            0.4          7.2
Instance Activity Stats  DB/Inst: ORCL/orcl  Snaps:   13-  14

Statistic                                      Total     per Second    per Trans
--------------------------------- ------------------ -------------- ------------
physical read IO requests                        535            5.2        107.0
physical read bytes                       37,470,208      363,788.4  7,494,041.6
physical read total IO requests                1,333           12.9        266.6
physical read total bytes                 50,158,592      486,976.6 ############
physical read total multi block r                 57            0.6         11.4
physical reads                                 4,574           44.4        914.8
physical reads cache                           4,574           44.4        914.8
physical reads cache prefetch                  4,039           39.2        807.8
physical reads direct                              0            0.0          0.0
physical reads direct (lob)                        0            0.0          0.0
physical reads direct temporary t                  0            0.0          0.0
physical reads prefetch warmup                   690            6.7        138.0
physical write IO requests                     5,357           52.0      1,071.4
physical write bytes                     126,984,192    1,232,856.2 ############
physical write total IO requests               6,120           59.4      1,224.0
physical write total bytes               453,513,728    4,403,045.9 ############
physical write total multi block               1,018            9.9        203.6
physical writes                               15,501          150.5      3,100.2
physical writes direct                             0            0.0          0.0
physical writes direct (lob)                       0            0.0          0.0
physical writes direct temporary                   0            0.0          0.0
physical writes from cache                    15,501          150.5      3,100.2
physical writes non checkpoint                15,467          150.2      3,093.4
pinned cursors current                             0            0.0          0.0
prefetch warmup blocks flushed ou                  0            0.0          0.0
process last non-idle time                       103            1.0         20.6
recursive calls                              528,092        5,127.1    105,618.4
recursive cpu usage                            5,669           55.0      1,133.8
redo blocks checksummed by FG (ex              2,364           23.0        472.8
redo blocks written                          628,459        6,101.5    125,691.8
redo buffer allocation retries                    28            0.3          5.6
redo entries                               1,001,747        9,725.7    200,349.4
redo log space requests                           59            0.6         11.8
redo log space wait time                         421            4.1         84.2
redo ordering marks                           16,763          162.8      3,352.6
redo size                                310,634,944    3,015,873.2 ############
redo size for direct writes                        0            0.0          0.0
redo subscn max counts                        16,941          164.5      3,388.2
redo synch time                                   18            0.2          3.6
redo synch writes                                  5            0.1          1.0
redo wastage                                  71,776          696.9     14,355.2
redo write time                                1,755           17.0        351.0
redo writes                                      305            3.0         61.0
rollback changes - undo records a                  0            0.0          0.0
rollbacks only - consistent read                   2            0.0          0.4
rows fetched via callback                         96            0.9         19.2
scheduler wait time                                0            0.0          0.0
session connect time                               0            0.0          0.0
session cursor cache hits                     42,504          412.7      8,500.8
session logical reads                      2,847,101       27,641.8    569,420.2
session uga memory                     4,294,694,088   41,696,059.1 ############
session uga memory max                    10,094,696       98,006.8  2,018,939.2
shared hash latch upgrades - no w                208            2.0         41.6
sorts (memory)                                   630            6.1        126.0
sorts (rows)                                   6,809           66.1      1,361.8
sql area evicted                                   0            0.0          0.0
Instance Activity Stats  DB/Inst: ORCL/orcl  Snaps:   13-  14

Statistic                                      Total     per Second    per Trans
--------------------------------- ------------------ -------------- ------------
sql area purged                                    1            0.0          0.2
switch current to new buffer                 500,007        4,854.4    100,001.4
table fetch by rowid                       1,000,594        9,714.5    200,118.8
table fetch continued row                          0            0.0          0.0
table scan blocks gotten                      13,791          133.9      2,758.2
table scan rows gotten                     3,800,520       36,898.3    760,104.0
table scans (long tables)                          1            0.0          0.2
table scans (short tables)                        47            0.5          9.4
temp space allocated (bytes)                       0            0.0          0.0
total cf enq hold time                         2,850           27.7        570.0
total number of cf enq holders                    47            0.5          9.4
total number of times SMON posted                  0            0.0          0.0
transaction rollbacks                              0            0.0          0.0
undo change vector size                  132,433,004    1,285,757.3 ############
user I/O wait time                                61            0.6         12.2
user calls                                        37            0.4          7.4
user commits                                       5            0.1          1.0
user rollbacks                                     0            0.0          0.0
workarea executions - onepass                      0            0.0          0.0
workarea executions - optimal                    311            3.0         62.2
write clones created in foregroun                  9            0.1          1.8
          -------------------------------------------------------------

Instance Activity Stats  DB/Inst: ORCL/orcl  Snaps:   13-  14
-> Statistics with absolute values (should not be diffed)

Statistic                             Begin Value       End Value
--------------------------------- --------------- ---------------
logons current                                 26              24
opened cursors current                         39              39
session cursor cache count                  3,117           3,178
          -------------------------------------------------------------

Instance Activity Stats  DB/Inst: ORCL/orcl  Snaps:   13-  14
-> Statistics identified by '(derived)' come from sources other than SYSSTAT

Statistic                                      Total  per Hour
--------------------------------- ------------------ ---------
log switches (derived)                             7    244.66
          -------------------------------------------------------------

OS Statistics  DB/Inst: ORCL/orcl  Snaps:   13-  14
-> ordered by statistic type (CPU use, Virtual Memory, Hardware Config), Name

Statistic                                  Total
------------------------- ----------------------
BUSY_TIME                                  6,571
IDLE_TIME                                 13,700
IOWAIT_TIME                                  712
SYS_TIME                                     626
USER_TIME                                  5,931
RSRC_MGR_CPU_WAIT_TIME                         0
PHYSICAL_MEMORY_BYTES              1,925,197,824
NUM_CPUS                                       2
NUM_CPU_CORES                                  2
NUM_CPU_SOCKETS                                1
GLOBAL_RECEIVE_SIZE_MAX                4,194,304
GLOBAL_SEND_SIZE_MAX                   1,048,576
TCP_RECEIVE_SIZE_DEFAULT                  87,380
TCP_RECEIVE_SIZE_MAX                   4,194,304
TCP_RECEIVE_SIZE_MIN                       4,096
TCP_SEND_SIZE_DEFAULT                     16,384
TCP_SEND_SIZE_MAX                      4,194,304
TCP_SEND_SIZE_MIN                          4,096
          -------------------------------------------------------------

OS Statistics - detail  DB/Inst: ORCL/orcl  Snaps:   13-  14

  Snap Snapshot
    Id Day Time          Load  %Busy  %User %System   %WIO  %WCPU
------ --------------- ------ ------ ------ ------- ------ ------
    13 土 17 15:44:09      .6
    14 土 17 15:45:52      .8   32.4   29.3     3.1    3.5
          -------------------------------------------------------------
IO Stat by Function - summary  DB/Inst: ORCL/orcl  Snaps:   13-  14
->Data Volume values suffixed with   M,G,T,P are in multiples of 1024,
  other values suffixed with       K,M,G,T,P are in multiples of 1000
->ordered by Data Volume (Read+Write) desc

               ---------- Read --------- --------- Write -------- --- Wait ----
                 Data  Requests    Data   Data  Requests    Data          Avg
Function        Volume     /sec  Vol/sec Volume     /sec  Vol/sec  Count Tm(ms)
--------------- ------ -------- -------- ------ -------- -------- ------ ------
LGWR                5M     3.3       .0M   309M     5.9      3.0M   802     0.0
Buffer Cache Re    39M     6.3       .4M                            647     0.0
Others              8M     4.4       .1M     2M     1.6       .0M   615     0.0
          -------------------------------------------------------------

IO Stat by Function - detail  DB/Inst: ORCL/orcl  Snaps:   13-  14
->ordered by Data Volume (Read+Write) desc

                   ----------- Read ---------- ----------- Write ---------
                    Small  Large  Small  Large  Small  Large  Small  Large
                     Read   Read   Data   Data  Write  Write   Data   Data
Function             Reqs   Reqs   Read   Read   Reqs   Reqs  Writn  Writn
------------------ ------ ------ ------ ------ ------ ------ ------ ------
LGWR                 343             5M          230    373      4M   305M
Buffer Cache Reads   590     57     16M    23M
Others               455             8M          160             2M
          -------------------------------------------------------------
Tablespace IO Stats  DB/Inst: ORCL/orcl  Snaps:   13-  14
->ordered by IOs (Reads + Writes) desc

Tablespace
------------------------------
                 Av      Av     Av                    Av        Buffer Av Buf
         Reads Reads/s Rd(ms) Blks/Rd       Writes Writes/s      Waits Wt(ms)
-------------- ------- ------ ------- ------------ -------- ---------- ------
UNDOTBS1
             9       0    0.0     1.0        4,235       41          0    0.0
USERS
           152       1    0.1    23.7          916        9          0    0.0
SYSAUX
           288       3    1.5     3.8          179        2          0    0.0
SYSTEM
           181       2    0.4     1.1           27        0          0    0.0
          -------------------------------------------------------------
File IO Stats  DB/Inst: ORCL/orcl  Snaps:   13-  14
->Mx Rd Bkt: Max bucket time for single block read
->ordered by Tablespace, File

Tablespace               Filename
------------------------ ----------------------------------------------------
                        Av   Mx                                             Av
                 Av     Rd   Rd    Av                    Av        Buffer BufWt
         Reads Reads/s (ms)  Bkt Blks/Rd       Writes Writes/s      Waits  (ms)
-------------- ------- ----- --- ------- ------------ -------- ---------- ------
SYSAUX                   /usr/oracle/app/oradata/orcl/sysaux01.dbf
           288       3   1.5  32     3.8          179        2          0

SYSTEM                   /usr/oracle/app/oradata/orcl/system01.dbf
           181       2   0.4  32     1.1           27        0          0

UNDOTBS1                 /usr/oracle/app/oradata/orcl/undotbs01.dbf
             9       0   0.0   1     1.0        4,235       41          0

USERS                    /usr/oracle/app/oradata/orcl/users01.dbf
           152       1   0.1   1    23.7          916        9          0

          -------------------------------------------------------------
File Read Histogram Stats  DB/Inst: ORCL/orcl  Snaps:   13-  14
->Number of single block reads in each time range
->Tempfiles are not included
->ordered by Tablespace, File

Tablespace               Filename
------------------------ ----------------------------------------------------
    0 - 2 ms     2 - 4 ms    4 - 8 ms     8 - 16 ms   16 - 32 ms       32+ ms
------------ ------------ ------------ ------------ ------------ ------------
USERS                    /usr/oracle/app/oradata/orcl/users01.dbf
           4            0            0            0            0            0

SYSTEM                   /usr/oracle/app/oradata/orcl/system01.dbf
         166            0            0            2            2            0

UNDOTBS1                 /usr/oracle/app/oradata/orcl/undotbs01.dbf
           9            0            0            0            0            0

SYSAUX                   /usr/oracle/app/oradata/orcl/sysaux01.dbf
         168            0            3            2            1            0

          -------------------------------------------------------------
Instance Recovery Stats  DB/Inst: ORCL/orcl  Snaps:   13-  14
-> B: Begin snapshot,  E: End snapshot

  Targt Estd                                  Log File  Log Ckpt    Log Ckpt
  MTTR  MTTR   Recovery   Actual    Target      Size     Timeout    Interval
   (s)   (s)   Estd IOs  Redo Blks Redo Blks Redo Blks  Redo Blks  Redo Blks
- ----- ----- ---------- --------- --------- ---------- --------- ------------
B     0    16        353       169    165888     165888
E     0    35       5458    164076    165888     165888
          -------------------------------------------------------------
Memory Target Advice  DB/Inst: ORCL/orcl  Snaps:   13-  14
-> Advice Reset: if this is null, the data shown has been diffed between
   the Begin and End snapshots.  If this is 'Y', the advisor has been
   reset during this interval due to memory resize operations, and
   the data shown is since the reset operation.

                Memory Size     Est.     Advice
Memory Size (M)      Factor DB time (s)  Reset
--------------- ----------- ------------ ------
          1,056          .8           72
          1,408         1.0           71
          1,760         1.3           71
          2,112         1.5           71
          2,464         1.8           71
          2,816         2.0           71
          -------------------------------------------------------------

Memory Dynamic Components  DB/Inst: ORCL/orcl  Snaps:   13-  14
->  Op - memory resize Operation
->  Cache:    D: Default,  K: Keep,  R:  Recycle
->   Mode:  DEF: DEFerred mode,  IMM: IMMediate mode

                       Begin Snap End Snap   Op    Last Op
Cache                    Size (M) Size (M)  Count  Type/Mode   Last Op Time
---------------------- ---------- -------- ------- ---------- ---------------
D:buffer cache                464                0 INITIA/
PGA Target                    592                0 STATIC
SGA Target                    816                0 STATIC
java pool                      16                0 STATIC
large pool                     16                0 STATIC
shared pool                   304                0 STATIC
          -------------------------------------------------------------

Buffer Pool Advisory  DB/Inst: ORCL/orcl  End Snap:   14
-> Only rows with estimated physical reads >0 are displayed
-> ordered by Pool, Block Size, Buffers For Estimate

                                   Est
                                  Phys      Estimated                   Est
    Size for  Size      Buffers   Read     Phys Reads     Est Phys % dbtime
P    Est (M) Factr  (thousands)  Factr    (thousands)    Read Time  for Rds
--- -------- ----- ------------ ------ -------------- ------------ --------
D         32    .1            4    1.6             58          329     40.0
D         64    .1            8    1.2             45          207     25.2
D         96    .2           12    1.1             40          162     19.7
D        128    .3           16    1.0             39          149     18.1
D        160    .3           20    1.0             38          141     17.1
D        192    .4           24    1.0             37          137     16.6
D        224    .5           28    1.0             37          135     16.4
D        256    .6           32    1.0             37          135     16.4
D        288    .6           35    1.0             37          135     16.4
D        320    .7           39    1.0             37          135     16.4
D        352    .8           43    1.0             37          134     16.3
D        384    .8           47    1.0             37          133     16.2
D        416    .9           51    1.0             37          133     16.2
D        448   1.0           55    1.0             37          133     16.2
D        464   1.0           57    1.0             37          133     16.2
D        480   1.0           59    1.0             37          133     16.2
D        512   1.1           63    1.0             37          133     16.2
D        544   1.2           67    1.0             37          133     16.2
D        576   1.2           71    1.0             37          133     16.2
D        608   1.3           75    1.0             37          133     16.2
D        640   1.4           79    1.0             37          133     16.2
          -------------------------------------------------------------

Buffer Pool Statistics  DB/Inst: ORCL/orcl  Snaps:   13-  14
-> Standard block size Pools  D: default,  K: keep,  R: recycle
-> Default Pools for other block sizes: 2k, 4k, 8k, 16k, 32k
-> Buffers: the number of buffers.  Units of K, M, G are divided by 1000

                                                            Free Writ     Buffer
            Pool         Buffer     Physical    Physical  Buffer Comp       Busy
P   Buffers Hit%           Gets        Reads      Writes   Waits Wait      Waits
--- ------- ---- -------------- ------------ ----------- ------- ---- ----------
D       57K  100      2,847,938        4,815      15,501       0    0          0
          -------------------------------------------------------------
PGA Aggr Target Stats  DB/Inst: ORCL/orcl  Snaps:   13-  14
-> B: Begin snap   E: End snap (rows identified with B or E contain data
   which is absolute i.e. not diffed over the interval)
-> PGA cache hit % - percentage of W/A (WorkArea) data processed only in-memory
-> Auto PGA Target - actual workarea memory target
-> W/A PGA Used    - amount of memory used for all WorkAreas (manual + auto)
-> %PGA W/A Mem    - percentage of PGA memory allocated to WorkAreas
-> %Auto W/A Mem   - percentage of WorkArea memory controlled by Auto Mem Mgmt
-> %Man W/A Mem    - percentage of WorkArea memory under Manual control

PGA Cache Hit % W/A MB Processed Extra W/A MB Read/Written
--------------- ---------------- -------------------------
          100.0               22                         0

PGA Aggr Target Histogram  DB/Inst: ORCL/orcl  Snaps:   13-  14
-> Optimal Executions are purely in-memory operations

    Low    High
Optimal Optimal    Total Execs Optimal Execs 1-Pass Execs M-Pass Execs
------- ------- -------------- ------------- ------------ ------------
     2K      4K            197           197            0            0
    64K    128K              2             2            0            0
   128K    256K              2             2            0            0
   256K    512K              1             1            0            0
   512K   1024K             16            16            0            0
     4M      8M              2             2            0            0
          -------------------------------------------------------------

PGA Memory Advisory  DB/Inst: ORCL/orcl  End Snap:   14
-> When using Auto Memory Mgmt, minimally choose a pga_aggregate_target value
   where Estd PGA Overalloc Count is 0

                                   Estd Extra                Estd
  PGA Aggr                           W/A MB      Estd Time    PGA   Estd PGA
    Target   Size         W/A MB  Read/Written  to Process  Cache  Overalloc
  Est (MB)  Factr      Processed    to Disk      Bytes (s)  Hit %      Count
---------- ------ -------------- -------------- ---------- ------ ----------
        74    0.1            938             23        1.3   98.0          2
       148    0.3            938              9        1.2   99.0          0
       296    0.5            938              9        1.2   99.0          0
       444    0.8            938              9        1.2   99.0          0
       592    1.0            938              9        1.2   99.0          0
       710    1.2            938              0        1.2  100.0          0
       829    1.4            938              0        1.2  100.0          0
       947    1.6            938              0        1.2  100.0          0
     1,066    1.8            938              0        1.2  100.0          0
     1,184    2.0            938              0        1.2  100.0          0
     1,776    3.0            938              0        1.2  100.0          0
     2,368    4.0            938              0        1.2  100.0          0
     3,552    6.0            938              0        1.2  100.0          0
     4,736    8.0            938              0        1.2  100.0          0
          -------------------------------------------------------------
Process Memory Summary Stats  DB/Inst: ORCL/orcl  Snaps:   13-  14
-> B: Begin snap   E: End snap
-> All rows below contain absolute values (i.e. not diffed over the interval)
-> Max Alloc is Maximum PGA Allocation size at snapshot time
   Hist Max Alloc is the Historical Max Allocation for still-connected processes
-> Num Procs or Allocs:  For Begin/End snapshot lines, it is the number of
   processes. For Category lines, it is the number of allocations
-> ordered by Begin/End snapshot, Alloc (MB) desc

                                                                  Hist   Num
                                          Avg    Std Dev   Max    Max   Procs
             Alloc     Used    Freeabl   Alloc    Alloc   Alloc  Alloc    or
  Category   (MB)      (MB)      (MB)     (MB)    (MB)    (MB)    (MB)  Allocs
- -------- --------- --------- -------- -------- ------- ------- ------ ------
B --------      70.8      41.9     22.4      2.5     3.3      11     46     28
  Other         47.2                         1.7     2.3      11     13     28
  Freeable      22.4        .0               2.5     2.3       7             9
  PL/SQL          .8        .7                .0      .1       0      1     26
  SQL             .4        .2                .0      .0       0     31      9
E --------      67.1      40.0     21.6      2.6     3.3      12     46     26
  Other         44.5                         1.7     2.4      11     13     26
  Freeable      21.6        .0               2.7     2.2       6             8
  PL/SQL          .7        .7                .0      .1       0      1     24
  SQL             .3        .2                .0      .0       0     31      9
          -------------------------------------------------------------

Top Process Memory (by component)  DB/Inst: ORCL/orcl  Snaps:   13-  14
-> ordered by Begin/End snapshot, Alloc (MB) desc

                        Alloc   Used   Freeabl     Max      Hist Max
     PId Category       (MB)    (MB)     (MB)   Alloc (MB) Alloc (MB)
- ------ ------------- ------- ------- -------- ---------- ----------
B     11 LGWR --------    11.5    10.8       .0       11.5       11.5
         Other            11.5                        11.5       11.5
         PL/SQL             .0      .0                  .0         .0
      10 DBW0 --------    11.0     7.3      3.3       11.0       11.0
         Other             7.6                         7.6        7.6
         Freeable          3.3      .0                 3.3
         PL/SQL             .0      .0                  .0         .0
      29 TNS V1-V3 ---    10.2     2.0      7.2       10.2       10.2
         Freeable          7.2      .0                 7.2
         Other             2.7                         2.7        2.7
         PL/SQL             .2      .2                  .2         .2
         SQL                .2      .1                  .2        7.0
      25 CJQ0 --------     5.9     1.2      4.6        5.9        5.9
         Freeable          4.6      .0                 4.6
         Other             1.3                         1.3        1.3
         PL/SQL             .0      .0                  .0         .0
         SQL                .0      .0                  .0        2.0
      13 SMON --------     5.1     1.2      2.9        5.1        5.1
         Freeable          2.9      .0                 2.9
         Other             2.2                         2.2        2.2
         PL/SQL             .0      .0                  .0         .0
         SQL                .0      .0                  .0        2.1
      15 MMON --------     4.1     1.8      2.1        4.1        4.1
         Freeable          2.1      .0                 2.1
         Other             1.9                         1.9        1.9
         PL/SQL             .1      .1                  .1         .1
         SQL                .0      .0                  .0        1.1
      19  ------------     3.3     1.9      1.0        3.3       45.6
         Other             2.0                         2.0       12.6
         Freeable          1.0      .0                 1.0
         PL/SQL             .2      .2                  .2         .7
         SQL                .1      .0                  .1       31.3
      24 J000 --------     1.7      .6       .9        1.7        2.3
         Freeable           .9      .0                  .9
         Other              .8                          .8         .8
         PL/SQL             .0      .0                  .0         .8
         SQL                .0      .0                  .0        1.4
      21 Q000 --------     1.6     1.2       .4        1.6        1.6
         Other             1.0                         1.0        1.0
         Freeable           .4      .0                  .4
         PL/SQL             .2      .2                  .2         .2
         SQL                .0      .0                  .0         .2
       8 DIA0 --------     1.4     1.1       .1        1.4        1.4
         Other             1.3                         1.3        1.3
         Freeable           .1      .0                  .1
         PL/SQL             .0      .0                  .0         .0
      17 D000 --------     1.3     1.1       .0        1.3        1.3
         Other             1.3                         1.3        1.3
       6 DBRM --------     1.1      .7       .0        1.1        1.1
         Other             1.1                         1.1        1.1
         PL/SQL             .0      .0                  .0         .0
         SQL                .0      .0                  .0         .1
      12 CKPT --------     1.0      .7       .0        1.0        1.0

Top Process Memory (by component)  DB/Inst: ORCL/orcl  Snaps:   13-  14
-> ordered by Begin/End snapshot, Alloc (MB) desc

                        Alloc   Used   Freeabl     Max      Hist Max
     PId Category       (MB)    (MB)     (MB)   Alloc (MB) Alloc (MB)
- ------ ------------- ------- ------- -------- ---------- ----------
B     12 Other             1.0                         1.0        1.0
         PL/SQL             .0      .0                  .0         .0
E     10 DBW0 --------    11.9     7.3      4.3       11.9       11.9
         Other             7.6                         7.6        7.6
         Freeable          4.3      .0                 4.3
         PL/SQL             .0      .0                  .0         .0
      11 LGWR --------    11.5    10.8       .0       11.5       11.5
         Other            11.5                        11.5       11.5
         PL/SQL             .0      .0                  .0         .0
      24 TNS V1-V3 ---     8.1     1.4      6.4        8.1        8.1
         Freeable          6.4      .0                 6.4
         Other             1.5                         1.5        1.5
         PL/SQL             .2      .2                  .2         .2
         SQL                .1      .1                  .1        6.3
      25 CJQ0 --------     5.9     1.2      4.6        5.9        5.9
         Freeable          4.6      .0                 4.6
         Other             1.3                         1.3        1.3
         PL/SQL             .0      .0                  .0         .0
         SQL                .0      .0                  .0        2.0
      13 SMON --------     5.1     1.2      2.9        5.1        5.1
         Freeable          2.9      .0                 2.9
         Other             2.2                         2.2        2.2
         PL/SQL             .0      .0                  .0         .0
         SQL                .0      .0                  .0        2.1
      15 MMON --------     4.1     1.8      2.1        4.1        4.1
         Freeable          2.1      .0                 2.1
         Other             1.9                         1.9        1.9
         PL/SQL             .1      .1                  .1         .1
         SQL                .0      .0                  .0        1.1
      19  ------------     3.3     1.9      1.0        3.3       45.6
         Other             2.0                         2.0       12.6
         Freeable          1.0      .0                 1.0
         PL/SQL             .2      .2                  .2         .7
         SQL                .1      .0                  .1       31.3
      21 Q000 --------     1.6     1.2       .4        1.6        1.6
         Other             1.0                         1.0        1.0
         Freeable           .4      .0                  .4
         PL/SQL             .2      .2                  .2         .2
         SQL                .0      .0                  .0         .2
       8 DIA0 --------     1.4     1.1       .1        1.4        1.4
         Other             1.3                         1.3        1.3
         Freeable           .1      .0                  .1
         PL/SQL             .0      .0                  .0         .0
      17 D000 --------     1.3     1.1       .0        1.3        1.3
         Other             1.3                         1.3        1.3
       6 DBRM --------     1.1      .7       .0        1.1        1.1
         Other             1.1                         1.1        1.1
         PL/SQL             .0      .0                  .0         .0
         SQL                .0      .0                  .0         .1
      12 CKPT --------     1.0      .7       .0        1.0        1.0
         Other             1.0                         1.0        1.0
         PL/SQL             .0      .0                  .0         .0

Top Process Memory (by component)  DB/Inst: ORCL/orcl  Snaps:   13-  14
-> ordered by Begin/End snapshot, Alloc (MB) desc

                        Alloc   Used   Freeabl     Max      Hist Max
     PId Category       (MB)    (MB)     (MB)   Alloc (MB) Alloc (MB)
- ------ ------------- ------- ------- -------- ---------- ----------
          -------------------------------------------------------------
Enqueue activity  DB/Inst: ORCL/orcl  Snaps:   13-  14
-> only enqueues with waits are shown
-> Enqueue stats gathered prior to 10g should not be compared with 10g data
-> ordered by Wait Time desc, Waits desc

Enqueue Type (Request Reason)
------------------------------------------------------------------------------
    Requests    Succ Gets Failed Gets       Waits Wt Time (s)  Av Wt Time(ms)
------------ ------------ ----------- ----------- ------------ --------------
CF-Controlfile Transaction
         142          141           1           7            1          71.43
          -------------------------------------------------------------

Latch Activity  DB/Inst: ORCL/orcl  Snaps:   13-  14
->"Get Requests", "Pct Get Miss" and "Avg Slps/Miss" are statistics for
  willing-to-wait latch get requests
->"NoWait Requests", "Pct NoWait Miss" are for no-wait latch get requests
->"Pct Misses" for both should be very close to 0.0

                                           Pct    Avg   Wait                 Pct
                              Get          Get   Slps   Time       NoWait NoWait
Latch                       Requests      Miss  /Miss    (s)     Requests   Miss
------------------------ -------------- ------ ------ ------ ------------ ------
AQ deq hash table latch               1    0.0             0            0
ASM db client latch                 201    0.0             0            0
ASM map operation hash t              1    0.0             0            0
ASM network state latch               8    0.0             0            0
Change Notification Hash             34    0.0             0            0
Consistent RBA                      312    0.0             0            0
DML lock allocation                 200    0.0             0            0
Event Group Locks                     5    0.0             0            0
FOB s.o list latch                   17    0.0             0            0
File State Object Pool P              1    0.0             0            0
IPC stats buffer allocat              1    0.0             0            0
In memory undo latch                  1    0.0             0            0
JS Sh mem access                      1    0.0             0            0
JS queue access latch                 1    0.0             0            0
JS queue state obj latch            720    0.0             0            0
KFC FX Hash Latch                     1    0.0             0            0
KFC Hash Latch                        1    0.0             0            0
KFCL LE Freelist                      1    0.0             0            0
KGNFS-NFS:SHM structure               1    0.0             0            0
KGNFS-NFS:SVR LIST                    1    0.0             0            0
KJC message pool free li              1    0.0             0            0
KJCT flow control latch               1    0.0             0            0
KMG MMAN ready and start             34    0.0             0            0
KTF sga latch                         0                    0           31    0.0
KWQP Prop Status                      1    0.0             0            0
Locator state objects po              1    0.0             0            0
Lsod array latch                      1    0.0             0            0
MQL Tracking Latch                    0                    0            3    0.0
Memory Management Latch               1    0.0             0           34    0.0
Memory Queue                          1    0.0             0            0
Memory Queue Message Sub              1    0.0             0            0
Memory Queue Message Sub              1    0.0             0            0
Memory Queue Message Sub              1    0.0             0            0
Memory Queue Message Sub              1    0.0             0            0
Memory Queue Subscriber               1    0.0             0            0
MinActiveScn Latch                    1    0.0             0            0
Mutex                                 1    0.0             0            0
Mutex Stats                           1    0.0             0            0
OS process                           37    0.0             0            0
OS process allocation                56    0.0             0            0
OS process: request allo             10    0.0             0            0
PL/SQL warning settings              13    0.0             0            0
PX hash array latch                   1    0.0             0            0
QMT                                   1    0.0             0            0
Real-time plan statistic             11    0.0             0            0
SGA IO buffer pool latch            107    0.0             0          154    0.0
SGA blob parent                       1    0.0             0            0
SGA bucket locks                      1    0.0             0            0
SGA heap locks                        1    0.0             0            0
SGA pool locks                        1    0.0             0            0
Latch Activity  DB/Inst: ORCL/orcl  Snaps:   13-  14
->"Get Requests", "Pct Get Miss" and "Avg Slps/Miss" are statistics for
  willing-to-wait latch get requests
->"NoWait Requests", "Pct NoWait Miss" are for no-wait latch get requests
->"Pct Misses" for both should be very close to 0.0

                                           Pct    Avg   Wait                 Pct
                              Get          Get   Slps   Time       NoWait NoWait
Latch                       Requests      Miss  /Miss    (s)     Requests   Miss
------------------------ -------------- ------ ------ ------ ------------ ------
SQL memory manager latch              5    0.0             0           33    0.0
SQL memory manager worka          2,379    0.0             0            0
Shared B-Tree                         7    0.0             0            0
Streams Generic                       1    0.0             0            0
Testing                               1    0.0             0            0
Token Manager                         1    0.0             0            0
Undo Hint Latch                       0                    0            3    0.0
WCR: sync                             1    0.0             0            0
Write State Object Pool               1    0.0             0            0
XDB NFS Security Latch                1    0.0             0            0
XDB unused session pool               1    0.0             0            0
XDB used session pool                 1    0.0             0            0
active checkpoint queue             133    0.0             0            0
active service list                 225    0.0             0          263    0.0
buffer pool                           1    0.0             0            0
business card                         1    0.0             0            0
cache buffer handles                126    0.0             0            0
cache buffers chains         10,114,031    0.0    0.0      0       48,368    0.0
cache buffers lru chain       1,016,229    0.0    0.0      0      523,944    0.0
cache table scan latch              129    0.0             0          129    0.0
call allocation                     345    0.0             0            0
cas latch                             1    0.0             0            0
change notification clie              1    0.0             0            0
channel handle pool latc             11    0.0             0            0
channel operations paren          1,360    0.0             0            0
checkpoint queue latch          517,352    0.0    0.1      0       23,166    0.0
client/application info              39    0.0             0            0
compile environment latc              5    0.0             0            0
cp cmon/server latch                  1    0.0             0            0
cp pool latch                         1    0.0             0            0
cp server hash latch                  1    0.0             0            0
cp sga latch                          8    0.0             0            0
cvmap freelist lock                   1    0.0             0            0
deferred cleanup latch                8    0.0             0            0
dml lock allocation                   8    0.0             0            0
done queue latch                      1    0.0             0            0
dummy allocation                     13    0.0             0            0
enqueue hash chains               3,553    0.0             0            0
enqueues                          3,004    0.0             0            0
fifth spare latch                     1    0.0             0            0
file cache latch                    143    0.0             0            0
flashback copy                        1    0.0             0            0
gc element                            1    0.0             0            0
gcs commit scn state                  1    0.0             0            0
gcs partitioned table ha              1    0.0             0            0
gcs pcm hashed value buc              1    0.0             0            0
gcs resource freelist                 1    0.0             0            0
gcs resource hash                     1    0.0             0            0
gcs resource scan list                1    0.0             0            0
gcs shadows freelist                  1    0.0             0            0
Latch Activity  DB/Inst: ORCL/orcl  Snaps:   13-  14
->"Get Requests", "Pct Get Miss" and "Avg Slps/Miss" are statistics for
  willing-to-wait latch get requests
->"NoWait Requests", "Pct NoWait Miss" are for no-wait latch get requests
->"Pct Misses" for both should be very close to 0.0

                                           Pct    Avg   Wait                 Pct
                              Get          Get   Slps   Time       NoWait NoWait
Latch                       Requests      Miss  /Miss    (s)     Requests   Miss
------------------------ -------------- ------ ------ ------ ------------ ------
ges domain table                      1    0.0             0            0
ges enqueue table freeli              1    0.0             0            0
ges group table                       1    0.0             0            0
ges process hash list                 1    0.0             0            0
ges process parent latch              1    0.0             0            0
ges resource hash list                1    0.0             0            0
ges resource scan list                1    0.0             0            0
ges resource table freel              1    0.0             0            0
ges value block free lis              1    0.0             0            0
global KZLD latch for me              1    0.0             0            0
global tx hash mapping                1    0.0             0            0
granule operation                     1    0.0             0            0
hash table column usage               0                    0        6,723    0.0
hash table modification              25    0.0             0            0
heartbeat check                       1    0.0             0            0
intra txn parallel recov              1    0.0             0            0
io pool granule metadata              1    0.0             0            0
job workq parent latch                2    0.0             0            1    0.0
job_queue_processes free              2    0.0             0            0
job_queue_processes para             23    0.0             0            0
k2q lock allocation                   1    0.0             0            0
kcbtsemkid latch                      7    0.0             0            0
kdlx hb parent latch                  1    0.0             0            0
kgb parent                            1    0.0             0            0
kks stats                           122    0.0             0            0
kokc descriptor allocati              4    0.0             0            0
ksfv messages                         1    0.0             0            0
kss move lock                         3    0.0             0            0
ksuosstats global area                9    0.0             0            0
ksv allocation latch                 12    0.0             0            0
ksv class latch                       5    0.0             0            0
ksv msg queue latch                   1    0.0             0            0
ksz_so allocation latch              10    0.0             0            0
ktm global data                       1    0.0             0            0
kwqbsn:qsga                           6    0.0             0            0
lgwr LWN SCN                        311    0.0             0            0
list of block allocation            372    0.0             0            0
lob segment dispenser la              1    0.0             0            0
lob segment hash table l              3    0.0             0            0
lob segment query latch               1    0.0             0            0
lock DBA buffer during m              1    0.0             0            0
logical standby cache                 1    0.0             0            0
logminer context allocat              1    0.0             0            0
logminer work area                    1    0.0             0            0
longop free list parent               1    0.0             0            0
mapped buffers lru chain              1    0.0             0            0
message pool operations             196    0.0             0            0
messages                          2,511    0.0             0            0
mostly latch-free SCN               311    0.0             0            0
msg queue latch                       1    0.0             0            0
Latch Activity  DB/Inst: ORCL/orcl  Snaps:   13-  14
->"Get Requests", "Pct Get Miss" and "Avg Slps/Miss" are statistics for
  willing-to-wait latch get requests
->"NoWait Requests", "Pct NoWait Miss" are for no-wait latch get requests
->"Pct Misses" for both should be very close to 0.0

                                           Pct    Avg   Wait                 Pct
                              Get          Get   Slps   Time       NoWait NoWait
Latch                       Requests      Miss  /Miss    (s)     Requests   Miss
------------------------ -------------- ------ ------ ------ ------------ ------
multiblock read objects             434    0.0             0            0
name-service namespace b              1    0.0             0            0
ncodef allocation latch               8    0.0             0            0
object queue header heap            309    0.0             0           15    0.0
object queue header oper        575,892    0.0    0.0      0            0
object stats modificatio            185    0.0             0            0
parallel query alloc buf             13    0.0             0            0
parallel query stats                  1    0.0             0            0
parameter list                       12    0.0             0            0
parameter table manageme             12    0.0             0            0
peshm                                 1    0.0             0            0
pesom_free_list                       1    0.0             0            0
pesom_hash_node                       1    0.0             0            0
post/wait queue                      78    0.0             0           63    0.0
process allocation                   13    0.0             0            4    0.0
process group creation               10    0.0             0            0
process queue                         1    0.0             0            0
process queue reference               1    0.0             0            0
qmn task queue latch                 12    0.0             0            0
query server freelists                1    0.0             0            0
queuing load statistics               1    0.0             0            0
recovery domain hash lis              1    0.0             0            0
redo allocation                   1,755    0.0             0    1,001,674    0.0
redo copy                             1    0.0             0    1,001,681    0.0
redo writing                      1,169    0.0             0            0
resmgr group change latc              8    0.0             0            0
resmgr:active threads                33    0.0             0           20    0.0
resmgr:actses change gro              4    0.0             0            0
resmgr:actses change sta              1    0.0             0            0
resmgr:free threads list             12    0.0             0            0
resmgr:plan CPU method                1    0.0             0            0
resmgr:resource group CP              1    0.0             0            0
resmgr:schema config                 21    0.0             0            2    0.0
resmgr:session queuing                1    0.0             0            0
rm cas latch                          1    0.0             0            0
row cache objects                21,807    0.0             0            0
rules engine rule set st            100    0.0             0            0
second spare latch                    1    0.0             0            0
sequence cache                        9    0.0             0            0
session allocation                  292    0.0             0           95    0.0
session idle bit                    168    0.0             0            0
session queue latch                   1    0.0             0            0
session state list latch             12    0.0             0            0
session switching                    39    0.0             0            0
session timer                        43    0.0             0            0
shared pool                     508,624    0.0    0.1      0            0
shared pool sim alloc                16    0.0             0            0
shared pool simulator               673    0.0             0            0
sim partition latch                   1    0.0             0            0
simulator hash latch            194,869    0.0    0.0      0            0
Latch Activity  DB/Inst: ORCL/orcl  Snaps:   13-  14
->"Get Requests", "Pct Get Miss" and "Avg Slps/Miss" are statistics for
  willing-to-wait latch get requests
->"NoWait Requests", "Pct NoWait Miss" are for no-wait latch get requests
->"Pct Misses" for both should be very close to 0.0

                                           Pct    Avg   Wait                 Pct
                              Get          Get   Slps   Time       NoWait NoWait
Latch                       Requests      Miss  /Miss    (s)     Requests   Miss
------------------------ -------------- ------ ------ ------ ------------ ------
simulator lru latch              15,166    0.1    0.0      0      177,133    0.0
sort extent pool                      9    0.0             0            0
space background state o              2    0.0             0            0
space background task la             81    0.0             0           68    0.0
tablespace key chain                  3    0.0             0            0
test excl. parent l0                  1    0.0             0            0
test excl. parent2 l0                 1    0.0             0            0
third spare latch                     1    0.0             0            0
threshold alerts latch                2    0.0             0            0
transaction allocation               10    0.0             0            0
undo global data                 36,566    0.0             0            0
virtual circuit buffers               1    0.0             0            0
virtual circuit holder                1    0.0             0            0
virtual circuit queues                1    0.0             0            0
          -------------------------------------------------------------
Latch Sleep breakdown  DB/Inst: ORCL/orcl  Snaps:   13-  14
-> ordered by misses desc

                                       Get                                 Spin
Latch Name                        Requests       Misses      Sleeps        Gets
-------------------------- --------------- ------------ ----------- -----------
cache buffers lru chain          1,016,229           65           1          64
checkpoint queue latch             517,352           21           3          18
shared pool                        508,624           16           2          15
          -------------------------------------------------------------
Latch Miss Sources  DB/Inst: ORCL/orcl  Snaps:   13-  14
-> only latches with sleeps are shown
-> ordered by name, sleeps desc

                                                     NoWait              Waiter
Latch Name               Where                       Misses     Sleeps   Sleeps
------------------------ -------------------------- ------- ---------- --------
cache buffers lru chain  kcbbxsv: move to being wri       0          1        0
checkpoint queue latch   kcbbwthc: thread checkpoin       0          3        0
shared pool              kghalo                           0          2        0
          -------------------------------------------------------------
Dictionary Cache Stats  DB/Inst: ORCL/orcl  Snaps:   13-  14
->"Pct Misses"  should be very low (< 2% in most cases)
->"Final Usage" is the number of cache entries being used in End Snapshot

                                   Get    Pct    Scan   Pct      Mod      Final
Cache                         Requests   Miss    Reqs  Miss     Reqs      Usage
------------------------- ------------ ------ ------- ----- -------- ----------
dc_awr_control                       2    0.0       0              0          1
dc_global_oids                       6    0.0       0              0         64
dc_histogram_data                  319    1.3       0              0      3,004
dc_histogram_defs                1,846   13.5       0              0      5,234
dc_object_grants                     8    0.0       0              0        327
dc_objects                       1,035   12.5       0              1      2,598
dc_profiles                          2    0.0       0              0          1
dc_rollback_segments               196    0.0       0              0         14
dc_segments                        352    1.4       0              0        911
dc_tablespaces                   1,967    0.0       0              0          6
dc_users                         2,168    0.0       0              0        152
global database name                71    0.0       0              0          1
          -------------------------------------------------------------


Library Cache Activity  DB/Inst: ORCL/orcl  Snaps:   13-  14
->"Pct Misses"  should be very low

                         Get  Pct        Pin        Pct               Invali-
Namespace           Requests  Miss     Requests     Miss     Reloads  dations
--------------- ------------ ------ -------------- ------ ---------- --------
BODY                      28    0.0             50    0.0          0        0
DBLINK                     2    0.0              0                 0        0
EDITION                    2    0.0              4    0.0          0        0
QUEUE                      2    0.0              3    0.0          0        0
SCHEMA                   333    0.0              0                 0        0
SQL AREA                 237   57.4        502,435    0.0          6        1
TABLE/PROCEDURE          890   13.0          1,442   29.5          4        0
TRIGGER                    6    0.0              6    0.0          0        0
          -------------------------------------------------------------
Rule Sets  DB/Inst: ORCL/orcl  Snaps:   13-  14
-> * indicates Rule Set activity (re)started between Begin/End snaps
-> Top 25 ordered by Evaluations desc

                                                               No-SQL  SQL
Rule                                *     Eval/sec Reloads/sec Eval % Eval %
----------------------------------- - ------------ ----------- ------ ------
SYS.ALERT_QUE_R                                  0           0      0      0
          -------------------------------------------------------------
Shared Pool Advisory  DB/Inst: ORCL/orcl  End Snap:   14
-> SP: Shared Pool     Est LC: Estimated Library Cache   Factr: Factor
-> Note there is often a 1:Many correlation between a single logical object
   in the Library Cache, and the physical number of memory objects associated
   with it.  Therefore comparing the number of Lib Cache objects (e.g. in
   v$librarycache), with the number of Lib Cache Memory Objects is invalid

                                        Est LC Est LC  Est LC Est LC
    Shared    SP   Est LC                 Time   Time    Load   Load      Est LC
      Pool  Size     Size       Est LC   Saved  Saved    Time   Time         Mem
  Size (M) Factr      (M)      Mem Obj     (s)  Factr     (s)  Factr    Obj Hits
---------- ----- -------- ------------ ------- ------ ------- ------ -----------
       144    .5       13        1,228  19,246    1.0     322    1.2     441,431
       176    .6       45        3,524  19,253    1.0     315    1.2   1,078,803
       208    .7       77        4,887  19,268    1.0     300    1.1   1,079,467
       240    .8      109        6,345  19,284    1.0     284    1.0   1,079,816
       272    .9      134        7,557  19,295    1.0     273    1.0   1,080,086
       304   1.0      144        8,097  19,295    1.0     273    1.0   1,080,091
       336   1.1      144        8,097  19,295    1.0     273    1.0   1,080,091
       368   1.2      144        8,097  19,295    1.0     273    1.0   1,080,091
       400   1.3      144        8,097  19,295    1.0     273    1.0   1,080,091
       432   1.4      144        8,097  19,295    1.0     273    1.0   1,080,091
       464   1.5      144        8,097  19,295    1.0     273    1.0   1,080,091
       496   1.6      144        8,097  19,295    1.0     273    1.0   1,080,091
       528   1.7      144        8,097  19,295    1.0     273    1.0   1,080,091
       560   1.8      144        8,097  19,295    1.0     273    1.0   1,080,091
       592   1.9      144        8,097  19,295    1.0     273    1.0   1,080,091
       624   2.1      144        8,097  19,295    1.0     273    1.0   1,080,091
          -------------------------------------------------------------
SGA Target Advisory  DB/Inst: ORCL/orcl  End Snap:   14

SGA Target SGA Size   Est DB      Est DB   Est Physical
  Size (M)   Factor Time (s) Time Factor          Reads
---------- -------- -------- ----------- --------------
       408       .5      869         1.1         37,174
       612       .8      825         1.0         36,906
       816      1.0      823         1.0         36,719
     1,020      1.3      823         1.0         36,712
     1,224      1.5      823         1.0         36,712
     1,428      1.8      823         1.0         36,712
     1,632      2.0      823         1.0         36,712
          -------------------------------------------------------------
SGA Memory Summary  DB/Inst: ORCL/orcl  Snaps:   13-  14

                                                        End Size (Bytes)
SGA regions                      Begin Size (Bytes)       (if different)
------------------------------ -------------------- --------------------
Database Buffers                        486,539,264
Fixed Size                                2,213,456
Redo Buffers                              7,958,528
Variable Size                           973,081,008
                               -------------------- --------------------
sum                                   1,469,792,256
          -------------------------------------------------------------


SGA breakdown difference  DB/Inst: ORCL/orcl  Snaps:   13-  14
-> Top 35 rows by size, ordered by Pool, Name (note rows with null values for
   Pool column, or Names showing free memory are always shown)
-> Null value for Begin MB or End MB indicates the size of that Pool/Name was
   insignificant, or zero in that snapshot

Pool   Name                                 Begin MB         End MB  % Diff
------ ------------------------------ -------------- -------------- --------
java p free memory                              16.0           16.0     0.00
large  PX msg pool                                .5             .5     0.00
large  free memory                              15.5           15.5     0.00
shared ASH buffers                               4.0            4.0     0.00
shared CCUR                                     14.4           14.9     3.58
shared FileOpenBlock                             9.8            9.8     0.00
shared KCB Table Scan Buffer                     4.0            4.0     0.00
shared KGLH0                                     7.4            8.0     8.28
shared KGLHD                                     9.1            9.2     1.39
shared KGLS                                     13.8           14.6     5.83
shared KGLSG                                     5.0            5.0     0.00
shared KQR M PO                                                 3.1 ########
shared KSFD SGA I/O b                            4.0            4.0     0.00
shared PCUR                                     12.1           12.4     2.17
shared PLDIA                                     4.5            4.5     0.60
shared PLMCD                                     8.8            8.8     0.00
shared SQLA                                     79.9           82.5     3.27
shared dbwriter coalesce buffer                  4.0            4.0     0.00
shared free memory                              52.9           47.6   -10.08
shared kglsim hash table bkts                    4.0            4.0     0.00
shared private strands                           3.5            3.5     0.00
shared row cache                                 7.2            7.2     0.00
       buffer_cache                            464.0          464.0     0.00
       fixed_sga                                 2.1            2.1     0.00
       log_buffer                                7.6            7.6     0.00
          -------------------------------------------------------------
SQL Memory Statistics  DB/Inst: ORCL/orcl  Snaps:   13-  14

                                   Begin            End         % Diff
                          -------------- -------------- --------------
   Avg Cursor Size (KB):           32.98          32.98            .02
 Cursor to Parent ratio:            1.05           1.05           -.01
          Total Cursors:           2,951          2,958            .24
          Total Parents:           2,798          2,805            .25
          -------------------------------------------------------------
init.ora Parameters  DB/Inst: ORCL/orcl  Snaps:   13-  14

                                                                  End value
Parameter Name                Begin value                       (if different)
----------------------------- --------------------------------- --------------
audit_file_dest               /usr/oracle/app/admin/orcl/adump
audit_trail                   DB
compatible                    11.2.0.0.0
control_files                 /usr/oracle/app/oradata/orcl/cont
                              rol01.ctl, /usr/oracle/app/flash_
                              recovery_area/orcl/control02.ctl
db_block_size                 8192
db_domain                     kagamihogex61
db_name                       orcl
db_recovery_file_dest         /usr/oracle/app/flash_recovery_ar
                              ea
db_recovery_file_dest_size    5218762752
diagnostic_dest               /usr/oracle/app
dispatchers                   (PROTOCOL=TCP) (SERVICE=orclXDB)
local_listener
memory_max_target             1476395008
memory_target                 1476395008
nls_language                  JAPANESE
nls_territory                 JAPAN
open_cursors                  300
processes                     150
remote_login_passwordfile     EXCLUSIVE
undo_tablespace               UNDOTBS1
          -------------------------------------------------------------

End of Report (   sp_13_14.lst )

