
STATSPACK report for

Database    DB Id    Instance     Inst Num  Startup Time   Release     RAC
~~~~~~~~ ----------- ------------ -------- --------------- ----------- ---
          1383992479 orcl                1 15-1月 -15 15:3 11.2.0.1.0  NO
                                           4

Host Name             Platform                CPUs Cores Sockets   Memory (G)
~~~~ ---------------- ---------------------- ----- ----- ------- ------------
     kagamihogex61    Linux x86 64-bit           2     2       1          1.8

Snapshot       Snap Id     Snap Time      Sessions Curs/Sess Comment
~~~~~~~~    ---------- ------------------ -------- --------- ------------------
Begin Snap:          9 15-1月 -15 17:02:46      25       1.8
  End Snap:         10 15-1月 -15 17:04:33      25       1.8
   Elapsed:       1.78 (mins) Av Act Sess:       0.8
   DB time:       1.39 (mins)      DB CPU:       1.25 (mins)

Cache Sizes            Begin        End
~~~~~~~~~~~       ---------- ----------
    Buffer Cache:       464M              Std Block Size:         8K
     Shared Pool:       304M                  Log Buffer:     7,432K

Load Profile              Per Second    Per Transaction    Per Exec    Per Call
~~~~~~~~~~~~      ------------------  ----------------- ----------- -----------
      DB time(s):                0.8               10.4        0.00        2.03
       DB CPU(s):                0.7                9.4        0.00        1.82
       Redo size:        2,907,828.8       38,892,210.5
   Logical reads:           11,615.4          155,355.6
   Block changes:           18,935.6          253,263.8
  Physical reads:               37.8              506.0
 Physical writes:              143.3            1,916.9
      User calls:                0.4                5.1
          Parses:               13.4              179.5
     Hard parses:                0.1                0.6
W/A MB processed:                0.2                2.7
          Logons:                0.1                0.9
        Executes:            9,364.1          125,244.1
       Rollbacks:                0.0                0.0
    Transactions:                0.1

Instance Efficiency Indicators
~~~~~~~~~~~~~~~~~~~~~~~~~~~~~~
            Buffer Nowait %:  100.00       Redo NoWait %:   99.99
            Buffer  Hit   %:   99.67  Optimal W/A Exec %:  100.00
            Library Hit   %:  100.00        Soft Parse %:   99.65
         Execute to Parse %:   99.86         Latch Hit %:  100.00
Parse CPU to Parse Elapsd %:    7.14     % Non-Parse CPU:   99.92

 Shared Pool Statistics        Begin   End
                               ------  ------
             Memory Usage %:   75.12   75.14
    % SQL with executions>1:   66.52   66.50
  % Memory for SQL w/exec>1:   67.69   67.69

Top 5 Timed Events                                                    Avg %Total
~~~~~~~~~~~~~~~~~~                                                   wait   Call
Event                                            Waits    Time (s)   (ms)   Time
----------------------------------------- ------------ ----------- ------ ------
CPU time                                                        75          63.0
log file parallel write                            646          21     33   17.8
db file async I/O submit                            40          10    251    8.4
log file switch (checkpoint incomplete)              6           5    812    4.1
control file parallel write                        147           3     24    2.9
          -------------------------------------------------------------
Host CPU  (CPUs: 2  Cores: 2  Sockets: 1)
~~~~~~~~              Load Average
                      Begin     End      User  System    Idle     WIO     WCPU
                    ------- -------   ------- ------- ------- ------- --------
                       0.85    0.95     32.22    3.95   63.77    3.62

Instance CPU
~~~~~~~~~~~~                                       % Time (seconds)
                                            -------- --------------
                     Host: Total time (s):                    213.2
                  Host: Busy CPU time (s):                     77.2
                   % of time Host is Busy:      36.2
             Instance: Total CPU time (s):                     76.6
          % of Busy CPU used for Instance:      99.2
        Instance: Total Database time (s):                    119.5
  %DB time waiting for CPU (Resource Mgr):       0.0

Memory Statistics                       Begin          End
~~~~~~~~~~~~~~~~~                ------------ ------------
                  Host Mem (MB):      1,836.0      1,836.0
                   SGA use (MB):      1,401.7      1,401.7
                   PGA use (MB):         96.6         96.6
    % Host Mem used for SGA+PGA:         81.6         81.6
          -------------------------------------------------------------

Time Model System Stats  DB/Inst: ORCL/orcl  Snaps:   9-  10
-> Ordered by % of DB time desc, Statistic name

Statistic                                       Time (s) % DB time
----------------------------------- -------------------- ---------
sql execute elapsed time                            83.0      99.6
DB CPU                                              74.8      89.8
PL/SQL execution elapsed time                        6.1       7.3
parse time elapsed                                   0.8       1.0
hard parse elapsed time                              0.8       1.0
PL/SQL compilation elapsed time                      0.8        .9
connection management call elapsed                   0.0        .0
repeated bind elapsed time                           0.0        .0
DB time                                             83.3
background elapsed time                             36.2
background cpu time                                  1.8
          -------------------------------------------------------------
Foreground Wait Events  DB/Inst: ORCL/orcl  Snaps:   9-  10
-> Only events with Total Wait Time (s) >= .001 are shown
-> ordered by Total Wait Time desc, Waits desc (idle events last)

                                                             Avg          %Total
                                          %Tim Total Wait   wait    Waits   Call
Event                               Waits  out   Time (s)   (ms)     /txn   Time
---------------------------- ------------ ---- ---------- ------ -------- ------
log file switch (checkpoint             6    0          5    812      0.8    4.1
log buffer space                        6    0          1    201      0.8    1.0
log file switch completion              8    0          1    139      1.0     .9
db file sequential read               355    0          0      1     44.4     .4
log file sync                           6    0          0     45      0.8     .2
undo segment extension                  5  100          0     31      0.6     .1
db file scattered read                137    0          0      0     17.1     .0
control file sequential read          268    0          0      0     33.5     .0
jobq slave wait                       188  100         94    501     23.5
SQL*Net message from client            14    0         15   1055      1.8
          -------------------------------------------------------------

Background Wait Events  DB/Inst: ORCL/orcl  Snaps:   9-  10
-> Only events with Total Wait Time (s) >= .001 are shown
-> ordered by Total Wait Time desc, Waits desc (idle events last)

                                                             Avg          %Total
                                          %Tim Total Wait   wait    Waits   Call
Event                               Waits  out   Time (s)   (ms)     /txn   Time
---------------------------- ------------ ---- ---------- ------ -------- ------
log file parallel write               646    0         21     33     80.8   17.8
db file async I/O submit               40    0         10    251      5.0    8.4
control file parallel write           147    0          3     24     18.4    2.9
enq: CF - contention                    6    0          0     67      0.8     .3
db file single write                   20    0          0     10      2.5     .2
log file single write                  14    0          0     14      1.8     .2
db file sequential read                71    0          0      2      8.9     .1
os thread startup                       4    0          0     32      0.5     .1
reliable message                      197    0          0      0     24.6     .0
rdbms ipc reply                       199    0          0      0     24.9     .0
control file sequential read          584    0          0      0     73.0     .0
rdbms ipc message                   1,212   36      1,147    946    151.5
DIAG idle wait                        213  100        213   1001     26.6
shared server idle wait                 4  100        120  30010      0.5
Streams AQ: qmn slave idle w            4    0        112  28009      0.5
Streams AQ: qmn coordinator             8   50        112  14004      1.0
Space Manager: slave idle wa           22   95        110   4999      2.8
pmon timer                             43   81        107   2490      5.4
smon timer                              1    0         76  75855      0.1
dispatcher timer                        1  100         60  60007      0.1
SQL*Net message from client             4    0          0      1      0.5
          -------------------------------------------------------------

Wait Events (fg and bg) DB/Inst: ORCL/orcl  Snaps:   9-  10
-> s - second, cs - centisecond,  ms - millisecond, us - microsecond
-> %Timeouts:  value of 0 indicates value was < .5%.  Value of null is truly 0
-> Only events with Total Wait Time (s) >= .001 are shown
-> ordered by Total Wait Time desc, Waits desc (idle events last)

                                                             Avg          %Total
                                          %Tim Total Wait   wait    Waits   Call
Event                               Waits  out   Time (s)   (ms)     /txn   Time
---------------------------- ------------ ---- ---------- ------ -------- ------
log file parallel write               646    0         21     33     80.8   17.8
db file async I/O submit               40    0         10    251      5.0    8.4
log file switch (checkpoint             6    0          5    812      0.8    4.1
control file parallel write           147    0          3     24     18.4    2.9
log buffer space                        6    0          1    201      0.8    1.0
log file switch completion              8    0          1    139      1.0     .9
db file sequential read               426    0          1      1     53.3     .5
enq: CF - contention                    6    0          0     67      0.8     .3
log file sync                           6    0          0     45      0.8     .2
db file single write                   20    0          0     10      2.5     .2
log file single write                  14    0          0     14      1.8     .2
undo segment extension                  5  100          0     31      0.6     .1
os thread startup                       4    0          0     32      0.5     .1
reliable message                      197    0          0      0     24.6     .0
rdbms ipc reply                       199    0          0      0     24.9     .0
db file scattered read                138    0          0      0     17.3     .0
control file sequential read          852    0          0      0    106.5     .0
rdbms ipc message                   1,212   36      1,147    946    151.5
DIAG idle wait                        213  100        213   1001     26.6
shared server idle wait                 4  100        120  30010      0.5
Streams AQ: qmn slave idle w            4    0        112  28009      0.5
Streams AQ: qmn coordinator             8   50        112  14004      1.0
Space Manager: slave idle wa           22   95        110   4999      2.8
pmon timer                             43   81        107   2490      5.4
jobq slave wait                       188  100         94    501     23.5
smon timer                              1    0         76  75855      0.1
dispatcher timer                        1  100         60  60007      0.1
SQL*Net message from client            18    0         15    821      2.3
          -------------------------------------------------------------
Wait Event Histogram  DB/Inst: ORCL/orcl  Snaps:   9-  10
-> Total Waits - units: K is 1000, M is 1000000, G is 1000000000
-> % of Waits - column heading: <=1s is truly <1024ms, >1s is truly >=1024ms
-> % of Waits - value: .0 indicates value was <.05%, null is truly 0
-> Ordered by Event (idle events last)

                           Total ----------------- % of Waits ------------------
Event                      Waits  <1ms  <2ms  <4ms  <8ms <16ms <32ms  <=1s   >1s
-------------------------- ----- ----- ----- ----- ----- ----- ----- ----- -----
Disk file operations I/O      9  100.0
LGWR wait for redo copy       1  100.0
asynch descriptor resize     11  100.0
control file parallel writ  147                           28.6  61.9   9.5
control file sequential re  852  100.0
db file async I/O submit     40                                  2.5  95.0   2.5
db file scattered read      138  100.0
db file sequential read     423   86.5    .5   1.7   3.1   5.9   1.9    .5
db file single write         20                          100.0
enq: CF - contention          6   50.0                                50.0
latch: messages               1  100.0
log buffer space              6                                      100.0
log file parallel write     646   50.0          .2    .2   1.7   2.8  45.2
log file sequential read     14  100.0
log file single write        14                           57.1  42.9
log file switch (checkpoin    6                                       50.0  50.0
log file switch completion    8                                      100.0
log file sync                 6                     16.7  16.7  33.3  33.3
os thread startup             4                                 75.0  25.0
rdbms ipc reply             199  100.0
reliable message            197   99.5    .5
undo segment extension        5   20.0                    20.0  20.0  40.0
DIAG idle wait              213                                      100.0
SQL*Net message from clien   18   83.3  11.1                                 5.6
SQL*Net message to client    17  100.0
Space Manager: slave idle    22                                            100.0
Streams AQ: qmn coordinato    8   50.0                                      50.0
Streams AQ: qmn slave idle    4                                            100.0
dispatcher timer              1                                            100.0
jobq slave wait             188                                      100.0
pmon timer                   43    4.7                           2.3   9.3  83.7
rdbms ipc message          1212   33.9    .1    .1    .2    .2    .9  38.4  26.2
shared server idle wait       4                                            100.0
smon timer                    1                                            100.0
          -------------------------------------------------------------

SQL ordered by CPU  DB/Inst: ORCL/orcl  Snaps:   9-  10
-> Total DB CPU (s):              75
-> Captured SQL accounts for   54.1% of Total DB CPU
-> SQL reported below exceeded  1.0% of Total DB CPU

    CPU                  CPU per             Elapsd                     Old
  Time (s)   Executions  Exec (s)  %Total   Time (s)    Buffer Gets  Hash Value
---------- ------------ ---------- ------ ---------- --------------- ----------
     73.65            0              98.5      81.96       1,234,584 3306199520
Module: SQL Developer
BEGIN   LOOP_UPDATE(); END;

     37.72    1,000,000       0.00   50.4      45.44       1,033,627 1719388666
Module: SQL Developer
UPDATE TESTS SET COLUMN1 = '99999999990000000000' WHERE ROWID =
:B1

      1.57            1       1.57    2.1       1.58         200,639 3427648760
Module: SQL Developer
SELECT COLUMN1, ROWID P_ROWID FROM TESTS

      0.88            1       0.88    1.2       0.95           2,000 2522684317
Module: SQL*Plus
BEGIN statspack.snap; END;

          -------------------------------------------------------------
SQL ordered by Elapsed time for DB: ORCL  Instance: orcl  Snaps:   9 -  10
-> Total DB Time (s):              83
-> Captured SQL accounts for   58.2% of Total DB Time
-> SQL reported below exceeded  1.0% of Total DB Time

  Elapsed                Elap per            CPU                        Old
  Time (s)   Executions  Exec (s)  %Total   Time (s)  Physical Reads Hash Value
---------- ------------ ---------- ------ ---------- --------------- ----------
     81.96            0              98.4      73.65           3,708 3306199520
Module: SQL Developer
BEGIN   LOOP_UPDATE(); END;

     45.44    1,000,000       0.00   54.5      37.72               3 1719388666
Module: SQL Developer
UPDATE TESTS SET COLUMN1 = '99999999990000000000' WHERE ROWID =
:B1

      1.58            1       1.58    1.9       1.57           3,601 3427648760
Module: SQL Developer
SELECT COLUMN1, ROWID P_ROWID FROM TESTS

      0.95            1       0.95    1.1       0.88             355 2522684317
Module: SQL*Plus
BEGIN statspack.snap; END;

          -------------------------------------------------------------
SQL ordered by Gets  DB/Inst: ORCL/orcl  Snaps:   9-  10
-> End Buffer Gets Threshold:     10000 Total Buffer Gets:       1,242,845
-> Captured SQL accounts for   99.7% of Total Buffer Gets
-> SQL reported below exceeded  1.0% of Total Buffer Gets

                                                     CPU      Elapsd     Old
  Buffer Gets    Executions  Gets per Exec  %Total Time (s)  Time (s) Hash Value
--------------- ------------ -------------- ------ -------- --------- ----------
      1,234,584            0                  99.3    73.65     81.96 3306199520
Module: SQL Developer
BEGIN   LOOP_UPDATE(); END;

      1,033,627    1,000,000            1.0   83.2    37.72     45.44 1719388666
Module: SQL Developer
UPDATE TESTS SET COLUMN1 = '99999999990000000000' WHERE ROWID =
:B1

        200,639            1      200,639.0   16.1     1.57      1.58 3427648760
Module: SQL Developer
SELECT COLUMN1, ROWID P_ROWID FROM TESTS

          -------------------------------------------------------------
SQL ordered by Reads  DB/Inst: ORCL/orcl  Snaps:   9-  10
-> End Disk Reads Threshold:      1000  Total Disk Reads:           4,048
-> Captured SQL accounts for   90.7% of Total Disk Reads
-> SQL reported below exceeded  1.0% of Total Disk Reads

                                                     CPU      Elapsd
  Physical Rds   Executions  Rds per Exec   %Total Time (s)  Time (s) Hash Value
--------------- ------------ -------------- ------ -------- --------- ----------
          3,708            0                  91.6    73.65     81.96 3306199520
Module: SQL Developer
BEGIN   LOOP_UPDATE(); END;

          3,601            1        3,601.0   89.0     1.57      1.58 3427648760
Module: SQL Developer
SELECT COLUMN1, ROWID P_ROWID FROM TESTS

            355            1          355.0    8.8     0.88      0.95 2522684317
Module: SQL*Plus
BEGIN statspack.snap; END;

          -------------------------------------------------------------
SQL ordered by Executions  DB/Inst: ORCL/orcl  Snaps:   9-  10
-> End Executions Threshold:       100  Total Executions:       1,001,953
-> Captured SQL accounts for  100.0% of Total Executions
-> SQL reported below exceeded  1.0% of Total Executions

                                                CPU per    Elap per     Old
 Executions   Rows Processed   Rows per Exec    Exec (s)   Exec (s)  Hash Value
------------ --------------- ---------------- ----------- ---------- ----------
   1,000,000       1,000,000              1.0       0.00        0.00  1719388666
Module: SQL Developer
UPDATE TESTS SET COLUMN1 = '99999999990000000000' WHERE ROWID =
:B1

          -------------------------------------------------------------
SQL ordered by Parse Calls  DB/Inst: ORCL/orcl  Snaps:   9-  10
-> End Parse Calls Threshold:      1000 Total Parse Calls:           1,436
-> Captured SQL accounts for   93.6% of Total Parse Calls
-> SQL reported below exceeded  1.0% of Total Parse Calls

                           % Total    Old
 Parse Calls   Executions   Parses Hash Value
------------ ------------ -------- ----------
         228          203    15.88 2322535947
insert into sys.col_usage$ (obj#, intcol#, equality_preds, equij
oin_preds, nonequijoin_preds, range_preds, like_preds, null_pred
s, timestamp) values (   :objn, :coln,   decode(bitand(:flag,1),
0,0,1),   decode(bitand(:flag,2),0,0,1),   decode(bitand(:flag,4

         228          228    15.88 2554034351
lock table sys.col_usage$ in exclusive mode nowait

         228          732    15.88 3665763022
update sys.col_usage$ set   equality_preds    = equality_preds
  + decode(bitand(:flag,1),0,0,1),   equijoin_preds    = equijoi
n_preds    + decode(bitand(:flag,2),0,0,1),   nonequijoin_preds
= nonequijoin_preds + decode(bitand(:flag,4),0,0,1),   range_pre

         200          200    13.93 3447189756
insert into sys.mon_mods$ (obj#, inserts, updates, deletes, time
stamp, flags, drop_segments) values (:1, :2, :3, :4, :5, :6, :7)


         154          154    10.72    2803285
update sys.mon_mods$ set inserts = inserts + :ins, updates = upd
ates + :upd, deletes = deletes + :del, flags = (decode(bitand(fl
ags, :flag), :flag, flags, flags + :flag)), drop_segments = drop
_segments + :dropseg, timestamp = :time where obj# = :objn

         154          154    10.72 2396279102
lock table sys.mon_mods$ in exclusive mode nowait

          97           97     6.75 2275360153
select /*+ connect_by_filtering */ privilege#,level from sysauth
$ connect by grantee#=prior privilege# and privilege#>0 start wi
th grantee#=:1 and privilege#>0

          17           17     1.18 1254950678
select file# from file$ where ts#=:1

          -------------------------------------------------------------
SQL ordered by Sharable Memory  DB/Inst: ORCL/orcl  Snaps:   9-  10
-> End Sharable Memory Threshold(KB):      1024

    Max         End
 Sharable    Sharable                                        Old
Memory (KB) Memory (KB)  Parse Calls  Executions  % Total Hash Value
----------- ----------- ------------ ------------ ------- ----------
      4,159       4,159            0            0     1.3 1462056456
Module: SQL Developer
SELECT /*+rule*/ SYS_XMLGEN(VALUE(KU$), XMLFORMAT.createFormat2(
'TABLE_T', '7')), KU$.OBJ_NUM FROM SYS.KU$_HTABLE_VIEW KU$ WHERE
 NOT (BITAND (KU$.PROPERTY,8192)=8192) AND  NOT BITAND(KU$.SCHEM
A_OBJ.FLAGS,128)!=0 AND  KU$.SCHEMA_OBJ.NAME=:NAME1 AND  KU$.SCH

      2,391       2,391            0            0     0.8 2121941960
Module: SQL Developer
/*+ NO_SQL_TRANSLATION */select table_owner, table_name from all
_synonyms  where owner in (user,'PUBLIC') and synonym_name=:1
and not exists (  select user, object_name from user_objects  wh
ere object_name=:2  and object_type in ('TABLE','VIEW'))

      2,337       2,337            0            0     0.8  765688921
Module: SQL Developer
select distinct t.table_name, t.num_rows, ao.status,   (select c
ount(*) from sys.Dba_tab_columns c where t.table_name = c.table_
name and t.owner = c.owner) columns,   (select comments from sys
.Dba_tab_comments c where t.table_name = c.table_name and t.owne

      1,092       1,092            0            0     0.4 2815042600
Module: SQL Developer
/*+ NO_SQL_TRANSLATION */SELECT 'ARGUMENT' type, null owner,  a.
owner||'.'||a.package_name||'.'||a.object_name||'.'||a.overload
object_name,  a.argument_name||' '||a.data_type column_name, a.p
osition column_id, null data_type  FROM all_arguments a, all_obj

          -------------------------------------------------------------
Instance Activity Stats  DB/Inst: ORCL/orcl  Snaps:   9-  10

Statistic                                      Total     per Second    per Trans
--------------------------------- ------------------ -------------- ------------
Batched IO (bound) vector count                    0            0.0          0.0
Batched IO (full) vector count                     0            0.0          0.0
Batched IO block miss count                        0            0.0          0.0
Batched IO buffer defrag count                     0            0.0          0.0
Batched IO double miss count                       0            0.0          0.0
Batched IO same unit count                         0            0.0          0.0
Batched IO single block count                      0            0.0          0.0
Batched IO vector block count                      0            0.0          0.0
Batched IO vector read count                       0            0.0          0.0
Block Cleanout Optim referenced                    0            0.0          0.0
CCursor + sql area evicted                         0            0.0          0.0
CPU used by this session                       7,494           70.0        936.8
CPU used when call started                        90            0.8         11.3
CR blocks created                              3,597           33.6        449.6
Cached Commit SCN referenced                  10,852          101.4      1,356.5
Commit SCN cached                                  1            0.0          0.1
DB time                                       20,349          190.2      2,543.6
DBWR checkpoint buffers written               15,335          143.3      1,916.9
DBWR checkpoints                                   7            0.1          0.9
DBWR object drop buffers written                   0            0.0          0.0
DBWR tablespace checkpoint buffer                  0            0.0          0.0
DBWR thread checkpoint buffers wr             15,335          143.3      1,916.9
DBWR transaction table writes                     15            0.1          1.9
DBWR undo block writes                        12,409          116.0      1,551.1
HSC Heap Segment Block Changes             1,001,020        9,355.3    125,127.5
Heap Segment Array Inserts                        72            0.7          9.0
Number of read IOs issued                          0            0.0          0.0
RowCR - row contention                             0            0.0          0.0
RowCR attempts                                     1            0.0          0.1
RowCR hits                                         1            0.0          0.1
SMON posted for undo segment shri                  1            0.0          0.1
SQL*Net roundtrips to/from client                 14            0.1          1.8
TBS Extension: tasks created                       0            0.0          0.0
active txn count during cleanout               3,650           34.1        456.3
application wait time                              0            0.0          0.0
auto extends on undo tablespace                    0            0.0          0.0
background checkpoints completed                   5            0.1          0.6
background checkpoints started                     7            0.1          0.9
background timeouts                              448            4.2         56.0
buffer is not pinned count                     1,425           13.3        178.1
buffer is pinned count                           283            2.6         35.4
bytes received via SQL*Net from c              3,985           37.2        498.1
bytes sent via SQL*Net to client               4,721           44.1        590.1
calls to get snapshot scn: kcmgss          1,001,658        9,361.3    125,207.3
calls to kcmgas                               20,815          194.5      2,601.9
calls to kcmgcs                                  777            7.3         97.1
cell physical IO interconnect byt        500,812,800    4,680,493.5 ############
change write time                                804            7.5        100.5
cleanout - number of ktugct calls              3,655           34.2        456.9
cleanouts and rollbacks - consist              3,596           33.6        449.5
cleanouts only - consistent read                   1            0.0          0.1
cluster key scan block gets                        1            0.0          0.1
cluster key scans                                  1            0.0          0.1
commit batch/immediate performed                   0            0.0          0.0
commit batch/immediate requested                   0            0.0          0.0
commit cleanout failures: block l                  0            0.0          0.0
Instance Activity Stats  DB/Inst: ORCL/orcl  Snaps:   9-  10

Statistic                                      Total     per Second    per Trans
--------------------------------- ------------------ -------------- ------------
commit cleanout failures: buffer                   0            0.0          0.0
commit cleanout failures: callbac                  8            0.1          1.0
commit cleanouts                               4,427           41.4        553.4
commit cleanouts successfully com              4,419           41.3        552.4
commit immediate performed                         0            0.0          0.0
commit immediate requested                         0            0.0          0.0
commit txn count during cleanout                  27            0.3          3.4
concurrency wait time                             13            0.1          1.6
consistent changes                           183,432        1,714.3     22,929.0
consistent gets                              203,864        1,905.3     25,483.0
consistent gets - examination                189,030        1,766.6     23,628.8
consistent gets direct                             0            0.0          0.0
consistent gets from cache                   203,864        1,905.3     25,483.0
consistent gets from cache (fastp             10,931          102.2      1,366.4
cursor authentications                             0            0.0          0.0
data blocks consistent reads - un            183,432        1,714.3     22,929.0
db block changes                           2,026,110       18,935.6    253,263.8
db block gets                              1,038,981        9,710.1    129,872.6
db block gets direct                               0            0.0          0.0
db block gets from cache                   1,038,981        9,710.1    129,872.6
db block gets from cache (fastpat              1,188           11.1        148.5
deferred (CURRENT) block cleanout                539            5.0         67.4
dirty buffers inspected                            0            0.0          0.0
enqueue conversions                              649            6.1         81.1
enqueue releases                               2,797           26.1        349.6
enqueue requests                               2,797           26.1        349.6
enqueue timeouts                                   0            0.0          0.0
enqueue waits                                      6            0.1          0.8
execute count                              1,001,953        9,364.1    125,244.1
file io service time                               0            0.0          0.0
file io wait time                         10,683,546       99,846.2  1,335,443.3
free buffer inspected                              0            0.0          0.0
free buffer requested                         24,431          228.3      3,053.9
global undo segment hints helped                   0            0.0          0.0
heap block compress                                2            0.0          0.3
hot buffers moved to head of LRU                   0            0.0          0.0
immediate (CR) block cleanout app              3,597           33.6        449.6
immediate (CURRENT) block cleanou                 67            0.6          8.4
index crx upgrade (positioned)                     0            0.0          0.0
index fast full scans (full)                      40            0.4          5.0
index fetch by key                             1,075           10.1        134.4
index scans kdiixs1                              199            1.9         24.9
leaf node 90-10 splits                             0            0.0          0.0
leaf node splits                                  22            0.2          2.8
lob reads                                          0            0.0          0.0
lob writes                                         0            0.0          0.0
lob writes unaligned                               0            0.0          0.0
logons cumulative                                  7            0.1          0.9
max cf enq hold time                               0            0.0          0.0
messages received                                631            5.9         78.9
messages sent                                    631            5.9         78.9
min active SCN optimization appli                  0            0.0          0.0
no work - consistent read gets                10,643           99.5      1,330.4
non-idle wait count                            3,252           30.4        406.5
non-idle wait time                             4,397           41.1        549.6
opened cursors cumulative                  1,001,287        9,357.8    125,160.9
Instance Activity Stats  DB/Inst: ORCL/orcl  Snaps:   9-  10

Statistic                                      Total     per Second    per Trans
--------------------------------- ------------------ -------------- ------------
parse count (describe)                             0            0.0          0.0
parse count (failures)                             0            0.0          0.0
parse count (hard)                                 5            0.1          0.6
parse count (total)                            1,436           13.4        179.5
parse time cpu                                     6            0.1          0.8
parse time elapsed                                84            0.8         10.5
physical read IO requests                        530            5.0         66.3
physical read bytes                       33,161,216      309,917.9  4,145,152.0
physical read total IO requests                1,416           13.2        177.0
physical read total bytes                 47,291,392      441,975.6  5,911,424.0
physical read total multi block r                 58            0.5          7.3
physical reads                                 4,048           37.8        506.0
physical reads cache                           4,048           37.8        506.0
physical reads cache prefetch                  3,518           32.9        439.8
physical reads direct                              0            0.0          0.0
physical reads direct (lob)                        0            0.0          0.0
physical reads direct temporary t                  0            0.0          0.0
physical reads prefetch warmup                     0            0.0          0.0
physical write IO requests                     4,260           39.8        532.5
physical write bytes                     125,624,320    1,174,059.1 ############
physical write total IO requests               5,032           47.0        629.0
physical write total bytes               453,521,408    4,238,517.8 ############
physical write total multi block               1,089           10.2        136.1
physical writes                               15,335          143.3      1,916.9
physical writes direct                             0            0.0          0.0
physical writes direct (lob)                       0            0.0          0.0
physical writes direct temporary                   0            0.0          0.0
physical writes from cache                    15,335          143.3      1,916.9
physical writes non checkpoint                15,321          143.2      1,915.1
pinned buffers inspected                           0            0.0          0.0
pinned cursors current                             0            0.0          0.0
prefetch warmup blocks aged out b                  0            0.0          0.0
prefetched blocks aged out before                  0            0.0          0.0
process last non-idle time                       106            1.0         13.3
recursive calls                            1,016,015        9,495.5    127,001.9
recursive cpu usage                            6,226           58.2        778.3
redo blocks checksummed by FG (ex              1,843           17.2        230.4
redo blocks written                          630,682        5,894.2     78,835.3
redo buffer allocation retries                    24            0.2          3.0
redo entries                               1,007,081        9,412.0    125,885.1
redo log space requests                           75            0.7          9.4
redo log space wait time                         598            5.6         74.8
redo ordering marks                           16,748          156.5      2,093.5
redo size                                311,137,684    2,907,828.8 ############
redo size for direct writes                        0            0.0          0.0
redo subscn max counts                        16,831          157.3      2,103.9
redo synch time                                   28            0.3          3.5
redo synch writes                                  6            0.1          0.8
redo wastage                                 103,084          963.4     12,885.5
redo write time                                2,122           19.8        265.3
redo writes                                      323            3.0         40.4
rollback changes - undo records a                  0            0.0          0.0
rollbacks only - consistent read                   1            0.0          0.1
rows fetched via callback                         17            0.2          2.1
session connect time                               0            0.0          0.0
session logical reads                      1,242,845       11,615.4    155,355.6
Instance Activity Stats  DB/Inst: ORCL/orcl  Snaps:   9-  10

Statistic                                      Total     per Second    per Trans
--------------------------------- ------------------ -------------- ------------
session pga memory                         8,471,216       79,170.2  1,058,902.0
session pga memory max                     4,342,448       40,583.6    542,806.0
session uga memory                     8,590,285,376   80,283,040.9 ############
session uga memory max                    11,321,552      105,808.9  1,415,194.0
shared hash latch upgrades - no w                103            1.0         12.9
sorts (memory)                                   306            2.9         38.3
sorts (rows)                                   4,188           39.1        523.5
sql area evicted                                   0            0.0          0.0
sql area purged                                    1            0.0          0.1
summed dirty queue length                          0            0.0          0.0
switch current to new buffer                       6            0.1          0.8
table fetch by rowid                              63            0.6          7.9
table fetch continued row                          0            0.0          0.0
table scan blocks gotten                      13,731          128.3      1,716.4
table scan rows gotten                     3,782,139       35,347.1    472,767.4
table scans (direct read)                          0            0.0          0.0
table scans (long tables)                          1            0.0          0.1
table scans (short tables)                        46            0.4          5.8
temp space allocated (bytes)                       0            0.0          0.0
total cf enq hold time                         2,970           27.8        371.3
total number of cf enq holders                    61            0.6          7.6
total number of times SMON posted                  1            0.0          0.1
transaction rollbacks                              0            0.0          0.0
undo change vector size                  132,495,040    1,238,271.4 ############
user I/O wait time                                85            0.8         10.6
user calls                                        41            0.4          5.1
user commits                                       8            0.1          1.0
user rollbacks                                     0            0.0          0.0
workarea executions - optimal                    196            1.8         24.5
write clones created in backgroun                  0            0.0          0.0
write clones created in foregroun                  5            0.1          0.6
          -------------------------------------------------------------

Instance Activity Stats  DB/Inst: ORCL/orcl  Snaps:   9-  10
-> Statistics with absolute values (should not be diffed)

Statistic                             Begin Value       End Value
--------------------------------- --------------- ---------------
logons current                                 25              25
opened cursors current                         46              46
session cursor cache count                  8,168           8,315
          -------------------------------------------------------------

Instance Activity Stats  DB/Inst: ORCL/orcl  Snaps:   9-  10
-> Statistics identified by '(derived)' come from sources other than SYSSTAT

Statistic                                      Total  per Hour
--------------------------------- ------------------ ---------
log switches (derived)                             7    235.51
          -------------------------------------------------------------

OS Statistics  DB/Inst: ORCL/orcl  Snaps:   9-  10
-> ordered by statistic type (CPU use, Virtual Memory, Hardware Config), Name

Statistic                                  Total
------------------------- ----------------------
BUSY_TIME                                  7,723
IDLE_TIME                                 13,595
IOWAIT_TIME                                  771
NICE_TIME                                      0
SYS_TIME                                     842
USER_TIME                                  6,869
PHYSICAL_MEMORY_BYTES              1,925,197,824
NUM_CPUS                                       2
NUM_CPU_CORES                                  2
NUM_CPU_SOCKETS                                1
GLOBAL_RECEIVE_SIZE_MAX                4,194,304
GLOBAL_SEND_SIZE_MAX                   1,048,576
TCP_RECEIVE_SIZE_DEFAULT                  87,380
TCP_RECEIVE_SIZE_MAX                   4,194,304
TCP_RECEIVE_SIZE_MIN                       4,096
TCP_SEND_SIZE_DEFAULT                     16,384
TCP_SEND_SIZE_MAX                      4,194,304
TCP_SEND_SIZE_MIN                          4,096
          -------------------------------------------------------------

OS Statistics - detail  DB/Inst: ORCL/orcl  Snaps:   9-  10

  Snap Snapshot
    Id Day Time          Load  %Busy  %User %System   %WIO  %WCPU
------ --------------- ------ ------ ------ ------- ------ ------
     9 木 15 17:02:46      .8
    10 木 15 17:04:33      .9   36.2   32.2     3.9    3.6
          -------------------------------------------------------------
IO Stat by Function - summary  DB/Inst: ORCL/orcl  Snaps:   9-  10
->Data Volume values suffixed with   M,G,T,P are in multiples of 1024,
  other values suffixed with       K,M,G,T,P are in multiples of 1000
->ordered by Data Volume (Read+Write) desc

               ---------- Read --------- --------- Write -------- --- Wait ----
                 Data  Requests    Data   Data  Requests    Data          Avg
Function        Volume     /sec  Vol/sec Volume     /sec  Vol/sec  Count Tm(ms)
--------------- ------ -------- -------- ------ -------- -------- ------ ------
LGWR                7M     4.1       .1M   310M     5.6      2.9M   911     0.0
Buffer Cache Re    32M     5.8       .3M                            623     0.0
Others              7M     4.2       .1M     2M     1.6       .0M   626     0.0
          -------------------------------------------------------------

IO Stat by Function - detail  DB/Inst: ORCL/orcl  Snaps:   9-  10
->ordered by Data Volume (Read+Write) desc

                   ----------- Read ---------- ----------- Write ---------
                    Small  Large  Small  Large  Small  Large  Small  Large
                     Read   Read   Data   Data  Write  Write   Data   Data
Function             Reqs   Reqs   Read   Read   Reqs   Reqs  Writn  Writn
------------------ ------ ------ ------ ------ ------ ------ ------ ------
LGWR                 434             7M          226    372      5M   305M
Buffer Cache Reads   565     58      8M    24M
Others               452             7M          174             2M
          -------------------------------------------------------------
Tablespace IO Stats  DB/Inst: ORCL/orcl  Snaps:   9-  10
->ordered by IOs (Reads + Writes) desc

Tablespace
------------------------------
                 Av      Av     Av                    Av        Buffer Av Buf
         Reads Reads/s Rd(ms) Blks/Rd       Writes Writes/s      Waits Wt(ms)
-------------- ------- ------ ------- ------------ -------- ---------- ------
UNDOTBS1
            26       0    0.4     1.0        2,887       27          0    0.0
USERS
           155       1    0.1    23.2        1,185       11          0    0.0
SYSAUX
           301       3    0.3     1.2          153        1          0    0.0
SYSTEM
           136       1    4.1     1.2           35        0          0    0.0
          -------------------------------------------------------------
File IO Stats  DB/Inst: ORCL/orcl  Snaps:   9-  10
->Mx Rd Bkt: Max bucket time for single block read
->ordered by Tablespace, File

Tablespace               Filename
------------------------ ----------------------------------------------------
                        Av   Mx                                             Av
                 Av     Rd   Rd    Av                    Av        Buffer BufWt
         Reads Reads/s (ms)  Bkt Blks/Rd       Writes Writes/s      Waits  (ms)
-------------- ------- ----- --- ------- ------------ -------- ---------- ------
SYSAUX                   /usr/oracle/app/oradata/orcl/sysaux01.dbf
           301       3   0.3  32     1.2          153        1          0

SYSTEM                   /usr/oracle/app/oradata/orcl/system01.dbf
           136       1   4.1  64     1.2           35        0          0

UNDOTBS1                 /usr/oracle/app/oradata/orcl/undotbs01.dbf
            26       0   0.4   1     1.0        2,887       27          0

USERS                    /usr/oracle/app/oradata/orcl/users01.dbf
           155       1   0.1   1    23.2        1,185       11          0

          -------------------------------------------------------------
File Read Histogram Stats  DB/Inst: ORCL/orcl  Snaps:   9-  10
->Number of single block reads in each time range
->Tempfiles are not included
->ordered by Tablespace, File

Tablespace               Filename
------------------------ ----------------------------------------------------
    0 - 2 ms     2 - 4 ms    4 - 8 ms     8 - 16 ms   16 - 32 ms       32+ ms
------------ ------------ ------------ ------------ ------------ ------------
USERS                    /usr/oracle/app/oradata/orcl/users01.dbf
          28            0            0            0            0            0

SYSTEM                   /usr/oracle/app/oradata/orcl/system01.dbf
          84            6           11           22            7            2

UNDOTBS1                 /usr/oracle/app/oradata/orcl/undotbs01.dbf
          26            0            0            0            0            0

SYSAUX                   /usr/oracle/app/oradata/orcl/sysaux01.dbf
         280            1            3            4            1            0

          -------------------------------------------------------------
Instance Recovery Stats  DB/Inst: ORCL/orcl  Snaps:   9-  10
-> B: Begin snapshot,  E: End snapshot

  Targt Estd                                  Log File  Log Ckpt    Log Ckpt
  MTTR  MTTR   Recovery   Actual    Target      Size     Timeout    Interval
   (s)   (s)   Estd IOs  Redo Blks Redo Blks Redo Blks  Redo Blks  Redo Blks
- ----- ----- ---------- --------- --------- ---------- --------- ------------
B     0    35        228         7    165888     165888    377490
E     0    35       5527    165642    165888     165888    386723
          -------------------------------------------------------------
Memory Target Advice  DB/Inst: ORCL/orcl  Snaps:   9-  10
-> Advice Reset: if this is null, the data shown has been diffed between
   the Begin and End snapshots.  If this is 'Y', the advisor has been
   reset during this interval due to memory resize operations, and
   the data shown is since the reset operation.

                Memory Size     Est.     Advice
Memory Size (M)      Factor DB time (s)  Reset
--------------- ----------- ------------ ------
          1,056          .8           83
          1,408         1.0           83
          1,760         1.3           83
          2,112         1.5           83
          2,464         1.8           83
          2,816         2.0           83
          -------------------------------------------------------------

Memory Dynamic Components  DB/Inst: ORCL/orcl  Snaps:   9-  10
->  Op - memory resize Operation
->  Cache:    D: Default,  K: Keep,  R:  Recycle
->   Mode:  DEF: DEFerred mode,  IMM: IMMediate mode

                       Begin Snap End Snap   Op    Last Op
Cache                    Size (M) Size (M)  Count  Type/Mode   Last Op Time
---------------------- ---------- -------- ------- ---------- ---------------
D:buffer cache                464                0 INITIA/
PGA Target                    592                0 STATIC
SGA Target                    816                0 STATIC
java pool                      16                0 STATIC
large pool                     16                0 STATIC
shared pool                   304                0 STATIC
          -------------------------------------------------------------

Buffer Pool Advisory  DB/Inst: ORCL/orcl  End Snap:   10
-> Only rows with estimated physical reads >0 are displayed
-> ordered by Pool, Block Size, Buffers For Estimate

                                   Est
                                  Phys      Estimated                   Est
    Size for  Size      Buffers   Read     Phys Reads     Est Phys % dbtime
P    Est (M) Factr  (thousands)  Factr    (thousands)    Read Time  for Rds
--- -------- ----- ------------ ------ -------------- ------------ --------
D         32    .1            4    1.2            123          158     14.3
D         64    .1            8    1.2            117          135     12.2
D         96    .2           12    1.1            114          125     11.3
D        128    .3           16    1.1            113          120     10.8
D        160    .3           20    1.1            111          115     10.4
D        192    .4           24    1.1            109          106      9.6
D        224    .5           28    1.0            106           96      8.7
D        256    .6           32    1.0            104           89      8.0
D        288    .6           35    1.0            103           85      7.7
D        320    .7           39    1.0            102           81      7.3
D        352    .8           43    1.0            101           79      7.1
D        384    .8           47    1.0            101           79      7.1
D        416    .9           51    1.0            101           79      7.1
D        448   1.0           55    1.0            101           79      7.1
D        464   1.0           57    1.0            101           79      7.1
D        480   1.0           59    1.0            101           79      7.1
D        512   1.1           63    1.0            101           79      7.1
D        544   1.2           67    1.0            101           79      7.1
D        576   1.2           71    1.0            101           79      7.1
D        608   1.3           75    1.0            101           79      7.1
D        640   1.4           79    1.0            101           78      7.0
          -------------------------------------------------------------

Buffer Pool Statistics  DB/Inst: ORCL/orcl  Snaps:   9-  10
-> Standard block size Pools  D: default,  K: keep,  R: recycle
-> Default Pools for other block sizes: 2k, 4k, 8k, 16k, 32k
-> Buffers: the number of buffers.  Units of K, M, G are divided by 1000

                                                            Free Writ     Buffer
            Pool         Buffer     Physical    Physical  Buffer Comp       Busy
P   Buffers Hit%           Gets        Reads      Writes   Waits Wait      Waits
--- ------- ---- -------------- ------------ ----------- ------- ---- ----------
D       57K  100      1,242,874        4,110      15,335       0    0          0
          -------------------------------------------------------------
PGA Aggr Target Stats  DB/Inst: ORCL/orcl  Snaps:   9-  10
-> B: Begin snap   E: End snap (rows identified with B or E contain data
   which is absolute i.e. not diffed over the interval)
-> PGA cache hit % - percentage of W/A (WorkArea) data processed only in-memory
-> Auto PGA Target - actual workarea memory target
-> W/A PGA Used    - amount of memory used for all WorkAreas (manual + auto)
-> %PGA W/A Mem    - percentage of PGA memory allocated to WorkAreas
-> %Auto W/A Mem   - percentage of WorkArea memory controlled by Auto Mem Mgmt
-> %Man W/A Mem    - percentage of WorkArea memory under Manual control

PGA Cache Hit % W/A MB Processed Extra W/A MB Read/Written
--------------- ---------------- -------------------------
          100.0               21                         0

PGA Aggr Target Histogram  DB/Inst: ORCL/orcl  Snaps:   9-  10
-> Optimal Executions are purely in-memory operations

    Low    High
Optimal Optimal    Total Execs Optimal Execs 1-Pass Execs M-Pass Execs
------- ------- -------------- ------------- ------------ ------------
     2K      4K            175           175            0            0
    64K    128K              2             2            0            0
   256K    512K              1             1            0            0
   512K   1024K             16            16            0            0
     4M      8M              2             2            0            0
          -------------------------------------------------------------

PGA Memory Advisory  DB/Inst: ORCL/orcl  End Snap:   10
-> When using Auto Memory Mgmt, minimally choose a pga_aggregate_target value
   where Estd PGA Overalloc Count is 0

                                   Estd Extra                Estd
  PGA Aggr                           W/A MB      Estd Time    PGA   Estd PGA
    Target   Size         W/A MB  Read/Written  to Process  Cache  Overalloc
  Est (MB)  Factr      Processed    to Disk      Bytes (s)  Hit %      Count
---------- ------ -------------- -------------- ---------- ------ ----------
        74    0.1            673              0        0.0  100.0          2
       148    0.3            673              0        0.0  100.0          0
       296    0.5            673              0        0.0  100.0          0
       444    0.8            673              0        0.0  100.0          0
       592    1.0            673              0        0.0  100.0          0
       710    1.2            673              0        0.0  100.0          0
       829    1.4            673              0        0.0  100.0          0
       947    1.6            673              0        0.0  100.0          0
     1,066    1.8            673              0        0.0  100.0          0
     1,184    2.0            673              0        0.0  100.0          0
     1,776    3.0            673              0        0.0  100.0          0
     2,368    4.0            673              0        0.0  100.0          0
     3,552    6.0            673              0        0.0  100.0          0
     4,736    8.0            673              0        0.0  100.0          0
          -------------------------------------------------------------
Process Memory Summary Stats  DB/Inst: ORCL/orcl  Snaps:   9-  10
-> B: Begin snap   E: End snap
-> All rows below contain absolute values (i.e. not diffed over the interval)
-> Max Alloc is Maximum PGA Allocation size at snapshot time
   Hist Max Alloc is the Historical Max Allocation for still-connected processes
-> Num Procs or Allocs:  For Begin/End snapshot lines, it is the number of
   processes. For Category lines, it is the number of allocations
-> ordered by Begin/End snapshot, Alloc (MB) desc

                                                                  Hist   Num
                                          Avg    Std Dev   Max    Max   Procs
             Alloc     Used    Freeabl   Alloc    Alloc   Alloc  Alloc    or
  Category   (MB)      (MB)      (MB)     (MB)    (MB)    (MB)    (MB)  Allocs
- -------- --------- --------- -------- -------- ------- ------- ------ ------
B --------      96.6      43.4     47.9      3.6     7.1      36    103     27
  Freeable      47.9        .0               6.0     9.4      29             8
  Other         47.7                         1.8     2.4      11     42     27
  PL/SQL          .8        .7                .0      .1       0      1     25
  SQL             .3        .2                .0      .0       0     60      8
E --------      96.6      46.1     43.6      3.6     7.1      36    103     27
  Other         52.0                         1.9     2.7      11     42     27
  Freeable      43.6        .0               5.5     8.5      26             8
  PL/SQL          .8        .7                .0      .1       0      1     25
  SQL             .2        .1                .0      .0       0     60      8
          -------------------------------------------------------------

Top Process Memory (by component)  DB/Inst: ORCL/orcl  Snaps:   9-  10
-> ordered by Begin/End snapshot, Alloc (MB) desc

                        Alloc   Used   Freeabl     Max      Hist Max
     PId Category       (MB)    (MB)     (MB)   Alloc (MB) Alloc (MB)
- ------ ------------- ------- ------- -------- ---------- ----------
B     10 DBW0 --------    36.3     7.4     28.7       36.3       36.3
         Freeable         28.7      .0                28.7
         Other             7.6                         7.6        7.6
         PL/SQL             .0      .0                  .0         .0
      11 LGWR --------    11.5    10.8       .0       11.5       11.5
         Other            11.5                        11.5       11.5
         PL/SQL             .0      .0                  .0         .0
      28 TNS V1-V3 ---     8.1     1.5      6.4        8.1        8.1
         Freeable          6.4      .0                 6.4
         Other             1.5                         1.5        1.5
         PL/SQL             .2      .2                  .2         .2
         SQL                .1      .1                  .1        6.3
      25 CJQ0 --------     5.9     1.2      4.5        5.9        5.9
         Freeable          4.5      .0                 4.5
         Other             1.3                         1.3        1.3
         PL/SQL             .0      .0                  .0         .0
         SQL                .0      .0                  .0        1.9
      13 SMON --------     5.0     1.1      3.8        5.0        5.0
         Freeable          3.8      .0                 3.8
         Other             1.2                         1.2        1.2
         PL/SQL             .0      .0                  .0         .0
         SQL                .0      .0                  .0        2.1
      15 MMON --------     4.4     1.8      2.3        4.4        4.4
         Freeable          2.3      .0                 2.3
         Other             2.0                         2.0        2.0
         PL/SQL             .1      .1                  .1         .1
         SQL                .0      .0                  .0        1.1
      21 Q001 --------     3.8     3.3       .0        3.8        3.8
         Other             3.8                         3.8        3.8
         SQL                .0      .0                  .0         .1
         PL/SQL             .0      .0                  .0         .0
      26  ------------     3.5     2.1      1.0        3.5      102.7
         Other             2.2                         2.2       41.6
         Freeable          1.0      .0                 1.0
         PL/SQL             .2      .2                  .2         .6
         SQL                .1      .0                  .1       59.5
      24 J000 --------     1.8      .7       .9        1.8        2.4
         Freeable           .9      .0                  .9
         Other              .8                          .8         .8
         PL/SQL             .0      .0                  .0        1.1
         SQL                .0      .0                  .0        1.4
      19 Q000 --------     1.6     1.2       .4        1.6        1.6
         Other             1.0                         1.0        1.0
         Freeable           .4      .0                  .4
         PL/SQL             .2      .2                  .2         .2
         SQL                .0      .0                  .0         .2
      17 D000 --------     1.3     1.0       .0        1.3        1.3
         Other             1.3                         1.3        1.3
       8 DIA0 --------     1.3     1.1       .0        1.3        1.3
         Other             1.3                         1.3        1.3
         PL/SQL             .0      .0                  .0         .0
       6 DBRM --------     1.1      .7       .0        1.1        1.1
         Other             1.1                         1.1        1.1

Top Process Memory (by component)  DB/Inst: ORCL/orcl  Snaps:   9-  10
-> ordered by Begin/End snapshot, Alloc (MB) desc

                        Alloc   Used   Freeabl     Max      Hist Max
     PId Category       (MB)    (MB)     (MB)   Alloc (MB) Alloc (MB)
- ------ ------------- ------- ------- -------- ---------- ----------
B      6 PL/SQL             .0      .0                  .0         .0
         SQL                .0      .0                  .0         .1
      12 CKPT --------     1.0      .7       .0        1.0        1.0
         Other             1.0                         1.0        1.0
         PL/SQL             .0      .0                  .0         .0
E     10 DBW0 --------    36.3    10.1     25.8       36.3       36.3
         Freeable         25.8      .0                25.8
         Other            10.5                        10.5       10.5
         PL/SQL             .0      .0                  .0         .0
      11 LGWR --------    11.5    10.8       .0       11.5       11.5
         Other            11.5                        11.5       11.5
         PL/SQL             .0      .0                  .0         .0
      28 TNS V1-V3 ---     8.1     1.5      6.4        8.1        8.1
         Freeable          6.4      .0                 6.4
         Other             1.5                         1.5        1.5
         PL/SQL             .2      .2                  .2         .2
         SQL                .1      .1                  .1        6.3
      25 CJQ0 --------     5.9     1.2      4.5        5.9        5.9
         Freeable          4.5      .0                 4.5
         Other             1.3                         1.3        1.3
         PL/SQL             .0      .0                  .0         .0
         SQL                .0      .0                  .0        1.9
      13 SMON --------     5.0     1.1      2.3        5.0        5.0
         Other             2.7                         2.7        2.7
         Freeable          2.3      .0                 2.3
         PL/SQL             .0      .0                  .0         .0
         SQL                .0      .0                  .0        2.1
      15 MMON --------     4.4     1.8      2.3        4.4        4.4
         Freeable          2.3      .0                 2.3
         Other             2.0                         2.0        2.0
         PL/SQL             .1      .1                  .1         .1
         SQL                .0      .0                  .0        1.1
      21 Q001 --------     3.8     3.3       .0        3.8        3.8
         Other             3.8                         3.8        3.8
         SQL                .0      .0                  .0         .1
         PL/SQL             .0      .0                  .0         .0
      26  ------------     3.5     2.1      1.0        3.5      102.7
         Other             2.3                         2.3       41.6
         Freeable          1.0      .0                 1.0
         PL/SQL             .2      .2                  .2         .6
         SQL                .0      .0                  .0       59.5
      24 J000 --------     1.8      .7       .9        1.8        2.4
         Freeable           .9      .0                  .9
         Other              .8                          .8         .8
         PL/SQL             .0      .0                  .0        1.1
         SQL                .0      .0                  .0        1.4
      19 Q000 --------     1.6     1.2       .4        1.6        1.6
         Other             1.0                         1.0        1.0
         Freeable           .4      .0                  .4
         PL/SQL             .2      .2                  .2         .2
         SQL                .0      .0                  .0         .2
      17 D000 --------     1.3     1.0       .0        1.3        1.3
         Other             1.3                         1.3        1.3

Top Process Memory (by component)  DB/Inst: ORCL/orcl  Snaps:   9-  10
-> ordered by Begin/End snapshot, Alloc (MB) desc

                        Alloc   Used   Freeabl     Max      Hist Max
     PId Category       (MB)    (MB)     (MB)   Alloc (MB) Alloc (MB)
- ------ ------------- ------- ------- -------- ---------- ----------
E      8 DIA0 --------     1.3     1.1       .0        1.3        1.3
         Other             1.3                         1.3        1.3
         PL/SQL             .0      .0                  .0         .0
       6 DBRM --------     1.1      .7       .0        1.1        1.1
         Other             1.1                         1.1        1.1
         PL/SQL             .0      .0                  .0         .0
         SQL                .0      .0                  .0         .1
      12 CKPT --------     1.0      .7       .0        1.0        1.0
         Other             1.0                         1.0        1.0
         PL/SQL             .0      .0                  .0         .0
          -------------------------------------------------------------
Enqueue activity  DB/Inst: ORCL/orcl  Snaps:   9-  10
-> only enqueues with waits are shown
-> Enqueue stats gathered prior to 10g should not be compared with 10g data
-> ordered by Wait Time desc, Waits desc

Enqueue Type (Request Reason)
------------------------------------------------------------------------------
    Requests    Succ Gets Failed Gets       Waits Wt Time (s)  Av Wt Time(ms)
------------ ------------ ----------- ----------- ------------ --------------
CF-Controlfile Transaction
         172          172           0           6            0          68.33
          -------------------------------------------------------------

Latch Activity  DB/Inst: ORCL/orcl  Snaps:   9-  10
->"Get Requests", "Pct Get Miss" and "Avg Slps/Miss" are statistics for
  willing-to-wait latch get requests
->"NoWait Requests", "Pct NoWait Miss" are for no-wait latch get requests
->"Pct Misses" for both should be very close to 0.0

                                           Pct    Avg   Wait                 Pct
                              Get          Get   Slps   Time       NoWait NoWait
Latch                       Requests      Miss  /Miss    (s)     Requests   Miss
------------------------ -------------- ------ ------ ------ ------------ ------
AQ deq hash table latch               1    0.0             0            0
ASM db client latch                 474    0.0             0            0
ASM map operation hash t              1    0.0             0            0
ASM network state latch               7    0.0             0            0
Change Notification Hash             35    0.0             0            0
Consistent RBA                      330    0.0             0            0
DML lock allocation                 972    0.0             0            0
Event Group Locks                     6    0.0             0            0
FOB s.o list latch                   18    0.0             0            0
File State Object Pool P              1    0.0             0            0
IPC stats buffer allocat              1    0.0             0            0
In memory undo latch                  1    0.0             0            0
JS Sh mem access                      1    0.0             0            0
JS queue access latch                 1    0.0             0            0
JS queue state obj latch            756    0.0             0            0
JS slv state obj latch               27    0.0             0            0
KFC FX Hash Latch                     1    0.0             0            0
KFC Hash Latch                        1    0.0             0            0
KFCL LE Freelist                      1    0.0             0            0
KGNFS-NFS:SHM structure               1    0.0             0            0
KGNFS-NFS:SVR LIST                    1    0.0             0            0
KJC message pool free li              1    0.0             0            0
KJCT flow control latch               1    0.0             0            0
KMG MMAN ready and start             36    0.0             0            0
KTF sga latch                         0                    0           32    0.0
KWQP Prop Status                      1    0.0             0            0
Locator state objects po              1    0.0             0            0
Lsod array latch                      1    0.0             0            0
MQL Tracking Latch                    0                    0            2    0.0
Memory Management Latch               1    0.0             0           36    0.0
Memory Queue                          1    0.0             0            0
Memory Queue Message Sub              1    0.0             0            0
Memory Queue Message Sub              1    0.0             0            0
Memory Queue Message Sub              1    0.0             0            0
Memory Queue Message Sub              1    0.0             0            0
Memory Queue Subscriber               1    0.0             0            0
Mutex                                 1    0.0             0            0
Mutex Stats                           1    0.0             0            0
OS process                           40    0.0             0            0
OS process allocation                62    0.0             0            0
OS process: request allo             10    0.0             0            0
PL/SQL warning settings              17    0.0             0            0
PX hash array latch                   1    0.0             0            0
QMT                                   1    0.0             0            0
Real-time plan statistic             14    0.0             0            0
SGA IO buffer pool latch            108    0.0             0          163    0.0
SGA blob parent                       1    0.0             0            0
SGA bucket locks                      1    0.0             0            0
SGA heap locks                        1    0.0             0            0
SGA pool locks                        1    0.0             0            0
Latch Activity  DB/Inst: ORCL/orcl  Snaps:   9-  10
->"Get Requests", "Pct Get Miss" and "Avg Slps/Miss" are statistics for
  willing-to-wait latch get requests
->"NoWait Requests", "Pct NoWait Miss" are for no-wait latch get requests
->"Pct Misses" for both should be very close to 0.0

                                           Pct    Avg   Wait                 Pct
                              Get          Get   Slps   Time       NoWait NoWait
Latch                       Requests      Miss  /Miss    (s)     Requests   Miss
------------------------ -------------- ------ ------ ------ ------------ ------
SQL memory manager latch              4    0.0             0           36    0.0
SQL memory manager worka          2,614    0.0             0            0
Shared B-Tree                         8    0.0             0            0
Streams Generic                       1    0.0             0            0
Testing                               1    0.0             0            0
Token Manager                         1    0.0             0            0
WCR: sync                             1    0.0             0            0
Write State Object Pool               1    0.0             0            0
XDB NFS Security Latch                1    0.0             0            0
XDB unused session pool               1    0.0             0            0
XDB used session pool                 1    0.0             0            0
active checkpoint queue             157    0.0             0            0
active service list                 234    0.0             0          216    0.0
buffer pool                           1    0.0             0            0
business card                         1    0.0             0            0
cache buffer handles                 34    0.0             0            0
cache buffers chains          5,934,338    0.0    0.0      0       33,626    0.0
cache buffers lru chain          15,532    0.0    0.0      0       45,488    0.0
cache table scan latch              138    0.0             0          138    0.0
call allocation                      67    0.0             0            0
cas latch                             1    0.0             0            0
change notification clie              1    0.0             0            0
channel handle pool latc             12    0.0             0            0
channel operations paren          3,194    0.0             0            0
checkpoint queue latch           17,343    0.0    0.0      0       23,236    0.0
client/application info              63    0.0             0            0
compile environment latc              7    0.0             0            0
cp cmon/server latch                  1    0.0             0            0
cp pool latch                         1    0.0             0            0
cp server hash latch                  1    0.0             0            0
cp sga latch                          7    0.0             0            0
cvmap freelist lock                   1    0.0             0            0
deferred cleanup latch                7    0.0             0            0
dml lock allocation                   7    0.0             0            0
done queue latch                      1    0.0             0            0
dummy allocation                     15    0.0             0            0
enqueue hash chains               6,258    0.0    0.0      0            0
enqueues                          3,756    0.0             0            0
fifth spare latch                     1    0.0             0            0
file cache latch                    215    0.0             0            0
flashback copy                        1    0.0             0            0
gc element                            1    0.0             0            0
gcs commit scn state                  1    0.0             0            0
gcs partitioned table ha              1    0.0             0            0
gcs pcm hashed value buc              1    0.0             0            0
gcs resource freelist                 1    0.0             0            0
gcs resource hash                     1    0.0             0            0
gcs resource scan list                1    0.0             0            0
gcs shadows freelist                  1    0.0             0            0
ges domain table                      1    0.0             0            0
Latch Activity  DB/Inst: ORCL/orcl  Snaps:   9-  10
->"Get Requests", "Pct Get Miss" and "Avg Slps/Miss" are statistics for
  willing-to-wait latch get requests
->"NoWait Requests", "Pct NoWait Miss" are for no-wait latch get requests
->"Pct Misses" for both should be very close to 0.0

                                           Pct    Avg   Wait                 Pct
                              Get          Get   Slps   Time       NoWait NoWait
Latch                       Requests      Miss  /Miss    (s)     Requests   Miss
------------------------ -------------- ------ ------ ------ ------------ ------
ges enqueue table freeli              1    0.0             0            0
ges group table                       1    0.0             0            0
ges process hash list                 1    0.0             0            0
ges process parent latch              1    0.0             0            0
ges resource hash list                1    0.0             0            0
ges resource scan list                1    0.0             0            0
ges resource table freel              1    0.0             0            0
ges value block free lis              1    0.0             0            0
global KZLD latch for me              1    0.0             0            0
global tx hash mapping                1    0.0             0            0
granule operation                     1    0.0             0            0
hash table column usage             263    0.0             0            1    0.0
heartbeat check                       1    0.0             0            0
intra txn parallel recov              1    0.0             0            0
io pool granule metadata              1    0.0             0            0
job workq parent latch                3    0.0             0            2    0.0
job_queue_processes free              4    0.0             0            0
job_queue_processes para             25    0.0             0            0
k2q lock allocation                   1    0.0             0            0
kcbtsemkid latch                      7    0.0             0            0
kdlx hb parent latch                  1    0.0             0            0
kgb parent                            1    0.0             0            0
kks stats                             7    0.0             0            0
kokc descriptor allocati              4    0.0             0            0
ksfv messages                         1    0.0             0            0
kss move lock                         1    0.0             0            0
ksuosstats global area               10    0.0             0            0
ksv allocation latch                  7    0.0             0            0
ksv class latch                       1    0.0             0            0
ksv msg queue latch                   1    0.0             0            0
ksz_so allocation latch              10    0.0             0            0
ktm global data                       2    0.0             0            0
kwqbsn:qsga                           7    0.0             0            0
lgwr LWN SCN                        328    0.0             0            0
list of block allocation            372    0.0             0            0
lob segment dispenser la              1    0.0             0            0
lob segment hash table l              3    0.0             0            0
lob segment query latch               1    0.0             0            0
lock DBA buffer during m              1    0.0             0            0
logical standby cache                 1    0.0             0            0
logminer context allocat              1    0.0             0            0
logminer work area                    1    0.0             0            0
longop free list parent               1    0.0             0            0
mapped buffers lru chain              1    0.0             0            0
message pool operations             595    0.0             0            0
messages                          3,732    0.0    1.0      0            0
mostly latch-free SCN               329    0.0             0            0
msg queue latch                       1    0.0             0            0
multiblock read objects             280    0.0             0            0
name-service namespace b              1    0.0             0            0
Latch Activity  DB/Inst: ORCL/orcl  Snaps:   9-  10
->"Get Requests", "Pct Get Miss" and "Avg Slps/Miss" are statistics for
  willing-to-wait latch get requests
->"NoWait Requests", "Pct NoWait Miss" are for no-wait latch get requests
->"Pct Misses" for both should be very close to 0.0

                                           Pct    Avg   Wait                 Pct
                              Get          Get   Slps   Time       NoWait NoWait
Latch                       Requests      Miss  /Miss    (s)     Requests   Miss
------------------------ -------------- ------ ------ ------ ------------ ------
ncodef allocation latch               7    0.0             0            0
object queue header heap            350    0.0             0            0
object queue header oper         75,078    0.0    0.0      0            0
object stats modificatio              5    0.0             0            0
parallel query alloc buf             17    0.0             0            0
parallel query stats                  1    0.0             0            0
parameter list                        2    0.0             0            0
parameter table manageme             14    0.0             0            0
peshm                                 1    0.0             0            0
pesom_free_list                       1    0.0             0            0
pesom_hash_node                       1    0.0             0            0
post/wait queue                     105    0.0             0           82    0.0
process allocation                   14    0.0             0            5    0.0
process group creation               10    0.0             0            0
process queue                         1    0.0             0            0
process queue reference               1    0.0             0            0
qmn task queue latch                 16    0.0             0            0
query server freelists                1    0.0             0            0
queued dump request                   1    0.0             0            0
queuing load statistics               1    0.0             0            0
recovery domain hash lis              1    0.0             0            0
redo allocation                   1,804    0.0             0    1,007,085    0.0
redo copy                             1    0.0             0    1,007,090    0.0
redo writing                      1,257    0.0             0            0
resmgr group change latc             14    0.0             0            0
resmgr:active threads                15    0.0             0            0
resmgr:actses change gro              4    0.0             0            0
resmgr:actses change sta              1    0.0             0            0
resmgr:free threads list             14    0.0             0            0
resmgr:plan CPU method                1    0.0             0            0
resmgr:resource group CP              1    0.0             0            0
resmgr:schema config                  1    0.0             0            0
resmgr:session queuing                1    0.0             0            0
rm cas latch                          1    0.0             0            0
row cache objects                 1,906    0.0             0            0
rules engine rule set st            100    0.0             0            0
second spare latch                    1    0.0             0            0
sequence cache                       12    0.0             0            0
session allocation                  109    0.0             0           36    0.0
session idle bit                    112    0.0             0            0
session queue latch                   1    0.0             0            0
session state list latch             16    0.0             0            0
session switching                    33    0.0             0            0
session timer                        40    0.0             0            0
shared pool                   1,000,900    0.0    0.0      0            0
shared pool sim alloc                 1    0.0             0            0
shared pool simulator                51    0.0             0            0
sim partition latch                   1    0.0             0            0
simulator hash latch             95,798    0.0             0            0
simulator lru latch              15,145    0.0    0.0      0       78,101    0.0
Latch Activity  DB/Inst: ORCL/orcl  Snaps:   9-  10
->"Get Requests", "Pct Get Miss" and "Avg Slps/Miss" are statistics for
  willing-to-wait latch get requests
->"NoWait Requests", "Pct NoWait Miss" are for no-wait latch get requests
->"Pct Misses" for both should be very close to 0.0

                                           Pct    Avg   Wait                 Pct
                              Get          Get   Slps   Time       NoWait NoWait
Latch                       Requests      Miss  /Miss    (s)     Requests   Miss
------------------------ -------------- ------ ------ ------ ------------ ------
sort extent pool                      8    0.0             0            0
space background task la             83    0.0             0           72    0.0
tablespace key chain                  3    0.0             0            0
test excl. parent l0                  1    0.0             0            0
test excl. parent2 l0                 1    0.0             0            0
third spare latch                     1    0.0             0            0
threshold alerts latch                2    0.0             0            0
transaction allocation               10    0.0             0            0
undo global data                 25,670    0.0             0            0
virtual circuit buffers               1    0.0             0            0
virtual circuit holder                1    0.0             0            0
virtual circuit queues                1    0.0             0            0
          -------------------------------------------------------------
Latch Sleep breakdown  DB/Inst: ORCL/orcl  Snaps:   9-  10
-> ordered by misses desc

                                       Get                                 Spin
Latch Name                        Requests       Misses      Sleeps        Gets
-------------------------- --------------- ------------ ----------- -----------
messages                             3,732            1           1           0
          -------------------------------------------------------------
Latch Miss Sources  DB/Inst: ORCL/orcl  Snaps:   9-  10
-> only latches with sleeps are shown
-> ordered by name, sleeps desc

                                                     NoWait              Waiter
Latch Name               Where                       Misses     Sleeps   Sleeps
------------------------ -------------------------- ------- ---------- --------
messages                 ksaamb: after wakeup             0          1        0
          -------------------------------------------------------------
Dictionary Cache Stats  DB/Inst: ORCL/orcl  Snaps:   9-  10
->"Pct Misses"  should be very low (< 2% in most cases)
->"Final Usage" is the number of cache entries being used in End Snapshot

                                   Get    Pct    Scan   Pct      Mod      Final
Cache                         Requests   Miss    Reqs  Miss     Reqs      Usage
------------------------- ------------ ------ ------- ----- -------- ----------
dc_awr_control                       2    0.0       0              0          1
dc_global_oids                       6    0.0       0              0        112
dc_histogram_defs                    5   20.0       0              0      5,272
dc_objects                          49    0.0       0              1      2,720
dc_profiles                          3    0.0       0              0          1
dc_rollback_segments                20    0.0       0              0         14
dc_segments                         27    0.0       0              0        890
dc_tablespaces                     120    0.0       0              0          6
dc_users                           336    0.0       0              0        145
global database name                76    0.0       0              0          1
          -------------------------------------------------------------


Library Cache Activity  DB/Inst: ORCL/orcl  Snaps:   9-  10
->"Pct Misses"  should be very low

                         Get  Pct        Pin        Pct               Invali-
Namespace           Requests  Miss     Requests     Miss     Reloads  dations
--------------- ------------ ------ -------------- ------ ---------- --------
SQL AREA                 486    0.2      1,002,865    0.0          5        1
TABLE/PROCEDURE           83    0.0            125    4.0          4        0
BODY                      39    0.0             61    0.0          0        0
TRIGGER                    6    0.0              6    0.0          0        0
QUEUE                      2    0.0              3    0.0          0        0
EDITION                    3    0.0              6    0.0          0        0
DBLINK                     2    0.0              0                 0        0
SCHEMA                     6    0.0              0                 0        0
          -------------------------------------------------------------
Rule Sets  DB/Inst: ORCL/orcl  Snaps:   9-  10
-> * indicates Rule Set activity (re)started between Begin/End snaps
-> Top 25 ordered by Evaluations desc

                                                               No-SQL  SQL
Rule                                *     Eval/sec Reloads/sec Eval % Eval %
----------------------------------- - ------------ ----------- ------ ------
SYS.ALERT_QUE_R                                  0           0      0      0
          -------------------------------------------------------------
Shared Pool Advisory  DB/Inst: ORCL/orcl  End Snap:   10
-> SP: Shared Pool     Est LC: Estimated Library Cache   Factr: Factor
-> Note there is often a 1:Many correlation between a single logical object
   in the Library Cache, and the physical number of memory objects associated
   with it.  Therefore comparing the number of Lib Cache objects (e.g. in
   v$librarycache), with the number of Lib Cache Memory Objects is invalid

                                        Est LC Est LC  Est LC Est LC
    Shared    SP   Est LC                 Time   Time    Load   Load      Est LC
      Pool  Size     Size       Est LC   Saved  Saved    Time   Time         Mem
  Size (M) Factr      (M)      Mem Obj     (s)  Factr     (s)  Factr    Obj Hits
---------- ----- -------- ------------ ------- ------ ------- ------ -----------
       112    .4        3          248   1,735    1.0     155    2.0       8,838
       144    .5       36        2,448   1,741    1.0     149    2.0      81,874
       176    .6       67        3,882   1,799    1.0      91    1.2      83,983
       208    .7       99        5,168   1,814    1.0      76    1.0      84,427
       240    .8      127        6,348   1,814    1.0      76    1.0      84,453
       272    .9      127        6,348   1,814    1.0      76    1.0      84,453
       304   1.0      127        6,348   1,814    1.0      76    1.0      84,453
       336   1.1      127        6,348   1,814    1.0      76    1.0      84,453
       368   1.2      127        6,348   1,814    1.0      76    1.0      84,453
       400   1.3      127        6,348   1,814    1.0      76    1.0      84,453
       432   1.4      127        6,348   1,814    1.0      76    1.0      84,453
       464   1.5      127        6,348   1,814    1.0      76    1.0      84,453
       496   1.6      127        6,348   1,814    1.0      76    1.0      84,453
       528   1.7      127        6,348   1,814    1.0      76    1.0      84,453
       560   1.8      127        6,348   1,814    1.0      76    1.0      84,453
       592   1.9      127        6,348   1,814    1.0      76    1.0      84,453
       624   2.1      127        6,348   1,814    1.0      76    1.0      84,453
          -------------------------------------------------------------
SGA Target Advisory  DB/Inst: ORCL/orcl  End Snap:   10

SGA Target SGA Size   Est DB      Est DB   Est Physical
  Size (M)   Factor Time (s) Time Factor          Reads
---------- -------- -------- ----------- --------------
       408       .5    1,149         1.0        108,213
       612       .8    1,108         1.0        100,500
       816      1.0    1,108         1.0        100,430
     1,020      1.3    1,107         1.0        100,309
     1,224      1.5    1,107         1.0        100,309
     1,428      1.8    1,107         1.0        100,309
     1,632      2.0    1,107         1.0        100,309
          -------------------------------------------------------------
SGA Memory Summary  DB/Inst: ORCL/orcl  Snaps:   9-  10

                                                        End Size (Bytes)
SGA regions                      Begin Size (Bytes)       (if different)
------------------------------ -------------------- --------------------
Database Buffers                        486,539,264
Fixed Size                                2,213,456
Redo Buffers                              7,958,528
Variable Size                           973,081,008
                               -------------------- --------------------
sum                                   1,469,792,256
          -------------------------------------------------------------


SGA breakdown difference  DB/Inst: ORCL/orcl  Snaps:   9-  10
-> Top 35 rows by size, ordered by Pool, Name (note rows with null values for
   Pool column, or Names showing free memory are always shown)
-> Null value for Begin MB or End MB indicates the size of that Pool/Name was
   insignificant, or zero in that snapshot

Pool   Name                                 Begin MB         End MB  % Diff
------ ------------------------------ -------------- -------------- --------
java p free memory                              16.0           16.0     0.00
large  PX msg pool                                .5             .5     0.00
large  free memory                              15.5           15.5     0.00
shared ASH buffers                               4.0            4.0     0.00
shared CCUR                                     14.0           14.0     0.06
shared FileOpenBlock                             9.8            9.8     0.00
shared KCB Table Scan Buffer                     4.0            4.0     0.00
shared KGLH0                                     8.0            8.0     0.00
shared KGLHD                                     6.3            6.3     0.00
shared KGLS                                     16.7           16.7     0.00
shared KGLSG                                     5.0            5.0     0.00
shared KQR M PO                                  3.1            3.1     0.02
shared KSFD SGA I/O b                            4.0            4.0     0.00
shared PCUR                                      7.8            7.8     0.00
shared PLDIA                                     4.0            4.0     0.68
shared PLMCD                                     6.4            6.4     0.00
shared SQLA                                     65.4           65.4     0.03
shared dbwriter coalesce buffer                  4.0            4.0     0.00
shared free memory                              75.6           75.6    -0.08
shared kglsim hash table bkts                    4.0            4.0     0.00
shared private strands                           3.5            3.5     0.00
shared row cache                                 7.2            7.2     0.00
       buffer_cache                            464.0          464.0     0.00
       fixed_sga                                 2.1            2.1     0.00
       log_buffer                                7.6            7.6     0.00
          -------------------------------------------------------------
SQL Memory Statistics  DB/Inst: ORCL/orcl  Snaps:   9-  10

                                   Begin            End         % Diff
                          -------------- -------------- --------------
   Avg Cursor Size (KB):           38.95          38.92           -.07
 Cursor to Parent ratio:            1.08           1.08           -.01
          Total Cursors:           1,947          1,949            .10
          Total Parents:           1,795          1,797            .11
          -------------------------------------------------------------
init.ora Parameters  DB/Inst: ORCL/orcl  Snaps:   9-  10

                                                                  End value
Parameter Name                Begin value                       (if different)
----------------------------- --------------------------------- --------------
audit_file_dest               /usr/oracle/app/admin/orcl/adump
audit_trail                   DB
compatible                    11.2.0.0.0
control_files                 /usr/oracle/app/oradata/orcl/cont
                              rol01.ctl, /usr/oracle/app/flash_
                              recovery_area/orcl/control02.ctl
db_block_size                 8192
db_domain                     kagamihogex61
db_name                       orcl
db_recovery_file_dest         /usr/oracle/app/flash_recovery_ar
                              ea
db_recovery_file_dest_size    5218762752
diagnostic_dest               /usr/oracle/app
dispatchers                   (PROTOCOL=TCP) (SERVICE=orclXDB)
local_listener
memory_max_target             1476395008
memory_target                 1476395008
nls_language                  JAPANESE
nls_territory                 JAPAN
open_cursors                  300
processes                     150
remote_login_passwordfile     EXCLUSIVE
undo_tablespace               UNDOTBS1
          -------------------------------------------------------------

End of Report (   sp_9_10.lst )

