
STATSPACK report for

Database    DB Id    Instance     Inst Num  Startup Time   Release     RAC
~~~~~~~~ ----------- ------------ -------- --------------- ----------- ---
          1383992479 orcl                1 15-1月 -15 15:3 11.2.0.1.0  NO
                                           4

Host Name             Platform                CPUs Cores Sockets   Memory (G)
~~~~ ---------------- ---------------------- ----- ----- ------- ------------
     kagamihogex61    Linux x86 64-bit           2     2       1          1.8

Snapshot       Snap Id     Snap Time      Sessions Curs/Sess Comment
~~~~~~~~    ---------- ------------------ -------- --------- ------------------
Begin Snap:         11 15-1月 -15 17:08:44      25       1.8
  End Snap:         12 15-1月 -15 17:09:35      25       1.8
   Elapsed:       0.85 (mins) Av Act Sess:       0.8
   DB time:       0.70 (mins)      DB CPU:       0.35 (mins)

Cache Sizes            Begin        End
~~~~~~~~~~~       ---------- ----------
    Buffer Cache:       464M              Std Block Size:         8K
     Shared Pool:       304M                  Log Buffer:     7,432K

Load Profile              Per Second    Per Transaction    Per Exec    Per Call
~~~~~~~~~~~~      ------------------  ----------------- ----------- -----------
      DB time(s):                0.8                8.4        0.17        1.07
       DB CPU(s):                0.4                4.2        0.09        0.54
       Redo size:        6,089,154.1       62,109,372.0
   Logical reads:           20,404.5          208,125.8
   Block changes:           39,579.7          403,713.0
  Physical reads:               76.5              780.4
 Physical writes:              300.8            3,068.0
      User calls:                0.8                7.8
          Parses:                4.5               45.6
     Hard parses:                0.0                0.4
W/A MB processed:                0.4                4.2
          Logons:                0.1                0.8
        Executes:                4.8               48.8
       Rollbacks:                0.0                0.0
    Transactions:                0.1

Instance Efficiency Indicators
~~~~~~~~~~~~~~~~~~~~~~~~~~~~~~
            Buffer Nowait %:  100.00       Redo NoWait %:   99.98
            Buffer  Hit   %:   99.63  Optimal W/A Exec %:  100.00
            Library Hit   %:   98.71        Soft Parse %:   99.12
         Execute to Parse %:    6.56         Latch Hit %:  100.00
Parse CPU to Parse Elapsd %:   50.00     % Non-Parse CPU:   99.90

 Shared Pool Statistics        Begin   End
                               ------  ------
             Memory Usage %:   75.36   75.36
    % SQL with executions>1:   66.70   66.70
  % Memory for SQL w/exec>1:   67.67   67.67

Top 5 Timed Events                                                    Avg %Total
~~~~~~~~~~~~~~~~~~                                                   wait   Call
Event                                            Waits    Time (s)   (ms)   Time
----------------------------------------- ------------ ----------- ------ ------
db file async I/O submit                            15          25   1640   26.3
log file parallel write                            504          22     43   23.4
CPU time                                                        21          22.5
log file switch (checkpoint incomplete)             10          14   1430   15.3
log buffer space                                    56           4     78    4.7
          -------------------------------------------------------------
Host CPU  (CPUs: 2  Cores: 2  Sockets: 1)
~~~~~~~~              Load Average
                      Begin     End      User  System    Idle     WIO     WCPU
                    ------- -------   ------- ------- ------- ------- --------
                       0.86    1.15     19.61    3.04   77.23    7.08

Instance CPU
~~~~~~~~~~~~                                       % Time (seconds)
                                            -------- --------------
                     Host: Total time (s):                    101.9
                  Host: Busy CPU time (s):                     23.2
                   % of time Host is Busy:      22.8
             Instance: Total CPU time (s):                     23.0
          % of Busy CPU used for Instance:      99.4
        Instance: Total Database time (s):                     94.0
  %DB time waiting for CPU (Resource Mgr):       0.0

Memory Statistics                       Begin          End
~~~~~~~~~~~~~~~~~                ------------ ------------
                  Host Mem (MB):      1,836.0      1,836.0
                   SGA use (MB):      1,401.7      1,401.7
                   PGA use (MB):         96.8         96.7
    % Host Mem used for SGA+PGA:         81.6         81.6
          -------------------------------------------------------------

Time Model System Stats  DB/Inst: ORCL/orcl  Snaps:   11-  12
-> Ordered by % of DB time desc, Statistic name

Statistic                                       Time (s) % DB time
----------------------------------- -------------------- ---------
sql execute elapsed time                            41.6      99.2
DB CPU                                              21.1      50.4
connection management call elapsed                   0.1        .2
parse time elapsed                                   0.0        .1
hard parse elapsed time                              0.0        .0
PL/SQL execution elapsed time                        0.0        .0
repeated bind elapsed time                           0.0        .0
DB time                                             41.9
background elapsed time                             52.1
background cpu time                                  1.9
          -------------------------------------------------------------
Foreground Wait Events  DB/Inst: ORCL/orcl  Snaps:   11-  12
-> Only events with Total Wait Time (s) >= .001 are shown
-> ordered by Total Wait Time desc, Waits desc (idle events last)

                                                             Avg          %Total
                                          %Tim Total Wait   wait    Waits   Call
Event                               Waits  out   Time (s)   (ms)     /txn   Time
---------------------------- ------------ ---- ---------- ------ -------- ------
log file switch (checkpoint            10    0         14   1430      2.0   15.3
log buffer space                       56    0          4     78     11.2    4.7
log file switch completion              8    0          2    206      1.6    1.8
log file sync                           5    0          0     63      1.0     .3
db file sequential read               285    0          0      0     57.0     .1
db file scattered read                134    0          0      0     26.8     .0
control file sequential read          268    0          0      0     53.6     .0
jobq slave wait                        87  100         44    501     17.4
SQL*Net message from client            18    0         14    766      3.6
          -------------------------------------------------------------

Background Wait Events  DB/Inst: ORCL/orcl  Snaps:   11-  12
-> Only events with Total Wait Time (s) >= .001 are shown
-> ordered by Total Wait Time desc, Waits desc (idle events last)

                                                             Avg          %Total
                                          %Tim Total Wait   wait    Waits   Call
Event                               Waits  out   Time (s)   (ms)     /txn   Time
---------------------------- ------------ ---- ---------- ------ -------- ------
db file async I/O submit               15    0         25   1640      3.0   26.3
log file parallel write               504    0         22     43    100.8   23.4
control file parallel write           120    0          4     33     24.0    4.2
enq: CF - contention                    7    0          1    115      1.4     .9
db file single write                   20    0          0     13      4.0     .3
log file single write                  14    0          0     17      2.8     .3
os thread startup                       2    0          0     37      0.4     .1
control file sequential read        1,224    0          0      0    244.8     .0
rdbms ipc message                     533   37        523    980    106.6
DIAG idle wait                        103  100        103   1001     20.6
shared server idle wait                 2  100         60  30008      0.4
Streams AQ: qmn slave idle w            2    0         56  28009      0.4
Streams AQ: qmn coordinator             4   50         56  14004      0.8
pmon timer                             33   48         51   1555      6.6
Space Manager: slave idle wa           10  100         50   5001      2.0
SQL*Net message from client             4    0          0      1      0.8
          -------------------------------------------------------------

Wait Events (fg and bg) DB/Inst: ORCL/orcl  Snaps:   11-  12
-> s - second, cs - centisecond,  ms - millisecond, us - microsecond
-> %Timeouts:  value of 0 indicates value was < .5%.  Value of null is truly 0
-> Only events with Total Wait Time (s) >= .001 are shown
-> ordered by Total Wait Time desc, Waits desc (idle events last)

                                                             Avg          %Total
                                          %Tim Total Wait   wait    Waits   Call
Event                               Waits  out   Time (s)   (ms)     /txn   Time
---------------------------- ------------ ---- ---------- ------ -------- ------
db file async I/O submit               15    0         25   1640      3.0   26.3
log file parallel write               504    0         22     43    100.8   23.4
log file switch (checkpoint            10    0         14   1430      2.0   15.3
log buffer space                       56    0          4     78     11.2    4.7
control file parallel write           120    0          4     33     24.0    4.2
log file switch completion              8    0          2    206      1.6    1.8
enq: CF - contention                    7    0          1    115      1.4     .9
log file sync                           5    0          0     63      1.0     .3
db file single write                   20    0          0     13      4.0     .3
log file single write                  14    0          0     17      2.8     .3
db file sequential read               309    0          0      0     61.8     .1
os thread startup                       2    0          0     37      0.4     .1
db file scattered read                135    0          0      0     27.0     .0
control file sequential read        1,492    0          0      0    298.4     .0
rdbms ipc message                     533   37        523    980    106.6
DIAG idle wait                        103  100        103   1001     20.6
shared server idle wait                 2  100         60  30008      0.4
Streams AQ: qmn slave idle w            2    0         56  28009      0.4
Streams AQ: qmn coordinator             4   50         56  14004      0.8
pmon timer                             33   48         51   1555      6.6
Space Manager: slave idle wa           10  100         50   5001      2.0
jobq slave wait                        87  100         44    501     17.4
SQL*Net message from client            22    0         14    627      4.4
          -------------------------------------------------------------
Wait Event Histogram  DB/Inst: ORCL/orcl  Snaps:   11-  12
-> Total Waits - units: K is 1000, M is 1000000, G is 1000000000
-> % of Waits - column heading: <=1s is truly <1024ms, >1s is truly >=1024ms
-> % of Waits - value: .0 indicates value was <.05%, null is truly 0
-> Ordered by Event (idle events last)

                           Total ----------------- % of Waits ------------------
Event                      Waits  <1ms  <2ms  <4ms  <8ms <16ms <32ms  <=1s   >1s
-------------------------- ----- ----- ----- ----- ----- ----- ----- ----- -----
Disk file operations I/O      8  100.0
LGWR wait for redo copy      62  100.0
asynch descriptor resize      8  100.0
control file parallel writ  120                           20.0  50.0  30.0
control file sequential re 1492  100.0
db file async I/O submit     15                                       46.7  53.3
db file scattered read      135  100.0
db file sequential read     300   96.7         1.0    .3   2.0
db file single write         20                           80.0  20.0
enq: CF - contention          7   28.6                                71.4
log buffer space             56    3.6   3.6   5.4   3.6   3.6   8.9  71.4
log file parallel write     504   50.0                .2    .6    .6  48.6
log file sequential read     14  100.0
log file single write        14                           64.3  21.4  14.3
log file switch (checkpoin   10                                       80.0  20.0
log file switch completion    8                                      100.0
log file sync                 5                     20.0              80.0
os thread startup             2                                 50.0  50.0
DIAG idle wait              103                                      100.0
SQL*Net message from clien   22   72.7   9.1               4.5         4.5   9.1
SQL*Net message to client    21  100.0
Space Manager: slave idle    10                                            100.0
Streams AQ: qmn coordinato    4   50.0                                      50.0
Streams AQ: qmn slave idle    2                                            100.0
jobq slave wait              86                                      100.0
pmon timer                   33   12.1   3.0         3.0         6.1  18.2  57.6
rdbms ipc message           534    7.5    .4    .7   1.5  12.4  12.5  36.9  28.1
shared server idle wait       2                                            100.0
          -------------------------------------------------------------

SQL ordered by CPU  DB/Inst: ORCL/orcl  Snaps:   11-  12
-> Total DB CPU (s):              21
-> Captured SQL accounts for    4.8% of Total DB CPU
-> SQL reported below exceeded  1.0% of Total DB CPU

    CPU                  CPU per             Elapsd                     Old
  Time (s)   Executions  Exec (s)  %Total   Time (s)    Buffer Gets  Hash Value
---------- ------------ ---------- ------ ---------- --------------- ----------
      0.98            1       0.98    4.6       1.09           2,099 2522684317
Module: SQL*Plus
BEGIN statspack.snap; END;

          -------------------------------------------------------------
SQL ordered by Elapsed time for DB: ORCL  Instance: orcl  Snaps:   11 -  12
-> Total DB Time (s):              42
-> Captured SQL accounts for    2.8% of Total DB Time
-> SQL reported below exceeded  1.0% of Total DB Time

  Elapsed                Elap per            CPU                        Old
  Time (s)   Executions  Exec (s)  %Total   Time (s)  Physical Reads Hash Value
---------- ------------ ---------- ------ ---------- --------------- ----------
      9.79            0              23.4       0.09           3,606 1325200857
Module: SQL Developer
UPDATE tests SET column1 = '99999999990000000000'

      1.09            1       1.09    2.6       0.98             354 2522684317
Module: SQL*Plus
BEGIN statspack.snap; END;

          -------------------------------------------------------------
SQL ordered by Gets  DB/Inst: ORCL/orcl  Snaps:   11-  12
-> End Buffer Gets Threshold:     10000 Total Buffer Gets:       1,040,629
-> Captured SQL accounts for    0.1% of Total Buffer Gets
-> SQL reported below exceeded  1.0% of Total Buffer Gets

                                                     CPU      Elapsd     Old
  Buffer Gets    Executions  Gets per Exec  %Total Time (s)  Time (s) Hash Value
--------------- ------------ -------------- ------ -------- --------- ----------
      1,038,139            0                  99.8     0.09      9.79 1325200857
Module: SQL Developer
UPDATE tests SET column1 = '99999999990000000000'

          -------------------------------------------------------------
SQL ordered by Reads  DB/Inst: ORCL/orcl  Snaps:   11-  12
-> End Disk Reads Threshold:      1000  Total Disk Reads:           3,902
-> Captured SQL accounts for    0.5% of Total Disk Reads
-> SQL reported below exceeded  1.0% of Total Disk Reads

                                                     CPU      Elapsd
  Physical Rds   Executions  Rds per Exec   %Total Time (s)  Time (s) Hash Value
--------------- ------------ -------------- ------ -------- --------- ----------
          3,606            0                  92.4     0.09      9.79 1325200857
Module: SQL Developer
UPDATE tests SET column1 = '99999999990000000000'

            354            1          354.0    9.1     0.98      1.09 2522684317
Module: SQL*Plus
BEGIN statspack.snap; END;

          -------------------------------------------------------------
SQL ordered by Executions  DB/Inst: ORCL/orcl  Snaps:   11-  12
-> End Executions Threshold:       100  Total Executions:             244
-> Captured SQL accounts for   63.9% of Total Executions
-> SQL reported below exceeded  1.0% of Total Executions

                                                CPU per    Elap per     Old
 Executions   Rows Processed   Rows per Exec    Exec (s)   Exec (s)  Hash Value
------------ --------------- ---------------- ----------- ---------- ----------
          70              70              1.0       0.00        0.00  1254950678
select file# from file$ where ts#=:1

          49              73              1.5       0.00        0.00  2275360153
select /*+ connect_by_filtering */ privilege#,level from sysauth
$ connect by grantee#=prior privilege# and privilege#>0 start wi
th grantee#=:1 and privilege#>0

          11               1              0.1       0.00        0.00  1178168971
select job, nvl2(last_date, 1, 0) from sys.job$ where (((:1 <= n
ext_date) and (next_date <= :2))    or  ((last_date is null) and
 (next_date < :3))) and (field1 = :4 or (field1 = 0 and 'Y' = :5
)) and (this_date is null) and ((dbms_logstdby.db_is_logstdby =

           3               1              0.3       0.00        0.01  1579866226
Module: SQL Developer
select child_number from v$sql   where sql_id = :1     order by
child_number

          -------------------------------------------------------------
SQL ordered by Parse Calls  DB/Inst: ORCL/orcl  Snaps:   11-  12
-> End Parse Calls Threshold:      1000 Total Parse Calls:             228
-> Captured SQL accounts for   59.6% of Total Parse Calls
-> SQL reported below exceeded  1.0% of Total Parse Calls

                           % Total    Old
 Parse Calls   Executions   Parses Hash Value
------------ ------------ -------- ----------
          70           70    30.70 1254950678
select file# from file$ where ts#=:1

          49           49    21.49 2275360153
select /*+ connect_by_filtering */ privilege#,level from sysauth
$ connect by grantee#=prior privilege# and privilege#>0 start wi
th grantee#=:1 and privilege#>0

           3            3     1.32 1579866226
Module: SQL Developer
select child_number from v$sql   where sql_id = :1     order by
child_number

          -------------------------------------------------------------
SQL ordered by Sharable Memory  DB/Inst: ORCL/orcl  Snaps:   11-  12
-> End Sharable Memory Threshold(KB):      1024

    Max         End
 Sharable    Sharable                                        Old
Memory (KB) Memory (KB)  Parse Calls  Executions  % Total Hash Value
----------- ----------- ------------ ------------ ------- ----------
      4,159       4,159            0            0     1.3 1462056456
Module: SQL Developer
SELECT /*+rule*/ SYS_XMLGEN(VALUE(KU$), XMLFORMAT.createFormat2(
'TABLE_T', '7')), KU$.OBJ_NUM FROM SYS.KU$_HTABLE_VIEW KU$ WHERE
 NOT (BITAND (KU$.PROPERTY,8192)=8192) AND  NOT BITAND(KU$.SCHEM
A_OBJ.FLAGS,128)!=0 AND  KU$.SCHEMA_OBJ.NAME=:NAME1 AND  KU$.SCH

      2,391       2,391            0            0     0.8 2121941960
Module: SQL Developer
/*+ NO_SQL_TRANSLATION */select table_owner, table_name from all
_synonyms  where owner in (user,'PUBLIC') and synonym_name=:1
and not exists (  select user, object_name from user_objects  wh
ere object_name=:2  and object_type in ('TABLE','VIEW'))

      2,337       2,337            0            0     0.8  765688921
Module: SQL Developer
select distinct t.table_name, t.num_rows, ao.status,   (select c
ount(*) from sys.Dba_tab_columns c where t.table_name = c.table_
name and t.owner = c.owner) columns,   (select comments from sys
.Dba_tab_comments c where t.table_name = c.table_name and t.owne

      1,092       1,092            0            0     0.4 2815042600
Module: SQL Developer
/*+ NO_SQL_TRANSLATION */SELECT 'ARGUMENT' type, null owner,  a.
owner||'.'||a.package_name||'.'||a.object_name||'.'||a.overload
object_name,  a.argument_name||' '||a.data_type column_name, a.p
osition column_id, null data_type  FROM all_arguments a, all_obj

          -------------------------------------------------------------
Instance Activity Stats  DB/Inst: ORCL/orcl  Snaps:   11-  12

Statistic                                      Total     per Second    per Trans
--------------------------------- ------------------ -------------- ------------
Batched IO (bound) vector count                    0            0.0          0.0
Batched IO (full) vector count                     0            0.0          0.0
Batched IO block miss count                        0            0.0          0.0
Batched IO buffer defrag count                     0            0.0          0.0
Batched IO double miss count                       0            0.0          0.0
Batched IO same unit count                         0            0.0          0.0
Batched IO single block count                      0            0.0          0.0
Batched IO vector block count                      0            0.0          0.0
Batched IO vector read count                       0            0.0          0.0
Block Cleanout Optim referenced                    2            0.0          0.4
CCursor + sql area evicted                         0            0.0          0.0
CPU used by this session                       2,104           41.3        420.8
CPU used when call started                     2,101           41.2        420.2
CR blocks created                                  0            0.0          0.0
Cached Commit SCN referenced                   3,660           71.8        732.0
Commit SCN cached                                  1            0.0          0.2
DB time                                       10,199          200.0      2,039.8
DBWR checkpoint buffers written               15,340          300.8      3,068.0
DBWR checkpoints                                   7            0.1          1.4
DBWR object drop buffers written                   0            0.0          0.0
DBWR tablespace checkpoint buffer                  0            0.0          0.0
DBWR thread checkpoint buffers wr             15,340          300.8      3,068.0
DBWR transaction table writes                      8            0.2          1.6
DBWR undo block writes                        12,391          243.0      2,478.2
HSC Heap Segment Block Changes             1,000,083       19,609.5    200,016.6
Heap Segment Array Inserts                        76            1.5         15.2
Number of read IOs issued                          0            0.0          0.0
RowCR - row contention                             0            0.0          0.0
RowCR attempts                                     1            0.0          0.2
RowCR hits                                         1            0.0          0.2
SMON posted for undo segment shri                  0            0.0          0.0
SQL*Net roundtrips to/from client                 18            0.4          3.6
TBS Extension: tasks created                       0            0.0          0.0
active txn count during cleanout                  57            1.1         11.4
application wait time                              0            0.0          0.0
auto extends on undo tablespace                    0            0.0          0.0
background checkpoints completed                   5            0.1          1.0
background checkpoints started                     7            0.1          1.4
background timeouts                              211            4.1         42.2
buffer is not pinned count                       501            9.8        100.2
buffer is pinned count                       996,679       19,542.7    199,335.8
bytes received via SQL*Net from c              4,526           88.8        905.2
bytes sent via SQL*Net to client               5,337          104.7      1,067.4
calls to get snapshot scn: kcmgss                267            5.2         53.4
calls to kcmgas                               20,391          399.8      4,078.2
calls to kcmgcs                                  314            6.2         62.8
cell physical IO interconnect byt        507,746,304    9,955,809.9 ############
change write time                              1,043           20.5        208.6
cleanout - number of ktugct calls                 63            1.2         12.6
cleanouts and rollbacks - consist                  0            0.0          0.0
cleanouts only - consistent read                   1            0.0          0.2
cluster key scan block gets                        0            0.0          0.0
cluster key scans                                  0            0.0          0.0
commit batch/immediate performed                   0            0.0          0.0
commit batch/immediate requested                   0            0.0          0.0
commit cleanout failures: block l                  0            0.0          0.0
Instance Activity Stats  DB/Inst: ORCL/orcl  Snaps:   11-  12

Statistic                                      Total     per Second    per Trans
--------------------------------- ------------------ -------------- ------------
commit cleanout failures: buffer                   0            0.0          0.0
commit cleanout failures: callbac                  9            0.2          1.8
commit cleanouts                               3,768           73.9        753.6
commit cleanouts successfully com              3,759           73.7        751.8
commit immediate performed                         0            0.0          0.0
commit immediate requested                         0            0.0          0.0
commit txn count during cleanout                  31            0.6          6.2
concurrency wait time                              8            0.2          1.6
consistent changes                                 0            0.0          0.0
consistent gets                                4,736           92.9        947.2
consistent gets - examination                    268            5.3         53.6
consistent gets direct                             0            0.0          0.0
consistent gets from cache                     4,736           92.9        947.2
consistent gets from cache (fastp              4,181           82.0        836.2
cursor authentications                             0            0.0          0.0
data blocks consistent reads - un                  0            0.0          0.0
db block changes                           2,018,565       39,579.7    403,713.0
db block gets                              1,035,893       20,311.6    207,178.6
db block gets direct                               0            0.0          0.0
db block gets from cache                   1,035,893       20,311.6    207,178.6
db block gets from cache (fastpat                798           15.7        159.6
deferred (CURRENT) block cleanout                 97            1.9         19.4
dirty buffers inspected                            0            0.0          0.0
enqueue conversions                               25            0.5          5.0
enqueue releases                               1,025           20.1        205.0
enqueue requests                               1,025           20.1        205.0
enqueue timeouts                                   0            0.0          0.0
enqueue waits                                      7            0.1          1.4
execute count                                    244            4.8         48.8
file io service time                               0            0.0          0.0
file io wait time                         24,691,015      484,137.6  4,938,203.0
free buffer inspected                              0            0.0          0.0
free buffer requested                         24,307          476.6      4,861.4
global undo segment hints helped                   0            0.0          0.0
heap block compress                                0            0.0          0.0
hot buffers moved to head of LRU                   0            0.0          0.0
immediate (CR) block cleanout app                  1            0.0          0.2
immediate (CURRENT) block cleanou                 65            1.3         13.0
index crx upgrade (positioned)                     0            0.0          0.0
index fast full scans (full)                      21            0.4          4.2
index fetch by key                               175            3.4         35.0
index scans kdiixs1                              136            2.7         27.2
leaf node 90-10 splits                             0            0.0          0.0
leaf node splits                                  25            0.5          5.0
lob reads                                          0            0.0          0.0
lob writes                                         0            0.0          0.0
lob writes unaligned                               0            0.0          0.0
logons cumulative                                  4            0.1          0.8
max cf enq hold time                               0            0.0          0.0
messages received                                436            8.6         87.2
messages sent                                    436            8.6         87.2
min active SCN optimization appli                  0            0.0          0.0
no work - consistent read gets                 4,111           80.6        822.2
non-idle wait count                            3,092           60.6        618.4
non-idle wait time                             7,257          142.3      1,451.4
opened cursors cumulative                        229            4.5         45.8
Instance Activity Stats  DB/Inst: ORCL/orcl  Snaps:   11-  12

Statistic                                      Total     per Second    per Trans
--------------------------------- ------------------ -------------- ------------
parse count (describe)                             0            0.0          0.0
parse count (failures)                             0            0.0          0.0
parse count (hard)                                 2            0.0          0.4
parse count (total)                              228            4.5         45.6
parse time cpu                                     2            0.0          0.4
parse time elapsed                                 4            0.1          0.8
physical read IO requests                        404            7.9         80.8
physical read bytes                       31,965,184      626,768.3  6,393,036.8
physical read total IO requests                1,930           37.8        386.0
physical read total bytes                 56,581,120    1,109,433.7 ############
physical read total multi block r                 58            1.1         11.6
physical reads                                 3,902           76.5        780.4
physical reads cache                           3,902           76.5        780.4
physical reads cache prefetch                  3,498           68.6        699.6
physical reads direct                              0            0.0          0.0
physical reads direct (lob)                        0            0.0          0.0
physical reads direct temporary t                  0            0.0          0.0
physical reads prefetch warmup                     0            0.0          0.0
physical write IO requests                    10,619          208.2      2,123.8
physical write bytes                     125,665,280    2,464,025.1 ############
physical write total IO requests              11,420          223.9      2,284.0
physical write total bytes               451,165,184    8,846,376.2 ############
physical write total multi block                 692           13.6        138.4
physical writes                               15,340          300.8      3,068.0
physical writes direct                             0            0.0          0.0
physical writes direct (lob)                       0            0.0          0.0
physical writes direct temporary                   0            0.0          0.0
physical writes from cache                    15,340          300.8      3,068.0
physical writes non checkpoint                15,324          300.5      3,064.8
pinned buffers inspected                           0            0.0          0.0
pinned cursors current                             0            0.0          0.0
prefetch warmup blocks aged out b                  0            0.0          0.0
prefetched blocks aged out before                  0            0.0          0.0
process last non-idle time                        51            1.0         10.2
recursive calls                                1,910           37.5        382.0
recursive cpu usage                              105            2.1         21.0
redo blocks checksummed by FG (ex              1,902           37.3        380.4
redo blocks written                          627,728       12,308.4    125,545.6
redo buffer allocation retries                    86            1.7         17.2
redo entries                               1,001,152       19,630.4    200,230.4
redo log space requests                          187            3.7         37.4
redo log space wait time                       1,595           31.3        319.0
redo ordering marks                           16,734          328.1      3,346.8
redo size                                310,546,860    6,089,154.1 ############
redo size for direct writes                        0            0.0          0.0
redo subscn max counts                        16,829          330.0      3,365.8
redo synch time                                   32            0.6          6.4
redo synch writes                                  5            0.1          1.0
redo wastage                                  51,284        1,005.6     10,256.8
redo write time                                2,191           43.0        438.2
redo writes                                      252            4.9         50.4
rollback changes - undo records a                  0            0.0          0.0
rollbacks only - consistent read                   0            0.0          0.0
rows fetched via callback                          6            0.1          1.2
session connect time                               0            0.0          0.0
session cursor cache hits                        124            2.4         24.8
Instance Activity Stats  DB/Inst: ORCL/orcl  Snaps:   11-  12

Statistic                                      Total     per Second    per Trans
--------------------------------- ------------------ -------------- ------------
session logical reads                      1,040,629       20,404.5    208,125.8
session pga memory                        16,589,144      325,277.3  3,317,828.8
session uga memory                     4,295,167,744   84,218,975.4 ############
session uga memory max                     9,271,872      181,801.4  1,854,374.4
shared hash latch upgrades - no w                 94            1.8         18.8
sorts (memory)                                   169            3.3         33.8
sorts (rows)                                   4,105           80.5        821.0
sql area evicted                                   0            0.0          0.0
sql area purged                                    0            0.0          0.0
summed dirty queue length                          0            0.0          0.0
switch current to new buffer                   3,599           70.6        719.8
table fetch by rowid                              81            1.6         16.2
table fetch continued row                          0            0.0          0.0
table scan blocks gotten                       3,753           73.6        750.6
table scan rows gotten                     1,019,100       19,982.4    203,820.0
table scans (direct read)                          0            0.0          0.0
table scans (long tables)                          1            0.0          0.2
table scans (short tables)                        26            0.5          5.2
temp space allocated (bytes)                       0            0.0          0.0
total cf enq hold time                         3,590           70.4        718.0
total number of cf enq holders                   160            3.1         32.0
total number of times SMON posted                  0            0.0          0.0
transaction rollbacks                              0            0.0          0.0
undo change vector size                  132,337,808    2,594,859.0 ############
user I/O wait time                                36            0.7          7.2
user calls                                        39            0.8          7.8
user commits                                       5            0.1          1.0
user rollbacks                                     0            0.0          0.0
workarea executions - optimal                    122            2.4         24.4
write clones created in backgroun                  0            0.0          0.0
write clones created in foregroun                  7            0.1          1.4
          -------------------------------------------------------------

Instance Activity Stats  DB/Inst: ORCL/orcl  Snaps:   11-  12
-> Statistics with absolute values (should not be diffed)

Statistic                             Begin Value       End Value
--------------------------------- --------------- ---------------
logons current                                 25              25
opened cursors current                         46              46
session cursor cache count                  8,783           8,877
          -------------------------------------------------------------

Instance Activity Stats  DB/Inst: ORCL/orcl  Snaps:   11-  12
-> Statistics identified by '(derived)' come from sources other than SYSSTAT

Statistic                                      Total  per Hour
--------------------------------- ------------------ ---------
log switches (derived)                             7    494.12
          -------------------------------------------------------------

OS Statistics  DB/Inst: ORCL/orcl  Snaps:   11-  12
-> ordered by statistic type (CPU use, Virtual Memory, Hardware Config), Name

Statistic                                  Total
------------------------- ----------------------
BUSY_TIME                                  2,319
IDLE_TIME                                  7,867
IOWAIT_TIME                                  721
NICE_TIME                                      0
SYS_TIME                                     310
USER_TIME                                  1,997
PHYSICAL_MEMORY_BYTES              1,925,197,824
NUM_CPUS                                       2
NUM_CPU_CORES                                  2
NUM_CPU_SOCKETS                                1
GLOBAL_RECEIVE_SIZE_MAX                4,194,304
GLOBAL_SEND_SIZE_MAX                   1,048,576
TCP_RECEIVE_SIZE_DEFAULT                  87,380
TCP_RECEIVE_SIZE_MAX                   4,194,304
TCP_RECEIVE_SIZE_MIN                       4,096
TCP_SEND_SIZE_DEFAULT                     16,384
TCP_SEND_SIZE_MAX                      4,194,304
TCP_SEND_SIZE_MIN                          4,096
          -------------------------------------------------------------

OS Statistics - detail  DB/Inst: ORCL/orcl  Snaps:   11-  12

  Snap Snapshot
    Id Day Time          Load  %Busy  %User %System   %WIO  %WCPU
------ --------------- ------ ------ ------ ------- ------ ------
    11 木 15 17:08:44      .9
    12 木 15 17:09:35     1.1   22.8   19.6     3.0    7.1
          -------------------------------------------------------------
IO Stat by Function - summary  DB/Inst: ORCL/orcl  Snaps:   11-  12
->Data Volume values suffixed with   M,G,T,P are in multiples of 1024,
  other values suffixed with       K,M,G,T,P are in multiples of 1000
->ordered by Data Volume (Read+Write) desc

               ---------- Read --------- --------- Write -------- --- Wait ----
                 Data  Requests    Data   Data  Requests    Data          Avg
Function        Volume     /sec  Vol/sec Volume     /sec  Vol/sec  Count Tm(ms)
--------------- ------ -------- -------- ------ -------- -------- ------ ------
LGWR               17M    22.4       .3M   307M    13.4      6.0M  1547     0.0
Buffer Cache Re    31M     9.6       .6M                            491     0.0
Others              5M     7.5       .1M     2M     2.4       .0M   505     0.0
          -------------------------------------------------------------

IO Stat by Function - detail  DB/Inst: ORCL/orcl  Snaps:   11-  12
->ordered by Data Volume (Read+Write) desc

                   ----------- Read ---------- ----------- Write ---------
                    Small  Large  Small  Large  Small  Large  Small  Large
                     Read   Read   Data   Data  Write  Write   Data   Data
Function             Reqs   Reqs   Read   Read   Reqs   Reqs  Writn  Writn
------------------ ------ ------ ------ ------ ------ ------ ------ ------
LGWR                1141            17M          289    392      3M   304M
Buffer Cache Reads   433     58      7M    24M
Others               385             5M          120             2M
          -------------------------------------------------------------
Tablespace IO Stats  DB/Inst: ORCL/orcl  Snaps:   11-  12
->ordered by IOs (Reads + Writes) desc

Tablespace
------------------------------
                 Av      Av     Av                    Av        Buffer Av Buf
         Reads Reads/s Rd(ms) Blks/Rd       Writes Writes/s      Waits Wt(ms)
-------------- ------- ------ ------- ------------ -------- ---------- ------
UNDOTBS1
            13       0    0.0     1.0        8,773      172          0    0.0
USERS
           155       3    0.1    23.2        1,683       33          0    0.0
SYSAUX
           303       6    0.3     1.2          162        3          0    0.0
SYSTEM
            15       0    0.7     1.1            1        0          0    0.0
          -------------------------------------------------------------
File IO Stats  DB/Inst: ORCL/orcl  Snaps:   11-  12
->Mx Rd Bkt: Max bucket time for single block read
->ordered by Tablespace, File

Tablespace               Filename
------------------------ ----------------------------------------------------
                        Av   Mx                                             Av
                 Av     Rd   Rd    Av                    Av        Buffer BufWt
         Reads Reads/s (ms)  Bkt Blks/Rd       Writes Writes/s      Waits  (ms)
-------------- ------- ----- --- ------- ------------ -------- ---------- ------
SYSAUX                   /usr/oracle/app/oradata/orcl/sysaux01.dbf
           303       6   0.3  16     1.2          162        3          0

SYSTEM                   /usr/oracle/app/oradata/orcl/system01.dbf
            15       0   0.7   1     1.1            1        0          0

UNDOTBS1                 /usr/oracle/app/oradata/orcl/undotbs01.dbf
            13       0   0.0   1     1.0        8,773      172          0

USERS                    /usr/oracle/app/oradata/orcl/users01.dbf
           155       3   0.1   1    23.2        1,683       33          0

          -------------------------------------------------------------
File Read Histogram Stats  DB/Inst: ORCL/orcl  Snaps:   11-  12
->Number of single block reads in each time range
->Tempfiles are not included
->ordered by Tablespace, File

Tablespace               Filename
------------------------ ----------------------------------------------------
    0 - 2 ms     2 - 4 ms    4 - 8 ms     8 - 16 ms   16 - 32 ms       32+ ms
------------ ------------ ------------ ------------ ------------ ------------
USERS                    /usr/oracle/app/oradata/orcl/users01.dbf
          28            0            0            0            0            0

SYSTEM                   /usr/oracle/app/oradata/orcl/system01.dbf
          14            0            0            0            0            0

UNDOTBS1                 /usr/oracle/app/oradata/orcl/undotbs01.dbf
          13            0            0            0            0            0

SYSAUX                   /usr/oracle/app/oradata/orcl/sysaux01.dbf
         282            2            1            6            0            0

          -------------------------------------------------------------
Instance Recovery Stats  DB/Inst: ORCL/orcl  Snaps:   11-  12
-> B: Begin snapshot,  E: End snapshot

  Targt Estd                                  Log File  Log Ckpt    Log Ckpt
  MTTR  MTTR   Recovery   Actual    Target      Size     Timeout    Interval
   (s)   (s)   Estd IOs  Redo Blks Redo Blks Redo Blks  Redo Blks  Redo Blks
- ----- ----- ---------- --------- --------- ---------- --------- ------------
B     0    16        272        16    165888     165888    391264
E     0    35       5536    164714    165888     165888    385628
          -------------------------------------------------------------
Memory Target Advice  DB/Inst: ORCL/orcl  Snaps:   11-  12
-> Advice Reset: if this is null, the data shown has been diffed between
   the Begin and End snapshots.  If this is 'Y', the advisor has been
   reset during this interval due to memory resize operations, and
   the data shown is since the reset operation.

                Memory Size     Est.     Advice
Memory Size (M)      Factor DB time (s)  Reset
--------------- ----------- ------------ ------
          1,056          .8           42
          1,408         1.0           42
          1,760         1.3           42
          2,112         1.5           42
          2,464         1.8           42
          2,816         2.0           42
          -------------------------------------------------------------

Memory Dynamic Components  DB/Inst: ORCL/orcl  Snaps:   11-  12
->  Op - memory resize Operation
->  Cache:    D: Default,  K: Keep,  R:  Recycle
->   Mode:  DEF: DEFerred mode,  IMM: IMMediate mode

                       Begin Snap End Snap   Op    Last Op
Cache                    Size (M) Size (M)  Count  Type/Mode   Last Op Time
---------------------- ---------- -------- ------- ---------- ---------------
D:buffer cache                464                0 INITIA/
PGA Target                    592                0 STATIC
SGA Target                    816                0 STATIC
java pool                      16                0 STATIC
large pool                     16                0 STATIC
shared pool                   304                0 STATIC
          -------------------------------------------------------------

Buffer Pool Advisory  DB/Inst: ORCL/orcl  End Snap:   12
-> Only rows with estimated physical reads >0 are displayed
-> ordered by Pool, Block Size, Buffers For Estimate

                                   Est
                                  Phys      Estimated                   Est
    Size for  Size      Buffers   Read     Phys Reads     Est Phys % dbtime
P    Est (M) Factr  (thousands)  Factr    (thousands)    Read Time  for Rds
--- -------- ----- ------------ ------ -------------- ------------ --------
D         32    .1            4    1.2            151          158     12.9
D         64    .1            8    1.1            144          136     11.1
D         96    .2           12    1.1            141          126     10.3
D        128    .3           16    1.1            140          122     10.0
D        160    .3           20    1.1            139          117      9.5
D        192    .4           24    1.1            135          106      8.6
D        224    .5           28    1.0            132           97      7.9
D        256    .6           32    1.0            130           91      7.4
D        288    .6           35    1.0            129           87      7.1
D        320    .7           39    1.0            128           83      6.8
D        352    .8           43    1.0            127           81      6.6
D        384    .8           47    1.0            127           81      6.6
D        416    .9           51    1.0            127           81      6.6
D        448   1.0           55    1.0            127           81      6.6
D        464   1.0           57    1.0            127           81      6.6
D        480   1.0           59    1.0            127           81      6.6
D        512   1.1           63    1.0            127           81      6.6
D        544   1.2           67    1.0            127           81      6.6
D        576   1.2           71    1.0            127           80      6.5
D        608   1.3           75    1.0            127           80      6.5
D        640   1.4           79    1.0            127           80      6.5
          -------------------------------------------------------------

Buffer Pool Statistics  DB/Inst: ORCL/orcl  Snaps:   11-  12
-> Standard block size Pools  D: default,  K: keep,  R: recycle
-> Default Pools for other block sizes: 2k, 4k, 8k, 16k, 32k
-> Buffers: the number of buffers.  Units of K, M, G are divided by 1000

                                                            Free Writ     Buffer
            Pool         Buffer     Physical    Physical  Buffer Comp       Busy
P   Buffers Hit%           Gets        Reads      Writes   Waits Wait      Waits
--- ------- ---- -------------- ------------ ----------- ------- ---- ----------
D       57K  100      1,040,661        3,963      15,340       0    0          0
          -------------------------------------------------------------
PGA Aggr Target Stats  DB/Inst: ORCL/orcl  Snaps:   11-  12
-> B: Begin snap   E: End snap (rows identified with B or E contain data
   which is absolute i.e. not diffed over the interval)
-> PGA cache hit % - percentage of W/A (WorkArea) data processed only in-memory
-> Auto PGA Target - actual workarea memory target
-> W/A PGA Used    - amount of memory used for all WorkAreas (manual + auto)
-> %PGA W/A Mem    - percentage of PGA memory allocated to WorkAreas
-> %Auto W/A Mem   - percentage of WorkArea memory controlled by Auto Mem Mgmt
-> %Man W/A Mem    - percentage of WorkArea memory under Manual control

PGA Cache Hit % W/A MB Processed Extra W/A MB Read/Written
--------------- ---------------- -------------------------
          100.0               21                         0

PGA Aggr Target Histogram  DB/Inst: ORCL/orcl  Snaps:   11-  12
-> Optimal Executions are purely in-memory operations

    Low    High
Optimal Optimal    Total Execs Optimal Execs 1-Pass Execs M-Pass Execs
------- ------- -------------- ------------- ------------ ------------
     2K      4K            101           101            0            0
    64K    128K              2             2            0            0
   256K    512K              1             1            0            0
   512K   1024K             16            16            0            0
     4M      8M              2             2            0            0
          -------------------------------------------------------------

PGA Memory Advisory  DB/Inst: ORCL/orcl  End Snap:   12
-> When using Auto Memory Mgmt, minimally choose a pga_aggregate_target value
   where Estd PGA Overalloc Count is 0

                                   Estd Extra                Estd
  PGA Aggr                           W/A MB      Estd Time    PGA   Estd PGA
    Target   Size         W/A MB  Read/Written  to Process  Cache  Overalloc
  Est (MB)  Factr      Processed    to Disk      Bytes (s)  Hit %      Count
---------- ------ -------------- -------------- ---------- ------ ----------
        74    0.1            792              0        0.0  100.0          2
       148    0.3            792              0        0.0  100.0          0
       296    0.5            792              0        0.0  100.0          0
       444    0.8            792              0        0.0  100.0          0
       592    1.0            792              0        0.0  100.0          0
       710    1.2            792              0        0.0  100.0          0
       829    1.4            792              0        0.0  100.0          0
       947    1.6            792              0        0.0  100.0          0
     1,066    1.8            792              0        0.0  100.0          0
     1,184    2.0            792              0        0.0  100.0          0
     1,776    3.0            792              0        0.0  100.0          0
     2,368    4.0            792              0        0.0  100.0          0
     3,552    6.0            792              0        0.0  100.0          0
     4,736    8.0            792              0        0.0  100.0          0
          -------------------------------------------------------------
Process Memory Summary Stats  DB/Inst: ORCL/orcl  Snaps:   11-  12
-> B: Begin snap   E: End snap
-> All rows below contain absolute values (i.e. not diffed over the interval)
-> Max Alloc is Maximum PGA Allocation size at snapshot time
   Hist Max Alloc is the Historical Max Allocation for still-connected processes
-> Num Procs or Allocs:  For Begin/End snapshot lines, it is the number of
   processes. For Category lines, it is the number of allocations
-> ordered by Begin/End snapshot, Alloc (MB) desc

                                                                  Hist   Num
                                          Avg    Std Dev   Max    Max   Procs
             Alloc     Used    Freeabl   Alloc    Alloc   Alloc  Alloc    or
  Category   (MB)      (MB)      (MB)     (MB)    (MB)    (MB)    (MB)  Allocs
- -------- --------- --------- -------- -------- ------- ------- ------ ------
B --------      96.8      43.4     47.9      3.6     7.1      36    103     27
  Freeable      47.9        .0               6.0     9.4      29             8
  Other         47.8                         1.8     2.4      11     42     27
  PL/SQL          .8        .7                .0      .1       0      2     25
  SQL             .3        .2                .0      .0       0     60      8
E --------      96.7      56.2     33.6      3.6     7.1      36    103     27
  Other         62.0                         2.3     4.5      22     42     27
  Freeable      33.6        .0               4.2     4.6      14             8
  PL/SQL          .8        .7                .0      .1       0      1     25
  SQL             .3        .2                .0      .0       0     60      8
          -------------------------------------------------------------

Top Process Memory (by component)  DB/Inst: ORCL/orcl  Snaps:   11-  12
-> ordered by Begin/End snapshot, Alloc (MB) desc

                        Alloc   Used   Freeabl     Max      Hist Max
     PId Category       (MB)    (MB)     (MB)   Alloc (MB) Alloc (MB)
- ------ ------------- ------- ------- -------- ---------- ----------
B     10 DBW0 --------    36.3     7.4     28.7       36.3       36.3
         Freeable         28.7      .0                28.7
         Other             7.6                         7.6        7.6
         PL/SQL             .0      .0                  .0         .0
      11 LGWR --------    11.5    10.8       .0       11.5       11.5
         Other            11.5                        11.5       11.5
         PL/SQL             .0      .0                  .0         .0
      28 TNS V1-V3 ---     8.1     1.5      6.4        8.1        8.1
         Freeable          6.4      .0                 6.4
         Other             1.5                         1.5        1.5
         PL/SQL             .2      .2                  .2         .2
         SQL                .1      .1                  .1        6.3
      25 CJQ0 --------     5.9     1.2      4.5        5.9        5.9
         Freeable          4.5      .0                 4.5
         Other             1.3                         1.3        1.3
         PL/SQL             .0      .0                  .0         .0
         SQL                .0      .0                  .0        1.9
      13 SMON --------     5.0     1.1      3.7        5.0        5.0
         Freeable          3.7      .0                 3.7
         Other             1.3                         1.3        1.3
         PL/SQL             .0      .0                  .0         .0
         SQL                .0      .0                  .0        2.1
      15 MMON --------     4.4     1.8      2.3        4.4        4.4
         Freeable          2.3      .0                 2.3
         Other             2.0                         2.0        2.0
         PL/SQL             .1      .1                  .1         .1
         SQL                .1      .0                  .1        1.1
      21 Q001 --------     3.8     3.3       .0        3.8        3.8
         Other             3.8                         3.8        3.8
         SQL                .0      .0                  .0         .1
         PL/SQL             .0      .0                  .0         .0
      26  ------------     3.5     2.1      1.0        3.5      102.7
         Other             2.2                         2.2       41.6
         Freeable          1.0      .0                 1.0
         PL/SQL             .2      .2                  .2         .6
         SQL                .1      .0                  .1       59.5
      24 J000 --------     1.9      .7       .9        1.9        4.7
         Other             1.0                         1.0        1.0
         Freeable           .9      .0                  .9
         PL/SQL             .0      .0                  .0        2.0
         SQL                .0      .0                  .0        1.4
      19 Q000 --------     1.6     1.2       .4        1.6        1.6
         Other             1.0                         1.0        1.0
         Freeable           .4      .0                  .4
         PL/SQL             .2      .2                  .2         .2
         SQL                .0      .0                  .0         .2
      17 D000 --------     1.3     1.0       .0        1.3        1.3
         Other             1.3                         1.3        1.3
       8 DIA0 --------     1.3     1.1       .0        1.3        1.3
         Other             1.3                         1.3        1.3
         PL/SQL             .0      .0                  .0         .0
       6 DBRM --------     1.1      .7       .0        1.1        1.1
         Other             1.1                         1.1        1.1

Top Process Memory (by component)  DB/Inst: ORCL/orcl  Snaps:   11-  12
-> ordered by Begin/End snapshot, Alloc (MB) desc

                        Alloc   Used   Freeabl     Max      Hist Max
     PId Category       (MB)    (MB)     (MB)   Alloc (MB) Alloc (MB)
- ------ ------------- ------- ------- -------- ---------- ----------
B      6 PL/SQL             .0      .0                  .0         .0
         SQL                .0      .0                  .0         .1
      12 CKPT --------     1.0      .7       .0        1.0        1.0
         Other             1.0                         1.0        1.0
         PL/SQL             .0      .0                  .0         .0
E     10 DBW0 --------    36.3    20.4     14.3       36.3       36.3
         Other            22.0                        22.0       22.0
         Freeable         14.3      .0                14.3
         PL/SQL             .0      .0                  .0         .0
      11 LGWR --------    11.5    10.8       .0       11.5       11.5
         Other            11.5                        11.5       11.5
         PL/SQL             .0      .0                  .0         .0
      28 TNS V1-V3 ---     8.2     1.5      6.4        8.2        8.2
         Freeable          6.4      .0                 6.4
         Other             1.5                         1.5        1.5
         PL/SQL             .2      .2                  .2         .2
         SQL                .1      .1                  .1        6.3
      25 CJQ0 --------     5.9     1.2      4.5        5.9        5.9
         Freeable          4.5      .0                 4.5
         Other             1.3                         1.3        1.3
         PL/SQL             .0      .0                  .0         .0
         SQL                .0      .0                  .0        1.9
      13 SMON --------     5.0     1.1      3.7        5.0        5.0
         Freeable          3.7      .0                 3.7
         Other             1.3                         1.3        1.3
         PL/SQL             .0      .0                  .0         .0
         SQL                .0      .0                  .0        2.1
      15 MMON --------     4.4     1.8      2.3        4.4        4.4
         Freeable          2.3      .0                 2.3
         Other             2.0                         2.0        2.0
         PL/SQL             .1      .1                  .1         .1
         SQL                .1      .0                  .1        1.1
      21 Q001 --------     3.8     3.3       .0        3.8        3.8
         Other             3.8                         3.8        3.8
         SQL                .0      .0                  .0         .1
         PL/SQL             .0      .0                  .0         .0
      26  ------------     3.6     2.0      1.0        3.6      102.7
         Other             2.3                         2.3       41.6
         Freeable          1.0      .0                 1.0
         PL/SQL             .2      .2                  .2         .6
         SQL                .1      .0                  .1       59.5
      24 J000 --------     1.7      .6       .9        1.7        2.3
         Freeable           .9      .0                  .9
         Other              .8                          .8         .8
         PL/SQL             .0      .0                  .0         .8
         SQL                .0      .0                  .0        1.4
      19 Q000 --------     1.6     1.2       .4        1.6        1.6
         Other             1.0                         1.0        1.0
         Freeable           .4      .0                  .4
         PL/SQL             .2      .2                  .2         .2
         SQL                .0      .0                  .0         .2
      17 D000 --------     1.3     1.0       .0        1.3        1.3
         Other             1.3                         1.3        1.3

Top Process Memory (by component)  DB/Inst: ORCL/orcl  Snaps:   11-  12
-> ordered by Begin/End snapshot, Alloc (MB) desc

                        Alloc   Used   Freeabl     Max      Hist Max
     PId Category       (MB)    (MB)     (MB)   Alloc (MB) Alloc (MB)
- ------ ------------- ------- ------- -------- ---------- ----------
E      8 DIA0 --------     1.3     1.1       .0        1.3        1.3
         Other             1.3                         1.3        1.3
         PL/SQL             .0      .0                  .0         .0
       6 DBRM --------     1.1      .7       .0        1.1        1.1
         Other             1.1                         1.1        1.1
         PL/SQL             .0      .0                  .0         .0
         SQL                .0      .0                  .0         .1
      12 CKPT --------     1.0      .7       .0        1.0        1.0
         Other             1.0                         1.0        1.0
         PL/SQL             .0      .0                  .0         .0
          -------------------------------------------------------------
Enqueue activity  DB/Inst: ORCL/orcl  Snaps:   11-  12
-> only enqueues with waits are shown
-> Enqueue stats gathered prior to 10g should not be compared with 10g data
-> ordered by Wait Time desc, Waits desc

Enqueue Type (Request Reason)
------------------------------------------------------------------------------
    Requests    Succ Gets Failed Gets       Waits Wt Time (s)  Av Wt Time(ms)
------------ ------------ ----------- ----------- ------------ --------------
CF-Controlfile Transaction
         351          351           0           7            1         112.86
          -------------------------------------------------------------

Latch Activity  DB/Inst: ORCL/orcl  Snaps:   11-  12
->"Get Requests", "Pct Get Miss" and "Avg Slps/Miss" are statistics for
  willing-to-wait latch get requests
->"NoWait Requests", "Pct NoWait Miss" are for no-wait latch get requests
->"Pct Misses" for both should be very close to 0.0

                                           Pct    Avg   Wait                 Pct
                              Get          Get   Slps   Time       NoWait NoWait
Latch                       Requests      Miss  /Miss    (s)     Requests   Miss
------------------------ -------------- ------ ------ ------ ------------ ------
AQ deq hash table latch               1    0.0             0            0
ASM db client latch                  39    0.0             0            0
ASM map operation hash t              1    0.0             0            0
ASM network state latch              15    0.0             0            0
Change Notification Hash             18    0.0             0            0
Consistent RBA                      259    0.0             0            0
DML lock allocation                 154    0.0             0            0
Event Group Locks                     4    0.0             0            0
FOB s.o list latch                   16    0.0             0            0
File State Object Pool P              1    0.0             0            0
IPC stats buffer allocat              1    0.0             0            0
In memory undo latch                  1    0.0             0            0
JS Sh mem access                      1    0.0             0            0
JS queue access latch                 1    0.0             0            0
JS queue state obj latch            396    0.0             0            0
JS slv state obj latch               15    0.0             0            0
KFC FX Hash Latch                     1    0.0             0            0
KFC Hash Latch                        1    0.0             0            0
KFCL LE Freelist                      1    0.0             0            0
KGNFS-NFS:SHM structure               1    0.0             0            0
KGNFS-NFS:SVR LIST                    1    0.0             0            0
KJC message pool free li              1    0.0             0            0
KJCT flow control latch               1    0.0             0            0
KMG MMAN ready and start             17    0.0             0            0
KTF sga latch                         0                    0           14    0.0
KWQP Prop Status                      1    0.0             0            0
Locator state objects po              1    0.0             0            0
Lsod array latch                      1    0.0             0            0
MQL Tracking Latch                    0                    0            1    0.0
Memory Management Latch               1    0.0             0           17    0.0
Memory Queue                          1    0.0             0            0
Memory Queue Message Sub              1    0.0             0            0
Memory Queue Message Sub              1    0.0             0            0
Memory Queue Message Sub              1    0.0             0            0
Memory Queue Message Sub              1    0.0             0            0
Memory Queue Subscriber               1    0.0             0            0
Mutex                                 1    0.0             0            0
Mutex Stats                           1    0.0             0            0
OS process                           22    0.0             0            0
OS process allocation                31    0.0             0            0
OS process: request allo              6    0.0             0            0
PL/SQL warning settings               8    0.0             0            0
PX hash array latch                   1    0.0             0            0
QMT                                   1    0.0             0            0
Real-time plan statistic              9    0.0             0            0
SGA IO buffer pool latch             44    0.0             0          129    0.0
SGA blob parent                       1    0.0             0            0
SGA bucket locks                      1    0.0             0            0
SGA heap locks                        1    0.0             0            0
SGA pool locks                        1    0.0             0            0
Latch Activity  DB/Inst: ORCL/orcl  Snaps:   11-  12
->"Get Requests", "Pct Get Miss" and "Avg Slps/Miss" are statistics for
  willing-to-wait latch get requests
->"NoWait Requests", "Pct NoWait Miss" are for no-wait latch get requests
->"Pct Misses" for both should be very close to 0.0

                                           Pct    Avg   Wait                 Pct
                              Get          Get   Slps   Time       NoWait NoWait
Latch                       Requests      Miss  /Miss    (s)     Requests   Miss
------------------------ -------------- ------ ------ ------ ------------ ------
SQL memory manager latch              3    0.0             0           17    0.0
SQL memory manager worka          1,303    0.0             0            0
Shared B-Tree                         6    0.0             0            0
Streams Generic                       1    0.0             0            0
Testing                               1    0.0             0            0
Token Manager                         1    0.0             0            0
WCR: sync                             1    0.0             0            0
Write State Object Pool               1    0.0             0            0
XDB NFS Security Latch                1    0.0             0            0
XDB unused session pool               1    0.0             0            0
XDB used session pool                 1    0.0             0            0
active checkpoint queue             206    0.0             0            0
active service list                 126    0.0             0          218    0.0
buffer pool                           1    0.0             0            0
business card                         1    0.0             0            0
cache buffer handles                 90    0.0             0            0
cache buffers chains          5,164,844    0.0    0.0      0       33,506    0.0
cache buffers lru chain          22,650    0.0    0.0      0       41,798    0.0
cache table scan latch              135    0.0             0          135    0.0
call allocation                      17    0.0             0            0
cas latch                             1    0.0             0            0
change notification clie              1    0.0             0            0
channel handle pool latc              8    0.0             0            0
channel operations paren            315    0.0             0            0
checkpoint queue latch           19,859    0.0             0       23,213    0.0
client/application info              38    0.0             0            0
compile environment latc              4    0.0             0            0
cp cmon/server latch                  1    0.0             0            0
cp pool latch                         1    0.0             0            0
cp server hash latch                  1    0.0             0            0
cp sga latch                         15    0.0             0            0
cvmap freelist lock                   1    0.0             0            0
deferred cleanup latch               15    0.0             0            0
dml lock allocation                  15    0.0             0            0
done queue latch                      1    0.0             0            0
dummy allocation                      9    0.0             0            0
enqueue hash chains               2,086    0.0             0            0
enqueues                          1,839    0.0             0            0
fifth spare latch                     1    0.0             0            0
file cache latch                     70    0.0             0            0
flashback copy                        1    0.0             0            0
gc element                            1    0.0             0            0
gcs commit scn state                  1    0.0             0            0
gcs partitioned table ha              1    0.0             0            0
gcs pcm hashed value buc              1    0.0             0            0
gcs resource freelist                 1    0.0             0            0
gcs resource hash                     1    0.0             0            0
gcs resource scan list                1    0.0             0            0
gcs shadows freelist                  1    0.0             0            0
ges domain table                      1    0.0             0            0
Latch Activity  DB/Inst: ORCL/orcl  Snaps:   11-  12
->"Get Requests", "Pct Get Miss" and "Avg Slps/Miss" are statistics for
  willing-to-wait latch get requests
->"NoWait Requests", "Pct NoWait Miss" are for no-wait latch get requests
->"Pct Misses" for both should be very close to 0.0

                                           Pct    Avg   Wait                 Pct
                              Get          Get   Slps   Time       NoWait NoWait
Latch                       Requests      Miss  /Miss    (s)     Requests   Miss
------------------------ -------------- ------ ------ ------ ------------ ------
ges enqueue table freeli              1    0.0             0            0
ges group table                       1    0.0             0            0
ges process hash list                 1    0.0             0            0
ges process parent latch              1    0.0             0            0
ges resource hash list                1    0.0             0            0
ges resource scan list                1    0.0             0            0
ges resource table freel              1    0.0             0            0
ges value block free lis              1    0.0             0            0
global KZLD latch for me              1    0.0             0            0
global tx hash mapping                1    0.0             0            0
granule operation                     1    0.0             0            0
heartbeat check                       1    0.0             0            0
intra txn parallel recov              1    0.0             0            0
io pool granule metadata              1    0.0             0            0
job workq parent latch                2    0.0             0            1    0.0
job_queue_processes free              2    0.0             0            0
job_queue_processes para             13    0.0             0            0
k2q lock allocation                   1    0.0             0            0
kcbtsemkid latch                      7    0.0             0            0
kdlx hb parent latch                  1    0.0             0            0
kgb parent                            1    0.0             0            0
kks stats                             1    0.0             0            0
ksfv messages                         1    0.0             0            0
kss move lock                         1    0.0             0            0
ksuosstats global area                6    0.0             0            0
ksv allocation latch                 15    0.0             0            0
ksv class latch                       1    0.0             0            0
ksv msg queue latch                   1    0.0             0            0
ksz_so allocation latch               6    0.0             0            0
kwqbsn:qsga                           5    0.0             0            0
lgwr LWN SCN                        259    0.0             0            0
list of block allocation            372    0.0             0            0
lob segment dispenser la              1    0.0             0            0
lob segment hash table l              1    0.0             0            0
lob segment query latch               1    0.0             0            0
lock DBA buffer during m              1    0.0             0            0
logical standby cache                 1    0.0             0            0
logminer context allocat              1    0.0             0            0
logminer work area                    1    0.0             0            0
longop free list parent               1    0.0             0            0
mapped buffers lru chain              1    0.0             0            0
message pool operations               1    0.0             0            0
messages                          1,650    0.1    0.0      0            0
mostly latch-free SCN               264    0.0             0            0
msg queue latch                       1    0.0             0            0
multiblock read objects             274    0.0             0            0
name-service namespace b              1    0.0             0            0
ncodef allocation latch              15    0.0             0            0
object queue header heap            175    0.0             0            0
object queue header oper         78,353    0.0    0.0      0            0
Latch Activity  DB/Inst: ORCL/orcl  Snaps:   11-  12
->"Get Requests", "Pct Get Miss" and "Avg Slps/Miss" are statistics for
  willing-to-wait latch get requests
->"NoWait Requests", "Pct NoWait Miss" are for no-wait latch get requests
->"Pct Misses" for both should be very close to 0.0

                                           Pct    Avg   Wait                 Pct
                              Get          Get   Slps   Time       NoWait NoWait
Latch                       Requests      Miss  /Miss    (s)     Requests   Miss
------------------------ -------------- ------ ------ ------ ------------ ------
object stats modificatio              9    0.0             0            0
parallel query alloc buf              9    0.0             0            0
parallel query stats                  1    0.0             0            0
parameter list                        4    0.0             0            0
parameter table manageme              8    0.0             0            0
peshm                                 1    0.0             0            0
pesom_free_list                       1    0.0             0            0
pesom_hash_node                       1    0.0             0            0
post/wait queue                     268    0.0             0          232    0.0
process allocation                    8    0.0             0            3    0.0
process group creation                6    0.0             0            0
process queue                         1    0.0             0            0
process queue reference               1    0.0             0            0
qmn task queue latch                  8    0.0             0            0
query server freelists                1    0.0             0            0
queuing load statistics               1    0.0             0            0
recovery domain hash lis              1    0.0             0            0
redo allocation                   1,643    0.4    0.0      0    1,001,183    0.0
redo copy                             1    0.0             0    1,001,196    0.0
redo writing                      1,058    0.0             0            0
resmgr group change latc              8    0.0             0            0
resmgr:active threads                 9    0.0             0            0
resmgr:actses change gro              3    0.0             0            0
resmgr:actses change sta              1    0.0             0            0
resmgr:free threads list              8    0.0             0            0
resmgr:plan CPU method                1    0.0             0            0
resmgr:resource group CP              1    0.0             0            0
resmgr:schema config                  1    0.0             0            0
resmgr:session queuing                1    0.0             0            0
rm cas latch                          1    0.0             0            0
row cache objects                 1,465    0.0             0            0
rules engine rule set st            100    0.0             0            0
second spare latch                    1    0.0             0            0
sequence cache                        9    0.0             0            0
session allocation                   46    0.0             0           15    0.0
session idle bit                     90    0.0             0            0
session queue latch                   1    0.0             0            0
session state list latch             10    0.0             0            0
session switching                    31    0.0             0            0
session timer                        24    0.0             0            0
shared pool                         410    0.0             0            0
shared pool sim alloc                 1    0.0             0            0
shared pool simulator                 3    0.0             0            0
sim partition latch                   1    0.0             0            0
simulator hash latch             83,585    0.0             0            0
simulator lru latch              15,181    0.0             0       65,840    0.0
sort extent pool                     15    0.0             0            0
space background task la             37    0.0             0           34    0.0
tablespace key chain                  3    0.0             0            0
test excl. parent l0                  1    0.0             0            0
Latch Activity  DB/Inst: ORCL/orcl  Snaps:   11-  12
->"Get Requests", "Pct Get Miss" and "Avg Slps/Miss" are statistics for
  willing-to-wait latch get requests
->"NoWait Requests", "Pct NoWait Miss" are for no-wait latch get requests
->"Pct Misses" for both should be very close to 0.0

                                           Pct    Avg   Wait                 Pct
                              Get          Get   Slps   Time       NoWait NoWait
Latch                       Requests      Miss  /Miss    (s)     Requests   Miss
------------------------ -------------- ------ ------ ------ ------------ ------
test excl. parent2 l0                 1    0.0             0            0
third spare latch                     1    0.0             0            0
threshold alerts latch                1    0.0             0            0
transaction allocation                7    0.0             0            0
undo global data                 17,122    0.0             0            0
virtual circuit buffers               1    0.0             0            0
virtual circuit holder                1    0.0             0            0
virtual circuit queues                1    0.0             0            0
          -------------------------------------------------------------
Dictionary Cache Stats  DB/Inst: ORCL/orcl  Snaps:   11-  12
->"Pct Misses"  should be very low (< 2% in most cases)
->"Final Usage" is the number of cache entries being used in End Snapshot

                                   Get    Pct    Scan   Pct      Mod      Final
Cache                         Requests   Miss    Reqs  Miss     Reqs      Usage
------------------------- ------------ ------ ------- ----- -------- ----------
dc_awr_control                       1    0.0       0              0          1
dc_histogram_defs                    2   50.0       0              0      5,277
dc_objects                           7    0.0       0              0      2,748
dc_profiles                          2    0.0       0              0          1
dc_segments                         77    0.0       0              0        890
dc_tablespaces                     187    0.0       0              0          6
dc_users                           183    0.0       0              0        145
global database name                38    0.0       0              0          1
          -------------------------------------------------------------


Library Cache Activity  DB/Inst: ORCL/orcl  Snaps:   11-  12
->"Pct Misses"  should be very low

                         Get  Pct        Pin        Pct               Invali-
Namespace           Requests  Miss     Requests     Miss     Reloads  dations
--------------- ------------ ------ -------------- ------ ---------- --------
SQL AREA                  31    3.2            378    1.6          2        0
TABLE/PROCEDURE           13    0.0             52    0.0          0        0
BODY                      19    0.0             31    0.0          0        0
EDITION                    2    0.0              4    0.0          0        0
DBLINK                     2    0.0              0                 0        0
SCHEMA                     3    0.0              0                 0        0
          -------------------------------------------------------------
Rule Sets  DB/Inst: ORCL/orcl  Snaps:   11-  12
-> * indicates Rule Set activity (re)started between Begin/End snaps
-> Top 25 ordered by Evaluations desc

                                                               No-SQL  SQL
Rule                                *     Eval/sec Reloads/sec Eval % Eval %
----------------------------------- - ------------ ----------- ------ ------
SYS.ALERT_QUE_R                                  0           0      0      0
          -------------------------------------------------------------
Shared Pool Advisory  DB/Inst: ORCL/orcl  End Snap:   12
-> SP: Shared Pool     Est LC: Estimated Library Cache   Factr: Factor
-> Note there is often a 1:Many correlation between a single logical object
   in the Library Cache, and the physical number of memory objects associated
   with it.  Therefore comparing the number of Lib Cache objects (e.g. in
   v$librarycache), with the number of Lib Cache Memory Objects is invalid

                                        Est LC Est LC  Est LC Est LC
    Shared    SP   Est LC                 Time   Time    Load   Load      Est LC
      Pool  Size     Size       Est LC   Saved  Saved    Time   Time         Mem
  Size (M) Factr      (M)      Mem Obj     (s)  Factr     (s)  Factr    Obj Hits
---------- ----- -------- ------------ ------- ------ ------- ------ -----------
       112    .4        3          224   1,895    1.0     171    2.2       8,958
       144    .5       36        2,378   1,902    1.0     164    2.1      89,084
       176    .6       67        3,905   1,972    1.0      94    1.2      91,505
       208    .7       99        5,194   1,987    1.0      79    1.0      91,981
       240    .8      128        6,294   1,988    1.0      78    1.0      92,007
       272    .9      130        6,465   1,988    1.0      78    1.0      92,007
       304   1.0      130        6,465   1,988    1.0      78    1.0      92,007
       336   1.1      130        6,465   1,988    1.0      78    1.0      92,007
       368   1.2      130        6,465   1,988    1.0      78    1.0      92,007
       400   1.3      130        6,465   1,988    1.0      78    1.0      92,007
       432   1.4      130        6,465   1,988    1.0      78    1.0      92,007
       464   1.5      130        6,465   1,988    1.0      78    1.0      92,007
       496   1.6      130        6,465   1,988    1.0      78    1.0      92,007
       528   1.7      130        6,465   1,988    1.0      78    1.0      92,007
       560   1.8      130        6,465   1,988    1.0      78    1.0      92,007
       592   1.9      130        6,465   1,988    1.0      78    1.0      92,007
       624   2.1      130        6,465   1,988    1.0      78    1.0      92,007
          -------------------------------------------------------------
SGA Target Advisory  DB/Inst: ORCL/orcl  End Snap:   12

SGA Target SGA Size   Est DB      Est DB   Est Physical
  Size (M)   Factor Time (s) Time Factor          Reads
---------- -------- -------- ----------- --------------
       408       .5    1,267         1.0        135,162
       612       .8    1,227         1.0        127,249
       816      1.0    1,226         1.0        127,008
     1,020      1.3    1,226         1.0        126,881
     1,224      1.5    1,226         1.0        126,881
     1,428      1.8    1,226         1.0        126,881
     1,632      2.0    1,226         1.0        126,881
          -------------------------------------------------------------
SGA Memory Summary  DB/Inst: ORCL/orcl  Snaps:   11-  12

                                                        End Size (Bytes)
SGA regions                      Begin Size (Bytes)       (if different)
------------------------------ -------------------- --------------------
Database Buffers                        486,539,264
Fixed Size                                2,213,456
Redo Buffers                              7,958,528
Variable Size                           973,081,008
                               -------------------- --------------------
sum                                   1,469,792,256
          -------------------------------------------------------------


SGA breakdown difference  DB/Inst: ORCL/orcl  Snaps:   11-  12
-> Top 35 rows by size, ordered by Pool, Name (note rows with null values for
   Pool column, or Names showing free memory are always shown)
-> Null value for Begin MB or End MB indicates the size of that Pool/Name was
   insignificant, or zero in that snapshot

Pool   Name                                 Begin MB         End MB  % Diff
------ ------------------------------ -------------- -------------- --------
java p free memory                              16.0           16.0     0.00
large  PX msg pool                                .5             .5     0.00
large  free memory                              15.5           15.5     0.00
shared ASH buffers                               4.0            4.0     0.00
shared CCUR                                     14.1           14.1     0.00
shared FileOpenBlock                             9.8            9.8     0.00
shared KCB Table Scan Buffer                     4.0            4.0     0.00
shared KGLH0                                     8.1            8.1     0.00
shared KGLHD                                     6.3            6.3     0.00
shared KGLS                                     16.7           16.7     0.00
shared KGLSG                                     5.0            5.0     0.00
shared KQR M PO                                  3.1            3.1     0.02
shared KSFD SGA I/O b                            4.0            4.0     0.00
shared PCUR                                      7.8            7.8     0.00
shared PLDIA                                     4.0            4.0     0.00
shared PLMCD                                     6.4            6.4     0.00
shared SQLA                                     65.7           65.7     0.00
shared dbwriter coalesce buffer                  4.0            4.0     0.00
shared free memory                              74.9           74.9    -0.00
shared kglsim hash table bkts                    4.0            4.0     0.00
shared private strands                           3.5            3.5     0.00
shared row cache                                 7.2            7.2     0.00
       buffer_cache                            464.0          464.0     0.00
       fixed_sga                                 2.1            2.1     0.00
       log_buffer                                7.6            7.6     0.00
          -------------------------------------------------------------
SQL Memory Statistics  DB/Inst: ORCL/orcl  Snaps:   11-  12

                                   Begin            End         % Diff
                          -------------- -------------- --------------
   Avg Cursor Size (KB):           38.84          38.84            .00
 Cursor to Parent ratio:            1.08           1.08            .00
          Total Cursors:           1,963          1,963            .00
          Total Parents:           1,811          1,811            .00
          -------------------------------------------------------------
init.ora Parameters  DB/Inst: ORCL/orcl  Snaps:   11-  12

                                                                  End value
Parameter Name                Begin value                       (if different)
----------------------------- --------------------------------- --------------
audit_file_dest               /usr/oracle/app/admin/orcl/adump
audit_trail                   DB
compatible                    11.2.0.0.0
control_files                 /usr/oracle/app/oradata/orcl/cont
                              rol01.ctl, /usr/oracle/app/flash_
                              recovery_area/orcl/control02.ctl
db_block_size                 8192
db_domain                     kagamihogex61
db_name                       orcl
db_recovery_file_dest         /usr/oracle/app/flash_recovery_ar
                              ea
db_recovery_file_dest_size    5218762752
diagnostic_dest               /usr/oracle/app
dispatchers                   (PROTOCOL=TCP) (SERVICE=orclXDB)
local_listener
memory_max_target             1476395008
memory_target                 1476395008
nls_language                  JAPANESE
nls_territory                 JAPAN
open_cursors                  300
processes                     150
remote_login_passwordfile     EXCLUSIVE
undo_tablespace               UNDOTBS1
          -------------------------------------------------------------

End of Report (   sp_11_12.lst )

