
STATSPACK report for

Database    DB Id    Instance     Inst Num  Startup Time   Release     RAC
~~~~~~~~ ----------- ------------ -------- --------------- ----------- ---
          2706909277 XE                  1 09-3月 -14 16:2 11.2.0.2.0  NO
                                           8

Host Name             Platform                CPUs Cores Sockets   Memory (G)
~~~~ ---------------- ---------------------- ----- ----- ------- ------------
     kagamihogex61    Linux x86 64-bit           2     2       1           .9

Snapshot       Snap Id     Snap Time      Sessions Curs/Sess Comment
~~~~~~~~    ---------- ------------------ -------- --------- ------------------
Begin Snap:        186 09-3月 -14 17:01:59      29       1.6
  End Snap:        187 09-3月 -14 17:08:27      27       1.6
   Elapsed:       6.47 (mins) Av Act Sess:       1.9
   DB time:      12.35 (mins)      DB CPU:       6.93 (mins)

Cache Sizes            Begin        End
~~~~~~~~~~~       ---------- ----------
    Buffer Cache:        40M              Std Block Size:         8K
     Shared Pool:       196M                  Log Buffer:     4,004K

Load Profile              Per Second    Per Transaction    Per Exec    Per Call
~~~~~~~~~~~~      ------------------  ----------------- ----------- -----------
      DB time(s):                1.9              247.0        0.00       16.11
       DB CPU(s):                1.1              138.6        0.00        9.04
       Redo size:          679,201.3       87,843,372.0
   Logical reads:            2,723.9          352,296.3
   Block changes:            5,240.5          677,767.0
  Physical reads:                1.5              193.3
 Physical writes:               28.0            3,620.3
      User calls:                0.1               15.3
          Parses:                3.7              472.0
     Hard parses:                0.0                1.3
W/A MB processed:                0.1                7.1
          Logons:                0.0                1.3
        Executes:           22,479.3        2,907,323.3
       Rollbacks:                0.0                0.0
    Transactions:                0.0

Instance Efficiency Indicators
~~~~~~~~~~~~~~~~~~~~~~~~~~~~~~
            Buffer Nowait %:  100.00       Redo NoWait %:  100.00
            Buffer  Hit   %:   99.95  Optimal W/A Exec %:  100.00
            Library Hit   %:  100.00        Soft Parse %:   99.72
         Execute to Parse %:   99.98         Latch Hit %:  100.00
Parse CPU to Parse Elapsd %:  100.00     % Non-Parse CPU:   99.98

 Shared Pool Statistics        Begin   End
                               ------  ------
             Memory Usage %:   79.45   79.41
    % SQL with executions>1:   56.52   56.56
  % Memory for SQL w/exec>1:   58.16   58.17

Top 5 Timed Events                                                    Avg %Total
~~~~~~~~~~~~~~~~~~                                                   wait   Call
Event                                            Waits    Time (s)   (ms)   Time
----------------------------------------- ------------ ----------- ------ ------
CPU time                                                       416          54.2
resmgr:cpu quantum                                 218         323   1481   42.1
log file parallel write                            311          15     47    1.9
db file async I/O submit                            84           8     90    1.0
control file parallel write                        219           4     18     .5
          -------------------------------------------------------------
Host CPU  (CPUs: 2  Cores: 2  Sockets: 1)
~~~~~~~~              Load Average
                      Begin     End      User  System    Idle     WIO     WCPU
                    ------- -------   ------- ------- ------- ------- --------
                       0.45    1.05     47.38    6.66   45.94    0.83

Instance CPU
~~~~~~~~~~~~                                       % Time (seconds)
                                            -------- --------------
                     Host: Total time (s):                    774.6
                  Host: Busy CPU time (s):                    418.7
                   % of time Host is Busy:      54.1
             Instance: Total CPU time (s):                    417.6
          % of Busy CPU used for Instance:      99.7
        Instance: Total Database time (s):                    770.7
  %DB time waiting for CPU (Resource Mgr):       0.0

Virtual Memory Paging
~~~~~~~~~~~~~~~~~~~~~
                     KB paged out per sec:           928.9
                     KB paged  in per sec:             6.1

Memory Statistics                       Begin          End
~~~~~~~~~~~~~~~~~                ------------ ------------
                  Host Mem (MB):        971.2        971.2
                   SGA use (MB):        386.3        386.3
                   PGA use (MB):         73.4         71.8
    % Host Mem used for SGA+PGA:         47.3         47.2
          -------------------------------------------------------------

Time Model System Stats  DB/Inst: XE/XE  Snaps:   186-  187
-> Ordered by % of DB time desc, Statistic name

Statistic                                       Time (s) % DB time
----------------------------------- -------------------- ---------
sql execute elapsed time                           740.5      99.9
DB CPU                                             415.6      56.1
PL/SQL execution elapsed time                      379.2      51.2
parse time elapsed                                   0.1        .0
hard parse elapsed time                              0.0        .0
PL/SQL compilation elapsed time                      0.0        .0
connection management call elapsed                   0.0        .0
repeated bind elapsed time                           0.0        .0
DB time                                            740.9
background elapsed time                             29.8
background cpu time                                  2.0
          -------------------------------------------------------------
Foreground Wait Events  DB/Inst: XE/XE  Snaps:   186-  187
-> Only events with Total Wait Time (s) >= .001 are shown
-> ordered by Total Wait Time desc, Waits desc (idle events last)

                                                             Avg          %Total
                                          %Tim Total Wait   wait    Waits   Call
Event                               Waits  out   Time (s)   (ms)     /txn   Time
---------------------------- ------------ ---- ---------- ------ -------- ------
resmgr:cpu quantum                    218    0        323   1481     72.7   42.1
db file sequential read               479    0          1      1    159.7     .1
log buffer space                        2    0          0    172      0.7     .0
log file sync                           3    0          0     57      1.0     .0
log file switch (checkpoint             1    0          0    147      0.3     .0
control file sequential read          268    0          0      0     89.3     .0
jobq slave wait                       120  100         60    501     40.0
SQL*Net message from client            21    0         53   2529      7.0
          -------------------------------------------------------------

Background Wait Events  DB/Inst: XE/XE  Snaps:   186-  187
-> Only events with Total Wait Time (s) >= .001 are shown
-> ordered by Total Wait Time desc, Waits desc (idle events last)

                                                             Avg          %Total
                                          %Tim Total Wait   wait    Waits   Call
Event                               Waits  out   Time (s)   (ms)     /txn   Time
---------------------------- ------------ ---- ---------- ------ -------- ------
log file parallel write               311    0         15     47    103.7    1.9
db file async I/O submit               84    0          8     90     28.0    1.0
control file parallel write           219    0          4     18     73.0     .5
db file single write                   20    0          0     10      6.7     .0
log file single write                  12    0          0     15      4.0     .0
os thread startup                       2    0          0     89      0.7     .0
db file sequential read                75    0          0      1     25.0     .0
LGWR wait for redo copy                 8    0          0      3      2.7     .0
control file sequential read          362    0          0      0    120.7     .0
enq: JS - queue lock                    1    0          0      3      0.3     .0
rdbms ipc message                   1,882   86      4,239   2252    627.3
shared server idle wait                52  100      1,560  30008     17.3
Space Manager: slave idle wa          288   96      1,390   4825     96.0
DIAG idle wait                        774  100        775   1001    258.0
smon timer                              3   33        503 ######      1.0
Streams AQ: qmn slave idle w           14    0        392  28009      4.7
Streams AQ: qmn coordinator            28   50        392  14004      9.3
pmon timer                            133   96        388   2914     44.3
dispatcher timer                        6  100        360  60011      2.0
SQL*Net message from client             4    0          0      1      1.3
          -------------------------------------------------------------

Wait Events (fg and bg) DB/Inst: XE/XE  Snaps:   186-  187
-> s - second, cs - centisecond,  ms - millisecond, us - microsecond
-> %Timeouts:  value of 0 indicates value was < .5%.  Value of null is truly 0
-> Only events with Total Wait Time (s) >= .001 are shown
-> ordered by Total Wait Time desc, Waits desc (idle events last)

                                                             Avg          %Total
                                          %Tim Total Wait   wait    Waits   Call
Event                               Waits  out   Time (s)   (ms)     /txn   Time
---------------------------- ------------ ---- ---------- ------ -------- ------
resmgr:cpu quantum                    218    0        323   1481     72.7   42.1
log file parallel write               311    0         15     47    103.7    1.9
db file async I/O submit               84    0          8     90     28.0    1.0
control file parallel write           219    0          4     18     73.0     .5
db file sequential read               554    0          1      1    184.7     .1
log buffer space                        2    0          0    172      0.7     .0
db file single write                   20    0          0     10      6.7     .0
log file single write                  12    0          0     15      4.0     .0
os thread startup                       2    0          0     89      0.7     .0
log file sync                           3    0          0     57      1.0     .0
log file switch (checkpoint             1    0          0    147      0.3     .0
LGWR wait for redo copy                 8    0          0      3      2.7     .0
control file sequential read          630    0          0      0    210.0     .0
enq: JS - queue lock                    1    0          0      3      0.3     .0
rdbms ipc message                   1,882   86      4,239   2252    627.3
shared server idle wait                52  100      1,560  30008     17.3
Space Manager: slave idle wa          288   96      1,390   4825     96.0
DIAG idle wait                        774  100        775   1001    258.0
smon timer                              3   33        503 ######      1.0
Streams AQ: qmn slave idle w           14    0        392  28009      4.7
Streams AQ: qmn coordinator            28   50        392  14004      9.3
pmon timer                            133   96        388   2914     44.3
dispatcher timer                        6  100        360  60011      2.0
jobq slave wait                       120  100         60    501     40.0
SQL*Net message from client            25    0         53   2124      8.3
          -------------------------------------------------------------
Wait Event Histogram  DB/Inst: XE/XE  Snaps:   186-  187
-> Total Waits - units: K is 1000, M is 1000000, G is 1000000000
-> % of Waits - column heading: <=1s is truly <1024ms, >1s is truly >=1024ms
-> % of Waits - value: .0 indicates value was <.05%, null is truly 0
-> Ordered by Event (idle events last)

                           Total ----------------- % of Waits ------------------
Event                      Waits  <1ms  <2ms  <4ms  <8ms <16ms <32ms  <=1s   >1s
-------------------------- ----- ----- ----- ----- ----- ----- ----- ----- -----
Disk file operations I/O      8  100.0
LGWR wait for redo copy       8   50.0        25.0  12.5  12.5
SQL*Net break/reset to cli    1  100.0
asynch descriptor resize      7  100.0
control file parallel writ  219                     14.6  25.6  54.3   5.5
control file sequential re  630  100.0
db file async I/O submit     84                            2.4  19.0  77.4   1.2
db file parallel read         1  100.0
db file scattered read        5  100.0
db file sequential read     552   89.1    .4   1.1   3.6   5.3    .5
db file single write         20                     20.0  75.0         5.0
enq: JS - queue lock          1              100.0
latch free                    1  100.0
log buffer space              2                                      100.0
log file parallel write     311                 .3   1.0  10.3   6.4  82.0
log file sequential read     12  100.0
log file single write        12                     25.0  41.7  33.3
log file switch (checkpoin    1                                      100.0
log file sync                 3                                      100.0
os thread startup             2                                      100.0
resmgr:cpu quantum          218    1.8          .5                    55.0  42.7
DIAG idle wait              774                                      100.0
SQL*Net message from clien   25   68.0   8.0                          16.0   8.0
SQL*Net message to client    24  100.0
Space Manager: slave idle   288                             .7         2.1  97.2
Streams AQ: qmn coordinato   28   50.0                                      50.0
Streams AQ: qmn slave idle   14                                            100.0
dispatcher timer              6                                            100.0
jobq slave wait             120                                      100.0
pmon timer                  133                                        3.8  96.2
rdbms ipc message          1881     .6                      .1    .2  34.0  65.2
shared server idle wait      52                                            100.0
smon timer                    3                                            100.0
          -------------------------------------------------------------

SQL ordered by CPU  DB/Inst: XE/XE  Snaps:   186-  187
-> Total DB CPU (s):             416
-> Captured SQL accounts for   47.9% of Total DB CPU
-> SQL reported below exceeded  1.0% of Total DB CPU

    CPU                  CPU per             Elapsd                     Old
  Time (s)   Executions  Exec (s)  %Total   Time (s)    Buffer Gets  Hash Value
---------- ------------ ---------- ------ ---------- --------------- ----------
    100.27    7,719,998       0.00   24.1     102.48               0 3876449241
Module: SQL Developer
SELECT 1 FROM DUAL

     97.91    1,000,000       0.00   23.6     130.54       1,049,701 3406977682
Module: SQL Developer
INSERT INTO INSERT_TO_MILLION_ROWS_TABLE(COLUMN1) VALUES(DBMS_RA
NDOM.STRING('X', 20))

          -------------------------------------------------------------
SQL ordered by Elapsed time for DB: XE  Instance: XE  Snaps:   186 -  187
-> Total DB Time (s):             741
-> Captured SQL accounts for   36.1% of Total DB Time
-> SQL reported below exceeded  1.0% of Total DB Time

  Elapsed                Elap per            CPU                        Old
  Time (s)   Executions  Exec (s)  %Total   Time (s)  Physical Reads Hash Value
---------- ------------ ---------- ------ ---------- --------------- ----------
    238.77            0              32.2       1.12             117 2666187099
Module: SQL Developer
BEGIN   INSERT_TO_MILLION_ROWS_PROC(); END;

    130.54    1,000,000       0.00   17.6      97.91              16 3406977682
Module: SQL Developer
INSERT INTO INSERT_TO_MILLION_ROWS_TABLE(COLUMN1) VALUES(DBMS_RA
NDOM.STRING('X', 20))

    102.48    7,719,998       0.00   13.8     100.27               0 3876449241
Module: SQL Developer
SELECT 1 FROM DUAL

     32.48           52       0.62    4.4       0.03               2 1254950678
select file# from file$ where ts#=:1

          -------------------------------------------------------------
SQL ordered by Gets  DB/Inst: XE/XE  Snaps:   186-  187
-> End Buffer Gets Threshold:     10000 Total Buffer Gets:       1,056,889
-> Captured SQL accounts for   99.8% of Total Buffer Gets
-> SQL reported below exceeded  1.0% of Total Buffer Gets

                                                     CPU      Elapsd     Old
  Buffer Gets    Executions  Gets per Exec  %Total Time (s)  Time (s) Hash Value
--------------- ------------ -------------- ------ -------- --------- ----------
      1,049,701    1,000,000            1.0   99.3    97.91    130.54 3406977682
Module: SQL Developer
INSERT INTO INSERT_TO_MILLION_ROWS_TABLE(COLUMN1) VALUES(DBMS_RA
NDOM.STRING('X', 20))

          -------------------------------------------------------------
SQL ordered by Reads  DB/Inst: XE/XE  Snaps:   186-  187
-> End Disk Reads Threshold:      1000  Total Disk Reads:             580
-> Captured SQL accounts for    9.0% of Total Disk Reads
-> SQL reported below exceeded  1.0% of Total Disk Reads

                                                     CPU      Elapsd
  Physical Rds   Executions  Rds per Exec   %Total Time (s)  Time (s) Hash Value
--------------- ------------ -------------- ------ -------- --------- ----------
            359            1          359.0   61.9     0.56      1.15 2522684317
Module: SQL*Plus
BEGIN statspack.snap; END;

            117            0                  20.2     1.12    238.77 2666187099
Module: SQL Developer
BEGIN   INSERT_TO_MILLION_ROWS_PROC(); END;

             22          839            0.0    3.8     0.10      0.20 3665763022
update sys.col_usage$ set   equality_preds    = equality_preds
  + decode(bitand(:flag,1),0,0,1),   equijoin_preds    = equijoi
n_preds    + decode(bitand(:flag,2),0,0,1),   nonequijoin_preds
= nonequijoin_preds + decode(bitand(:flag,4),0,0,1),   range_pre

             16    1,000,000            0.0    2.8    97.91    130.54 3406977682
Module: SQL Developer
INSERT INTO INSERT_TO_MILLION_ROWS_TABLE(COLUMN1) VALUES(DBMS_RA
NDOM.STRING('X', 20))

          -------------------------------------------------------------
SQL ordered by Executions  DB/Inst: XE/XE  Snaps:   186-  187
-> End Executions Threshold:       100  Total Executions:       8,721,970
-> Captured SQL accounts for  100.0% of Total Executions
-> SQL reported below exceeded  1.0% of Total Executions

                                                CPU per    Elap per     Old
 Executions   Rows Processed   Rows per Exec    Exec (s)   Exec (s)  Hash Value
------------ --------------- ---------------- ----------- ---------- ----------
   7,719,998       7,719,998              1.0       0.00        0.00  3876449241
Module: SQL Developer
SELECT 1 FROM DUAL

   1,000,000       1,000,000              1.0       0.00        0.00  3406977682
Module: SQL Developer
INSERT INTO INSERT_TO_MILLION_ROWS_TABLE(COLUMN1) VALUES(DBMS_RA
NDOM.STRING('X', 20))

          -------------------------------------------------------------
SQL ordered by Parse Calls  DB/Inst: XE/XE  Snaps:   186-  187
-> End Parse Calls Threshold:      1000 Total Parse Calls:           1,416
-> Captured SQL accounts for  110.8% of Total Parse Calls
-> SQL reported below exceeded  1.0% of Total Parse Calls

                           % Total    Old
 Parse Calls   Executions   Parses Hash Value
------------ ------------ -------- ----------
         517          225    36.51 2322535947
insert into sys.col_usage$ (obj#, intcol#, equality_preds, equij
oin_preds, nonequijoin_preds, range_preds, like_preds, null_pred
s, timestamp) values (   :objn, :coln,   decode(bitand(:flag,1),
0,0,1),   decode(bitand(:flag,2),0,0,1),   decode(bitand(:flag,4

         308          308    21.75 2554034351
lock table sys.col_usage$ in exclusive mode nowait

         308          839    21.75 3665763022
update sys.col_usage$ set   equality_preds    = equality_preds
  + decode(bitand(:flag,1),0,0,1),   equijoin_preds    = equijoi
n_preds    + decode(bitand(:flag,2),0,0,1),   nonequijoin_preds
= nonequijoin_preds + decode(bitand(:flag,4),0,0,1),   range_pre

         132          132     9.32    2803285
update sys.mon_mods$ set inserts = inserts + :ins, updates = upd
ates + :upd, deletes = deletes + :del, flags = (decode(bitand(fl
ags, :flag), :flag, flags, flags + :flag)), drop_segments = drop
_segments + :dropseg, timestamp = :time where obj# = :objn

         132          132     9.32 2396279102
lock table sys.mon_mods$ in exclusive mode nowait

         110          110     7.77 3447189756
insert into sys.mon_mods$ (obj#, inserts, updates, deletes, time
stamp, flags, drop_segments) values (:1, :2, :3, :4, :5, :6, :7)

          52           52     3.67 1254950678
select file# from file$ where ts#=:1

          -------------------------------------------------------------
Instance Activity Stats  DB/Inst: XE/XE  Snaps:   186-  187

Statistic                                      Total     per Second    per Trans
--------------------------------- ------------------ -------------- ------------
Batched IO (bound) vector count                    0            0.0          0.0
Batched IO (full) vector count                     0            0.0          0.0
Batched IO block miss count                        0            0.0          0.0
Batched IO buffer defrag count                     0            0.0          0.0
Batched IO double miss count                       0            0.0          0.0
Batched IO same unit count                         0            0.0          0.0
Batched IO vector block count                      0            0.0          0.0
Batched IO vector read count                       0            0.0          0.0
Block Cleanout Optim referenced                    2            0.0          0.7
CCursor + sql area evicted                         0            0.0          0.0
CPU used by this session                      41,603          107.2     13,867.7
CPU used when call started                    41,556          107.1     13,852.0
CR blocks created                                  0            0.0          0.0
Commit SCN cached                                  0            0.0          0.0
DB time                                       80,090          206.4     26,696.7
DBWR checkpoint buffers written               10,861           28.0      3,620.3
DBWR checkpoints                                   6            0.0          2.0
DBWR object drop buffers written                   0            0.0          0.0
DBWR tablespace checkpoint buffer                  0            0.0          0.0
DBWR thread checkpoint buffers wr             10,861           28.0      3,620.3
DBWR transaction table writes                     20            0.1          6.7
DBWR undo block writes                         7,382           19.0      2,460.7
HSC Heap Segment Block Changes             1,001,077        2,580.1    333,692.3
Heap Segment Array Inserts                        71            0.2         23.7
Heap Segment Array Updates                         2            0.0          0.7
IMU Flushes                                        2            0.0          0.7
IMU Redo allocation size                      24,376           62.8      8,125.3
IMU commits                                        1            0.0          0.3
IMU ktichg flush                                   0            0.0          0.0
IMU pool not allocated                             1            0.0          0.3
IMU undo allocation size                      16,248           41.9      5,416.0
IMU- failed to get a private stra                  1            0.0          0.3
LOB table id lookup cache misses                   0            0.0          0.0
Number of read IOs issued                          0            0.0          0.0
RowCR - row contention                             0            0.0          0.0
RowCR attempts                                     1            0.0          0.3
RowCR hits                                         1            0.0          0.3
SQL*Net roundtrips to/from client                 21            0.1          7.0
TBS Extension: tasks created                       0            0.0          0.0
TBS Extension: tasks executed                      0            0.0          0.0
active txn count during cleanout               3,631            9.4      1,210.3
application wait time                              0            0.0          0.0
background checkpoints completed                   5            0.0          1.7
background checkpoints started                     6            0.0          2.0
background timeouts                            1,623            4.2        541.0
buffer is not pinned count                     1,424            3.7        474.7
buffer is pinned count                           125            0.3         41.7
bytes received via SQL*Net from c              5,114           13.2      1,704.7
bytes sent via SQL*Net to client               5,930           15.3      1,976.7
calls to get snapshot scn: kcmgss          7,721,745       19,901.4  2,573,915.0
calls to kcmgas                                3,857            9.9      1,285.7
calls to kcmgcs                                4,417           11.4      1,472.3
cell physical IO interconnect byt        380,874,752      981,636.0 ############
change write time                                635            1.6        211.7
cleanout - number of ktugct calls              3,631            9.4      1,210.3
cleanouts and rollbacks - consist                  0            0.0          0.0
Instance Activity Stats  DB/Inst: XE/XE  Snaps:   186-  187

Statistic                                      Total     per Second    per Trans
--------------------------------- ------------------ -------------- ------------
cleanouts only - consistent read                   0            0.0          0.0
cluster key scan block gets                        4            0.0          1.3
cluster key scans                                  4            0.0          1.3
commit batch/immediate performed                   0            0.0          0.0
commit batch/immediate requested                   0            0.0          0.0
commit cleanout failures: block l                 98            0.3         32.7
commit cleanout failures: callbac                  5            0.0          1.7
commit cleanouts                               1,037            2.7        345.7
commit cleanouts successfully com                934            2.4        311.3
commit immediate performed                         0            0.0          0.0
commit immediate requested                         0            0.0          0.0
commit txn count during cleanout                  21            0.1          7.0
concurrency wait time                             17            0.0          5.7
consistent changes                                 0            0.0          0.0
consistent gets                                7,111           18.3      2,370.3
consistent gets - examination                  5,566           14.4      1,855.3
consistent gets direct                             0            0.0          0.0
consistent gets from cache                     7,111           18.3      2,370.3
consistent gets from cache (fastp              1,202            3.1        400.7
cursor authentications                             1            0.0          0.3
data blocks consistent reads - un                  0            0.0          0.0
db block changes                           2,033,301        5,240.5    677,767.0
db block gets                              1,049,778        2,705.6    349,926.0
db block gets direct                               0            0.0          0.0
db block gets from cache                   1,049,778        2,705.6    349,926.0
db block gets from cache (fastpat              5,917           15.3      1,972.3
deferred (CURRENT) block cleanout                507            1.3        169.0
dirty buffers inspected                            0            0.0          0.0
enqueue conversions                               92            0.2         30.7
enqueue releases                               4,657           12.0      1,552.3
enqueue requests                               4,657           12.0      1,552.3
enqueue timeouts                                   0            0.0          0.0
enqueue waits                                      1            0.0          0.3
execute count                              8,721,970       22,479.3  2,907,323.3
file io service time                               0            0.0          0.0
file io wait time                          8,044,371       20,732.9  2,681,457.0
free buffer inspected                          9,540           24.6      3,180.0
free buffer requested                         13,078           33.7      4,359.3
heap block compress                                3            0.0          1.0
hot buffers moved to head of LRU                 914            2.4        304.7
immediate (CR) block cleanout app                  0            0.0          0.0
immediate (CURRENT) block cleanou                 79            0.2         26.3
index crx upgrade (positioned)                     0            0.0          0.0
index fast full scans (full)                       2            0.0          0.7
index fetch by key                             1,039            2.7        346.3
index scans kdiixs1                              273            0.7         91.0
leaf node 90-10 splits                             1            0.0          0.3
leaf node splits                                  22            0.1          7.3
lob reads                                          0            0.0          0.0
lob writes                                         1            0.0          0.3
lob writes unaligned                               1            0.0          0.3
logons cumulative                                  4            0.0          1.3
max cf enq hold time                               0            0.0          0.0
messages received                                372            1.0        124.0
messages sent                                    372            1.0        124.0
min active SCN optimization appli                  0            0.0          0.0
Instance Activity Stats  DB/Inst: XE/XE  Snaps:   186-  187

Statistic                                      Total     per Second    per Trans
--------------------------------- ------------------ -------------- ------------
no buffer to keep pinned count                     0            0.0          0.0
no work - consistent read gets                   281            0.7         93.7
non-idle wait count                            2,357            6.1        785.7
non-idle wait time                            35,082           90.4     11,694.0
opened cursors cumulative                  8,721,287       22,477.5  2,907,095.7
parse count (failures)                             0            0.0          0.0
parse count (hard)                                 4            0.0          1.3
parse count (total)                            1,416            3.7        472.0
parse time cpu                                     8            0.0          2.7
parse time elapsed                                 8            0.0          2.7
physical read IO requests                        534            1.4        178.0
physical read bytes                        4,751,360       12,245.8  1,583,786.7
physical read total IO requests                1,196            3.1        398.7
physical read total bytes                 15,243,264       39,286.8  5,081,088.0
physical read total multi block r                  1            0.0          0.3
physical reads                                   580            1.5        193.3
physical reads cache                             580            1.5        193.3
physical reads cache prefetch                     47            0.1         15.7
physical reads direct                              0            0.0          0.0
physical reads direct (lob)                        0            0.0          0.0
physical reads prefetch warmup                     0            0.0          0.0
physical write IO requests                     7,142           18.4      2,380.7
physical write bytes                      88,973,312      229,312.7 ############
physical write total IO requests               7,784           20.1      2,594.7
physical write total bytes               365,631,488      942,349.2 ############
physical write total multi block                 564            1.5        188.0
physical writes                               10,861           28.0      3,620.3
physical writes direct                             0            0.0          0.0
physical writes direct temporary                   0            0.0          0.0
physical writes from cache                    10,861           28.0      3,620.3
physical writes non checkpoint                10,829           27.9      3,609.7
pinned buffers inspected                           0            0.0          0.0
pinned cursors current                             0            0.0          0.0
prefetch warmup blocks flushed ou                  0            0.0          0.0
prefetched blocks aged out before                  0            0.0          0.0
process last non-idle time                       388            1.0        129.3
recursive calls                            8,726,441       22,490.8  2,908,813.7
recursive cpu usage                           32,526           83.8     10,842.0
redo blocks checksummed by FG (ex              1,518            3.9        506.0
redo blocks written                          533,008        1,373.7    177,669.3
redo buffer allocation retries                     3            0.0          1.0
redo entries                               1,021,735        2,633.3    340,578.3
redo log space requests                            3            0.0          1.0
redo log space wait time                          15            0.0          5.0
redo ordering marks                            3,355            8.7      1,118.3
redo size                                263,530,116      679,201.3 ############
redo synch long waits                              3            0.0          1.0
redo synch time                                   18            0.1          6.0
redo synch time (usec)                       172,016          443.3     57,338.7
redo synch writes                                  4            0.0          1.3
redo wastage                                  99,812          257.3     33,270.7
redo write time                                1,467            3.8        489.0
redo writes                                      311            0.8        103.7
rollback changes - undo records a                  0            0.0          0.0
rollbacks only - consistent read                   0            0.0          0.0
rows fetched via callback                          7            0.0          2.3
Instance Activity Stats  DB/Inst: XE/XE  Snaps:   186-  187

Statistic                                      Total     per Second    per Trans
--------------------------------- ------------------ -------------- ------------
scheduler wait time                           32,283           83.2     10,761.0
session connect time                               0            0.0          0.0
session cursor cache hits                      4,574           11.8      1,524.7
session logical reads                      1,056,889        2,723.9    352,296.3
session uga memory                     4,294,887,784   11,069,298.4 ############
session uga memory max                     8,404,600       21,661.3  2,801,533.3
shared hash latch upgrades - no w                285            0.7         95.0
sorts (memory)                                   172            0.4         57.3
sorts (rows)                                   3,977           10.3      1,325.7
sql area evicted                                   0            0.0          0.0
sql area purged                                    1            0.0          0.3
summed dirty queue length                          0            0.0          0.0
switch current to new buffer                      13            0.0          4.3
table fetch by rowid                             115            0.3         38.3
table fetch continued row                          0            0.0          0.0
table scan blocks gotten                          29            0.1          9.7
table scan rows gotten                         2,212            5.7        737.3
table scans (direct read)                          0            0.0          0.0
table scans (long tables)                          0            0.0          0.0
table scans (short tables)                        15            0.0          5.0
total cf enq hold time                         1,460            3.8        486.7
total number of cf enq holders                    17            0.0          5.7
total number of times SMON posted                  2            0.0          0.7
transaction rollbacks                              0            0.0          0.0
undo change vector size                   68,473,304      176,477.6 ############
user I/O wait time                                77            0.2         25.7
user calls                                        46            0.1         15.3
user commits                                       3            0.0          1.0
user rollbacks                                     0            0.0          0.0
workarea executions - optimal                    101            0.3         33.7
write clones created in foregroun                  2            0.0          0.7
          -------------------------------------------------------------

Instance Activity Stats  DB/Inst: XE/XE  Snaps:   186-  187
-> Statistics with absolute values (should not be diffed)

Statistic                             Begin Value       End Value
--------------------------------- --------------- ---------------
logons current                                 29              27
opened cursors current                         45              44
session cursor cache count                  1,729           1,784
          -------------------------------------------------------------

Instance Activity Stats  DB/Inst: XE/XE  Snaps:   186-  187
-> Statistics identified by '(derived)' come from sources other than SYSSTAT

Statistic                                      Total  per Hour
--------------------------------- ------------------ ---------
log switches (derived)                             6     55.67
          -------------------------------------------------------------

OS Statistics  DB/Inst: XE/XE  Snaps:   186-  187
-> ordered by statistic type (CPU use, Virtual Memory, Hardware Config), Name

Statistic                                  Total
------------------------- ----------------------
BUSY_TIME                                 41,873
IDLE_TIME                                 35,590
IOWAIT_TIME                                  642
SYS_TIME                                   5,160
USER_TIME                                 36,699
RSRC_MGR_CPU_WAIT_TIME                    31,528
VM_IN_BYTES                            2,428,928
VM_OUT_BYTES                         369,082,368
PHYSICAL_MEMORY_BYTES              1,018,376,192
NUM_CPUS                                       2
NUM_CPU_CORES                                  2
NUM_CPU_SOCKETS                                1
GLOBAL_RECEIVE_SIZE_MAX                  229,376
GLOBAL_SEND_SIZE_MAX                     229,376
TCP_RECEIVE_SIZE_DEFAULT                  87,380
TCP_RECEIVE_SIZE_MAX                   3,895,296
TCP_RECEIVE_SIZE_MIN                       4,096
TCP_SEND_SIZE_DEFAULT                     16,384
TCP_SEND_SIZE_MAX                      3,895,296
TCP_SEND_SIZE_MIN                          4,096
          -------------------------------------------------------------

OS Statistics - detail  DB/Inst: XE/XE  Snaps:   186-  187

  Snap Snapshot
    Id Day Time          Load  %Busy  %User %System   %WIO  %WCPU
------ --------------- ------ ------ ------ ------- ------ ------
   186 日 09 17:01:59      .4
   187 日 09 17:08:27     1.0   54.1   47.4     6.7    0.8
          -------------------------------------------------------------
IO Stat by Function - summary  DB/Inst: XE/XE  Snaps:   186-  187
->Data Volume values suffixed with   M,G,T,P are in multiples of 1024,
  other values suffixed with       K,M,G,T,P are in multiples of 1000
->ordered by Data Volume (Read+Write) desc

               ---------- Read --------- --------- Write -------- --- Wait ----
                 Data  Requests    Data   Data  Requests    Data          Avg
Function        Volume     /sec  Vol/sec Volume     /sec  Vol/sec  Count Tm(ms)
--------------- ------ -------- -------- ------ -------- -------- ------ ------
LGWR                1M      .3       .0M   262M     1.2       .7M   886     0.1
Others              8M     1.4       .0M     2M      .4       .0M   868     0.0
Buffer Cache Re     4M     1.4       .0M                            537     0.0
          -------------------------------------------------------------

IO Stat by Function - detail  DB/Inst: XE/XE  Snaps:   186-  187
->ordered by Data Volume (Read+Write) desc

                   ----------- Read ---------- ----------- Write ---------
                    Small  Large  Small  Large  Small  Large  Small  Large
                     Read   Read   Data   Data  Write  Write   Data   Data
Function             Reqs   Reqs   Read   Read   Reqs   Reqs  Writn  Writn
------------------ ------ ------ ------ ------ ------ ------ ------ ------
LGWR                 120             1M          135    334      3M   259M
Others               542             8M          173             2M
Buffer Cache Reads   536      1      4M
          -------------------------------------------------------------
Tablespace IO Stats  DB/Inst: XE/XE  Snaps:   186-  187
->ordered by IOs (Reads + Writes) desc

Tablespace
------------------------------
                 Av      Av     Av                    Av        Buffer Av Buf
         Reads Reads/s Rd(ms) Blks/Rd       Writes Writes/s      Waits Wt(ms)
-------------- ------- ------ ------- ------------ -------- ---------- ------
UNDOTBS1
            28       0    1.4     1.0        4,982       13          0    0.0
USERS
             5       0    0.0     1.0        1,884        5          0    0.0
SYSAUX
           354       1    1.5     1.1          228        1          0    0.0
SYSTEM
           150       0    0.1     1.1           48        0          0    0.0
          -------------------------------------------------------------
File IO Stats  DB/Inst: XE/XE  Snaps:   186-  187
->Mx Rd Bkt: Max bucket time for single block read
->ordered by Tablespace, File

Tablespace               Filename
------------------------ ----------------------------------------------------
                        Av   Mx                                             Av
                 Av     Rd   Rd    Av                    Av        Buffer BufWt
         Reads Reads/s (ms)  Bkt Blks/Rd       Writes Writes/s      Waits  (ms)
-------------- ------- ----- --- ------- ------------ -------- ---------- ------
SYSAUX                   /u01/app/oracle/oradata/XE/sysaux.dbf
           354       1   1.5  32     1.1          228        1          0

SYSTEM                   /u01/app/oracle/oradata/XE/system.dbf
           150       0   0.1  16     1.1           48        0          0

UNDOTBS1                 /u01/app/oracle/oradata/XE/undotbs1.dbf
            28       0   1.4  32     1.0        4,982       13          0

USERS                    /u01/app/oracle/oradata/XE/users.dbf
             5       0   0.0   1     1.0        1,884        5          0

          -------------------------------------------------------------
File Read Histogram Stats  DB/Inst: XE/XE  Snaps:   186-  187
->Number of single block reads in each time range
->Tempfiles are not included
->ordered by Tablespace, File

Tablespace               Filename
------------------------ ----------------------------------------------------
    0 - 2 ms     2 - 4 ms    4 - 8 ms     8 - 16 ms   16 - 32 ms       32+ ms
------------ ------------ ------------ ------------ ------------ ------------
SYSAUX                   /u01/app/oracle/oradata/XE/sysaux.dbf
         295            5           24           26            2            0

SYSTEM                   /u01/app/oracle/oradata/XE/system.dbf
         146            0            0            1            0            0

UNDOTBS1                 /u01/app/oracle/oradata/XE/undotbs1.dbf
          26            0            0            1            1            0

USERS                    /u01/app/oracle/oradata/XE/users.dbf
           5            0            0            0            0            0

          -------------------------------------------------------------
Instance Recovery Stats  DB/Inst: XE/XE  Snaps:   186-  187
-> B: Begin snapshot,  E: End snapshot

  Targt Estd                                  Log File  Log Ckpt    Log Ckpt
  MTTR  MTTR   Recovery   Actual    Target      Size     Timeout    Interval
   (s)   (s)   Estd IOs  Redo Blks Redo Blks Redo Blks  Redo Blks  Redo Blks
- ----- ----- ---------- --------- --------- ---------- --------- ------------
B     0     0        268         0     82944      82944    350752
E     0     0       2271     82788     82944      82944    352053
          -------------------------------------------------------------
Memory Target Advice  DB/Inst: XE/XE  Snaps:   186-  187
-> Advice Reset: if this is null, the data shown has been diffed between
   the Begin and End snapshots.  If this is 'Y', the advisor has been
   reset during this interval due to memory resize operations, and
   the data shown is since the reset operation.

                Memory Size     Est.     Advice
Memory Size (M)      Factor DB time (s)  Reset
--------------- ----------- ------------ ------
            291          .8          741
            388         1.0          741
            485         1.3          741
            582         1.5          741
            679         1.8          741
            776         2.0          741
          -------------------------------------------------------------

Memory Dynamic Components  DB/Inst: XE/XE  Snaps:   186-  187
->  Op - memory resize Operation
->  Cache:    D: Default,  K: Keep,  R:  Recycle
->   Mode:  DEF: DEFerred mode,  IMM: IMMediate mode

                       Begin Snap End Snap   Op    Last Op
Cache                    Size (M) Size (M)  Count  Type/Mode   Last Op Time
---------------------- ---------- -------- ------- ---------- ---------------
D:buffer cache                 40                0 INITIA/
PGA Target                    132                0 STATIC
SGA Target                    256                0 STATIC
java pool                       4                0 STATIC
large pool                      4                0 STATIC
shared pool                   196                0 STATIC
          -------------------------------------------------------------

Buffer Pool Advisory  DB/Inst: XE/XE  End Snap:   187
-> Only rows with estimated physical reads >0 are displayed
-> ordered by Pool, Block Size, Buffers For Estimate

                                   Est
                                  Phys      Estimated                   Est
    Size for  Size      Buffers   Read     Phys Reads     Est Phys % dbtime
P    Est (M) Factr  (thousands)  Factr    (thousands)    Read Time  for Rds
--- -------- ----- ------------ ------ -------------- ------------ --------
D          4    .1            0    1.1             13           44      3.5
D          8    .2            1    1.0             13           40      3.2
D         12    .3            1    1.0             13           40      3.2
D         16    .4            2    1.0             12           39      3.1
D         20    .5            2    1.0             12           39      3.1
D         24    .6            3    1.0             12           39      3.1
D         28    .7            3    1.0             12           39      3.1
D         32    .8            4    1.0             12           39      3.1
D         36    .9            4    1.0             12           39      3.1
D         40   1.0            5    1.0             12           39      3.1
D         44   1.1            5    1.0             12           39      3.1
D         48   1.2            6    1.0             12           39      3.1
D         52   1.3            6    1.0             12           39      3.1
D         56   1.4            7    1.0             12           39      3.1
D         60   1.5            7    1.0             12           39      3.1
D         64   1.6            8    1.0             12           39      3.1
D         68   1.7            8    1.0             12           39      3.1
D         72   1.8            9    1.0             12           39      3.1
D         76   1.9            9    1.0             12           39      3.1
D         80   2.0           10    1.0             12           39      3.1
          -------------------------------------------------------------

Buffer Pool Statistics  DB/Inst: XE/XE  Snaps:   186-  187
-> Standard block size Pools  D: default,  K: keep,  R: recycle
-> Default Pools for other block sizes: 2k, 4k, 8k, 16k, 32k
-> Buffers: the number of buffers.  Units of K, M, G are divided by 1000

                                                            Free Writ     Buffer
            Pool         Buffer     Physical    Physical  Buffer Comp       Busy
P   Buffers Hit%           Gets        Reads      Writes   Waits Wait      Waits
--- ------- ---- -------------- ------------ ----------- ------- ---- ----------
D     4910   100      1,056,866          588      10,861       0    0          0
          -------------------------------------------------------------
PGA Aggr Target Stats  DB/Inst: XE/XE  Snaps:   186-  187
-> B: Begin snap   E: End snap (rows identified with B or E contain data
   which is absolute i.e. not diffed over the interval)
-> PGA cache hit % - percentage of W/A (WorkArea) data processed only in-memory
-> Auto PGA Target - actual workarea memory target
-> W/A PGA Used    - amount of memory used for all WorkAreas (manual + auto)
-> %PGA W/A Mem    - percentage of PGA memory allocated to WorkAreas
-> %Auto W/A Mem   - percentage of WorkArea memory controlled by Auto Mem Mgmt
-> %Man W/A Mem    - percentage of WorkArea memory under Manual control

PGA Cache Hit % W/A MB Processed Extra W/A MB Read/Written
--------------- ---------------- -------------------------
          100.0               21                         0

PGA Aggr Target Histogram  DB/Inst: XE/XE  Snaps:   186-  187
-> Optimal Executions are purely in-memory operations

    Low    High
Optimal Optimal    Total Execs Optimal Execs 1-Pass Execs M-Pass Execs
------- ------- -------------- ------------- ------------ ------------
     2K      4K             82            82            0            0
    64K    128K              2             2            0            0
   128K    256K              1             1            0            0
   512K   1024K             14            14            0            0
     4M      8M              2             2            0            0
          -------------------------------------------------------------

PGA Memory Advisory  DB/Inst: XE/XE  End Snap:   187
-> When using Auto Memory Mgmt, minimally choose a pga_aggregate_target value
   where Estd PGA Overalloc Count is 0

                                   Estd Extra                Estd
  PGA Aggr                           W/A MB      Estd Time    PGA   Estd PGA
    Target   Size         W/A MB  Read/Written  to Process  Cache  Overalloc
  Est (MB)  Factr      Processed    to Disk      Bytes (s)  Hit %      Count
---------- ------ -------------- -------------- ---------- ------ ----------
        17    0.1            122              4        0.0   97.0          1
        33    0.3            122              4        0.0   97.0          1
        66    0.5            122              0        0.0  100.0          0
        99    0.8            122              0        0.0  100.0          0
       132    1.0            122              0        0.0  100.0          0
       158    1.2            122              0        0.0  100.0          0
       185    1.4            122              0        0.0  100.0          0
       211    1.6            122              0        0.0  100.0          0
       238    1.8            122              0        0.0  100.0          0
       264    2.0            122              0        0.0  100.0          0
       396    3.0            122              0        0.0  100.0          0
       528    4.0            122              0        0.0  100.0          0
       792    6.0            122              0        0.0  100.0          0
     1,056    8.0            122              0        0.0  100.0          0
          -------------------------------------------------------------
Process Memory Summary Stats  DB/Inst: XE/XE  Snaps:   186-  187
-> B: Begin snap   E: End snap
-> All rows below contain absolute values (i.e. not diffed over the interval)
-> Max Alloc is Maximum PGA Allocation size at snapshot time
   Hist Max Alloc is the Historical Max Allocation for still-connected processes
-> Num Procs or Allocs:  For Begin/End snapshot lines, it is the number of
   processes. For Category lines, it is the number of allocations
-> ordered by Begin/End snapshot, Alloc (MB) desc

                                                                  Hist   Num
                                          Avg    Std Dev   Max    Max   Procs
             Alloc     Used    Freeabl   Alloc    Alloc   Alloc  Alloc    or
  Category   (MB)      (MB)      (MB)     (MB)    (MB)    (MB)    (MB)  Allocs
- -------- --------- --------- -------- -------- ------- ------- ------ ------
B --------      73.4      46.4     19.7      2.2     2.6      12     22     34
  Other         52.7                         1.5     2.1      12     12     34
  Freeable      19.7        .0               2.2     2.3       6             9
  PL/SQL          .6        .5                .0      .0       0      1     29
  SQL             .4        .1                .0      .0       0      9     11
E --------      71.9      45.0     19.9      2.2     2.7      12     22     32
  Other         51.0                         1.6     2.2      11     11     32
  Freeable      19.9        .0               2.0     2.3       6            10
  PL/SQL          .6        .5                .0      .0       0      1     27
  SQL             .3        .1                .0      .0       0      9     11
          -------------------------------------------------------------

Top Process Memory (by component)  DB/Inst: XE/XE  Snaps:   186-  187
-> ordered by Begin/End snapshot, Alloc (MB) desc

                        Alloc   Used   Freeabl     Max      Hist Max
     PId Category       (MB)    (MB)     (MB)   Alloc (MB) Alloc (MB)
- ------ ------------- ------- ------- -------- ---------- ----------
B     11 LGWR --------    11.6    10.8       .0       11.6       11.6
         Other            11.6                        11.6       11.6
         PL/SQL             .0      .0                  .0         .0
      34 TNS V1-V3 ---     8.2     1.4      6.4        8.2        8.2
         Freeable          6.4      .0                 6.4
         Other             1.5                         1.5        1.5
         PL/SQL             .2      .2                  .2         .2
         SQL                .1      .1                  .1        6.3
      10 DBW0 --------     7.8     7.4       .1        7.8        7.8
         Other             7.7                         7.7        7.7
         Freeable           .1      .0                  .1
         PL/SQL             .0      .0                  .0         .0
      28 CJQ0 --------     6.7     1.3      5.1        6.7        6.7
         Freeable          5.1      .0                 5.1
         Other             1.6                         1.6        1.6
         PL/SQL             .0      .0                  .0         .0
         SQL                .0      .0                  .0        1.9
      13 SMON --------     4.8     1.0      3.6        4.8        4.8
         Freeable          3.6      .0                 3.6
         Other             1.1                         1.1        1.1
         SQL                .1      .0                  .1        2.1
         PL/SQL             .0      .0                  .0         .0
      15 MMON --------     4.0     1.9      1.8        4.0        4.0
         Other             2.2                         2.2        2.2
         Freeable          1.8      .0                 1.8
         PL/SQL             .1      .1                  .1         .1
         SQL                .0      .0                  .0        1.0
      22  ------------     2.9     1.7       .8        2.9       21.8
         Other             2.0                         2.0       11.2
         Freeable           .8      .0                  .8
         PL/SQL             .1      .1                  .1         .6
         SQL                .1      .0                  .1        9.2
      37  ------------     2.4     1.1      1.0        2.4        4.2
         Other             1.4                         1.4        1.4
         Freeable          1.0      .0                 1.0
         PL/SQL             .0      .0                  .0         .5
         SQL                .0      .0                  .0        2.9
      27  ------------     1.9     1.1       .4        1.9        2.4
         Other             1.3                         1.3        1.3
         Freeable           .4      .0                  .4
         SQL                .2      .0                  .2        1.3
         PL/SQL             .0      .0                  .0         .0
      30 Q000 --------     1.8     1.1       .4        1.8        1.8
         Other             1.2                         1.2        1.2
         Freeable           .4      .0                  .4
         PL/SQL             .2      .2                  .2         .2
         SQL                .0      .0                  .0         .2
      17 D000 --------     1.3     1.2       .0        1.3        1.3
         Other             1.3                         1.3        1.3
       8 DIA0 --------     1.2     1.0       .0        1.2        1.2
         Other             1.2                         1.2        1.2
         PL/SQL             .0      .0                  .0         .0
      26 W000 --------     1.1      .9       .0        1.1        1.1

Top Process Memory (by component)  DB/Inst: XE/XE  Snaps:   186-  187
-> ordered by Begin/End snapshot, Alloc (MB) desc

                        Alloc   Used   Freeabl     Max      Hist Max
     PId Category       (MB)    (MB)     (MB)   Alloc (MB) Alloc (MB)
- ------ ------------- ------- ------- -------- ---------- ----------
B     26 Other             1.1                         1.1        1.1
         SQL                .0      .0                  .0         .0
         PL/SQL             .0      .0                  .0         .0
      14 RECO --------     1.1      .8       .0        1.1        1.1
         Other             1.1                         1.1        1.1
         PL/SQL             .0      .0                  .0         .0
         SQL                .0      .0                  .0         .1
      29 W001 --------     1.1      .8       .0        1.1        1.1
         Other             1.1                         1.1        1.1
         SQL                .0      .0                  .0         .0
         PL/SQL             .0      .0                  .0         .0
      12 CKPT --------     1.0      .8       .0        1.0        1.0
         Other             1.0                         1.0        1.0
         PL/SQL             .0      .0                  .0         .0
       7 DBRM --------     1.0      .8       .0        1.0        1.0
         Other             1.0                         1.0        1.0
         PL/SQL             .0      .0                  .0         .0
         SQL                .0      .0                  .0         .1
E     11 LGWR --------    11.6    10.8       .1       11.6       11.6
         Other            11.4                        11.4       11.5
         Freeable           .1      .0                  .1
         PL/SQL             .0      .0                  .0         .0
      26 TNS V1-V3 ---     8.4     1.6      6.4        8.4        8.4
         Freeable          6.4      .0                 6.4
         Other             1.8                         1.8        1.8
         PL/SQL             .2      .2                  .2         .2
         SQL                .1      .1                  .1        6.3
      10 DBW0 --------     7.8     7.4       .1        7.8        7.8
         Other             7.7                         7.7        7.7
         Freeable           .1      .0                  .1
         PL/SQL             .0      .0                  .0         .0
      28 CJQ0 --------     6.7     1.3      5.1        6.7        6.7
         Freeable          5.1      .0                 5.1
         Other             1.6                         1.6        1.6
         PL/SQL             .0      .0                  .0         .0
         SQL                .0      .0                  .0        1.9
      13 SMON --------     4.9     1.0      3.8        4.9        4.9
         Freeable          3.8      .0                 3.8
         Other             1.1                         1.1        1.1
         PL/SQL             .0      .0                  .0         .0
         SQL                .0      .0                  .0        2.1
      15 MMON --------     4.0     1.9      1.8        4.0        4.0
         Other             2.2                         2.2        2.2
         Freeable          1.8      .0                 1.8
         PL/SQL             .1      .1                  .1         .1
         SQL                .0      .0                  .0        1.0
      22  ------------     2.9     1.7       .9        2.9       21.8
         Other             2.0                         2.0       11.1
         Freeable           .9      .0                  .9
         PL/SQL             .1      .1                  .1         .6
         SQL                .0      .0                  .0        9.2
      37  ------------     2.4     1.1      1.0        2.4        4.2
         Other             1.4                         1.4        1.4

Top Process Memory (by component)  DB/Inst: XE/XE  Snaps:   186-  187
-> ordered by Begin/End snapshot, Alloc (MB) desc

                        Alloc   Used   Freeabl     Max      Hist Max
     PId Category       (MB)    (MB)     (MB)   Alloc (MB) Alloc (MB)
- ------ ------------- ------- ------- -------- ---------- ----------
E     37 Freeable          1.0      .0                 1.0
         PL/SQL             .0      .0                  .0         .5
         SQL                .0      .0                  .0        2.9
      27  ------------     1.9     1.1       .4        1.9        2.4
         Other             1.3                         1.3        1.3
         Freeable           .4      .0                  .4
         SQL                .2      .0                  .2        1.3
         PL/SQL             .0      .0                  .0         .0
      30 Q000 --------     1.8     1.1       .4        1.8        1.8
         Other             1.2                         1.2        1.2
         Freeable           .4      .0                  .4
         PL/SQL             .2      .2                  .2         .2
         SQL                .0      .0                  .0         .2
      17 D000 --------     1.3     1.2       .0        1.3        1.3
         Other             1.3                         1.3        1.3
       8 DIA0 --------     1.2     1.0       .0        1.2        1.2
         Other             1.2                         1.2        1.2
         PL/SQL             .0      .0                  .0         .0
      14 RECO --------     1.1      .8       .0        1.1        1.1
         Other             1.1                         1.1        1.1
         PL/SQL             .0      .0                  .0         .0
         SQL                .0      .0                  .0         .1
      29 W001 --------     1.1      .8       .0        1.1        1.1
         Other             1.1                         1.1        1.1
         SQL                .0      .0                  .0         .0
         PL/SQL             .0      .0                  .0         .0
      12 CKPT --------     1.0      .8       .0        1.0        1.0
         Other             1.0                         1.0        1.0
         PL/SQL             .0      .0                  .0         .0
       7 DBRM --------     1.0      .8       .0        1.0        1.0
         Other             1.0                         1.0        1.0
         PL/SQL             .0      .0                  .0         .0
         SQL                .0      .0                  .0         .1
          -------------------------------------------------------------
Enqueue activity  DB/Inst: XE/XE  Snaps:   186-  187
-> only enqueues with waits are shown
-> Enqueue stats gathered prior to 10g should not be compared with 10g data
-> ordered by Wait Time desc, Waits desc

Enqueue Type (Request Reason)
------------------------------------------------------------------------------
    Requests    Succ Gets Failed Gets       Waits Wt Time (s)  Av Wt Time(ms)
------------ ------------ ----------- ----------- ------------ --------------
JS-Job Scheduler (queue lock)
       1,448        1,448           0           1            0            .00
          -------------------------------------------------------------

Latch Activity  DB/Inst: XE/XE  Snaps:   186-  187
->"Get Requests", "Pct Get Miss" and "Avg Slps/Miss" are statistics for
  willing-to-wait latch get requests
->"NoWait Requests", "Pct NoWait Miss" are for no-wait latch get requests
->"Pct Misses" for both should be very close to 0.0

                                           Pct    Avg   Wait                 Pct
                              Get          Get   Slps   Time       NoWait NoWait
Latch                       Requests      Miss  /Miss    (s)     Requests   Miss
------------------------ -------------- ------ ------ ------ ------------ ------
AQ deq hash table latch               1    0.0             0            0
ASM db client latch                 261    0.0             0            0
ASM map operation hash t              1    0.0             0            0
ASM network state latch              10    0.0             0            0
Change Notification Hash            129    0.0             0            0
Consistent RBA                      317    0.0             0            0
DML lock allocation               1,002    0.0             0            0
Event Group Locks                     4    0.0             0            0
FOB s.o list latch                   18    0.0             0            0
File State Object Pool P              1    0.0             0            0
I/O Staticstics latch                 1    0.0             0            0
IPC stats buffer allocat              1    0.0             0            0
In memory undo latch                188    0.0             0           84    0.0
JS Sh mem access                      3   33.3    1.0      0            0
JS broadcast autostart l              1    0.0             0            0
JS mem alloc latch                    2    0.0             0            0
JS queue access latch                 3    0.0             0            0
JS queue state obj latch          2,896    0.0             0            0
JS slv state obj latch                5    0.0             0            0
KFC FX Hash Latch                     1    0.0             0            0
KFC Hash Latch                        1    0.0             0            0
KFCL LE Freelist                      1    0.0             0            0
KGNFS-NFS:SHM structure               1    0.0             0            0
KGNFS-NFS:SVR LIST                    1    0.0             0            0
KJC message pool free li              1    0.0             0            0
KJCT flow control latch               1    0.0             0            0
KMG MMAN ready and start            129    0.0             0            0
KTF sga latch                         3    0.0             0           93    0.0
KWQP Prop Status                      1    0.0             0            0
Locator state objects po              1    0.0             0            0
Lsod array latch                      1    0.0             0            0
MQL Tracking Latch                    0                    0            7    0.0
Memory Management Latch               1    0.0             0          129    0.0
Memory Queue                          1    0.0             0            0
Memory Queue Message Sub              1    0.0             0            0
Memory Queue Message Sub              1    0.0             0            0
Memory Queue Message Sub              1    0.0             0            0
Memory Queue Message Sub              1    0.0             0            0
Memory Queue Subscriber               1    0.0             0            0
MinActiveScn Latch                    4    0.0             0            0
Mutex                                 1    0.0             0            0
Mutex Stats                           1    0.0             0            0
OS process                           28    0.0             0            0
OS process allocation               788    0.0             0            0
OS process: request allo              8    0.0             0            0
PL/SQL warning settings              10    0.0             0            0
PX hash array latch                   1    0.0             0            0
QMT                                   1    0.0             0            0
SGA IO buffer pool latch            192    0.0             0          193    0.0
SGA blob parent                       1    0.0             0            0
Latch Activity  DB/Inst: XE/XE  Snaps:   186-  187
->"Get Requests", "Pct Get Miss" and "Avg Slps/Miss" are statistics for
  willing-to-wait latch get requests
->"NoWait Requests", "Pct NoWait Miss" are for no-wait latch get requests
->"Pct Misses" for both should be very close to 0.0

                                           Pct    Avg   Wait                 Pct
                              Get          Get   Slps   Time       NoWait NoWait
Latch                       Requests      Miss  /Miss    (s)     Requests   Miss
------------------------ -------------- ------ ------ ------ ------------ ------
SGA bucket locks                      1    0.0             0            0
SGA heap locks                        1    0.0             0            0
SGA pool locks                        1    0.0             0            0
SQL memory manager latch             14    0.0             0          128    0.0
SQL memory manager worka          8,708    0.0             0            0
Shared B-Tree                        18    0.0             0            0
Streams Generic                       1    0.0             0            0
Testing                               1    0.0             0            0
Token Manager                         1    0.0             0            0
WCR: sync                             1    0.0             0            0
Write State Object Pool               1    0.0             0            0
XDB NFS Security Latch                1    0.0             0            0
XDB unused session pool               1    0.0             0            0
XDB used session pool                 1    0.0             0            0
active checkpoint queue             243    0.0             0            0
active service list                 822    0.0             0          221    0.0
buffer pool                           1    0.0             0            0
business card                         1    0.0             0            0
cache buffer handles              4,985    0.0             0            0
cache buffers chains          5,198,739    0.0             0       13,150    0.0
cache buffers lru chain          11,202    0.0             0       23,954    0.0
cache table scan latch                5    0.0             0            5    0.0
call allocation                     125    0.0             0            0
cas latch                             1    0.0             0            0
change notification clie              1    0.0             0            0
channel handle pool latc             11    0.0             0            0
channel operations paren          1,851    0.0             0            0
checkpoint queue latch           16,117    0.0             0       12,805    0.0
client/application info              24    0.0             0            0
compile environment latc              4    0.0             0            0
cp cmon/server latch                  1    0.0             0            0
cp pool latch                         1    0.0             0            0
cp server hash latch                  1    0.0             0            0
cp sga latch                         10    0.0             0            0
cvmap freelist lock                   1    0.0             0            0
deferred cleanup latch               10    0.0             0            0
dml lock allocation                  10    0.0             0            0
done queue latch                      1    0.0             0            0
dummy allocation                     11    0.0             0            0
enqueue hash chains               9,410    0.0             0            0
enqueues                          7,385    0.0             0            0
fifth spare latch                     1    0.0             0            0
file cache latch                     50    0.0             0            0
flashback copy                        1    0.0             0            0
fourth Audit Vault latch              1    0.0             0            0
gc element                            1    0.0             0            0
gcs commit scn state                  1    0.0             0            0
gcs partitioned table ha              1    0.0             0            0
gcs pcm hashed value buc              1    0.0             0            0
gcs resource freelist                 1    0.0             0            0
Latch Activity  DB/Inst: XE/XE  Snaps:   186-  187
->"Get Requests", "Pct Get Miss" and "Avg Slps/Miss" are statistics for
  willing-to-wait latch get requests
->"NoWait Requests", "Pct NoWait Miss" are for no-wait latch get requests
->"Pct Misses" for both should be very close to 0.0

                                           Pct    Avg   Wait                 Pct
                              Get          Get   Slps   Time       NoWait NoWait
Latch                       Requests      Miss  /Miss    (s)     Requests   Miss
------------------------ -------------- ------ ------ ------ ------------ ------
gcs resource hash                     1    0.0             0            0
gcs resource scan list                1    0.0             0            0
gcs shadows freelist                  1    0.0             0            0
ges domain table                      1    0.0             0            0
ges enqueue table freeli              1    0.0             0            0
ges group table                       1    0.0             0            0
ges process hash list                 1    0.0             0            0
ges process parent latch              1    0.0             0            0
ges resource hash list                1    0.0             0            0
ges resource scan list                1    0.0             0            0
ges resource table freel              1    0.0             0            0
ges value block free lis              1    0.0             0            0
global KZLD latch for me              1    0.0             0            0
global tx hash mapping                1    0.0             0            0
granule operation                     1    0.0             0            0
hash table column usage             459    0.0             0            0
hash table modification               2    0.0             0            0
heartbeat check                       1    0.0             0            0
interrupt manipulation                1    0.0             0            0
intra txn parallel recov              1    0.0             0            0
io pool granule metadata              1    0.0             0            0
job workq parent latch                2    0.0             0            1    0.0
job_queue_processes free              4    0.0             0            0
job_queue_processes para             86    0.0             0            0
k2q lock allocation                   1    0.0             0            0
kcbtsemkid latch                      6    0.0             0            0
kdlx hb parent latch                  1    0.0             0            0
kgb parent                            1    0.0             0            0
kgnfs mount latch                     1    0.0             0            0
ksfv messages                         1    0.0             0            0
ksim group membership ca              1    0.0             0            0
kss move lock                         1    0.0             0            0
ksuosstats global area               28    0.0             0            0
ksv allocation latch                 12    0.0             0            0
ksv class latch                       5    0.0             0            0
ksv msg queue latch                   1    0.0             0            0
ksz_so allocation latch               8    0.0             0            0
ktm global data                      13    0.0             0            0
kwqbsn:qsga                          17    0.0             0            0
lgwr LWN SCN                        319    0.0             0            0
list of block allocation             66    0.0             0            0
lob segment dispenser la              1    0.0             0            0
lob segment hash table l              3    0.0             0            0
lob segment query latch               1    0.0             0            0
lock DBA buffer during m              1    0.0             0            0
logical standby cache                 1    0.0             0            0
logminer context allocat              1    0.0             0            0
logminer work area                    1    0.0             0            0
longop free list parent               1    0.0             0            0
mapped buffers lru chain              1    0.0             0            0
Latch Activity  DB/Inst: XE/XE  Snaps:   186-  187
->"Get Requests", "Pct Get Miss" and "Avg Slps/Miss" are statistics for
  willing-to-wait latch get requests
->"NoWait Requests", "Pct NoWait Miss" are for no-wait latch get requests
->"Pct Misses" for both should be very close to 0.0

                                           Pct    Avg   Wait                 Pct
                              Get          Get   Slps   Time       NoWait NoWait
Latch                       Requests      Miss  /Miss    (s)     Requests   Miss
------------------------ -------------- ------ ------ ------ ------------ ------
message pool operations               3    0.0             0            0
messages                          4,263    0.0             0            0
mostly latch-free SCN               321    0.0             0            0
msg queue latch                       1    0.0             0            0
multiblock read objects              14    0.0             0            0
name-service namespace b              1    0.0             0            0
ncodef allocation latch              10    0.0             0            0
object queue header heap            757    0.0             0          283    0.0
object queue header oper         56,872    0.0             0            0
object stats modificatio             25    0.0             0            0
parallel query alloc buf             53    0.0             0            0
parallel query stats                  1    0.0             0            0
parameter list                        6    0.0             0            0
parameter table manageme             42    0.0             0            0
peshm                                 1    0.0             0            0
pesom_free_list                       1    0.0             0            0
pesom_hash_node                       1    0.0             0            0
post/wait queue                      17    0.0             0            8    0.0
process allocation                   10    0.0             0            3    0.0
process group creation                8    0.0             0            0
process queue                         1    0.0             0            0
process queue reference               1    0.0             0            0
qmn task queue latch                 56    0.0             0            0
query server freelists                1    0.0             0            0
queued dump request                   2    0.0             0            0
queuing load statistics               1    0.0             0            0
recovery domain hash lis              1    0.0             0            0
redo allocation               1,023,108    0.0    0.0      0            0
redo copy                             1    0.0             0    1,021,729    0.0
redo writing                      1,434    0.0             0            0
resmgr group change latc              4    0.0             0            0
resmgr:active threads                91    0.0             0          143    0.0
resmgr:actses change gro              3    0.0             0            0
resmgr:actses change sta              1    0.0             0            0
resmgr:free threads list             10    0.0             0            0
resmgr:plan CPU method                1    0.0             0            0
resmgr:resource group CP          1,847    0.0             0            0
resmgr:schema config                 81    0.0             0            7    0.0
resmgr:session queuing                1    0.0             0            0
rm cas latch                          1    0.0             0            0
row cache objects                 2,766    0.0             0            0
rules engine rule set st            100    0.0             0            0
second Audit Vault latch              1    0.0             0            0
second spare latch                    1    0.0             0            0
sequence cache                       12    0.0             0            0
session allocation                   82    0.0             0           69    0.0
session idle bit                    162    0.0             0            0
session queue latch                   1    0.0             0            0
session state list latch             14    0.0             0            0
session switching                    36    0.0             0            0
Latch Activity  DB/Inst: XE/XE  Snaps:   186-  187
->"Get Requests", "Pct Get Miss" and "Avg Slps/Miss" are statistics for
  willing-to-wait latch get requests
->"NoWait Requests", "Pct NoWait Miss" are for no-wait latch get requests
->"Pct Misses" for both should be very close to 0.0

                                           Pct    Avg   Wait                 Pct
                              Get          Get   Slps   Time       NoWait NoWait
Latch                       Requests      Miss  /Miss    (s)     Requests   Miss
------------------------ -------------- ------ ------ ------ ------------ ------
session timer                       133    0.0             0            0
shared pool                   1,001,263    0.0    0.0      0            0
shared pool sim alloc                 1    0.0             0            0
shared pool simulator                89    0.0             0            0
sim partition latch                   1    0.0             0            0
simulator hash latch             68,806    0.0             0            0
simulator lru latch                   1    0.0             0       67,181    0.0
sort extent pool                     13    0.0             0            0
space background state o              2    0.0             0            0
space background task la            707    0.1    0.0      0          260    0.0
tablespace key chain                  1    0.0             0            0
test excl. parent l0                  1    0.0             0            0
test excl. parent2 l0                 1    0.0             0            0
third spare latch                     1    0.0             0            0
threshold alerts latch                7    0.0             0            0
transaction allocation               12    0.0             0            0
undo global data                 13,922    0.0             0            0
virtual circuit buffers               1    0.0             0            0
virtual circuit holder                1    0.0             0            0
virtual circuit queues                1    0.0             0            0
          -------------------------------------------------------------
Latch Sleep breakdown  DB/Inst: XE/XE  Snaps:   186-  187
-> ordered by misses desc

                                       Get                                 Spin
Latch Name                        Requests       Misses      Sleeps        Gets
-------------------------- --------------- ------------ ----------- -----------
JS Sh mem access                         3            1           1           0
          -------------------------------------------------------------
Latch Miss Sources  DB/Inst: XE/XE  Snaps:   186-  187
-> only latches with sleeps are shown
-> ordered by name, sleeps desc

                                                     NoWait              Waiter
Latch Name               Where                       Misses     Sleeps   Sleeps
------------------------ -------------------------- ------- ---------- --------
JS Sh mem access         jsksGetShMemLatch                0          1        1
          -------------------------------------------------------------
Dictionary Cache Stats  DB/Inst: XE/XE  Snaps:   186-  187
->"Pct Misses"  should be very low (< 2% in most cases)
->"Final Usage" is the number of cache entries being used in End Snapshot

                                   Get    Pct    Scan   Pct      Mod      Final
Cache                         Requests   Miss    Reqs  Miss     Reqs      Usage
------------------------- ------------ ------ ------- ----- -------- ----------
dc_awr_control                       6    0.0       0              0          1
dc_object_grants                    12    0.0       0              0         80
dc_objects                          34    0.0       0              2      1,801
dc_profiles                          3    0.0       0              0          1
dc_rollback_segments                86    0.0       0              0         22
dc_segments                         97    0.0       0              3        680
dc_tablespaces                     210    0.0       0              0          6
dc_users                           275    0.0       0              0         94
global database name               264    0.0       0              0          1
sch_lj_oids                          2    0.0       0              0          9
          -------------------------------------------------------------


Library Cache Activity  DB/Inst: XE/XE  Snaps:   186-  187
->"Pct Misses"  should be very low

                         Get  Pct        Pin        Pct               Invali-
Namespace           Requests  Miss     Requests     Miss     Reloads  dations
--------------- ------------ ------ -------------- ------ ---------- --------
ACCOUNT_STATUS             2    0.0              0                 0        0
BODY                      14    0.0      1,000,015    0.0          0        0
DBLINK                     2    0.0              0                 0        0
EDITION                    2    0.0              4    0.0          0        0
SCHEMA                     2    0.0              0                 0        0
SQL AREA                 480    0.0      8,722,861    0.0          4        1
SQL AREA BUILD             3    0.0              0                 0        0
SQL AREA STATS             4    0.0              4    0.0          0        0
TABLE/PROCEDURE           32    0.0      1,000,090    0.0          2        0
          -------------------------------------------------------------
Rule Sets  DB/Inst: XE/XE  Snaps:   186-  187
-> * indicates Rule Set activity (re)started between Begin/End snaps
-> Top 25 ordered by Evaluations desc

                                                               No-SQL  SQL
Rule                                *     Eval/sec Reloads/sec Eval % Eval %
----------------------------------- - ------------ ----------- ------ ------
SYS.ALERT_QUE_R                                  0           0      0      0
          -------------------------------------------------------------
Shared Pool Advisory  DB/Inst: XE/XE  End Snap:   187
-> SP: Shared Pool     Est LC: Estimated Library Cache   Factr: Factor
-> Note there is often a 1:Many correlation between a single logical object
   in the Library Cache, and the physical number of memory objects associated
   with it.  Therefore comparing the number of Lib Cache objects (e.g. in
   v$librarycache), with the number of Lib Cache Memory Objects is invalid

                                        Est LC Est LC  Est LC Est LC
    Shared    SP   Est LC                 Time   Time    Load   Load      Est LC
      Pool  Size     Size       Est LC   Saved  Saved    Time   Time         Mem
  Size (M) Factr      (M)      Mem Obj     (s)  Factr     (s)  Factr    Obj Hits
---------- ----- -------- ------------ ------- ------ ------- ------ -----------
       116    .6       10          856 #######    1.0      42    2.5  11,362,209
       136    .7       30        2,234 #######    1.0      35    2.1  21,025,333
       156    .8       50        3,341 #######    1.0      23    1.4  21,025,813
       176    .9       61        3,928 #######    1.0      17    1.0  21,025,933
       196   1.0       62        4,026 #######    1.0      17    1.0  21,025,933
       216   1.1       62        4,026 #######    1.0      17    1.0  21,025,933
       236   1.2       62        4,026 #######    1.0      17    1.0  21,025,933
       256   1.3       62        4,026 #######    1.0      17    1.0  21,025,933
       276   1.4       62        4,026 #######    1.0      17    1.0  21,025,933
       296   1.5       62        4,026 #######    1.0      17    1.0  21,025,933
       316   1.6       62        4,026 #######    1.0      17    1.0  21,025,933
       336   1.7       62        4,026 #######    1.0      17    1.0  21,025,933
       356   1.8       62        4,026 #######    1.0      17    1.0  21,025,933
       376   1.9       62        4,026 #######    1.0      17    1.0  21,025,933
       396   2.0       62        4,026 #######    1.0      17    1.0  21,025,933
          -------------------------------------------------------------
SGA Target Advisory  DB/Inst: XE/XE  End Snap:   187

SGA Target SGA Size   Est DB      Est DB   Est Physical
  Size (M)   Factor Time (s) Time Factor          Reads
---------- -------- -------- ----------- --------------
       192       .8    1,256         1.0         12,259
       256      1.0    1,249         1.0         12,075
       320      1.3    1,249         1.0         12,063
       384      1.5    1,249         1.0         12,063
       448      1.8    1,249         1.0         12,063
       512      2.0    1,249         1.0         12,063
          -------------------------------------------------------------
SGA Memory Summary  DB/Inst: XE/XE  Snaps:   186-  187

                                                        End Size (Bytes)
SGA regions                      Begin Size (Bytes)       (if different)
------------------------------ -------------------- --------------------
Database Buffers                         41,943,040
Fixed Size                                2,226,960
Redo Buffers                              4,333,568
Variable Size                           356,517,104
                               -------------------- --------------------
sum                                     405,020,672
          -------------------------------------------------------------


SGA breakdown difference  DB/Inst: XE/XE  Snaps:   186-  187
-> Top 35 rows by size, ordered by Pool, Name (note rows with null values for
   Pool column, or Names showing free memory are always shown)
-> Null value for Begin MB or End MB indicates the size of that Pool/Name was
   insignificant, or zero in that snapshot

Pool   Name                                 Begin MB         End MB  % Diff
------ ------------------------------ -------------- -------------- --------
java p free memory                               4.0            4.0     0.00
large  PX msg pool                                .5             .5     0.00
large  free memory                               3.5            3.5     0.00
shared ASH buffers                               4.0            4.0     0.00
shared FileOpenBlock                             3.8            3.8     0.00
shared KCB Table Scan Buffer                     3.8            3.8     0.00
shared KGLH0                                    22.8           22.8     0.02
shared KGLHD                                     4.5            4.5     0.00
shared KGLS                                     13.5           13.5     0.00
shared KGLSG                                     5.0            5.0     0.00
shared KQR M PO                                  2.2            2.2     0.00
shared KSFD SGA I/O b                            3.8            3.8     0.00
shared PLDIA                                     2.5            2.5     1.08
shared PLMCD                                     2.2            2.2     0.00
shared SQLA                                     30.7           30.7     0.04
shared event statistics per sess                 2.1            2.1     0.00
shared free memory                              40.3           40.4     0.19
shared kglsim hash table bkts                    4.0            4.0     0.00
shared ksunfy : SSO free list                    2.0            2.0     0.00
shared obj stats allocation chun                 2.5            2.5     0.00
shared private strands                           2.3            2.3     0.00
shared row cache                                 7.2            7.2     0.00
       buffer_cache                             40.0           40.0     0.00
       fixed_sga                                 2.1            2.1     0.00
       log_buffer                                4.1            4.1     0.00
          -------------------------------------------------------------
SQL Memory Statistics  DB/Inst: XE/XE  Snaps:   186-  187

                                   Begin            End         % Diff
                          -------------- -------------- --------------
   Avg Cursor Size (KB):           32.55          32.53           -.04
 Cursor to Parent ratio:            1.06           1.06           -.00
          Total Cursors:           1,158          1,159            .09
          Total Parents:           1,097          1,098            .09
          -------------------------------------------------------------
init.ora Parameters  DB/Inst: XE/XE  Snaps:   186-  187

                                                                  End value
Parameter Name                Begin value                       (if different)
----------------------------- --------------------------------- --------------
audit_file_dest               /u01/app/oracle/admin/XE/adump
compatible                    11.2.0.0.0
control_files                 /u01/app/oracle/oradata/XE/contro
                              l.dbf
db_name                       XE
db_recovery_file_dest         /u01/app/oracle/fast_recovery_are
                              a
db_recovery_file_dest_size    10737418240
diagnostic_dest               /u01/app/oracle
dispatchers                   (PROTOCOL=TCP) (SERVICE=XEXDB)
job_queue_processes           4
log_buffer                    4100096
memory_target                 406847488
open_cursors                  300
plsql_code_type               NATIVE
remote_login_passwordfile     EXCLUSIVE
sessions                      172
shared_servers                4
undo_management               AUTO
undo_tablespace               UNDOTBS1
          -------------------------------------------------------------

End of Report (   sp_186_187.lst )

