
STATSPACK report for

Database    DB Id    Instance     Inst Num  Startup Time   Release     RAC
~~~~~~~~ ----------- ------------ -------- --------------- ----------- ---
          2706909277 XE                  1 09-3月 -14 16:2 11.2.0.2.0  NO
                                           8

Host Name             Platform                CPUs Cores Sockets   Memory (G)
~~~~ ---------------- ---------------------- ----- ----- ------- ------------
     kagamihogex61    Linux x86 64-bit           2     2       1           .9

Snapshot       Snap Id     Snap Time      Sessions Curs/Sess Comment
~~~~~~~~    ---------- ------------------ -------- --------- ------------------
Begin Snap:        190 09-3月 -14 17:40:15      29       1.5
  End Snap:        191 09-3月 -14 17:49:39      27       1.7
   Elapsed:       9.40 (mins) Av Act Sess:       2.0
   DB time:      18.38 (mins)      DB CPU:       9.95 (mins)

Cache Sizes            Begin        End
~~~~~~~~~~~       ---------- ----------
    Buffer Cache:        40M              Std Block Size:         8K
     Shared Pool:       196M                  Log Buffer:     4,004K

Load Profile              Per Second    Per Transaction    Per Exec    Per Call
~~~~~~~~~~~~      ------------------  ----------------- ----------- -----------
      DB time(s):                2.0              367.6        0.00       21.21
       DB CPU(s):                1.1              199.1        0.00       11.49
       Redo size:          466,696.4       87,738,914.7
   Logical reads:            1,867.9          351,170.0
   Block changes:            3,600.4          676,876.3
  Physical reads:                1.2              218.3
 Physical writes:               19.4            3,649.0
      User calls:                0.1               17.3
          Parses:                0.9              159.3
     Hard parses:                0.0                1.3
W/A MB processed:                0.0                7.2
          Logons:                0.0                2.3
        Executes:           14,416.1        2,710,227.0
       Rollbacks:                0.0                0.0
    Transactions:                0.0

Instance Efficiency Indicators
~~~~~~~~~~~~~~~~~~~~~~~~~~~~~~
            Buffer Nowait %:  100.00       Redo NoWait %:  100.00
            Buffer  Hit   %:   99.94  Optimal W/A Exec %:  100.00
            Library Hit   %:  100.00        Soft Parse %:   99.16
         Execute to Parse %:   99.99         Latch Hit %:  100.00
Parse CPU to Parse Elapsd %:   50.00     % Non-Parse CPU:   99.99

 Shared Pool Statistics        Begin   End
                               ------  ------
             Memory Usage %:   80.29   80.26
    % SQL with executions>1:   66.13   66.10
  % Memory for SQL w/exec>1:   71.16   71.14

Top 5 Timed Events                                                    Avg %Total
~~~~~~~~~~~~~~~~~~                                                   wait   Call
Event                                            Waits    Time (s)   (ms)   Time
----------------------------------------- ------------ ----------- ------ ------
CPU time                                                       598          52.8
resmgr:cpu quantum                                 222         504   2269   44.5
log file parallel write                            324          15     47    1.3
db file async I/O submit                           115           8     73     .7
control file parallel write                        290           5     19     .5
          -------------------------------------------------------------
Host CPU  (CPUs: 2  Cores: 2  Sockets: 1)
~~~~~~~~              Load Average
                      Begin     End      User  System    Idle     WIO     WCPU
                    ------- -------   ------- ------- ------- ------- --------
                       0.56    1.00     46.36    6.96   46.67    0.62

Instance CPU
~~~~~~~~~~~~                                       % Time (seconds)
                                            -------- --------------
                     Host: Total time (s):                  1,126.2
                  Host: Busy CPU time (s):                    600.6
                   % of time Host is Busy:      53.3
             Instance: Total CPU time (s):                    599.2
          % of Busy CPU used for Instance:      99.8
        Instance: Total Database time (s):                  1,136.1
  %DB time waiting for CPU (Resource Mgr):       0.0

Virtual Memory Paging
~~~~~~~~~~~~~~~~~~~~~
                     KB paged out per sec:           642.6
                     KB paged  in per sec:             4.0

Memory Statistics                       Begin          End
~~~~~~~~~~~~~~~~~                ------------ ------------
                  Host Mem (MB):        971.2        971.2
                   SGA use (MB):        386.3        386.3
                   PGA use (MB):         74.0         71.6
    % Host Mem used for SGA+PGA:         47.4         47.1
          -------------------------------------------------------------

Time Model System Stats  DB/Inst: XE/XE  Snaps:   190-  191
-> Ordered by % of DB time desc, Statistic name

Statistic                                       Time (s) % DB time
----------------------------------- -------------------- ---------
sql execute elapsed time                         1,102.6     100.0
DB CPU                                             597.3      54.2
PL/SQL execution elapsed time                      573.9      52.0
parse time elapsed                                   0.0        .0
hard parse elapsed time                              0.0        .0
PL/SQL compilation elapsed time                      0.0        .0
connection management call elapsed                   0.0        .0
repeated bind elapsed time                           0.0        .0
DB time                                          1,102.9
background elapsed time                             33.2
background cpu time                                  2.0
          -------------------------------------------------------------
Foreground Wait Events  DB/Inst: XE/XE  Snaps:   190-  191
-> Only events with Total Wait Time (s) >= .001 are shown
-> ordered by Total Wait Time desc, Waits desc (idle events last)

                                                             Avg          %Total
                                          %Tim Total Wait   wait    Waits   Call
Event                               Waits  out   Time (s)   (ms)     /txn   Time
---------------------------- ------------ ---- ---------- ------ -------- ------
resmgr:cpu quantum                    222    0        504   2269     74.0   44.5
db file sequential read               488    0          0      1    162.7     .0
log buffer space                        1    0          0    147      0.3     .0
log file sync                           3    0          0     26      1.0     .0
control file sequential read          268    0          0      0     89.3     .0
SQL*Net message from client            19    0         91   4808      6.3
jobq slave wait                       180  100         90    501     60.0
          -------------------------------------------------------------

Background Wait Events  DB/Inst: XE/XE  Snaps:   190-  191
-> Only events with Total Wait Time (s) >= .001 are shown
-> ordered by Total Wait Time desc, Waits desc (idle events last)

                                                             Avg          %Total
                                          %Tim Total Wait   wait    Waits   Call
Event                               Waits  out   Time (s)   (ms)     /txn   Time
---------------------------- ------------ ---- ---------- ------ -------- ------
log file parallel write               324    0         15     47    108.0    1.3
db file async I/O submit              115    0          8     73     38.3     .7
control file parallel write           290    0          5     19     96.7     .5
os thread startup                       5    0          0     62      1.7     .0
db file sequential read                85    0          0      3     28.3     .0
log file single write                  12    0          0     16      4.0     .0
db file single write                   20    0          0      8      6.7     .0
enq: CF - contention                    1    0          0     22      0.3     .0
control file sequential read          531    0          0      0    177.0     .0
enq: JS - queue lock                    1    0          0      3      0.3     .0
rdbms ipc message                   2,623   90      6,170   2352    874.3
shared server idle wait                76  100      2,281  30008     25.3
Space Manager: slave idle wa          281   94      1,366   4860     93.7
DIAG idle wait                      1,127  100      1,128   1001    375.7
smon timer                              4   25        601 ######      1.3
pmon timer                            191   98        565   2957     63.7
Streams AQ: qmn coordinator            40   50        560  14005     13.3
Streams AQ: qmn slave idle w           21    0        560  26675      7.0
dispatcher timer                        9  100        540  60012      3.0
SQL*Net message from client             4    0          0      7      1.3
          -------------------------------------------------------------

Wait Events (fg and bg) DB/Inst: XE/XE  Snaps:   190-  191
-> s - second, cs - centisecond,  ms - millisecond, us - microsecond
-> %Timeouts:  value of 0 indicates value was < .5%.  Value of null is truly 0
-> Only events with Total Wait Time (s) >= .001 are shown
-> ordered by Total Wait Time desc, Waits desc (idle events last)

                                                             Avg          %Total
                                          %Tim Total Wait   wait    Waits   Call
Event                               Waits  out   Time (s)   (ms)     /txn   Time
---------------------------- ------------ ---- ---------- ------ -------- ------
resmgr:cpu quantum                    222    0        504   2269     74.0   44.5
log file parallel write               324    0         15     47    108.0    1.3
db file async I/O submit              115    0          8     73     38.3     .7
control file parallel write           290    0          5     19     96.7     .5
db file sequential read               573    0          1      1    191.0     .1
os thread startup                       5    0          0     62      1.7     .0
log file single write                  12    0          0     16      4.0     .0
db file single write                   20    0          0      8      6.7     .0
log buffer space                        1    0          0    147      0.3     .0
log file sync                           3    0          0     26      1.0     .0
enq: CF - contention                    1    0          0     22      0.3     .0
control file sequential read          799    0          0      0    266.3     .0
enq: JS - queue lock                    1    0          0      3      0.3     .0
Disk file operations I/O               17    0          0      0      5.7     .0
rdbms ipc message                   2,623   90      6,170   2352    874.3
shared server idle wait                76  100      2,281  30008     25.3
Space Manager: slave idle wa          281   94      1,366   4860     93.7
DIAG idle wait                      1,127  100      1,128   1001    375.7
smon timer                              4   25        601 ######      1.3
pmon timer                            191   98        565   2957     63.7
Streams AQ: qmn coordinator            40   50        560  14005     13.3
Streams AQ: qmn slave idle w           21    0        560  26675      7.0
dispatcher timer                        9  100        540  60012      3.0
SQL*Net message from client            23    0         91   3973      7.7
jobq slave wait                       180  100         90    501     60.0
          -------------------------------------------------------------
Wait Event Histogram  DB/Inst: XE/XE  Snaps:   190-  191
-> Total Waits - units: K is 1000, M is 1000000, G is 1000000000
-> % of Waits - column heading: <=1s is truly <1024ms, >1s is truly >=1024ms
-> % of Waits - value: .0 indicates value was <.05%, null is truly 0
-> Ordered by Event (idle events last)

                           Total ----------------- % of Waits ------------------
Event                      Waits  <1ms  <2ms  <4ms  <8ms <16ms <32ms  <=1s   >1s
-------------------------- ----- ----- ----- ----- ----- ----- ----- ----- -----
Disk file operations I/O     17  100.0
LGWR wait for redo copy       1  100.0
SQL*Net break/reset to cli    1  100.0
asynch descriptor resize     11  100.0
control file parallel writ  290                 .3  12.1  22.8  59.0   5.9
control file sequential re  799  100.0
db file async I/O submit    115                            2.6  32.2  64.3    .9
db file parallel read         1  100.0
db file scattered read       11  100.0
db file sequential read     573   90.9    .3    .7   2.3   4.4   1.0    .3
db file single write         20                     25.0  75.0
enq: CF - contention          1                                100.0
enq: JS - queue lock          1              100.0
log buffer space              1                                      100.0
log file parallel write     324                       .6   3.4  14.8  81.2
log file sequential read     12  100.0
log file single write        12                     25.0  25.0  50.0
log file sync                 3                                100.0
os thread startup             5                                 20.0  80.0
resmgr:cpu quantum          222     .9                      .9        56.8  41.4
DIAG idle wait             1128                                      100.0
SQL*Net message from clien   23   65.2   8.7                     8.7   8.7   8.7
SQL*Net message to client    22  100.0
Space Manager: slave idle   281     .4                                  .7  98.9
Streams AQ: qmn coordinato   40   47.5         2.5                          50.0
Streams AQ: qmn slave idle   21    4.8                                      95.2
class slave wait              3  100.0
dispatcher timer              9                                            100.0
jobq slave wait             180                                      100.0
pmon timer                  191                                        1.6  98.4
rdbms ipc message          2623     .3                      .0    .2  30.7  68.7
shared server idle wait      76                                            100.0
smon timer                    4                                            100.0
          -------------------------------------------------------------

SQL ordered by CPU  DB/Inst: XE/XE  Snaps:   190-  191
-> Total DB CPU (s):             597
-> Captured SQL accounts for   32.5% of Total DB CPU
-> SQL reported below exceeded  1.0% of Total DB CPU

    CPU                  CPU per             Elapsd                     Old
  Time (s)   Executions  Exec (s)  %Total   Time (s)    Buffer Gets  Hash Value
---------- ------------ ---------- ------ ---------- --------------- ----------
     98.16    1,000,000       0.00   16.4     144.05       1,049,712 3406977682
Module: SQL Developer
INSERT INTO INSERT_TO_MILLION_ROWS_TABLE(COLUMN1) VALUES(DBMS_RA
NDOM.STRING('X', 20))

     95.28    7,129,998       0.00   16.0      99.57               0 3876449241
Module: SQL Developer
SELECT 1 FROM DUAL

          -------------------------------------------------------------
SQL ordered by Elapsed time for DB: XE  Instance: XE  Snaps:   190 -  191
-> Total DB Time (s):           1,103
-> Captured SQL accounts for   26.3% of Total DB Time
-> SQL reported below exceeded  1.0% of Total DB Time

  Elapsed                Elap per            CPU                        Old
  Time (s)   Executions  Exec (s)  %Total   Time (s)  Physical Reads Hash Value
---------- ------------ ---------- ------ ---------- --------------- ----------
    275.01            0              24.9       0.88             114 2666187099
Module: SQL Developer
BEGIN   INSERT_TO_MILLION_ROWS_PROC(); END;

    144.05    1,000,000       0.00   13.1      98.16              13 3406977682
Module: SQL Developer
INSERT INTO INSERT_TO_MILLION_ROWS_TABLE(COLUMN1) VALUES(DBMS_RA
NDOM.STRING('X', 20))

     99.57    7,129,998       0.00    9.0      95.28               0 3876449241
Module: SQL Developer
SELECT 1 FROM DUAL

     45.42           53       0.86    4.1       0.03               0 1254950678
select file# from file$ where ts#=:1

          -------------------------------------------------------------
SQL ordered by Gets  DB/Inst: XE/XE  Snaps:   190-  191
-> End Buffer Gets Threshold:     10000 Total Buffer Gets:       1,053,510
-> Captured SQL accounts for   99.7% of Total Buffer Gets
-> SQL reported below exceeded  1.0% of Total Buffer Gets

                                                     CPU      Elapsd     Old
  Buffer Gets    Executions  Gets per Exec  %Total Time (s)  Time (s) Hash Value
--------------- ------------ -------------- ------ -------- --------- ----------
      1,050,059            0                  99.7     0.88    275.01 2666187099
Module: SQL Developer
BEGIN   INSERT_TO_MILLION_ROWS_PROC(); END;

      1,049,712    1,000,000            1.0   99.6    98.16    144.05 3406977682
Module: SQL Developer
INSERT INTO INSERT_TO_MILLION_ROWS_TABLE(COLUMN1) VALUES(DBMS_RA
NDOM.STRING('X', 20))

          -------------------------------------------------------------
SQL ordered by Reads  DB/Inst: XE/XE  Snaps:   190-  191
-> End Disk Reads Threshold:      1000  Total Disk Reads:             655
-> Captured SQL accounts for    2.4% of Total Disk Reads
-> SQL reported below exceeded  1.0% of Total Disk Reads

                                                     CPU      Elapsd
  Physical Rds   Executions  Rds per Exec   %Total Time (s)  Time (s) Hash Value
--------------- ------------ -------------- ------ -------- --------- ----------
            385            1          385.0   58.8     0.56      0.96 2522684317
Module: SQL*Plus
BEGIN statspack.snap; END;

            114            0                  17.4     0.88    275.01 2666187099
Module: SQL Developer
BEGIN   INSERT_TO_MILLION_ROWS_PROC(); END;

             13    1,000,000            0.0    2.0    98.16    144.05 3406977682
Module: SQL Developer
INSERT INTO INSERT_TO_MILLION_ROWS_TABLE(COLUMN1) VALUES(DBMS_RA
NDOM.STRING('X', 20))

          -------------------------------------------------------------
SQL ordered by Executions  DB/Inst: XE/XE  Snaps:   190-  191
-> End Executions Threshold:       100  Total Executions:       8,130,681
-> Captured SQL accounts for  100.0% of Total Executions
-> SQL reported below exceeded  1.0% of Total Executions

                                                CPU per    Elap per     Old
 Executions   Rows Processed   Rows per Exec    Exec (s)   Exec (s)  Hash Value
------------ --------------- ---------------- ----------- ---------- ----------
   7,129,998       7,129,998              1.0       0.00        0.00  3876449241
Module: SQL Developer
SELECT 1 FROM DUAL

   1,000,000       1,000,000              1.0       0.00        0.00  3406977682
Module: SQL Developer
INSERT INTO INSERT_TO_MILLION_ROWS_TABLE(COLUMN1) VALUES(DBMS_RA
NDOM.STRING('X', 20))

          -------------------------------------------------------------
SQL ordered by Parse Calls  DB/Inst: XE/XE  Snaps:   190-  191
-> End Parse Calls Threshold:      1000 Total Parse Calls:             478
-> Captured SQL accounts for   17.8% of Total Parse Calls
-> SQL reported below exceeded  1.0% of Total Parse Calls

                           % Total    Old
 Parse Calls   Executions   Parses Hash Value
------------ ------------ -------- ----------
          53           53    11.09 1254950678
select file# from file$ where ts#=:1

          23           23     4.81 1566118407
      declare          vsn  varchar2(20);             begin
          vsn := dbms_rcvman.getPackageVersion;               :p
kg_vsn:pkg_vsn_i := vsn;               if vsn is not null then
                :pkg_vsnub4 :=                    to_number(subs

          -------------------------------------------------------------
Instance Activity Stats  DB/Inst: XE/XE  Snaps:   190-  191

Statistic                                      Total     per Second    per Trans
--------------------------------- ------------------ -------------- ------------
Batched IO (bound) vector count                    0            0.0          0.0
Batched IO (full) vector count                     0            0.0          0.0
Batched IO block miss count                        0            0.0          0.0
Batched IO buffer defrag count                     0            0.0          0.0
Batched IO double miss count                       0            0.0          0.0
Batched IO same unit count                         0            0.0          0.0
Batched IO single block count                      0            0.0          0.0
Batched IO vector block count                      0            0.0          0.0
Batched IO vector read count                       0            0.0          0.0
Block Cleanout Optim referenced                    4            0.0          1.3
CCursor + sql area evicted                         0            0.0          0.0
CPU used by this session                      59,754          106.0     19,918.0
CPU used when call started                    59,719          105.9     19,906.3
CR blocks created                                  0            0.0          0.0
Commit SCN cached                                  1            0.0          0.3
DB time                                      122,290          216.8     40,763.3
DBWR checkpoint buffers written               10,946           19.4      3,648.7
DBWR checkpoints                                   6            0.0          2.0
DBWR object drop buffers written                   0            0.0          0.0
DBWR tablespace checkpoint buffer                  0            0.0          0.0
DBWR thread checkpoint buffers wr             10,946           19.4      3,648.7
DBWR transaction table writes                     20            0.0          6.7
DBWR undo block writes                         7,374           13.1      2,458.0
HSC Heap Segment Block Changes             1,000,257        1,773.5    333,419.0
Heap Segment Array Inserts                        75            0.1         25.0
Heap Segment Array Updates                         4            0.0          1.3
IMU Flushes                                        2            0.0          0.7
IMU Redo allocation size                      14,816           26.3      4,938.7
IMU commits                                        1            0.0          0.3
IMU ktichg flush                                   0            0.0          0.0
IMU pool not allocated                             2            0.0          0.7
IMU recursive-transaction flush                    0            0.0          0.0
IMU undo allocation size                      15,216           27.0      5,072.0
IMU- failed to get a private stra                  2            0.0          0.7
LOB table id lookup cache misses                   0            0.0          0.0
Number of read IOs issued                          0            0.0          0.0
RowCR - row contention                             0            0.0          0.0
RowCR attempts                                     1            0.0          0.3
RowCR hits                                         1            0.0          0.3
SMON posted for undo segment shri                  0            0.0          0.0
SQL*Net roundtrips to/from client                 19            0.0          6.3
TBS Extension: bytes extended                      0            0.0          0.0
TBS Extension: files extended                      0            0.0          0.0
TBS Extension: tasks created                       0            0.0          0.0
TBS Extension: tasks executed                      0            0.0          0.0
active txn count during cleanout               3,639            6.5      1,213.0
application wait time                              0            0.0          0.0
background checkpoints completed                   5            0.0          1.7
background checkpoints started                     6            0.0          2.0
background timeouts                            2,361            4.2        787.0
branch node splits                                 0            0.0          0.0
buffer is not pinned count                       711            1.3        237.0
buffer is pinned count                           138            0.2         46.0
bytes received via SQL*Net from c              4,776            8.5      1,592.0
bytes sent via SQL*Net to client               5,536            9.8      1,845.3
calls to get snapshot scn: kcmgss          7,130,706       12,643.1  2,376,902.0
Instance Activity Stats  DB/Inst: XE/XE  Snaps:   190-  191

Statistic                                      Total     per Second    per Trans
--------------------------------- ------------------ -------------- ------------
calls to kcmgas                                3,562            6.3      1,187.3
calls to kcmgcs                                4,263            7.6      1,421.0
cell physical IO interconnect byt        385,818,624      684,075.6 ############
change write time                                668            1.2        222.7
cleanout - number of ktugct calls              3,639            6.5      1,213.0
cleanouts and rollbacks - consist                  0            0.0          0.0
cleanouts only - consistent read                   1            0.0          0.3
cluster key scan block gets                        6            0.0          2.0
cluster key scans                                  6            0.0          2.0
commit batch/immediate performed                   0            0.0          0.0
commit batch/immediate requested                   0            0.0          0.0
commit cleanout failures: block l                 94            0.2         31.3
commit cleanout failures: callbac                 10            0.0          3.3
commit cleanouts                                 467            0.8        155.7
commit cleanouts successfully com                363            0.6        121.0
commit immediate performed                         0            0.0          0.0
commit immediate requested                         0            0.0          0.0
commit txn count during cleanout                  25            0.0          8.3
concurrency wait time                             31            0.1         10.3
consistent changes                                 0            0.0          0.0
consistent gets                                5,509            9.8      1,836.3
consistent gets - examination                  3,951            7.0      1,317.0
consistent gets direct                             0            0.0          0.0
consistent gets from cache                     5,509            9.8      1,836.3
consistent gets from cache (fastp              1,106            2.0        368.7
cursor authentications                             0            0.0          0.0
data blocks consistent reads - un                  0            0.0          0.0
db block changes                           2,030,629        3,600.4    676,876.3
db block gets                              1,048,001        1,858.2    349,333.7
db block gets direct                               0            0.0          0.0
db block gets from cache                   1,048,001        1,858.2    349,333.7
db block gets from cache (fastpat              5,689           10.1      1,896.3
deferred (CURRENT) block cleanout                146            0.3         48.7
dirty buffers inspected                            1            0.0          0.3
enqueue conversions                              127            0.2         42.3
enqueue releases                               5,506            9.8      1,835.3
enqueue requests                               5,506            9.8      1,835.3
enqueue timeouts                                   0            0.0          0.0
enqueue waits                                      2            0.0          0.7
execute count                              8,130,681       14,416.1  2,710,227.0
file io service time                               0            0.0          0.0
file io wait time                          8,986,949       15,934.3  2,995,649.7
free buffer inspected                          9,678           17.2      3,226.0
free buffer requested                         13,167           23.4      4,389.0
heap block compress                                2            0.0          0.7
hot buffers moved to head of LRU               1,000            1.8        333.3
immediate (CR) block cleanout app                  1            0.0          0.3
immediate (CURRENT) block cleanou                 87            0.2         29.0
index crx upgrade (positioned)                     0            0.0          0.0
index fast full scans (full)                       3            0.0          1.0
index fetch by key                               224            0.4         74.7
index scans kdiixs1                              364            0.7        121.3
leaf node 90-10 splits                             1            0.0          0.3
leaf node splits                                  26            0.1          8.7
lob reads                                          0            0.0          0.0
lob writes                                         1            0.0          0.3
Instance Activity Stats  DB/Inst: XE/XE  Snaps:   190-  191

Statistic                                      Total     per Second    per Trans
--------------------------------- ------------------ -------------- ------------
lob writes unaligned                               1            0.0          0.3
logons cumulative                                  7            0.0          2.3
max cf enq hold time                               0            0.0          0.0
messages received                                380            0.7        126.7
messages sent                                    380            0.7        126.7
min active SCN optimization appli                  0            0.0          0.0
no buffer to keep pinned count                     0            0.0          0.0
no work - consistent read gets                   353            0.6        117.7
non-idle wait count                            2,719            4.8        906.3
non-idle wait time                            53,438           94.8     17,812.7
opened cursors cumulative                 15,260,426       27,057.5  5,086,808.7
parse count (failures)                             0            0.0          0.0
parse count (hard)                                 4            0.0          1.3
parse count (total)                              478            0.9        159.3
parse time cpu                                     3            0.0          1.0
parse time elapsed                                 6            0.0          2.0
physical read IO requests                        568            1.0        189.3
physical read bytes                        5,365,760        9,513.8  1,788,586.7
physical read total IO requests                1,399            2.5        466.3
physical read total bytes                 18,626,560       33,025.8  6,208,853.3
physical read total multi block r                  1            0.0          0.3
physical reads                                   655            1.2        218.3
physical reads cache                             655            1.2        218.3
physical reads cache prefetch                     88            0.2         29.3
physical reads direct                              0            0.0          0.0
physical reads direct (lob)                        0            0.0          0.0
physical reads prefetch warmup                     0            0.0          0.0
physical write IO requests                     6,208           11.0      2,069.3
physical write bytes                      89,677,824      159,003.2 ############
physical write total IO requests               6,930           12.3      2,310.0
physical write total bytes               367,192,064      651,049.8 ############
physical write total multi block                 636            1.1        212.0
physical writes                               10,947           19.4      3,649.0
physical writes direct                             0            0.0          0.0
physical writes direct temporary                   0            0.0          0.0
physical writes from cache                    10,947           19.4      3,649.0
physical writes non checkpoint                10,919           19.4      3,639.7
pinned buffers inspected                           0            0.0          0.0
pinned cursors current                             0            0.0          0.0
prefetch warmup blocks flushed ou                  0            0.0          0.0
prefetched blocks aged out before                  0            0.0          0.0
process last non-idle time                       564            1.0        188.0
recursive calls                           22,394,450       39,706.5  7,464,816.7
recursive cpu usage                           44,944           79.7     14,981.3
redo blocks checksummed by FG (ex              1,616            2.9        538.7
redo blocks written                          532,408          944.0    177,469.3
redo buffer allocation retries                     1            0.0          0.3
redo entries                               1,020,409        1,809.2    340,136.3
redo log space requests                            0            0.0          0.0
redo log space wait time                           0            0.0          0.0
redo ordering marks                            3,356            6.0      1,118.7
redo size                                263,216,744      466,696.4 ############
redo synch long waits                              3            0.0          1.0
redo synch time                                    8            0.0          2.7
redo synch time (usec)                        78,509          139.2     26,169.7
redo synch writes                                  4            0.0          1.3
Instance Activity Stats  DB/Inst: XE/XE  Snaps:   190-  191

Statistic                                      Total     per Second    per Trans
--------------------------------- ------------------ -------------- ------------
redo wastage                                 104,420          185.1     34,806.7
redo write time                                1,515            2.7        505.0
redo writes                                      324            0.6        108.0
rollback changes - undo records a                  0            0.0          0.0
rollbacks only - consistent read                   0            0.0          0.0
root node splits                                   0            0.0          0.0
rows fetched via callback                          5            0.0          1.7
scheduler wait time                           50,378           89.3     16,792.7
session connect time                               0            0.0          0.0
session cursor cache hits                     55,857           99.0     18,619.0
session logical reads                      1,053,510        1,867.9    351,170.0
session uga memory                     4,295,005,720    7,615,258.4 ############
session uga memory max                    11,037,920       19,570.8  3,679,306.7
shared hash latch upgrades - no w                373            0.7        124.3
sorts (memory)                                   233            0.4         77.7
sorts (rows)                                   4,378            7.8      1,459.3
sql area evicted                                   0            0.0          0.0
sql area purged                                    1            0.0          0.3
summed dirty queue length                          1            0.0          0.3
switch current to new buffer                      16            0.0          5.3
table fetch by rowid                             127            0.2         42.3
table fetch continued row                          0            0.0          0.0
table scan blocks gotten                          31            0.1         10.3
table scan rows gotten                         2,193            3.9        731.0
table scans (direct read)                          0            0.0          0.0
table scans (long tables)                          0            0.0          0.0
table scans (short tables)                        11            0.0          3.7
total cf enq hold time                         1,490            2.6        496.7
total number of cf enq holders                    23            0.0          7.7
total number of times SMON posted                  3            0.0          1.0
transaction rollbacks                              0            0.0          0.0
undo change vector size                   68,384,348      121,248.8 ############
user I/O wait time                                85            0.2         28.3
user calls                                        52            0.1         17.3
user commits                                       3            0.0          1.0
user rollbacks                                     0            0.0          0.0
workarea executions - optimal                    132            0.2         44.0
write clones created in foregroun                  2            0.0          0.7
          -------------------------------------------------------------

Instance Activity Stats  DB/Inst: XE/XE  Snaps:   190-  191
-> Statistics with absolute values (should not be diffed)

Statistic                             Begin Value       End Value
--------------------------------- --------------- ---------------
logons current                                 29              27
opened cursors current                         44              45
session cursor cache count                  2,320           2,379
          -------------------------------------------------------------

Instance Activity Stats  DB/Inst: XE/XE  Snaps:   190-  191
-> Statistics identified by '(derived)' come from sources other than SYSSTAT

Statistic                                      Total  per Hour
--------------------------------- ------------------ ---------
log switches (derived)                             6     38.30
          -------------------------------------------------------------

OS Statistics  DB/Inst: XE/XE  Snaps:   190-  191
-> ordered by statistic type (CPU use, Virtual Memory, Hardware Config), Name

Statistic                                  Total
------------------------- ----------------------
BUSY_TIME                                 60,064
IDLE_TIME                                 52,559
IOWAIT_TIME                                  697
NICE_TIME                                      0
SYS_TIME                                   7,840
USER_TIME                                 52,211
RSRC_MGR_CPU_WAIT_TIME                    49,198
VM_IN_BYTES                            2,314,240
VM_OUT_BYTES                         371,130,368
PHYSICAL_MEMORY_BYTES              1,018,376,192
NUM_CPUS                                       2
NUM_CPU_CORES                                  2
NUM_CPU_SOCKETS                                1
GLOBAL_RECEIVE_SIZE_MAX                  229,376
GLOBAL_SEND_SIZE_MAX                     229,376
TCP_RECEIVE_SIZE_DEFAULT                  87,380
TCP_RECEIVE_SIZE_MAX                   3,895,296
TCP_RECEIVE_SIZE_MIN                       4,096
TCP_SEND_SIZE_DEFAULT                     16,384
TCP_SEND_SIZE_MAX                      3,895,296
TCP_SEND_SIZE_MIN                          4,096
          -------------------------------------------------------------

OS Statistics - detail  DB/Inst: XE/XE  Snaps:   190-  191

  Snap Snapshot
    Id Day Time          Load  %Busy  %User %System   %WIO  %WCPU
------ --------------- ------ ------ ------ ------- ------ ------
   190 日 09 17:40:15      .6
   191 日 09 17:49:39     1.0   53.3   46.4     7.0    0.6
          -------------------------------------------------------------
IO Stat by Function - summary  DB/Inst: XE/XE  Snaps:   190-  191
->Data Volume values suffixed with   M,G,T,P are in multiples of 1024,
  other values suffixed with       K,M,G,T,P are in multiples of 1000
->ordered by Data Volume (Read+Write) desc

               ---------- Read --------- --------- Write -------- --- Wait ----
                 Data  Requests    Data   Data  Requests    Data          Avg
Function        Volume     /sec  Vol/sec Volume     /sec  Vol/sec  Count Tm(ms)
--------------- ------ -------- -------- ------ -------- -------- ------ ------
LGWR                2M      .2       .0M   261M      .8       .5M   906     0.1
Others             11M     1.3       .0M     3M      .4       .0M  1185     0.0
Buffer Cache Re     4M     1.0       .0M                            560     0.0
Streams AQ                  .0                                        8     0.0
          -------------------------------------------------------------

IO Stat by Function - detail  DB/Inst: XE/XE  Snaps:   190-  191
->ordered by Data Volume (Read+Write) desc

                   ----------- Read ---------- ----------- Write ---------
                    Small  Large  Small  Large  Small  Large  Small  Large
                     Read   Read   Data   Data  Write  Write   Data   Data
Function             Reqs   Reqs   Read   Read   Reqs   Reqs  Writn  Writn
------------------ ------ ------ ------ ------ ------ ------ ------ ------
LGWR                 114             2M          142    336      3M   258M
Others               717            11M          244             3M
Buffer Cache Reads   559      1      4M
Streams AQ             8
          -------------------------------------------------------------
Tablespace IO Stats  DB/Inst: XE/XE  Snaps:   190-  191
->ordered by IOs (Reads + Writes) desc

Tablespace
------------------------------
                 Av      Av     Av                    Av        Buffer Av Buf
         Reads Reads/s Rd(ms) Blks/Rd       Writes Writes/s      Waits Wt(ms)
-------------- ------- ------ ------- ------------ -------- ---------- ------
UNDOTBS1
            34       0    0.3     1.0        4,131        7          0    0.0
USERS
             5       0    0.0     1.0        1,701        3          0    0.0
SYSAUX
           382       1    0.8     1.1          335        1          0    0.0
SYSTEM
           147       0    1.8     1.4           41        0          0    0.0
TEMP
             1       0    0.0     1.0            0        0          0    0.0
          -------------------------------------------------------------
File IO Stats  DB/Inst: XE/XE  Snaps:   190-  191
->Mx Rd Bkt: Max bucket time for single block read
->ordered by Tablespace, File

Tablespace               Filename
------------------------ ----------------------------------------------------
                        Av   Mx                                             Av
                 Av     Rd   Rd    Av                    Av        Buffer BufWt
         Reads Reads/s (ms)  Bkt Blks/Rd       Writes Writes/s      Waits  (ms)
-------------- ------- ----- --- ------- ------------ -------- ---------- ------
SYSAUX                   /u01/app/oracle/oradata/XE/sysaux.dbf
           382       1   0.8  32     1.1          335        1          0

SYSTEM                   /u01/app/oracle/oradata/XE/system.dbf
           147       0   1.8 ###     1.4           41        0          0

TEMP                     /u01/app/oracle/oradata/XE/temp.dbf
             1       0   0.0         1.0            0        0          0

UNDOTBS1                 /u01/app/oracle/oradata/XE/undotbs1.dbf
            34       0   0.3  32     1.0        4,131        7          0

USERS                    /u01/app/oracle/oradata/XE/users.dbf
             5       0   0.0   1     1.0        1,701        3          0

          -------------------------------------------------------------
File Read Histogram Stats  DB/Inst: XE/XE  Snaps:   190-  191
->Number of single block reads in each time range
->Tempfiles are not included
->ordered by Tablespace, File

Tablespace               Filename
------------------------ ----------------------------------------------------
    0 - 2 ms     2 - 4 ms    4 - 8 ms     8 - 16 ms   16 - 32 ms       32+ ms
------------ ------------ ------------ ------------ ------------ ------------
SYSAUX                   /u01/app/oracle/oradata/XE/sysaux.dbf
         348            3            8           20            1            0

SYSTEM                   /u01/app/oracle/oradata/XE/system.dbf
         126            0            2            4            4            2

UNDOTBS1                 /u01/app/oracle/oradata/XE/undotbs1.dbf
          33            0            0            0            1            0

USERS                    /u01/app/oracle/oradata/XE/users.dbf
           5            0            0            0            0            0

          -------------------------------------------------------------
Instance Recovery Stats  DB/Inst: XE/XE  Snaps:   190-  191
-> B: Begin snapshot,  E: End snapshot

  Targt Estd                                  Log File  Log Ckpt    Log Ckpt
  MTTR  MTTR   Recovery   Actual    Target      Size     Timeout    Interval
   (s)   (s)   Estd IOs  Redo Blks Redo Blks Redo Blks  Redo Blks  Redo Blks
- ----- ----- ---------- --------- --------- ---------- --------- ------------
B     0     0        376         0     82944      82944    339579
E     0     0       2167     84449     82944      82944    286580
          -------------------------------------------------------------
Memory Target Advice  DB/Inst: XE/XE  Snaps:   190-  191
-> Advice Reset: if this is null, the data shown has been diffed between
   the Begin and End snapshots.  If this is 'Y', the advisor has been
   reset during this interval due to memory resize operations, and
   the data shown is since the reset operation.

                Memory Size     Est.     Advice
Memory Size (M)      Factor DB time (s)  Reset
--------------- ----------- ------------ ------
            291          .8        1,104
            388         1.0        1,103
            485         1.3        1,103
            582         1.5        1,103
            679         1.8        1,103
            776         2.0        1,103
          -------------------------------------------------------------

Memory Dynamic Components  DB/Inst: XE/XE  Snaps:   190-  191
->  Op - memory resize Operation
->  Cache:    D: Default,  K: Keep,  R:  Recycle
->   Mode:  DEF: DEFerred mode,  IMM: IMMediate mode

                       Begin Snap End Snap   Op    Last Op
Cache                    Size (M) Size (M)  Count  Type/Mode   Last Op Time
---------------------- ---------- -------- ------- ---------- ---------------
D:buffer cache                 40                0 INITIA/
PGA Target                    132                0 STATIC
SGA Target                    256                0 STATIC
java pool                       4                0 STATIC
large pool                      4                0 STATIC
shared pool                   196                0 STATIC
          -------------------------------------------------------------

Buffer Pool Advisory  DB/Inst: XE/XE  End Snap:   191
-> Only rows with estimated physical reads >0 are displayed
-> ordered by Pool, Block Size, Buffers For Estimate

                                   Est
                                  Phys      Estimated                   Est
    Size for  Size      Buffers   Read     Phys Reads     Est Phys % dbtime
P    Est (M) Factr  (thousands)  Factr    (thousands)    Read Time  for Rds
--- -------- ----- ------------ ------ -------------- ------------ --------
D          4    .1            0    1.0             18           44       .8
D          8    .2            1    1.0             17           42       .8
D         12    .3            1    1.0             17           42       .8
D         16    .4            2    1.0             17           42       .8
D         20    .5            2    1.0             17           42       .8
D         24    .6            3    1.0             17           42       .8
D         28    .7            3    1.0             17           42       .8
D         32    .8            4    1.0             17           42       .8
D         36    .9            4    1.0             17           41       .8
D         40   1.0            5    1.0             17           41       .8
D         44   1.1            5    1.0             17           41       .8
D         48   1.2            6    1.0             17           41       .8
D         52   1.3            6    1.0             17           41       .8
D         56   1.4            7    1.0             17           41       .8
D         60   1.5            7    1.0             17           41       .8
D         64   1.6            8    1.0             17           41       .8
D         68   1.7            8    1.0             17           41       .8
D         72   1.8            9    1.0             17           41       .8
D         76   1.9            9    1.0             17           41       .8
D         80   2.0           10    1.0             17           41       .8
          -------------------------------------------------------------

Buffer Pool Statistics  DB/Inst: XE/XE  Snaps:   190-  191
-> Standard block size Pools  D: default,  K: keep,  R: recycle
-> Default Pools for other block sizes: 2k, 4k, 8k, 16k, 32k
-> Buffers: the number of buffers.  Units of K, M, G are divided by 1000

                                                            Free Writ     Buffer
            Pool         Buffer     Physical    Physical  Buffer Comp       Busy
P   Buffers Hit%           Gets        Reads      Writes   Waits Wait      Waits
--- ------- ---- -------------- ------------ ----------- ------- ---- ----------
D     4910   100      1,053,569          656      10,947       0    0          0
          -------------------------------------------------------------
PGA Aggr Target Stats  DB/Inst: XE/XE  Snaps:   190-  191
-> B: Begin snap   E: End snap (rows identified with B or E contain data
   which is absolute i.e. not diffed over the interval)
-> PGA cache hit % - percentage of W/A (WorkArea) data processed only in-memory
-> Auto PGA Target - actual workarea memory target
-> W/A PGA Used    - amount of memory used for all WorkAreas (manual + auto)
-> %PGA W/A Mem    - percentage of PGA memory allocated to WorkAreas
-> %Auto W/A Mem   - percentage of WorkArea memory controlled by Auto Mem Mgmt
-> %Man W/A Mem    - percentage of WorkArea memory under Manual control

PGA Cache Hit % W/A MB Processed Extra W/A MB Read/Written
--------------- ---------------- -------------------------
          100.0               21                         0

PGA Aggr Target Histogram  DB/Inst: XE/XE  Snaps:   190-  191
-> Optimal Executions are purely in-memory operations

    Low    High
Optimal Optimal    Total Execs Optimal Execs 1-Pass Execs M-Pass Execs
------- ------- -------------- ------------- ------------ ------------
     2K      4K            111           111            0            0
    64K    128K              2             2            0            0
   128K    256K              1             1            0            0
   512K   1024K             14            14            0            0
     4M      8M              2             2            0            0
          -------------------------------------------------------------

PGA Memory Advisory  DB/Inst: XE/XE  End Snap:   191
-> When using Auto Memory Mgmt, minimally choose a pga_aggregate_target value
   where Estd PGA Overalloc Count is 0

                                   Estd Extra                Estd
  PGA Aggr                           W/A MB      Estd Time    PGA   Estd PGA
    Target   Size         W/A MB  Read/Written  to Process  Cache  Overalloc
  Est (MB)  Factr      Processed    to Disk      Bytes (s)  Hit %      Count
---------- ------ -------------- -------------- ---------- ------ ----------
        17    0.1            240             24        0.1   91.0          3
        33    0.3            240             24        0.1   91.0          3
        66    0.5            240              0        0.1  100.0          0
        99    0.8            240              0        0.1  100.0          0
       132    1.0            240              0        0.1  100.0          0
       158    1.2            240              0        0.1  100.0          0
       185    1.4            240              0        0.1  100.0          0
       211    1.6            240              0        0.1  100.0          0
       238    1.8            240              0        0.1  100.0          0
       264    2.0            240              0        0.1  100.0          0
       396    3.0            240              0        0.1  100.0          0
       528    4.0            240              0        0.1  100.0          0
       792    6.0            240              0        0.1  100.0          0
     1,056    8.0            240              0        0.1  100.0          0
          -------------------------------------------------------------
Process Memory Summary Stats  DB/Inst: XE/XE  Snaps:   190-  191
-> B: Begin snap   E: End snap
-> All rows below contain absolute values (i.e. not diffed over the interval)
-> Max Alloc is Maximum PGA Allocation size at snapshot time
   Hist Max Alloc is the Historical Max Allocation for still-connected processes
-> Num Procs or Allocs:  For Begin/End snapshot lines, it is the number of
   processes. For Category lines, it is the number of allocations
-> ordered by Begin/End snapshot, Alloc (MB) desc

                                                                  Hist   Num
                                          Avg    Std Dev   Max    Max   Procs
             Alloc     Used    Freeabl   Alloc    Alloc   Alloc  Alloc    or
  Category   (MB)      (MB)      (MB)     (MB)    (MB)    (MB)    (MB)  Allocs
- -------- --------- --------- -------- -------- ------- ------- ------ ------
B --------      74.0      46.0     19.8      2.2     2.6      12     22     34
  Other         53.2                         1.6     2.1      11     11     34
  Freeable      19.8        .0               1.8     2.2       6            11
  PL/SQL          .6        .5                .0      .0       0      1     29
  SQL             .4        .1                .0      .0       0      9     10
E --------      71.6      44.3     19.8      2.2     2.7      12     22     32
  Other         50.8                         1.6     2.2      11     11     32
  Freeable      19.8        .0               2.0     2.3       6            10
  PL/SQL          .6        .5                .0      .0       0      1     27
  SQL             .4        .1                .0      .0       0      9     11
          -------------------------------------------------------------

Top Process Memory (by component)  DB/Inst: XE/XE  Snaps:   190-  191
-> ordered by Begin/End snapshot, Alloc (MB) desc

                        Alloc   Used   Freeabl     Max      Hist Max
     PId Category       (MB)    (MB)     (MB)   Alloc (MB) Alloc (MB)
- ------ ------------- ------- ------- -------- ---------- ----------
B     11 LGWR --------    11.6    10.8       .1       11.6       11.6
         Other            11.4                        11.4       11.5
         Freeable           .1      .0                  .1
         PL/SQL             .0      .0                  .0         .0
      34 TNS V1-V3 ---     8.3     1.5      6.4        8.3        8.3
         Freeable          6.4      .0                 6.4
         Other             1.6                         1.6        1.6
         PL/SQL             .2      .2                  .2         .2
         SQL                .1      .1                  .1        6.3
      10 DBW0 --------     7.8     7.4       .1        7.8        7.8
         Other             7.7                         7.7        7.7
         Freeable           .1      .0                  .1
         PL/SQL             .0      .0                  .0         .0
      28 CJQ0 --------     6.7     1.3      5.1        6.7        6.7
         Freeable          5.1      .0                 5.1
         Other             1.6                         1.6        1.6
         PL/SQL             .0      .0                  .0         .0
         SQL                .0      .0                  .0        1.9
      13 SMON --------     4.9     1.0      3.5        4.9        4.9
         Freeable          3.5      .0                 3.5
         Other             1.4                         1.4        1.4
         SQL                .0      .0                  .0        2.1
         PL/SQL             .0      .0                  .0         .0
      15 MMON --------     4.0     1.9      1.8        4.0        4.0
         Other             2.1                         2.1        2.1
         Freeable          1.8      .0                 1.8
         PL/SQL             .1      .1                  .1         .1
         SQL                .0      .0                  .0        1.0
      22  ------------     2.9     1.7       .9        2.9       21.8
         Other             1.9                         1.9       11.1
         Freeable           .9      .0                  .9
         PL/SQL             .1      .1                  .1         .6
         SQL                .1      .0                  .1        9.2
      37  ------------     2.4     1.1      1.0        2.4        4.2
         Other             1.4                         1.4        1.4
         Freeable          1.0      .0                 1.0
         PL/SQL             .0      .0                  .0         .5
         SQL                .0      .0                  .0        2.9
      27  ------------     1.9     1.1       .4        1.9        2.4
         Other             1.3                         1.3        1.3
         Freeable           .4      .0                  .4
         SQL                .2      .0                  .2        1.3
         PL/SQL             .0      .0                  .0         .0
      30 Q000 --------     1.8     1.1       .4        1.8        1.8
         Other             1.2                         1.2        1.2
         Freeable           .4      .0                  .4
         PL/SQL             .2      .2                  .2         .2
         SQL                .0      .0                  .0         .2
      32 J000 --------     1.6      .7       .1        1.6        1.6
         Other             1.6                         1.6        1.6
         Freeable           .1      .0                  .1
         PL/SQL             .0      .0                  .0         .5
         SQL                .0      .0                  .0         .0

Top Process Memory (by component)  DB/Inst: XE/XE  Snaps:   190-  191
-> ordered by Begin/End snapshot, Alloc (MB) desc

                        Alloc   Used   Freeabl     Max      Hist Max
     PId Category       (MB)    (MB)     (MB)   Alloc (MB) Alloc (MB)
- ------ ------------- ------- ------- -------- ---------- ----------
B     17 D000 --------     1.3     1.2       .0        1.3        1.3
         Other             1.3                         1.3        1.3
       8 DIA0 --------     1.2     1.0       .0        1.2        1.2
         Other             1.2                         1.2        1.2
         PL/SQL             .0      .0                  .0         .0
      14 RECO --------     1.1      .8       .0        1.1        1.1
         Other             1.1                         1.1        1.1
         PL/SQL             .0      .0                  .0         .0
         SQL                .0      .0                  .0         .1
      12 CKPT --------     1.0      .8       .0        1.0        1.0
         Other             1.0                         1.0        1.0
         PL/SQL             .0      .0                  .0         .0
       7 DBRM --------     1.0      .8       .0        1.0        1.0
         Other             1.0                         1.0        1.0
         PL/SQL             .0      .0                  .0         .0
         SQL                .0      .0                  .0         .1
E     11 LGWR --------    11.6    10.8       .1       11.6       11.6
         Other            11.4                        11.4       11.5
         Freeable           .1      .0                  .1
         PL/SQL             .0      .0                  .0         .0
      29 TNS V1-V3 ---     8.1     1.4      6.3        8.1        8.1
         Freeable          6.3      .0                 6.3
         Other             1.5                         1.5        1.5
         PL/SQL             .2      .2                  .2         .2
         SQL                .1      .1                  .1        6.2
      10 DBW0 --------     7.8     7.4       .1        7.8        7.8
         Other             7.7                         7.7        7.7
         Freeable           .1      .0                  .1
         PL/SQL             .0      .0                  .0         .0
      28 CJQ0 --------     6.7     1.3      5.1        6.7        6.7
         Freeable          5.1      .0                 5.1
         Other             1.6                         1.6        1.6
         PL/SQL             .0      .0                  .0         .0
         SQL                .0      .0                  .0        1.9
      13 SMON --------     4.9     1.0      3.7        4.9        4.9
         Freeable          3.7      .0                 3.7
         Other             1.2                         1.2        1.2
         SQL                .0      .0                  .0        2.1
         PL/SQL             .0      .0                  .0         .0
      15 MMON --------     4.0     1.9      1.8        4.0        4.0
         Other             2.1                         2.1        2.1
         Freeable          1.8      .0                 1.8
         PL/SQL             .1      .1                  .1         .1
         SQL                .0      .0                  .0        1.0
      22  ------------     2.9     1.7       .9        2.9       21.8
         Other             2.0                         2.0       11.1
         Freeable           .9      .0                  .9
         PL/SQL             .1      .1                  .1         .6
         SQL                .0      .0                  .0        9.2
      37  ------------     2.4     1.1      1.0        2.4        4.2
         Other             1.4                         1.4        1.4
         Freeable          1.0      .0                 1.0
         PL/SQL             .0      .0                  .0         .5

Top Process Memory (by component)  DB/Inst: XE/XE  Snaps:   190-  191
-> ordered by Begin/End snapshot, Alloc (MB) desc

                        Alloc   Used   Freeabl     Max      Hist Max
     PId Category       (MB)    (MB)     (MB)   Alloc (MB) Alloc (MB)
- ------ ------------- ------- ------- -------- ---------- ----------
E     37 SQL                .0      .0                  .0        2.9
      27  ------------     1.9     1.1       .4        1.9        2.4
         Other             1.3                         1.3        1.3
         Freeable           .4      .0                  .4
         SQL                .2      .0                  .2        1.3
         PL/SQL             .0      .0                  .0         .0
      30 Q000 --------     1.8     1.1       .4        1.8        1.8
         Other             1.2                         1.2        1.2
         Freeable           .4      .0                  .4
         PL/SQL             .2      .2                  .2         .2
         SQL                .0      .0                  .0         .2
      17 D000 --------     1.3     1.0       .0        1.3        1.3
         Other             1.3                         1.3        1.3
       8 DIA0 --------     1.2     1.0       .0        1.2        1.2
         Other             1.2                         1.2        1.2
         PL/SQL             .0      .0                  .0         .0
      26 W000 --------     1.1      .9       .0        1.1        1.1
         Other             1.1                         1.1        1.1
         SQL                .0      .0                  .0         .0
         PL/SQL             .0      .0                  .0         .0
      14 RECO --------     1.1      .8       .0        1.1        1.1
         Other             1.1                         1.1        1.1
         PL/SQL             .0      .0                  .0         .0
         SQL                .0      .0                  .0         .1
      12 CKPT --------     1.0      .8       .0        1.0        1.0
         Other             1.0                         1.0        1.0
         PL/SQL             .0      .0                  .0         .0
       7 DBRM --------     1.0      .8       .0        1.0        1.0
         Other             1.0                         1.0        1.0
         PL/SQL             .0      .0                  .0         .0
         SQL                .0      .0                  .0         .1
          -------------------------------------------------------------
Enqueue activity  DB/Inst: XE/XE  Snaps:   190-  191
-> only enqueues with waits are shown
-> Enqueue stats gathered prior to 10g should not be compared with 10g data
-> ordered by Wait Time desc, Waits desc

Enqueue Type (Request Reason)
------------------------------------------------------------------------------
    Requests    Succ Gets Failed Gets       Waits Wt Time (s)  Av Wt Time(ms)
------------ ------------ ----------- ----------- ------------ --------------
CF-Controlfile Transaction
         245          245           0           1            0          20.00
JS-Job Scheduler (queue lock)
       2,078        2,078           0           1            0          10.00
          -------------------------------------------------------------

Undo Segment Summary  DB/Inst: XE/XE  Snaps:   190-  191
-> Min/Max TR (mins) - Min and Max Tuned Retention (minutes)
-> STO - Snapshot Too Old count,  OOS - Out Of Space count
-> Undo segment block stats:
   uS - unexpired Stolen,   uR - unexpired Released,   uU - unexpired reUsed
   eS - expired   Stolen,   eR - expired   Released,   eU - expired   reUsed

Undo   Num Undo       Number of  Max Qry     Max Tx Min/Max   STO/  uS/uR/uU/
 TS# Blocks (K)    Transactions  Len (s)      Concy TR (mins) OOS   eS/eR/eU
---- ---------- --------------- -------- ---------- --------- ----- -----------
   2        8.0             177      925          2 29.4/29.4 0/0   0/0/0/0/0/0
          -------------------------------------------------------------


Undo Segment Stats  DB/Inst: XE/XE  Snaps:   190-  191
-> Most recent 35 Undostat rows, ordered by End Time desc

                Num Undo    Number of Max Qry  Max Tx Tun Ret STO/  uS/uR/uU/
End Time          Blocks Transactions Len (s)   Concy  (mins) OOS   eS/eR/eU
------------ ----------- ------------ ------- ------- ------- ----- -----------
09-3月  17:4       8,012          177     925       2      29 0/0   0/0/0/0/0/0
8
          -------------------------------------------------------------
Latch Activity  DB/Inst: XE/XE  Snaps:   190-  191
->"Get Requests", "Pct Get Miss" and "Avg Slps/Miss" are statistics for
  willing-to-wait latch get requests
->"NoWait Requests", "Pct NoWait Miss" are for no-wait latch get requests
->"Pct Misses" for both should be very close to 0.0

                                           Pct    Avg   Wait                 Pct
                              Get          Get   Slps   Time       NoWait NoWait
Latch                       Requests      Miss  /Miss    (s)     Requests   Miss
------------------------ -------------- ------ ------ ------ ------------ ------
AQ deq hash table latch               1    0.0             0            0
ASM db client latch                 379    0.0             0            0
ASM map operation hash t              1    0.0             0            0
ASM network state latch              11    0.0             0            0
Change Notification Hash            187    0.0             0            0
Consistent RBA                      330    0.0             0            0
DML lock allocation                 386    0.0             0            0
Event Group Locks                     7    0.0             0            0
FOB s.o list latch                   34    0.0             0            0
File State Object Pool P              1    0.0             0            0
I/O Staticstics latch                 1    0.0             0            0
IPC stats buffer allocat              1    0.0             0            0
In memory undo latch                259    0.0             0          122    0.0
JS Sh mem access                      3    0.0             0            0
JS mem alloc latch                    2    0.0             0            0
JS queue access latch                 3    0.0             0            0
JS queue state obj latch          4,156    0.0             0            0
JS slv state obj latch                1    0.0             0            0
KFC FX Hash Latch                     1    0.0             0            0
KFC Hash Latch                        1    0.0             0            0
KFCL LE Freelist                      1    0.0             0            0
KGNFS-NFS:SHM structure               1    0.0             0            0
KGNFS-NFS:SVR LIST                    1    0.0             0            0
KJC message pool free li              1    0.0             0            0
KJCT flow control latch               1    0.0             0            0
KMG MMAN ready and start            188    0.0             0            0
KTF sga latch                         4    0.0             0          141    0.0
KWQP Prop Status                      1    0.0             0            0
Locator state objects po              1    0.0             0            0
Lsod array latch                      1    0.0             0            0
MQL Tracking Latch                    0                    0           10    0.0
Memory Management Latch               1    0.0             0          188    0.0
Memory Queue                          1    0.0             0            0
Memory Queue Message Sub              1    0.0             0            0
Memory Queue Message Sub              1    0.0             0            0
Memory Queue Message Sub              1    0.0             0            0
Memory Queue Message Sub              1    0.0             0            0
Memory Queue Subscriber               1    0.0             0            0
MinActiveScn Latch                    6    0.0             0            0
Mutex                                 1    0.0             0            0
Mutex Stats                           1    0.0             0            0
OS process                           55    0.0             0            0
OS process allocation             1,156    0.0             0            0
OS process: request allo             14    0.0             0            0
PL/SQL warning settings              41    0.0             0            0
PX hash array latch                   1    0.0             0            0
QMT                                   1    0.0             0            0
SGA IO buffer pool latch            234    0.0             0          234    0.0
SGA blob parent                       1    0.0             0            0
SGA bucket locks                      1    0.0             0            0
Latch Activity  DB/Inst: XE/XE  Snaps:   190-  191
->"Get Requests", "Pct Get Miss" and "Avg Slps/Miss" are statistics for
  willing-to-wait latch get requests
->"NoWait Requests", "Pct NoWait Miss" are for no-wait latch get requests
->"Pct Misses" for both should be very close to 0.0

                                           Pct    Avg   Wait                 Pct
                              Get          Get   Slps   Time       NoWait NoWait
Latch                       Requests      Miss  /Miss    (s)     Requests   Miss
------------------------ -------------- ------ ------ ------ ------------ ------
SGA heap locks                        1    0.0             0            0
SGA pool locks                        1    0.0             0            0
SQL memory manager latch             20    0.0             0          187    0.0
SQL memory manager worka         12,673    0.0             0            0
Shared B-Tree                        24    0.0             0            0
Streams Generic                       1    0.0             0            0
Testing                               1    0.0             0            0
Token Manager                         1    0.0             0            0
WCR: sync                             1    0.0             0            0
Write State Object Pool               1    0.0             0            0
XDB NFS Security Latch                1    0.0             0            0
XDB unused session pool               1    0.0             0            0
XDB used session pool                 1    0.0             0            0
active checkpoint queue             331    0.0             0            0
active service list               1,107    0.0             0          288    0.0
buffer pool                           1    0.0             0            0
business card                         1    0.0             0            0
cache buffer handles              5,028    0.0             0            0
cache buffers chains          5,189,518    0.0             0       13,253    0.0
cache buffers lru chain          11,298    0.0             0       24,101    0.0
cache table scan latch               11    0.0             0           11    0.0
call allocation                     142    0.0             0            0
cas latch                             1    0.0             0            0
change notification clie              1    0.0             0            0
channel handle pool latc             15    0.0             0            0
channel operations paren          2,682    0.0             0            0
checkpoint queue latch           18,517    0.0             0       12,857    0.0
client/application info              27    0.0             0            0
compile environment latc              7    0.0             0            0
cp cmon/server latch                  1    0.0             0            0
cp pool latch                         1    0.0             0            0
cp server hash latch                  1    0.0             0            0
cp sga latch                         11    0.0             0            0
cvmap freelist lock                   1    0.0             0            0
deferred cleanup latch               11    0.0             0            0
dml lock allocation                  11    0.0             0            0
done queue latch                      1    0.0             0            0
dummy allocation                     17    0.0             0            0
enqueue hash chains              11,131    0.0             0            0
enqueues                         10,287    0.0             0            0
fifth spare latch                     1    0.0             0            0
file cache latch                     68    0.0             0            0
flashback copy                        1    0.0             0            0
fourth Audit Vault latch              1    0.0             0            0
gc element                            1    0.0             0            0
gcs commit scn state                  1    0.0             0            0
gcs partitioned table ha              1    0.0             0            0
gcs pcm hashed value buc              1    0.0             0            0
gcs resource freelist                 1    0.0             0            0
gcs resource hash                     1    0.0             0            0
Latch Activity  DB/Inst: XE/XE  Snaps:   190-  191
->"Get Requests", "Pct Get Miss" and "Avg Slps/Miss" are statistics for
  willing-to-wait latch get requests
->"NoWait Requests", "Pct NoWait Miss" are for no-wait latch get requests
->"Pct Misses" for both should be very close to 0.0

                                           Pct    Avg   Wait                 Pct
                              Get          Get   Slps   Time       NoWait NoWait
Latch                       Requests      Miss  /Miss    (s)     Requests   Miss
------------------------ -------------- ------ ------ ------ ------------ ------
gcs resource scan list                1    0.0             0            0
gcs shadows freelist                  1    0.0             0            0
ges domain table                      1    0.0             0            0
ges enqueue table freeli              1    0.0             0            0
ges group table                       1    0.0             0            0
ges process hash list                 1    0.0             0            0
ges process parent latch              1    0.0             0            0
ges resource hash list                1    0.0             0            0
ges resource scan list                1    0.0             0            0
ges resource table freel              1    0.0             0            0
ges value block free lis              1    0.0             0            0
global KZLD latch for me              1    0.0             0            0
global tx hash mapping                1    0.0             0            0
granule operation                     1    0.0             0            0
hash table column usage              12    0.0             0            0
hash table modification               2    0.0             0            0
heartbeat check                       1    0.0             0            0
interrupt manipulation                1    0.0             0            0
intra txn parallel recov              1    0.0             0            0
io pool granule metadata              1    0.0             0            0
job workq parent latch                2    0.0             0            1    0.0
job_queue_processes free              4    0.0             0            0
job_queue_processes para            124    0.0             0            0
k2q lock allocation                   1    0.0             0            0
kcbtsemkid latch                      6    0.0             0            0
kdlx hb parent latch                  1    0.0             0            0
kgb parent                            1    0.0             0            0
kgnfs mount latch                     1    0.0             0            0
ksfv messages                         1    0.0             0            0
ksim group membership ca              1    0.0             0            0
kss move lock                         7    0.0             0            0
ksuosstats global area               28    0.0             0            0
ksv allocation latch                 23    0.0             0            0
ksv class latch                      13    0.0             0            0
ksv msg queue latch                   1    0.0             0            0
ksz_so allocation latch              14    0.0             0            0
ktm global data                      16    0.0             0            0
kwqbsn:qsga                          23    0.0             0            0
lgwr LWN SCN                        335    0.0             0            0
list of block allocation             68    0.0             0            0
lob segment dispenser la              1    0.0             0            0
lob segment hash table l              3    0.0             0            0
lob segment query latch               1    0.0             0            0
lock DBA buffer during m              1    0.0             0            0
logical standby cache                 1    0.0             0            0
logminer context allocat              1    0.0             0            0
logminer work area                    1    0.0             0            0
longop free list parent               1    0.0             0            0
mapped buffers lru chain              1    0.0             0            0
message pool operations               1    0.0             0            0
Latch Activity  DB/Inst: XE/XE  Snaps:   190-  191
->"Get Requests", "Pct Get Miss" and "Avg Slps/Miss" are statistics for
  willing-to-wait latch get requests
->"NoWait Requests", "Pct NoWait Miss" are for no-wait latch get requests
->"Pct Misses" for both should be very close to 0.0

                                           Pct    Avg   Wait                 Pct
                              Get          Get   Slps   Time       NoWait NoWait
Latch                       Requests      Miss  /Miss    (s)     Requests   Miss
------------------------ -------------- ------ ------ ------ ------------ ------
messages                          5,761    0.0             0            0
mostly latch-free SCN               336    0.0             0            0
msg queue latch                       1    0.0             0            0
multiblock read objects              24    0.0             0            0
name-service namespace b              1    0.0             0            0
ncodef allocation latch              11    0.0             0            0
object queue header heap            938    0.0             0          286    0.0
object queue header oper         57,496    0.0             0            0
object stats modificatio             14    0.0             0            0
parallel query alloc buf             77    0.0             0            0
parallel query stats                  1    0.0             0            0
parameter list                        6    0.0             0            0
parameter table manageme             48    0.0             0            0
peshm                                 1    0.0             0            0
pesom_free_list                       1    0.0             0            0
pesom_hash_node                       1    0.0             0            0
post/wait queue                      10    0.0             0            4    0.0
process allocation                   19    0.0             0            6    0.0
process group creation               14    0.0             0            0
process queue                         1    0.0             0            0
process queue reference               1    0.0             0            0
qmn task queue latch                 84    0.0             0            0
query server freelists                1    0.0             0            0
queued dump request                   2    0.0             0            0
queuing load statistics               1    0.0             0            0
recovery domain hash lis              1    0.0             0            0
redo allocation               1,021,935    0.0    0.0      0            0
redo copy                             1    0.0             0    1,020,454    0.0
redo writing                      1,676    0.0             0            0
resmgr group change latc              4    0.0             0            0
resmgr:active threads               132    0.0             0          200    0.0
resmgr:actses change gro              6    0.0             0            0
resmgr:actses change sta              1    0.0             0            0
resmgr:free threads list             16    0.0             0            0
resmgr:plan CPU method                1    0.0             0            0
resmgr:resource group CP          1,743    0.0             0            0
resmgr:schema config                118    0.0             0            6    0.0
resmgr:session queuing                1    0.0             0            0
rm cas latch                          1    0.0             0            0
row cache objects                 3,423    0.0             0            0
rules engine rule set st            100    0.0             0            0
second Audit Vault latch              1    0.0             0            0
second spare latch                    1    0.0             0            0
sequence cache                       12    0.0             0            0
session allocation            7,130,088    0.0             0    7,130,075    0.0
session idle bit              7,130,175    0.0    0.0      0            0
session queue latch                   1    0.0             0            0
session state list latch             24    0.0             0            0
session switching                    52    0.0             0            0
session timer                       191    0.0             0            0
Latch Activity  DB/Inst: XE/XE  Snaps:   190-  191
->"Get Requests", "Pct Get Miss" and "Avg Slps/Miss" are statistics for
  willing-to-wait latch get requests
->"NoWait Requests", "Pct NoWait Miss" are for no-wait latch get requests
->"Pct Misses" for both should be very close to 0.0

                                           Pct    Avg   Wait                 Pct
                              Get          Get   Slps   Time       NoWait NoWait
Latch                       Requests      Miss  /Miss    (s)     Requests   Miss
------------------------ -------------- ------ ------ ------ ------------ ------
shared pool                   1,001,565    0.0    0.0      0            0
shared pool sim alloc                 1    0.0             0            0
shared pool simulator                15    0.0             0            0
sim partition latch                   1    0.0             0            0
simulator hash latch             68,573    0.0             0            0
simulator lru latch                   1    0.0             0       66,948    0.0
sort extent pool                     18    0.0             0            0
space background state o              2    0.0             0            0
space background task la            755    0.0             0          379    0.0
tablespace key chain                  1    0.0             0            0
test excl. parent l0                  1    0.0             0            0
test excl. parent2 l0                 1    0.0             0            0
third spare latch                     1    0.0             0            0
threshold alerts latch               18    0.0             0            0
transaction allocation               14    0.0             0            0
undo global data                 13,032    0.0             0            0
virtual circuit buffers               1    0.0             0            0
virtual circuit holder                1    0.0             0            0
virtual circuit queues                1    0.0             0            0
          -------------------------------------------------------------
Dictionary Cache Stats  DB/Inst: XE/XE  Snaps:   190-  191
->"Pct Misses"  should be very low (< 2% in most cases)
->"Final Usage" is the number of cache entries being used in End Snapshot

                                   Get    Pct    Scan   Pct      Mod      Final
Cache                         Requests   Miss    Reqs  Miss     Reqs      Usage
------------------------- ------------ ------ ------- ----- -------- ----------
dc_awr_control                       9    0.0       0              0          1
dc_object_grants                    12    0.0       0              0         80
dc_objects                          35    0.0       0              2      1,821
dc_profiles                          3    0.0       0              0          1
dc_rollback_segments               130    0.0       0              0         22
dc_segments                        103    0.0       0              5        682
dc_tablespace_quotas                 8    0.0       0              0          2
dc_tablespaces                     243    0.0       0              0          6
dc_users                           297    0.0       0              0         94
global database name               381    0.0       0              0          1
outstanding_alerts                   3    0.0       0              0          4
sch_lj_oids                          2    0.0       0              0          9
          -------------------------------------------------------------


Library Cache Activity  DB/Inst: XE/XE  Snaps:   190-  191
->"Pct Misses"  should be very low

                         Get  Pct        Pin        Pct               Invali-
Namespace           Requests  Miss     Requests     Miss     Reloads  dations
--------------- ------------ ------ -------------- ------ ---------- --------
ACCOUNT_STATUS             2    0.0              0                 0        0
BODY                      17    0.0      1,000,044    0.0          0        0
DBLINK                     2    0.0              0                 0        0
EDITION                    4    0.0              6    0.0          0        0
SCHEMA                     2    0.0              0                 0        0
SQL AREA                 184    0.0      8,130,945    0.0          4        1
SQL AREA BUILD             3    0.0              0                 0        0
SQL AREA STATS             4    0.0              4    0.0          0        0
TABLE/PROCEDURE           32    0.0      1,000,119    0.0          2        0
          -------------------------------------------------------------
Rule Sets  DB/Inst: XE/XE  Snaps:   190-  191
-> * indicates Rule Set activity (re)started between Begin/End snaps
-> Top 25 ordered by Evaluations desc

                                                               No-SQL  SQL
Rule                                *     Eval/sec Reloads/sec Eval % Eval %
----------------------------------- - ------------ ----------- ------ ------
SYS.ALERT_QUE_R                                  0           0      0      0
          -------------------------------------------------------------
Shared Pool Advisory  DB/Inst: XE/XE  End Snap:   191
-> SP: Shared Pool     Est LC: Estimated Library Cache   Factr: Factor
-> Note there is often a 1:Many correlation between a single logical object
   in the Library Cache, and the physical number of memory objects associated
   with it.  Therefore comparing the number of Lib Cache objects (e.g. in
   v$librarycache), with the number of Lib Cache Memory Objects is invalid

                                        Est LC Est LC  Est LC Est LC
    Shared    SP   Est LC                 Time   Time    Load   Load      Est LC
      Pool  Size     Size       Est LC   Saved  Saved    Time   Time         Mem
  Size (M) Factr      (M)      Mem Obj     (s)  Factr     (s)  Factr    Obj Hits
---------- ----- -------- ------------ ------- ------ ------- ------ -----------
       116    .6       10          784 #######    1.0      48    2.7  28,086,603
       136    .7       30        2,204 #######    1.0      39    2.2  54,030,642
       156    .8       50        3,332 #######    1.0      24    1.3  54,031,313
       176    .9       62        3,950 #######    1.0      18    1.0  54,031,446
       196   1.0       63        4,106 #######    1.0      18    1.0  54,031,448
       216   1.1       63        4,106 #######    1.0      18    1.0  54,031,448
       236   1.2       63        4,106 #######    1.0      18    1.0  54,031,448
       256   1.3       63        4,106 #######    1.0      18    1.0  54,031,448
       276   1.4       63        4,106 #######    1.0      18    1.0  54,031,448
       296   1.5       63        4,106 #######    1.0      18    1.0  54,031,448
       316   1.6       63        4,106 #######    1.0      18    1.0  54,031,448
       336   1.7       63        4,106 #######    1.0      18    1.0  54,031,448
       356   1.8       63        4,106 #######    1.0      18    1.0  54,031,448
       376   1.9       63        4,106 #######    1.0      18    1.0  54,031,448
       396   2.0       63        4,106 #######    1.0      18    1.0  54,031,448
          -------------------------------------------------------------
SGA Target Advisory  DB/Inst: XE/XE  End Snap:   191

SGA Target SGA Size   Est DB      Est DB   Est Physical
  Size (M)   Factor Time (s) Time Factor          Reads
---------- -------- -------- ----------- --------------
       192       .8    5,358         1.0         16,773
       256      1.0    5,352         1.0         16,646
       320      1.3    5,352         1.0         16,624
       384      1.5    5,352         1.0         16,624
       448      1.8    5,352         1.0         16,624
       512      2.0    5,352         1.0         16,624
          -------------------------------------------------------------
SGA Memory Summary  DB/Inst: XE/XE  Snaps:   190-  191

                                                        End Size (Bytes)
SGA regions                      Begin Size (Bytes)       (if different)
------------------------------ -------------------- --------------------
Database Buffers                         41,943,040
Fixed Size                                2,226,960
Redo Buffers                              4,333,568
Variable Size                           356,517,104
                               -------------------- --------------------
sum                                     405,020,672
          -------------------------------------------------------------


SGA breakdown difference  DB/Inst: XE/XE  Snaps:   190-  191
-> Top 35 rows by size, ordered by Pool, Name (note rows with null values for
   Pool column, or Names showing free memory are always shown)
-> Null value for Begin MB or End MB indicates the size of that Pool/Name was
   insignificant, or zero in that snapshot

Pool   Name                                 Begin MB         End MB  % Diff
------ ------------------------------ -------------- -------------- --------
java p free memory                               4.0            4.0     0.00
large  PX msg pool                                .5             .5     0.00
large  free memory                               3.5            3.5     0.00
shared ASH buffers                               4.0            4.0     0.00
shared FileOpenBlock                             3.8            3.8     0.00
shared KCB Table Scan Buffer                     3.8            3.8     0.00
shared KGLH0                                    23.6           23.6     0.03
shared KGLHD                                     4.6            4.6     0.00
shared KGLS                                     13.5           13.5     0.00
shared KGLSG                                     5.0            5.0     0.00
shared KQR M PO                                  2.2            2.2     0.00
shared KSFD SGA I/O b                            3.8            3.8     0.00
shared PLDIA                                     2.5            2.6     1.08
shared PLMCD                                     2.2            2.2     0.00
shared SQLA                                     31.3           31.3     0.04
shared event statistics per sess                 2.1            2.1     0.00
shared free memory                              38.6           38.7     0.15
shared kglsim hash table bkts                    4.0            4.0     0.00
shared ksunfy : SSO free list                    2.0            2.0     0.00
shared obj stats allocation chun                 2.5            2.5     0.00
shared private strands                           2.3            2.3     0.00
shared row cache                                 7.2            7.2     0.00
       buffer_cache                             40.0           40.0     0.00
       fixed_sga                                 2.1            2.1     0.00
       log_buffer                                4.1            4.1     0.00
          -------------------------------------------------------------
SQL Memory Statistics  DB/Inst: XE/XE  Snaps:   190-  191

                                   Begin            End         % Diff
                          -------------- -------------- --------------
   Avg Cursor Size (KB):           32.44          32.41           -.09
 Cursor to Parent ratio:            1.06           1.06           -.01
          Total Cursors:           1,187          1,189            .17
          Total Parents:           1,125          1,127            .18
          -------------------------------------------------------------
init.ora Parameters  DB/Inst: XE/XE  Snaps:   190-  191

                                                                  End value
Parameter Name                Begin value                       (if different)
----------------------------- --------------------------------- --------------
audit_file_dest               /u01/app/oracle/admin/XE/adump
compatible                    11.2.0.0.0
control_files                 /u01/app/oracle/oradata/XE/contro
                              l.dbf
db_name                       XE
db_recovery_file_dest         /u01/app/oracle/fast_recovery_are
                              a
db_recovery_file_dest_size    10737418240
diagnostic_dest               /u01/app/oracle
dispatchers                   (PROTOCOL=TCP) (SERVICE=XEXDB)
job_queue_processes           4
log_buffer                    4100096
memory_target                 406847488
open_cursors                  300
plsql_code_type               NATIVE
remote_login_passwordfile     EXCLUSIVE
sessions                      172
shared_servers                4
undo_management               AUTO
undo_tablespace               UNDOTBS1
          -------------------------------------------------------------

End of Report (   sp_190_191.lst )

